

================================================================
== Vivado HLS Report for 'yuv2rgb'
================================================================
* Date:           Sun Aug  2 15:34:19 2020

* Version:        2020.1 (Build 2897737 on Wed May 27 20:21:37 MDT 2020)
* Project:        yuv_filter.prj
* Solution:       solution3
* Product family: zynq
* Target device:  xc7z020-clg400-1


================================================================
== Performance Estimates
================================================================
+ Timing: 
    * Summary: 
    +--------+----------+-----------+------------+
    |  Clock |  Target  | Estimated | Uncertainty|
    +--------+----------+-----------+------------+
    |ap_clk  | 10.00 ns | 10.895 ns |   1.25 ns  |
    +--------+----------+-----------+------------+

+ Latency: 
    * Summary: 
    +---------+---------+----------+-----------+-------+---------+---------+
    |  Latency (cycles) |  Latency (absolute)  |     Interval    | Pipeline|
    |   min   |   max   |    min   |    max    |  min  |   max   |   Type  |
    +---------+---------+----------+-----------+-------+---------+---------+
    |    40006|  2457606| 0.436 ms | 26.775 ms |  40006|  2457606|   none  |
    +---------+---------+----------+-----------+-------+---------+---------+

    + Detail: 
        * Instance: 
        N/A

        * Loop: 
        +---------------------------------+---------+---------+----------+-----------+-----------+-----------------+----------+
        |                                 |  Latency (cycles) | Iteration|  Initiation Interval  |       Trip      |          |
        |            Loop Name            |   min   |   max   |  Latency |  achieved |   target  |      Count      | Pipelined|
        +---------------------------------+---------+---------+----------+-----------+-----------+-----------------+----------+
        |- YUV2RGB_LOOP_X_YUV2RGB_LOOP_Y  |    40003|  2457603|         5|          1|          1| 40000 ~ 2457600 |    yes   |
        +---------------------------------+---------+---------+----------+-----------+-----------+-----------------+----------+

============================================================
+ Verbose Summary: Synthesis Manager
============================================================
InlineROM: 1
ExposeGlobal: 0
============================================================
+ Verbose Summary: CDFG Model
============================================================
IsTopModel: 0
ResetActiveHigh: 1
IsCombinational: 2
IsDatapathOnly: 0
HasWiredReturn: 1
HasMFsm: 0
HasVarLatency: 1
IsPipeline: 0
IsRtlPipelined: 0
IsInstanceOverlapped: 0
IsDontTouch: 0
HasImplIP: 0
IsGatedGlobalClock: 0

+ Individual pipeline summary: 
  * Pipeline-0: initiation interval (II) = 1, depth = 5


============================================================
+ Verbose Summary: Schedule
============================================================
* Number of FSM states : 8
* Pipeline : 1
  Pipeline-0 : II = 1, D = 5, States = { 3 4 5 6 7 }
* Dataflow Pipeline: 0

* FSM state transitions: 
1 --> 2 
2 --> 3 
3 --> 8 4 
4 --> 5 
5 --> 6 
6 --> 7 
7 --> 3 
8 --> 

* FSM state operations: 

State 1 <SV = 0> <Delay = 3.63>
ST_1 : Operation 9 [1/1] (3.63ns)   --->   "%width = call i16 @_ssdm_op_Read.ap_fifo.i16P(i16* %in_width)" [yuv_filter.c:79]   --->   Operation 9 'read' 'width' <Predicate = true> <Delay = 3.63> <Core = "FIFO">   --->   Core 32 'FIFO' <Latency = 0> <II = 1> <Delay = 3.63> <Storage> <Opcode : 'read' 'write' 'nbread' 'nbwrite'> <Ports = 0> <Width = 16> <Depth = 2> <FIFO>
ST_1 : Operation 10 [1/1] (3.63ns)   --->   "%height = call i16 @_ssdm_op_Read.ap_fifo.i16P(i16* %in_height)" [yuv_filter.c:80]   --->   Operation 10 'read' 'height' <Predicate = true> <Delay = 3.63> <Core = "FIFO">   --->   Core 32 'FIFO' <Latency = 0> <II = 1> <Delay = 3.63> <Storage> <Opcode : 'read' 'write' 'nbread' 'nbwrite'> <Ports = 0> <Width = 16> <Depth = 2> <FIFO>

State 2 <SV = 1> <Delay = 6.38>
ST_2 : Operation 11 [1/1] (0.00ns)   --->   "%empty = call i32 (...)* @_ssdm_op_SpecInterface(i16* %in_height, [8 x i8]* @ap_fifo_str, i32 0, i32 0, [1 x i8]* @p_str, i32 0, i32 0, [1 x i8]* @p_str, [1 x i8]* @p_str, [1 x i8]* @p_str, i32 2, i32 2, i32 16, i32 16, [1 x i8]* @p_str, [1 x i8]* @p_str)"   --->   Operation 11 'specinterface' 'empty' <Predicate = true> <Delay = 0.00>
ST_2 : Operation 12 [1/1] (0.00ns)   --->   "%empty_67 = call i32 (...)* @_ssdm_op_SpecInterface(i16* %in_width, [8 x i8]* @ap_fifo_str, i32 0, i32 0, [1 x i8]* @p_str, i32 0, i32 0, [1 x i8]* @p_str, [1 x i8]* @p_str, [1 x i8]* @p_str, i32 2, i32 2, i32 16, i32 16, [1 x i8]* @p_str, [1 x i8]* @p_str)"   --->   Operation 12 'specinterface' 'empty_67' <Predicate = true> <Delay = 0.00>
ST_2 : Operation 13 [1/1] (0.00ns)   --->   "%empty_68 = call i32 (...)* @_ssdm_op_SpecInterface(i8* %in_channels_ch3, [8 x i8]* @ap_fifo_str, i32 0, i32 0, [1 x i8]* @p_str, i32 0, i32 0, [1 x i8]* @p_str, [1 x i8]* @p_str, [1 x i8]* @p_str, i32 2, i32 2, i32 16, i32 16, [1 x i8]* @p_str, [1 x i8]* @p_str)"   --->   Operation 13 'specinterface' 'empty_68' <Predicate = true> <Delay = 0.00>
ST_2 : Operation 14 [1/1] (0.00ns)   --->   "%empty_69 = call i32 (...)* @_ssdm_op_SpecInterface(i8* %in_channels_ch2, [8 x i8]* @ap_fifo_str, i32 0, i32 0, [1 x i8]* @p_str, i32 0, i32 0, [1 x i8]* @p_str, [1 x i8]* @p_str, [1 x i8]* @p_str, i32 2, i32 2, i32 16, i32 16, [1 x i8]* @p_str, [1 x i8]* @p_str)"   --->   Operation 14 'specinterface' 'empty_69' <Predicate = true> <Delay = 0.00>
ST_2 : Operation 15 [1/1] (0.00ns)   --->   "%empty_70 = call i32 (...)* @_ssdm_op_SpecInterface(i8* %in_channels_ch1, [8 x i8]* @ap_fifo_str, i32 0, i32 0, [1 x i8]* @p_str, i32 0, i32 0, [1 x i8]* @p_str, [1 x i8]* @p_str, [1 x i8]* @p_str, i32 2, i32 2, i32 16, i32 16, [1 x i8]* @p_str, [1 x i8]* @p_str)"   --->   Operation 15 'specinterface' 'empty_70' <Predicate = true> <Delay = 0.00>
ST_2 : Operation 16 [1/1] (0.00ns)   --->   "call void @_ssdm_op_Write.ap_auto.i16P(i16* %out_width, i16 %width)" [yuv_filter.c:81]   --->   Operation 16 'write' <Predicate = true> <Delay = 0.00>
ST_2 : Operation 17 [1/1] (0.00ns)   --->   "call void @_ssdm_op_Write.ap_auto.i16P(i16* %out_height, i16 %height)" [yuv_filter.c:82]   --->   Operation 17 'write' <Predicate = true> <Delay = 0.00>
ST_2 : Operation 18 [1/1] (0.00ns)   --->   "%cast = zext i16 %width to i32" [yuv_filter.c:79]   --->   Operation 18 'zext' 'cast' <Predicate = true> <Delay = 0.00>
ST_2 : Operation 19 [1/1] (0.00ns)   --->   "%cast1 = zext i16 %height to i32" [yuv_filter.c:80]   --->   Operation 19 'zext' 'cast1' <Predicate = true> <Delay = 0.00>
ST_2 : Operation 20 [1/1] (6.38ns) (root node of the DSP)   --->   "%bound = mul i32 %cast1, %cast" [yuv_filter.c:80]   --->   Operation 20 'mul' 'bound' <Predicate = true> <Delay = 6.38> <Core = "DSP48">   --->   Core 88 'DSP48' <Latency = 0> <II = 1> <Delay = 6.38> <IPBlock> <Opcode : 'mul' 'add' 'sub' 'select'> <InPorts = 0> <OutPorts = 1> <Sync> <CReg>
ST_2 : Operation 21 [1/1] (1.76ns)   --->   "br label %1" [yuv_filter.c:85]   --->   Operation 21 'br' <Predicate = true> <Delay = 1.76>

State 3 <SV = 2> <Delay = 2.55>
ST_3 : Operation 22 [1/1] (0.00ns)   --->   "%indvar_flatten = phi i32 [ 0, %0 ], [ %add_ln85, %YUV2RGB_LOOP_Y ]" [yuv_filter.c:85]   --->   Operation 22 'phi' 'indvar_flatten' <Predicate = true> <Delay = 0.00>
ST_3 : Operation 23 [1/1] (0.00ns)   --->   "%x_0 = phi i16 [ 0, %0 ], [ %select_ln94_1, %YUV2RGB_LOOP_Y ]" [yuv_filter.c:94]   --->   Operation 23 'phi' 'x_0' <Predicate = true> <Delay = 0.00>
ST_3 : Operation 24 [1/1] (0.00ns)   --->   "%y_0 = phi i16 [ 0, %0 ], [ %y, %YUV2RGB_LOOP_Y ]"   --->   Operation 24 'phi' 'y_0' <Predicate = true> <Delay = 0.00>
ST_3 : Operation 25 [1/1] (2.47ns)   --->   "%icmp_ln85 = icmp eq i32 %indvar_flatten, %bound" [yuv_filter.c:85]   --->   Operation 25 'icmp' 'icmp_ln85' <Predicate = true> <Delay = 2.47> <Core = "Cmp">   --->   Core 25 'Cmp' <Latency = 0> <II = 1> <Delay = 1.13> <FuncUnit> <Opcode : 'icmp'> <InPorts = 2> <OutPorts = 1>
ST_3 : Operation 26 [1/1] (2.55ns)   --->   "%add_ln85 = add i32 %indvar_flatten, 1" [yuv_filter.c:85]   --->   Operation 26 'add' 'add_ln85' <Predicate = true> <Delay = 2.55> <Core = "AddSub">   --->   Core 14 'AddSub' <Latency = 0> <II = 1> <Delay = 2.07> <FuncUnit> <Opcode : 'add' 'sub'> <InPorts = 2> <OutPorts = 1>
ST_3 : Operation 27 [1/1] (0.00ns)   --->   "br i1 %icmp_ln85, label %2, label %YUV2RGB_LOOP_Y" [yuv_filter.c:85]   --->   Operation 27 'br' <Predicate = true> <Delay = 0.00>

State 4 <SV = 3> <Delay = 5.54>
ST_4 : Operation 28 [1/1] (3.63ns)   --->   "%Y = call i8 @_ssdm_op_Read.ap_fifo.volatile.i8P(i8* %in_channels_ch1)" [yuv_filter.c:94]   --->   Operation 28 'read' 'Y' <Predicate = (!icmp_ln85)> <Delay = 3.63> <Core = "FIFO">   --->   Core 32 'FIFO' <Latency = 0> <II = 1> <Delay = 3.63> <Storage> <Opcode : 'read' 'write' 'nbread' 'nbwrite'> <Ports = 0> <Width = 16> <Depth = 2> <FIFO>
ST_4 : Operation 29 [1/1] (3.63ns)   --->   "%U = call i8 @_ssdm_op_Read.ap_fifo.volatile.i8P(i8* %in_channels_ch2)" [yuv_filter.c:95]   --->   Operation 29 'read' 'U' <Predicate = (!icmp_ln85)> <Delay = 3.63> <Core = "FIFO">   --->   Core 32 'FIFO' <Latency = 0> <II = 1> <Delay = 3.63> <Storage> <Opcode : 'read' 'write' 'nbread' 'nbwrite'> <Ports = 0> <Width = 16> <Depth = 2> <FIFO>
ST_4 : Operation 30 [1/1] (3.63ns)   --->   "%V = call i8 @_ssdm_op_Read.ap_fifo.volatile.i8P(i8* %in_channels_ch3)" [yuv_filter.c:96]   --->   Operation 30 'read' 'V' <Predicate = (!icmp_ln85)> <Delay = 3.63> <Core = "FIFO">   --->   Core 32 'FIFO' <Latency = 0> <II = 1> <Delay = 3.63> <Storage> <Opcode : 'read' 'write' 'nbread' 'nbwrite'> <Ports = 0> <Width = 16> <Depth = 2> <FIFO>
ST_4 : Operation 31 [1/1] (0.00ns)   --->   "%zext_ln97 = zext i8 %Y to i9" [yuv_filter.c:97]   --->   Operation 31 'zext' 'zext_ln97' <Predicate = (!icmp_ln85)> <Delay = 0.00>
ST_4 : Operation 32 [1/1] (1.91ns)   --->   "%C = add i9 -16, %zext_ln97" [yuv_filter.c:97]   --->   Operation 32 'add' 'C' <Predicate = (!icmp_ln85)> <Delay = 1.91> <Core = "AddSub">   --->   Core 14 'AddSub' <Latency = 0> <II = 1> <Delay = 2.07> <FuncUnit> <Opcode : 'add' 'sub'> <InPorts = 2> <OutPorts = 1>

State 5 <SV = 4> <Delay = 10.8>
ST_5 : Operation 33 [1/1] (2.07ns)   --->   "%x = add i16 1, %x_0" [yuv_filter.c:85]   --->   Operation 33 'add' 'x' <Predicate = (!icmp_ln85)> <Delay = 2.07> <Core = "AddSub">   --->   Core 14 'AddSub' <Latency = 0> <II = 1> <Delay = 2.07> <FuncUnit> <Opcode : 'add' 'sub'> <InPorts = 2> <OutPorts = 1>
ST_5 : Operation 34 [1/1] (2.42ns)   --->   "%icmp_ln88 = icmp eq i16 %y_0, %height" [yuv_filter.c:88]   --->   Operation 34 'icmp' 'icmp_ln88' <Predicate = (!icmp_ln85)> <Delay = 2.42> <Core = "Cmp">   --->   Core 25 'Cmp' <Latency = 0> <II = 1> <Delay = 1.13> <FuncUnit> <Opcode : 'icmp'> <InPorts = 2> <OutPorts = 1>
ST_5 : Operation 35 [1/1] (0.80ns)   --->   "%select_ln94 = select i1 %icmp_ln88, i16 0, i16 %y_0" [yuv_filter.c:94]   --->   Operation 35 'select' 'select_ln94' <Predicate = (!icmp_ln85)> <Delay = 0.80> <Core = "Sel">   --->   Core 26 'Sel' <Latency = 0> <II = 1> <Delay = 1.24> <FuncUnit> <Opcode : 'select'> <InPorts = 3> <OutPorts = 1>
ST_5 : Operation 36 [1/1] (0.80ns)   --->   "%select_ln94_1 = select i1 %icmp_ln88, i16 %x, i16 %x_0" [yuv_filter.c:94]   --->   Operation 36 'select' 'select_ln94_1' <Predicate = (!icmp_ln85)> <Delay = 0.80> <Core = "Sel">   --->   Core 26 'Sel' <Latency = 0> <II = 1> <Delay = 1.24> <FuncUnit> <Opcode : 'select'> <InPorts = 3> <OutPorts = 1>
ST_5 : Operation 37 [1/1] (0.00ns)   --->   "%trunc_ln103 = trunc i16 %select_ln94_1 to i13" [yuv_filter.c:103]   --->   Operation 37 'trunc' 'trunc_ln103' <Predicate = (!icmp_ln85)> <Delay = 0.00>
ST_5 : Operation 38 [1/1] (0.00ns)   --->   "%zext_ln103_cast = call i23 @_ssdm_op_BitConcatenate.i23.i13.i10(i13 %trunc_ln103, i10 0)" [yuv_filter.c:103]   --->   Operation 38 'bitconcatenate' 'zext_ln103_cast' <Predicate = (!icmp_ln85)> <Delay = 0.00>
ST_5 : Operation 39 [1/1] (0.00ns)   --->   "%trunc_ln103_1 = trunc i16 %select_ln94_1 to i15" [yuv_filter.c:103]   --->   Operation 39 'trunc' 'trunc_ln103_1' <Predicate = (!icmp_ln85)> <Delay = 0.00>
ST_5 : Operation 40 [1/1] (0.00ns)   --->   "%zext_ln103_1_cast = call i23 @_ssdm_op_BitConcatenate.i23.i15.i8(i15 %trunc_ln103_1, i8 0)" [yuv_filter.c:103]   --->   Operation 40 'bitconcatenate' 'zext_ln103_1_cast' <Predicate = (!icmp_ln85)> <Delay = 0.00>
ST_5 : Operation 41 [1/1] (0.00ns) (grouped into TernaryAdder)   --->   "%add_ln103 = add i23 %zext_ln103_1_cast, %zext_ln103_cast" [yuv_filter.c:103]   --->   Operation 41 'add' 'add_ln103' <Predicate = (!icmp_ln85)> <Delay = 0.00> <Core = "TAddSub">   --->   Core 83 'TAddSub' <Latency = 0> <II = 1> <Delay = 2.05> <IPBlock> <Opcode : 'add' 'sub'> <InPorts = 3> <OutPorts = 1> <Sync> <CReg>
ST_5 : Operation 42 [1/1] (0.00ns)   --->   "%zext_ln103 = zext i16 %select_ln94 to i23" [yuv_filter.c:103]   --->   Operation 42 'zext' 'zext_ln103' <Predicate = (!icmp_ln85)> <Delay = 0.00>
ST_5 : Operation 43 [1/1] (4.10ns) (root node of TernaryAdder)   --->   "%add_ln103_1 = add i23 %add_ln103, %zext_ln103" [yuv_filter.c:103]   --->   Operation 43 'add' 'add_ln103_1' <Predicate = (!icmp_ln85)> <Delay = 4.10> <Core = "TAddSub">   --->   Core 83 'TAddSub' <Latency = 0> <II = 1> <Delay = 2.05> <IPBlock> <Opcode : 'add' 'sub'> <InPorts = 3> <OutPorts = 1> <Sync> <CReg>
ST_5 : Operation 44 [1/1] (0.99ns)   --->   "%D = xor i8 %U, -128" [yuv_filter.c:98]   --->   Operation 44 'xor' 'D' <Predicate = (!icmp_ln85)> <Delay = 0.99> <Core = "LogicGate">   --->   Core 27 'LogicGate' <Latency = 0> <II = 1> <Delay = 0.97> <FuncUnit> <Opcode : 'and' 'or' 'xor'> <InPorts = 2> <OutPorts = 1>
ST_5 : Operation 45 [1/1] (0.99ns)   --->   "%E = xor i8 %V, -128" [yuv_filter.c:99]   --->   Operation 45 'xor' 'E' <Predicate = (!icmp_ln85)> <Delay = 0.99> <Core = "LogicGate">   --->   Core 27 'LogicGate' <Latency = 0> <II = 1> <Delay = 0.97> <FuncUnit> <Opcode : 'and' 'or' 'xor'> <InPorts = 2> <OutPorts = 1>
ST_5 : Operation 46 [1/1] (0.00ns)   --->   "%sext_ln100 = sext i9 %C to i18" [yuv_filter.c:100]   --->   Operation 46 'sext' 'sext_ln100' <Predicate = (!icmp_ln85)> <Delay = 0.00>
ST_5 : Operation 47 [1/1] (3.36ns) (grouped into DSP with root node add_ln100)   --->   "%mul_ln100 = mul i18 298, %sext_ln100" [yuv_filter.c:100]   --->   Operation 47 'mul' 'mul_ln100' <Predicate = (!icmp_ln85)> <Delay = 3.36> <Core = "DSP48">   --->   Core 88 'DSP48' <Latency = 0> <II = 1> <Delay = 6.38> <IPBlock> <Opcode : 'mul' 'add' 'sub' 'select'> <InPorts = 0> <OutPorts = 1> <Sync> <CReg>
ST_5 : Operation 48 [1/1] (0.00ns)   --->   "%sext_ln101 = sext i8 %E to i18" [yuv_filter.c:101]   --->   Operation 48 'sext' 'sext_ln101' <Predicate = (!icmp_ln85)> <Delay = 0.00>
ST_5 : Operation 49 [1/1] (0.00ns)   --->   "%sext_ln100_2 = sext i8 %E to i17" [yuv_filter.c:100]   --->   Operation 49 'sext' 'sext_ln100_2' <Predicate = (!icmp_ln85)> <Delay = 0.00>
ST_5 : Operation 50 [1/1] (3.36ns) (grouped into DSP with root node add_ln100_1)   --->   "%mul_ln100_1 = mul i18 409, %sext_ln101" [yuv_filter.c:100]   --->   Operation 50 'mul' 'mul_ln100_1' <Predicate = (!icmp_ln85)> <Delay = 3.36> <Core = "DSP48">   --->   Core 88 'DSP48' <Latency = 0> <II = 1> <Delay = 6.38> <IPBlock> <Opcode : 'mul' 'add' 'sub' 'select'> <InPorts = 0> <OutPorts = 1> <Sync> <CReg>
ST_5 : Operation 51 [1/1] (3.02ns) (root node of the DSP)   --->   "%add_ln100 = add i18 128, %mul_ln100" [yuv_filter.c:100]   --->   Operation 51 'add' 'add_ln100' <Predicate = (!icmp_ln85)> <Delay = 3.02> <Core = "DSP48">   --->   Core 88 'DSP48' <Latency = 0> <II = 1> <Delay = 6.38> <IPBlock> <Opcode : 'mul' 'add' 'sub' 'select'> <InPorts = 0> <OutPorts = 1> <Sync> <CReg>
ST_5 : Operation 52 [1/1] (0.00ns)   --->   "%sext_ln100_1 = sext i18 %add_ln100 to i19" [yuv_filter.c:100]   --->   Operation 52 'sext' 'sext_ln100_1' <Predicate = (!icmp_ln85)> <Delay = 0.00>
ST_5 : Operation 53 [1/1] (3.02ns) (root node of the DSP)   --->   "%add_ln100_1 = add i18 %add_ln100, %mul_ln100_1" [yuv_filter.c:100]   --->   Operation 53 'add' 'add_ln100_1' <Predicate = (!icmp_ln85)> <Delay = 3.02> <Core = "DSP48">   --->   Core 88 'DSP48' <Latency = 0> <II = 1> <Delay = 6.38> <IPBlock> <Opcode : 'mul' 'add' 'sub' 'select'> <InPorts = 0> <OutPorts = 1> <Sync> <CReg>
ST_5 : Operation 54 [1/1] (0.00ns)   --->   "%tmp = call i2 @_ssdm_op_PartSelect.i2.i18.i32.i32(i18 %add_ln100_1, i32 16, i32 17)" [yuv_filter.c:100]   --->   Operation 54 'partselect' 'tmp' <Predicate = (!icmp_ln85)> <Delay = 0.00>
ST_5 : Operation 55 [1/1] (0.95ns)   --->   "%icmp_ln100 = icmp eq i2 %tmp, 1" [yuv_filter.c:100]   --->   Operation 55 'icmp' 'icmp_ln100' <Predicate = (!icmp_ln85)> <Delay = 0.95> <Core = "Cmp">   --->   Core 25 'Cmp' <Latency = 0> <II = 1> <Delay = 1.13> <FuncUnit> <Opcode : 'icmp'> <InPorts = 2> <OutPorts = 1>
ST_5 : Operation 56 [1/1] (0.00ns)   --->   "%sext_ln101_1 = sext i8 %D to i16" [yuv_filter.c:101]   --->   Operation 56 'sext' 'sext_ln101_1' <Predicate = (!icmp_ln85)> <Delay = 0.00>
ST_5 : Operation 57 [1/1] (3.36ns) (grouped into DSP with root node add_ln101)   --->   "%mul_ln101 = mul i16 -100, %sext_ln101_1" [yuv_filter.c:101]   --->   Operation 57 'mul' 'mul_ln101' <Predicate = (!icmp_ln85)> <Delay = 3.36> <Core = "DSP48">   --->   Core 88 'DSP48' <Latency = 0> <II = 1> <Delay = 6.38> <IPBlock> <Opcode : 'mul' 'add' 'sub' 'select'> <InPorts = 0> <OutPorts = 1> <Sync> <CReg>
ST_5 : Operation 58 [1/1] (0.00ns) (grouped into DSP with root node add_ln101)   --->   "%sext_ln101_2 = sext i16 %mul_ln101 to i17" [yuv_filter.c:101]   --->   Operation 58 'sext' 'sext_ln101_2' <Predicate = (!icmp_ln85)> <Delay = 0.00>
ST_5 : Operation 59 [1/1] (4.35ns)   --->   "%mul_ln101_1 = mul i17 -208, %sext_ln100_2" [yuv_filter.c:101]   --->   Operation 59 'mul' 'mul_ln101_1' <Predicate = (!icmp_ln85)> <Delay = 4.35> <Core = "Mul">   --->   Core 16 'Mul' <Latency = 0> <II = 1> <Delay = 4.35> <FuncUnit> <Opcode : 'mul'> <InPorts = 2> <OutPorts = 1>
ST_5 : Operation 60 [1/1] (3.02ns) (root node of the DSP)   --->   "%add_ln101 = add i17 %sext_ln101_2, %mul_ln101_1" [yuv_filter.c:101]   --->   Operation 60 'add' 'add_ln101' <Predicate = (!icmp_ln85)> <Delay = 3.02> <Core = "DSP48">   --->   Core 88 'DSP48' <Latency = 0> <II = 1> <Delay = 6.38> <IPBlock> <Opcode : 'mul' 'add' 'sub' 'select'> <InPorts = 0> <OutPorts = 1> <Sync> <CReg>
ST_5 : Operation 61 [1/1] (0.00ns)   --->   "%shl_ln = call i17 @_ssdm_op_BitConcatenate.i17.i8.i9(i8 %D, i9 0)" [yuv_filter.c:102]   --->   Operation 61 'bitconcatenate' 'shl_ln' <Predicate = (!icmp_ln85)> <Delay = 0.00>
ST_5 : Operation 62 [1/1] (0.00ns)   --->   "%sext_ln102 = sext i17 %shl_ln to i18" [yuv_filter.c:102]   --->   Operation 62 'sext' 'sext_ln102' <Predicate = (!icmp_ln85)> <Delay = 0.00>
ST_5 : Operation 63 [1/1] (0.00ns)   --->   "%shl_ln102_1 = call i10 @_ssdm_op_BitConcatenate.i10.i8.i2(i8 %D, i2 0)" [yuv_filter.c:102]   --->   Operation 63 'bitconcatenate' 'shl_ln102_1' <Predicate = (!icmp_ln85)> <Delay = 0.00>
ST_5 : Operation 64 [1/1] (0.00ns)   --->   "%sext_ln102_1 = sext i10 %shl_ln102_1 to i18" [yuv_filter.c:102]   --->   Operation 64 'sext' 'sext_ln102_1' <Predicate = (!icmp_ln85)> <Delay = 0.00>
ST_5 : Operation 65 [1/1] (2.10ns)   --->   "%add_ln102_1 = add i18 %sext_ln102, %sext_ln102_1" [yuv_filter.c:102]   --->   Operation 65 'add' 'add_ln102_1' <Predicate = (!icmp_ln85)> <Delay = 2.10> <Core = "AddSub">   --->   Core 14 'AddSub' <Latency = 0> <II = 1> <Delay = 2.07> <FuncUnit> <Opcode : 'add' 'sub'> <InPorts = 2> <OutPorts = 1>
ST_5 : Operation 66 [1/1] (0.00ns)   --->   "%sext_ln102_2 = sext i18 %add_ln102_1 to i19" [yuv_filter.c:102]   --->   Operation 66 'sext' 'sext_ln102_2' <Predicate = (!icmp_ln85)> <Delay = 0.00>
ST_5 : Operation 67 [1/1] (2.13ns)   --->   "%add_ln102_2 = add i18 %add_ln102_1, %add_ln100" [yuv_filter.c:102]   --->   Operation 67 'add' 'add_ln102_2' <Predicate = (!icmp_ln85)> <Delay = 2.13> <Core = "AddSub">   --->   Core 14 'AddSub' <Latency = 0> <II = 1> <Delay = 2.07> <FuncUnit> <Opcode : 'add' 'sub'> <InPorts = 2> <OutPorts = 1>
ST_5 : Operation 68 [1/1] (2.13ns)   --->   "%add_ln102 = add i19 %sext_ln100_1, %sext_ln102_2" [yuv_filter.c:102]   --->   Operation 68 'add' 'add_ln102' <Predicate = (!icmp_ln85)> <Delay = 2.13> <Core = "AddSub">   --->   Core 14 'AddSub' <Latency = 0> <II = 1> <Delay = 2.07> <FuncUnit> <Opcode : 'add' 'sub'> <InPorts = 2> <OutPorts = 1>
ST_5 : Operation 69 [1/1] (0.00ns)   --->   "%tmp_5 = call i3 @_ssdm_op_PartSelect.i3.i19.i32.i32(i19 %add_ln102, i32 16, i32 18)" [yuv_filter.c:102]   --->   Operation 69 'partselect' 'tmp_5' <Predicate = (!icmp_ln85)> <Delay = 0.00>
ST_5 : Operation 70 [1/1] (1.13ns)   --->   "%icmp_ln102 = icmp sgt i3 %tmp_5, 0" [yuv_filter.c:102]   --->   Operation 70 'icmp' 'icmp_ln102' <Predicate = (!icmp_ln85)> <Delay = 1.13> <Core = "Cmp">   --->   Core 25 'Cmp' <Latency = 0> <II = 1> <Delay = 1.13> <FuncUnit> <Opcode : 'icmp'> <InPorts = 2> <OutPorts = 1>
ST_5 : Operation 71 [1/1] (0.00ns) (grouped into LUT with out node B)   --->   "%tmp_6 = call i1 @_ssdm_op_BitSelect.i1.i19.i32(i19 %add_ln102, i32 18)" [yuv_filter.c:102]   --->   Operation 71 'bitselect' 'tmp_6' <Predicate = (!icmp_ln85)> <Delay = 0.00>
ST_5 : Operation 72 [1/1] (0.00ns) (grouped into LUT with out node B)   --->   "%trunc_ln4 = call i8 @_ssdm_op_PartSelect.i8.i18.i32.i32(i18 %add_ln102_2, i32 8, i32 15)" [yuv_filter.c:102]   --->   Operation 72 'partselect' 'trunc_ln4' <Predicate = (!icmp_ln85)> <Delay = 0.00>
ST_5 : Operation 73 [1/1] (0.00ns) (grouped into LUT with out node B)   --->   "%select_ln102 = select i1 %icmp_ln102, i8 -1, i8 0" [yuv_filter.c:102]   --->   Operation 73 'select' 'select_ln102' <Predicate = (!icmp_ln85)> <Delay = 0.00> <Core = "Sel">   --->   Core 26 'Sel' <Latency = 0> <II = 1> <Delay = 1.24> <FuncUnit> <Opcode : 'select'> <InPorts = 3> <OutPorts = 1>
ST_5 : Operation 74 [1/1] (0.00ns) (grouped into LUT with out node B)   --->   "%or_ln102 = or i1 %icmp_ln102, %tmp_6" [yuv_filter.c:102]   --->   Operation 74 'or' 'or_ln102' <Predicate = (!icmp_ln85)> <Delay = 0.00> <Core = "LogicGate">   --->   Core 27 'LogicGate' <Latency = 0> <II = 1> <Delay = 0.97> <FuncUnit> <Opcode : 'and' 'or' 'xor'> <InPorts = 2> <OutPorts = 1>
ST_5 : Operation 75 [1/1] (1.24ns) (out node of the LUT)   --->   "%B = select i1 %or_ln102, i8 %select_ln102, i8 %trunc_ln4" [yuv_filter.c:102]   --->   Operation 75 'select' 'B' <Predicate = (!icmp_ln85)> <Delay = 1.24> <Core = "Sel">   --->   Core 26 'Sel' <Latency = 0> <II = 1> <Delay = 1.24> <FuncUnit> <Opcode : 'select'> <InPorts = 3> <OutPorts = 1>
ST_5 : Operation 76 [1/1] (2.07ns)   --->   "%y = add i16 1, %select_ln94" [yuv_filter.c:88]   --->   Operation 76 'add' 'y' <Predicate = (!icmp_ln85)> <Delay = 2.07> <Core = "AddSub">   --->   Core 14 'AddSub' <Latency = 0> <II = 1> <Delay = 2.07> <FuncUnit> <Opcode : 'add' 'sub'> <InPorts = 2> <OutPorts = 1>

State 6 <SV = 5> <Delay = 7.59>
ST_6 : Operation 77 [1/1] (0.00ns)   --->   "%zext_ln103_1 = zext i23 %add_ln103_1 to i64" [yuv_filter.c:103]   --->   Operation 77 'zext' 'zext_ln103_1' <Predicate = (!icmp_ln85)> <Delay = 0.00>
ST_6 : Operation 78 [1/1] (0.00ns)   --->   "%out_channels_ch1_add = getelementptr [2457600 x i8]* %out_channels_ch1, i64 0, i64 %zext_ln103_1" [yuv_filter.c:103]   --->   Operation 78 'getelementptr' 'out_channels_ch1_add' <Predicate = (!icmp_ln85)> <Delay = 0.00>
ST_6 : Operation 79 [1/1] (0.00ns)   --->   "%out_channels_ch2_add = getelementptr [2457600 x i8]* %out_channels_ch2, i64 0, i64 %zext_ln103_1" [yuv_filter.c:104]   --->   Operation 79 'getelementptr' 'out_channels_ch2_add' <Predicate = (!icmp_ln85)> <Delay = 0.00>
ST_6 : Operation 80 [1/1] (0.00ns)   --->   "%out_channels_ch3_add = getelementptr [2457600 x i8]* %out_channels_ch3, i64 0, i64 %zext_ln103_1" [yuv_filter.c:105]   --->   Operation 80 'getelementptr' 'out_channels_ch3_add' <Predicate = (!icmp_ln85)> <Delay = 0.00>
ST_6 : Operation 81 [1/1] (0.00ns) (grouped into LUT with out node R)   --->   "%tmp_1 = call i1 @_ssdm_op_BitSelect.i1.i18.i32(i18 %add_ln100_1, i32 17)" [yuv_filter.c:100]   --->   Operation 81 'bitselect' 'tmp_1' <Predicate = (!icmp_ln85)> <Delay = 0.00>
ST_6 : Operation 82 [1/1] (0.00ns) (grouped into LUT with out node R)   --->   "%trunc_ln = call i8 @_ssdm_op_PartSelect.i8.i18.i32.i32(i18 %add_ln100_1, i32 8, i32 15)" [yuv_filter.c:100]   --->   Operation 82 'partselect' 'trunc_ln' <Predicate = (!icmp_ln85)> <Delay = 0.00>
ST_6 : Operation 83 [1/1] (0.00ns) (grouped into LUT with out node R)   --->   "%select_ln100 = select i1 %icmp_ln100, i8 -1, i8 0" [yuv_filter.c:100]   --->   Operation 83 'select' 'select_ln100' <Predicate = (!icmp_ln85)> <Delay = 0.00> <Core = "Sel">   --->   Core 26 'Sel' <Latency = 0> <II = 1> <Delay = 1.24> <FuncUnit> <Opcode : 'select'> <InPorts = 3> <OutPorts = 1>
ST_6 : Operation 84 [1/1] (0.00ns) (grouped into LUT with out node R)   --->   "%or_ln100 = or i1 %icmp_ln100, %tmp_1" [yuv_filter.c:100]   --->   Operation 84 'or' 'or_ln100' <Predicate = (!icmp_ln85)> <Delay = 0.00> <Core = "LogicGate">   --->   Core 27 'LogicGate' <Latency = 0> <II = 1> <Delay = 0.97> <FuncUnit> <Opcode : 'and' 'or' 'xor'> <InPorts = 2> <OutPorts = 1>
ST_6 : Operation 85 [1/1] (1.24ns) (out node of the LUT)   --->   "%R = select i1 %or_ln100, i8 %select_ln100, i8 %trunc_ln" [yuv_filter.c:100]   --->   Operation 85 'select' 'R' <Predicate = (!icmp_ln85)> <Delay = 1.24> <Core = "Sel">   --->   Core 26 'Sel' <Latency = 0> <II = 1> <Delay = 1.24> <FuncUnit> <Opcode : 'select'> <InPorts = 3> <OutPorts = 1>
ST_6 : Operation 86 [1/1] (0.00ns)   --->   "%sext_ln101_3 = sext i17 %add_ln101 to i18" [yuv_filter.c:101]   --->   Operation 86 'sext' 'sext_ln101_3' <Predicate = (!icmp_ln85)> <Delay = 0.00>
ST_6 : Operation 87 [1/1] (2.13ns)   --->   "%add_ln101_1 = add i18 %sext_ln101_3, %add_ln100" [yuv_filter.c:101]   --->   Operation 87 'add' 'add_ln101_1' <Predicate = (!icmp_ln85)> <Delay = 2.13> <Core = "AddSub">   --->   Core 14 'AddSub' <Latency = 0> <II = 1> <Delay = 2.07> <FuncUnit> <Opcode : 'add' 'sub'> <InPorts = 2> <OutPorts = 1>
ST_6 : Operation 88 [1/1] (0.00ns)   --->   "%tmp_3 = call i2 @_ssdm_op_PartSelect.i2.i18.i32.i32(i18 %add_ln101_1, i32 16, i32 17)" [yuv_filter.c:101]   --->   Operation 88 'partselect' 'tmp_3' <Predicate = (!icmp_ln85)> <Delay = 0.00>
ST_6 : Operation 89 [1/1] (0.95ns)   --->   "%icmp_ln101 = icmp eq i2 %tmp_3, 1" [yuv_filter.c:101]   --->   Operation 89 'icmp' 'icmp_ln101' <Predicate = (!icmp_ln85)> <Delay = 0.95> <Core = "Cmp">   --->   Core 25 'Cmp' <Latency = 0> <II = 1> <Delay = 1.13> <FuncUnit> <Opcode : 'icmp'> <InPorts = 2> <OutPorts = 1>
ST_6 : Operation 90 [1/1] (0.00ns) (grouped into LUT with out node G)   --->   "%tmp_4 = call i1 @_ssdm_op_BitSelect.i1.i18.i32(i18 %add_ln101_1, i32 17)" [yuv_filter.c:101]   --->   Operation 90 'bitselect' 'tmp_4' <Predicate = (!icmp_ln85)> <Delay = 0.00>
ST_6 : Operation 91 [1/1] (0.00ns) (grouped into LUT with out node G)   --->   "%trunc_ln3 = call i8 @_ssdm_op_PartSelect.i8.i18.i32.i32(i18 %add_ln101_1, i32 8, i32 15)" [yuv_filter.c:101]   --->   Operation 91 'partselect' 'trunc_ln3' <Predicate = (!icmp_ln85)> <Delay = 0.00>
ST_6 : Operation 92 [1/1] (0.00ns) (grouped into LUT with out node G)   --->   "%select_ln101 = select i1 %icmp_ln101, i8 -1, i8 0" [yuv_filter.c:101]   --->   Operation 92 'select' 'select_ln101' <Predicate = (!icmp_ln85)> <Delay = 0.00> <Core = "Sel">   --->   Core 26 'Sel' <Latency = 0> <II = 1> <Delay = 1.24> <FuncUnit> <Opcode : 'select'> <InPorts = 3> <OutPorts = 1>
ST_6 : Operation 93 [1/1] (0.00ns) (grouped into LUT with out node G)   --->   "%or_ln101 = or i1 %icmp_ln101, %tmp_4" [yuv_filter.c:101]   --->   Operation 93 'or' 'or_ln101' <Predicate = (!icmp_ln85)> <Delay = 0.00> <Core = "LogicGate">   --->   Core 27 'LogicGate' <Latency = 0> <II = 1> <Delay = 0.97> <FuncUnit> <Opcode : 'and' 'or' 'xor'> <InPorts = 2> <OutPorts = 1>
ST_6 : Operation 94 [1/1] (1.24ns) (out node of the LUT)   --->   "%G = select i1 %or_ln101, i8 %select_ln101, i8 %trunc_ln3" [yuv_filter.c:101]   --->   Operation 94 'select' 'G' <Predicate = (!icmp_ln85)> <Delay = 1.24> <Core = "Sel">   --->   Core 26 'Sel' <Latency = 0> <II = 1> <Delay = 1.24> <FuncUnit> <Opcode : 'select'> <InPorts = 3> <OutPorts = 1>
ST_6 : Operation 95 [2/2] (3.25ns)   --->   "store i8 %R, i8* %out_channels_ch1_add, align 1" [yuv_filter.c:103]   --->   Operation 95 'store' <Predicate = (!icmp_ln85)> <Delay = 3.25> <Core = "RAM">   --->   Core 37 'RAM' <Latency = 3> <II = 1> <Delay = 3.25> <Storage> <Opcode : 'load' 'store'> <Ports = 2> <Width = 8> <Depth = 2457600> <RAM>
ST_6 : Operation 96 [2/2] (3.25ns)   --->   "store i8 %G, i8* %out_channels_ch2_add, align 1" [yuv_filter.c:104]   --->   Operation 96 'store' <Predicate = (!icmp_ln85)> <Delay = 3.25> <Core = "RAM">   --->   Core 37 'RAM' <Latency = 3> <II = 1> <Delay = 3.25> <Storage> <Opcode : 'load' 'store'> <Ports = 2> <Width = 8> <Depth = 2457600> <RAM>
ST_6 : Operation 97 [2/2] (3.25ns)   --->   "store i8 %B, i8* %out_channels_ch3_add, align 1" [yuv_filter.c:105]   --->   Operation 97 'store' <Predicate = (!icmp_ln85)> <Delay = 3.25> <Core = "RAM">   --->   Core 37 'RAM' <Latency = 3> <II = 1> <Delay = 3.25> <Storage> <Opcode : 'load' 'store'> <Ports = 2> <Width = 8> <Depth = 2457600> <RAM>

State 7 <SV = 6> <Delay = 3.25>
ST_7 : Operation 98 [1/1] (0.00ns)   --->   "call void (...)* @_ssdm_op_SpecLoopName([30 x i8]* @YUV2RGB_LOOP_X_YUV2R)"   --->   Operation 98 'specloopname' <Predicate = (!icmp_ln85)> <Delay = 0.00>
ST_7 : Operation 99 [1/1] (0.00ns)   --->   "call void (...)* @_ssdm_op_SpecLoopTripCount(i64 40000, i64 2457600, i64 784400)"   --->   Operation 99 'speclooptripcount' <Predicate = (!icmp_ln85)> <Delay = 0.00>
ST_7 : Operation 100 [1/1] (0.00ns)   --->   "call void (...)* @_ssdm_op_SpecLoopName([15 x i8]* @p_str4) nounwind" [yuv_filter.c:88]   --->   Operation 100 'specloopname' <Predicate = (!icmp_ln85)> <Delay = 0.00>
ST_7 : Operation 101 [1/1] (0.00ns)   --->   "%tmp_2 = call i32 (...)* @_ssdm_op_SpecRegionBegin([15 x i8]* @p_str4)" [yuv_filter.c:88]   --->   Operation 101 'specregionbegin' 'tmp_2' <Predicate = (!icmp_ln85)> <Delay = 0.00>
ST_7 : Operation 102 [1/1] (0.00ns)   --->   "call void (...)* @_ssdm_op_SpecPipeline(i32 -1, i32 1, i32 1, i32 0, [1 x i8]* @p_str) nounwind" [yuv_filter.c:89]   --->   Operation 102 'specpipeline' <Predicate = (!icmp_ln85)> <Delay = 0.00>
ST_7 : Operation 103 [1/2] (3.25ns)   --->   "store i8 %R, i8* %out_channels_ch1_add, align 1" [yuv_filter.c:103]   --->   Operation 103 'store' <Predicate = (!icmp_ln85)> <Delay = 3.25> <Core = "RAM">   --->   Core 37 'RAM' <Latency = 3> <II = 1> <Delay = 3.25> <Storage> <Opcode : 'load' 'store'> <Ports = 2> <Width = 8> <Depth = 2457600> <RAM>
ST_7 : Operation 104 [1/2] (3.25ns)   --->   "store i8 %G, i8* %out_channels_ch2_add, align 1" [yuv_filter.c:104]   --->   Operation 104 'store' <Predicate = (!icmp_ln85)> <Delay = 3.25> <Core = "RAM">   --->   Core 37 'RAM' <Latency = 3> <II = 1> <Delay = 3.25> <Storage> <Opcode : 'load' 'store'> <Ports = 2> <Width = 8> <Depth = 2457600> <RAM>
ST_7 : Operation 105 [1/2] (3.25ns)   --->   "store i8 %B, i8* %out_channels_ch3_add, align 1" [yuv_filter.c:105]   --->   Operation 105 'store' <Predicate = (!icmp_ln85)> <Delay = 3.25> <Core = "RAM">   --->   Core 37 'RAM' <Latency = 3> <II = 1> <Delay = 3.25> <Storage> <Opcode : 'load' 'store'> <Ports = 2> <Width = 8> <Depth = 2457600> <RAM>
ST_7 : Operation 106 [1/1] (0.00ns)   --->   "%empty_71 = call i32 (...)* @_ssdm_op_SpecRegionEnd([15 x i8]* @p_str4, i32 %tmp_2)" [yuv_filter.c:106]   --->   Operation 106 'specregionend' 'empty_71' <Predicate = (!icmp_ln85)> <Delay = 0.00>
ST_7 : Operation 107 [1/1] (0.00ns)   --->   "br label %1" [yuv_filter.c:88]   --->   Operation 107 'br' <Predicate = (!icmp_ln85)> <Delay = 0.00>

State 8 <SV = 3> <Delay = 0.00>
ST_8 : Operation 108 [1/1] (0.00ns)   --->   "ret void" [yuv_filter.c:108]   --->   Operation 108 'ret' <Predicate = true> <Delay = 0.00>


============================================================
+ Verbose Summary: Timing violations
============================================================
Target clock period: 10ns, clock uncertainty: 1.25ns.

 <State 1>: 3.63ns
The critical path consists of the following:
	fifo read on port 'in_width' (yuv_filter.c:79) [16]  (3.63 ns)

 <State 2>: 6.38ns
The critical path consists of the following:
	'mul' operation of DSP[22] ('bound', yuv_filter.c:80) [22]  (6.38 ns)

 <State 3>: 2.55ns
The critical path consists of the following:
	'phi' operation ('indvar_flatten', yuv_filter.c:85) with incoming values : ('add_ln85', yuv_filter.c:85) [25]  (0 ns)
	'add' operation ('add_ln85', yuv_filter.c:85) [29]  (2.55 ns)

 <State 4>: 5.55ns
The critical path consists of the following:
	fifo read on port 'in_channels_ch1' (yuv_filter.c:94) [52]  (3.63 ns)
	'add' operation ('C', yuv_filter.c:97) [56]  (1.92 ns)

 <State 5>: 10.9ns
The critical path consists of the following:
	'mul' operation of DSP[64] ('mul_ln100', yuv_filter.c:100) [60]  (3.36 ns)
	'add' operation of DSP[64] ('add_ln100', yuv_filter.c:100) [64]  (3.02 ns)
	'add' operation ('add_ln102', yuv_filter.c:102) [95]  (2.14 ns)
	'icmp' operation ('icmp_ln102', yuv_filter.c:102) [97]  (1.13 ns)
	'or' operation ('or_ln102', yuv_filter.c:102) [101]  (0 ns)
	'select' operation ('B', yuv_filter.c:102) [102]  (1.25 ns)

 <State 6>: 7.6ns
The critical path consists of the following:
	'add' operation ('add_ln101_1', yuv_filter.c:101) [80]  (2.14 ns)
	'icmp' operation ('icmp_ln101', yuv_filter.c:101) [82]  (0.959 ns)
	'or' operation ('or_ln101', yuv_filter.c:101) [86]  (0 ns)
	'select' operation ('G', yuv_filter.c:101) [87]  (1.25 ns)
	'store' operation ('store_ln104', yuv_filter.c:104) of variable 'G', yuv_filter.c:101 on array 'out_channels_ch2' [104]  (3.25 ns)

 <State 7>: 3.25ns
The critical path consists of the following:
	'store' operation ('store_ln103', yuv_filter.c:103) of variable 'R', yuv_filter.c:100 on array 'out_channels_ch1' [103]  (3.25 ns)

 <State 8>: 0ns
The critical path consists of the following:


============================================================
+ Verbose Summary: Binding
============================================================
N/A
* FSMD analyzer results:
  - Output states:
 - Input state : 
  - Chain level:
	State 1
	State 2
	State 3
	State 4
	State 5
	State 6
	State 7
	State 8


============================================================
+ Verbose Summary: Datapath Resource usage 
============================================================
N/A
