

================================================================
== Vivado HLS Report for 'yuv_filter'
================================================================
* Date:           Sun Aug  2 15:34:20 2020

* Version:        2020.1 (Build 2897737 on Wed May 27 20:21:37 MDT 2020)
* Project:        yuv_filter.prj
* Solution:       solution3
* Product family: zynq
* Target device:  xc7z020-clg400-1


================================================================
== Performance Estimates
================================================================
+ Timing: 
    * Summary: 
    +--------+----------+-----------+------------+
    |  Clock |  Target  | Estimated | Uncertainty|
    +--------+----------+-----------+------------+
    |ap_clk  | 10.00 ns | 11.004 ns |   1.25 ns  |
    +--------+----------+-----------+------------+

+ Latency: 
    * Summary: 
    +---------+---------+----------+-----------+-------+---------+----------+
    |  Latency (cycles) |  Latency (absolute)  |     Interval    | Pipeline |
    |   min   |   max   |    min   |    max    |  min  |   max   |   Type   |
    +---------+---------+----------+-----------+-------+---------+----------+
    |    40013|  2457613| 0.440 ms | 27.044 ms |  40008|  2457608| dataflow |
    +---------+---------+----------+-----------+-------+---------+----------+

    + Detail: 
        * Instance: 
        +----------------------+-----------+---------+---------+----------+-----------+-------+---------+---------+
        |                      |           |  Latency (cycles) |  Latency (absolute)  |     Interval    | Pipeline|
        |       Instance       |   Module  |   min   |   max   |    min   |    max    |  min  |   max   |   Type  |
        +----------------------+-----------+---------+---------+----------+-----------+-------+---------+---------+
        |grp_yuv2rgb_fu_172    |yuv2rgb    |    40006|  2457606| 0.440 ms | 27.043 ms |  40006|  2457606|   none  |
        |grp_rgb2yuv11_fu_191  |rgb2yuv11  |    40007|  2457607| 0.440 ms | 27.044 ms |  40007|  2457607|   none  |
        |grp_yuv_scale_fu_219  |yuv_scale  |    40004|  2457604| 0.440 ms | 27.043 ms |  40004|  2457604|   none  |
        +----------------------+-----------+---------+---------+----------+-----------+-------+---------+---------+

        * Loop: 
        N/A

============================================================
+ Verbose Summary: Synthesis Manager
============================================================
InlineROM: 1
ExposeGlobal: 0
============================================================
+ Verbose Summary: CDFG Model
============================================================
IsTopModel: 1
ResetActiveHigh: 1
IsCombinational: 2
IsDatapathOnly: 0
HasWiredReturn: 1
HasMFsm: 0
HasVarLatency: 1
IsPipeline: 0
IsRtlPipelined: 0
IsInstanceOverlapped: 0
IsDontTouch: 0
HasImplIP: 0
IsGatedGlobalClock: 0


============================================================
+ Verbose Summary: Schedule
============================================================
* Number of FSM states : 6
* Pipeline : 0
* Dataflow Pipeline: 1
  DF-Pipeline-0: Size = 6, States = { 1 2 3 4 5 6 }

* FSM state transitions: 
1 --> 2 
2 --> 3 
3 --> 4 
4 --> 5 
5 --> 6 
6 --> 

* FSM state operations: 

State 1 <SV = 0> <Delay = 6.38>
ST_1 : Operation 7 [1/1] (0.00ns)   --->   "%V_scale_read = call i8 @_ssdm_op_Read.ap_auto.i8(i8 %V_scale)"   --->   Operation 7 'read' 'V_scale_read' <Predicate = true> <Delay = 0.00>
ST_1 : Operation 8 [1/1] (0.00ns)   --->   "%U_scale_read = call i8 @_ssdm_op_Read.ap_auto.i8(i8 %U_scale)"   --->   Operation 8 'read' 'U_scale_read' <Predicate = true> <Delay = 0.00>
ST_1 : Operation 9 [1/1] (0.00ns)   --->   "%Y_scale_read = call i8 @_ssdm_op_Read.ap_auto.i8(i8 %Y_scale)"   --->   Operation 9 'read' 'Y_scale_read' <Predicate = true> <Delay = 0.00>
ST_1 : Operation 10 [1/1] (0.00ns)   --->   "%p_scale_height = alloca i16, align 2" [yuv_filter.c:18]   --->   Operation 10 'alloca' 'p_scale_height' <Predicate = true> <Delay = 0.00> <Core = "FIFO">   --->   Core 32 'FIFO' <Latency = 0> <II = 1> <Delay = 3.63> <Storage> <Opcode : 'read' 'write' 'nbread' 'nbwrite'> <Ports = 0> <Width = 16> <Depth = 2> <FIFO>
ST_1 : Operation 11 [1/1] (0.00ns)   --->   "%p_scale_width = alloca i16, align 2" [yuv_filter.c:18]   --->   Operation 11 'alloca' 'p_scale_width' <Predicate = true> <Delay = 0.00> <Core = "FIFO">   --->   Core 32 'FIFO' <Latency = 0> <II = 1> <Delay = 3.63> <Storage> <Opcode : 'read' 'write' 'nbread' 'nbwrite'> <Ports = 0> <Width = 16> <Depth = 2> <FIFO>
ST_1 : Operation 12 [1/1] (0.00ns)   --->   "%p_yuv_height = alloca i16, align 2" [yuv_filter.c:17]   --->   Operation 12 'alloca' 'p_yuv_height' <Predicate = true> <Delay = 0.00> <Core = "FIFO">   --->   Core 32 'FIFO' <Latency = 0> <II = 1> <Delay = 3.63> <Storage> <Opcode : 'read' 'write' 'nbread' 'nbwrite'> <Ports = 0> <Width = 16> <Depth = 2> <FIFO>
ST_1 : Operation 13 [1/1] (0.00ns)   --->   "%p_yuv_width = alloca i16, align 2" [yuv_filter.c:17]   --->   Operation 13 'alloca' 'p_yuv_width' <Predicate = true> <Delay = 0.00> <Core = "FIFO">   --->   Core 32 'FIFO' <Latency = 0> <II = 1> <Delay = 3.63> <Storage> <Opcode : 'read' 'write' 'nbread' 'nbwrite'> <Ports = 0> <Width = 16> <Depth = 2> <FIFO>
ST_1 : Operation 14 [1/1] (0.00ns)   --->   "%V_scale_c = alloca i8, align 1" [yuv_filter.c:9]   --->   Operation 14 'alloca' 'V_scale_c' <Predicate = true> <Delay = 0.00> <Core = "FIFO">   --->   Core 32 'FIFO' <Latency = 0> <II = 1> <Delay = 3.63> <Storage> <Opcode : 'read' 'write' 'nbread' 'nbwrite'> <Ports = 0> <Width = 16> <Depth = 2> <FIFO>
ST_1 : Operation 15 [1/1] (0.00ns)   --->   "%U_scale_c = alloca i8, align 1" [yuv_filter.c:8]   --->   Operation 15 'alloca' 'U_scale_c' <Predicate = true> <Delay = 0.00> <Core = "FIFO">   --->   Core 32 'FIFO' <Latency = 0> <II = 1> <Delay = 3.63> <Storage> <Opcode : 'read' 'write' 'nbread' 'nbwrite'> <Ports = 0> <Width = 16> <Depth = 2> <FIFO>
ST_1 : Operation 16 [1/1] (0.00ns)   --->   "%Y_scale_c = alloca i8, align 1" [yuv_filter.c:7]   --->   Operation 16 'alloca' 'Y_scale_c' <Predicate = true> <Delay = 0.00> <Core = "FIFO">   --->   Core 32 'FIFO' <Latency = 0> <II = 1> <Delay = 3.63> <Storage> <Opcode : 'read' 'write' 'nbread' 'nbwrite'> <Ports = 0> <Width = 16> <Depth = 2> <FIFO>
ST_1 : Operation 17 [1/1] (0.00ns)   --->   "%p_yuv_channels_ch1 = alloca i8, align 1" [yuv_filter.c:17]   --->   Operation 17 'alloca' 'p_yuv_channels_ch1' <Predicate = true> <Delay = 0.00> <Core = "FIFO">   --->   Core 32 'FIFO' <Latency = 0> <II = 1> <Delay = 3.63> <Storage> <Opcode : 'read' 'write' 'nbread' 'nbwrite'> <Ports = 0> <Width = 16> <Depth = 2> <FIFO>
ST_1 : Operation 18 [1/1] (0.00ns)   --->   "%p_yuv_channels_ch2 = alloca i8, align 1" [yuv_filter.c:17]   --->   Operation 18 'alloca' 'p_yuv_channels_ch2' <Predicate = true> <Delay = 0.00> <Core = "FIFO">   --->   Core 32 'FIFO' <Latency = 0> <II = 1> <Delay = 3.63> <Storage> <Opcode : 'read' 'write' 'nbread' 'nbwrite'> <Ports = 0> <Width = 16> <Depth = 2> <FIFO>
ST_1 : Operation 19 [1/1] (0.00ns)   --->   "%p_yuv_channels_ch3 = alloca i8, align 1" [yuv_filter.c:17]   --->   Operation 19 'alloca' 'p_yuv_channels_ch3' <Predicate = true> <Delay = 0.00> <Core = "FIFO">   --->   Core 32 'FIFO' <Latency = 0> <II = 1> <Delay = 3.63> <Storage> <Opcode : 'read' 'write' 'nbread' 'nbwrite'> <Ports = 0> <Width = 16> <Depth = 2> <FIFO>
ST_1 : Operation 20 [1/1] (0.00ns)   --->   "%p_scale_channels_ch1 = alloca i8, align 1" [yuv_filter.c:18]   --->   Operation 20 'alloca' 'p_scale_channels_ch1' <Predicate = true> <Delay = 0.00> <Core = "FIFO">   --->   Core 32 'FIFO' <Latency = 0> <II = 1> <Delay = 3.63> <Storage> <Opcode : 'read' 'write' 'nbread' 'nbwrite'> <Ports = 0> <Width = 16> <Depth = 2> <FIFO>
ST_1 : Operation 21 [1/1] (0.00ns)   --->   "%p_scale_channels_ch2 = alloca i8, align 1" [yuv_filter.c:18]   --->   Operation 21 'alloca' 'p_scale_channels_ch2' <Predicate = true> <Delay = 0.00> <Core = "FIFO">   --->   Core 32 'FIFO' <Latency = 0> <II = 1> <Delay = 3.63> <Storage> <Opcode : 'read' 'write' 'nbread' 'nbwrite'> <Ports = 0> <Width = 16> <Depth = 2> <FIFO>
ST_1 : Operation 22 [1/1] (0.00ns)   --->   "%p_scale_channels_ch3 = alloca i8, align 1" [yuv_filter.c:18]   --->   Operation 22 'alloca' 'p_scale_channels_ch3' <Predicate = true> <Delay = 0.00> <Core = "FIFO">   --->   Core 32 'FIFO' <Latency = 0> <II = 1> <Delay = 3.63> <Storage> <Opcode : 'read' 'write' 'nbread' 'nbwrite'> <Ports = 0> <Width = 16> <Depth = 2> <FIFO>
ST_1 : Operation 23 [2/2] (6.38ns)   --->   "call fastcc void @rgb2yuv11([2457600 x i8]* %in_channels_ch1, [2457600 x i8]* %in_channels_ch2, [2457600 x i8]* %in_channels_ch3, i16* %in_width, i16* %in_height, i8* %p_yuv_channels_ch1, i8* %p_yuv_channels_ch2, i8* %p_yuv_channels_ch3, i16* %p_yuv_width, i16* %p_yuv_height, i8 %Y_scale_read, i8 %U_scale_read, i8 %V_scale_read, i8* %Y_scale_c, i8* %U_scale_c, i8* %V_scale_c)" [yuv_filter.c:23]   --->   Operation 23 'call' <Predicate = true> <Delay = 6.38> <CoreType = "Generic">   --->   Core 0 '' <Latency = 0> <II = 1> <Delay = 1.00> <Generic> <Opcode : >

State 2 <SV = 1> <Delay = 0.00>
ST_2 : Operation 24 [1/2] (0.00ns)   --->   "call fastcc void @rgb2yuv11([2457600 x i8]* %in_channels_ch1, [2457600 x i8]* %in_channels_ch2, [2457600 x i8]* %in_channels_ch3, i16* %in_width, i16* %in_height, i8* %p_yuv_channels_ch1, i8* %p_yuv_channels_ch2, i8* %p_yuv_channels_ch3, i16* %p_yuv_width, i16* %p_yuv_height, i8 %Y_scale_read, i8 %U_scale_read, i8 %V_scale_read, i8* %Y_scale_c, i8* %U_scale_c, i8* %V_scale_c)" [yuv_filter.c:23]   --->   Operation 24 'call' <Predicate = true> <Delay = 0.00> <CoreType = "Generic">   --->   Core 0 '' <Latency = 0> <II = 1> <Delay = 1.00> <Generic> <Opcode : >

State 3 <SV = 2> <Delay = 0.00>
ST_3 : Operation 25 [2/2] (0.00ns)   --->   "call fastcc void @yuv_scale(i8* %p_yuv_channels_ch1, i8* %p_yuv_channels_ch2, i8* %p_yuv_channels_ch3, i16* %p_yuv_width, i16* %p_yuv_height, i8* %p_scale_channels_ch1, i8* %p_scale_channels_ch2, i8* %p_scale_channels_ch3, i16* %p_scale_width, i16* %p_scale_height, i8* %Y_scale_c, i8* %U_scale_c, i8* %V_scale_c)" [yuv_filter.c:24]   --->   Operation 25 'call' <Predicate = true> <Delay = 0.00> <CoreType = "Generic">   --->   Core 0 '' <Latency = 0> <II = 1> <Delay = 1.00> <Generic> <Opcode : >

State 4 <SV = 3> <Delay = 0.00>
ST_4 : Operation 26 [1/2] (0.00ns)   --->   "call fastcc void @yuv_scale(i8* %p_yuv_channels_ch1, i8* %p_yuv_channels_ch2, i8* %p_yuv_channels_ch3, i16* %p_yuv_width, i16* %p_yuv_height, i8* %p_scale_channels_ch1, i8* %p_scale_channels_ch2, i8* %p_scale_channels_ch3, i16* %p_scale_width, i16* %p_scale_height, i8* %Y_scale_c, i8* %U_scale_c, i8* %V_scale_c)" [yuv_filter.c:24]   --->   Operation 26 'call' <Predicate = true> <Delay = 0.00> <CoreType = "Generic">   --->   Core 0 '' <Latency = 0> <II = 1> <Delay = 1.00> <Generic> <Opcode : >

State 5 <SV = 4> <Delay = 0.00>
ST_5 : Operation 27 [2/2] (0.00ns)   --->   "call fastcc void @yuv2rgb(i8* %p_scale_channels_ch1, i8* %p_scale_channels_ch2, i8* %p_scale_channels_ch3, i16* %p_scale_width, i16* %p_scale_height, [2457600 x i8]* %out_channels_ch1, [2457600 x i8]* %out_channels_ch2, [2457600 x i8]* %out_channels_ch3, i16* %out_width, i16* %out_height)" [yuv_filter.c:25]   --->   Operation 27 'call' <Predicate = true> <Delay = 0.00> <CoreType = "Generic">   --->   Core 0 '' <Latency = 0> <II = 1> <Delay = 1.00> <Generic> <Opcode : >

State 6 <SV = 5> <Delay = 0.00>
ST_6 : Operation 28 [1/1] (0.00ns)   --->   "call void (...)* @_ssdm_op_SpecDataflowPipeline(i32 -1, i32 0, [1 x i8]* @p_str) nounwind" [yuv_filter.c:12]   --->   Operation 28 'specdataflowpipeline' <Predicate = true> <Delay = 0.00>
ST_6 : Operation 29 [1/1] (0.00ns)   --->   "call void (...)* @_ssdm_op_SpecBitsMap([2457600 x i8]* %in_channels_ch1), !map !13"   --->   Operation 29 'specbitsmap' <Predicate = true> <Delay = 0.00>
ST_6 : Operation 30 [1/1] (0.00ns)   --->   "call void (...)* @_ssdm_op_SpecBitsMap([2457600 x i8]* %in_channels_ch2), !map !20"   --->   Operation 30 'specbitsmap' <Predicate = true> <Delay = 0.00>
ST_6 : Operation 31 [1/1] (0.00ns)   --->   "call void (...)* @_ssdm_op_SpecBitsMap([2457600 x i8]* %in_channels_ch3), !map !24"   --->   Operation 31 'specbitsmap' <Predicate = true> <Delay = 0.00>
ST_6 : Operation 32 [1/1] (0.00ns)   --->   "call void (...)* @_ssdm_op_SpecBitsMap(i16* %in_width), !map !28"   --->   Operation 32 'specbitsmap' <Predicate = true> <Delay = 0.00>
ST_6 : Operation 33 [1/1] (0.00ns)   --->   "call void (...)* @_ssdm_op_SpecBitsMap(i16* %in_height), !map !34"   --->   Operation 33 'specbitsmap' <Predicate = true> <Delay = 0.00>
ST_6 : Operation 34 [1/1] (0.00ns)   --->   "call void (...)* @_ssdm_op_SpecBitsMap([2457600 x i8]* %out_channels_ch1), !map !38"   --->   Operation 34 'specbitsmap' <Predicate = true> <Delay = 0.00>
ST_6 : Operation 35 [1/1] (0.00ns)   --->   "call void (...)* @_ssdm_op_SpecBitsMap([2457600 x i8]* %out_channels_ch2), !map !42"   --->   Operation 35 'specbitsmap' <Predicate = true> <Delay = 0.00>
ST_6 : Operation 36 [1/1] (0.00ns)   --->   "call void (...)* @_ssdm_op_SpecBitsMap([2457600 x i8]* %out_channels_ch3), !map !46"   --->   Operation 36 'specbitsmap' <Predicate = true> <Delay = 0.00>
ST_6 : Operation 37 [1/1] (0.00ns)   --->   "call void (...)* @_ssdm_op_SpecBitsMap(i16* %out_width), !map !50"   --->   Operation 37 'specbitsmap' <Predicate = true> <Delay = 0.00>
ST_6 : Operation 38 [1/1] (0.00ns)   --->   "call void (...)* @_ssdm_op_SpecBitsMap(i16* %out_height), !map !54"   --->   Operation 38 'specbitsmap' <Predicate = true> <Delay = 0.00>
ST_6 : Operation 39 [1/1] (0.00ns)   --->   "call void (...)* @_ssdm_op_SpecBitsMap(i8 %Y_scale), !map !58"   --->   Operation 39 'specbitsmap' <Predicate = true> <Delay = 0.00>
ST_6 : Operation 40 [1/1] (0.00ns)   --->   "call void (...)* @_ssdm_op_SpecBitsMap(i8 %U_scale), !map !64"   --->   Operation 40 'specbitsmap' <Predicate = true> <Delay = 0.00>
ST_6 : Operation 41 [1/1] (0.00ns)   --->   "call void (...)* @_ssdm_op_SpecBitsMap(i8 %V_scale), !map !68"   --->   Operation 41 'specbitsmap' <Predicate = true> <Delay = 0.00>
ST_6 : Operation 42 [1/1] (0.00ns)   --->   "call void (...)* @_ssdm_op_SpecTopModule([11 x i8]* @yuv_filter_str) nounwind"   --->   Operation 42 'spectopmodule' <Predicate = true> <Delay = 0.00>
ST_6 : Operation 43 [1/1] (0.00ns)   --->   "%empty = call i32 (...)* @_ssdm_op_SpecChannel([26 x i8]* @p_yuv_OC_channels_OC_4, i32 1, [1 x i8]* @p_str, [1 x i8]* @p_str, i32 2, i32 2457600, i8* %p_yuv_channels_ch1, i8* %p_yuv_channels_ch1)"   --->   Operation 43 'specchannel' 'empty' <Predicate = true> <Delay = 0.00>
ST_6 : Operation 44 [1/1] (0.00ns)   --->   "%empty_30 = call i32 (...)* @_ssdm_op_SpecInterface(i8* %p_yuv_channels_ch1, [8 x i8]* @ap_fifo_str, i32 0, i32 0, [1 x i8]* @p_str, i32 0, i32 0, [1 x i8]* @p_str, [1 x i8]* @p_str, [1 x i8]* @p_str, i32 2, i32 2, i32 16, i32 16, [1 x i8]* @p_str, [1 x i8]* @p_str)"   --->   Operation 44 'specinterface' 'empty_30' <Predicate = true> <Delay = 0.00>
ST_6 : Operation 45 [1/1] (0.00ns)   --->   "%empty_31 = call i32 (...)* @_ssdm_op_SpecChannel([26 x i8]* @p_yuv_OC_channels_OC_2, i32 1, [1 x i8]* @p_str, [1 x i8]* @p_str, i32 2, i32 2457600, i8* %p_yuv_channels_ch2, i8* %p_yuv_channels_ch2)"   --->   Operation 45 'specchannel' 'empty_31' <Predicate = true> <Delay = 0.00>
ST_6 : Operation 46 [1/1] (0.00ns)   --->   "%empty_32 = call i32 (...)* @_ssdm_op_SpecInterface(i8* %p_yuv_channels_ch2, [8 x i8]* @ap_fifo_str, i32 0, i32 0, [1 x i8]* @p_str, i32 0, i32 0, [1 x i8]* @p_str, [1 x i8]* @p_str, [1 x i8]* @p_str, i32 2, i32 2, i32 16, i32 16, [1 x i8]* @p_str, [1 x i8]* @p_str)"   --->   Operation 46 'specinterface' 'empty_32' <Predicate = true> <Delay = 0.00>
ST_6 : Operation 47 [1/1] (0.00ns)   --->   "%empty_33 = call i32 (...)* @_ssdm_op_SpecChannel([26 x i8]* @p_yuv_OC_channels_OC_s, i32 1, [1 x i8]* @p_str, [1 x i8]* @p_str, i32 2, i32 2457600, i8* %p_yuv_channels_ch3, i8* %p_yuv_channels_ch3)"   --->   Operation 47 'specchannel' 'empty_33' <Predicate = true> <Delay = 0.00>
ST_6 : Operation 48 [1/1] (0.00ns)   --->   "%empty_34 = call i32 (...)* @_ssdm_op_SpecInterface(i8* %p_yuv_channels_ch3, [8 x i8]* @ap_fifo_str, i32 0, i32 0, [1 x i8]* @p_str, i32 0, i32 0, [1 x i8]* @p_str, [1 x i8]* @p_str, [1 x i8]* @p_str, i32 2, i32 2, i32 16, i32 16, [1 x i8]* @p_str, [1 x i8]* @p_str)"   --->   Operation 48 'specinterface' 'empty_34' <Predicate = true> <Delay = 0.00>
ST_6 : Operation 49 [1/1] (0.00ns)   --->   "%empty_35 = call i32 (...)* @_ssdm_op_SpecChannel([28 x i8]* @p_scale_OC_channels_O_4, i32 1, [1 x i8]* @p_str, [1 x i8]* @p_str, i32 2, i32 2457600, i8* %p_scale_channels_ch1, i8* %p_scale_channels_ch1)"   --->   Operation 49 'specchannel' 'empty_35' <Predicate = true> <Delay = 0.00>
ST_6 : Operation 50 [1/1] (0.00ns)   --->   "%empty_36 = call i32 (...)* @_ssdm_op_SpecInterface(i8* %p_scale_channels_ch1, [8 x i8]* @ap_fifo_str, i32 0, i32 0, [1 x i8]* @p_str, i32 0, i32 0, [1 x i8]* @p_str, [1 x i8]* @p_str, [1 x i8]* @p_str, i32 2, i32 2, i32 16, i32 16, [1 x i8]* @p_str, [1 x i8]* @p_str)"   --->   Operation 50 'specinterface' 'empty_36' <Predicate = true> <Delay = 0.00>
ST_6 : Operation 51 [1/1] (0.00ns)   --->   "%empty_37 = call i32 (...)* @_ssdm_op_SpecChannel([28 x i8]* @p_scale_OC_channels_O_2, i32 1, [1 x i8]* @p_str, [1 x i8]* @p_str, i32 2, i32 2457600, i8* %p_scale_channels_ch2, i8* %p_scale_channels_ch2)"   --->   Operation 51 'specchannel' 'empty_37' <Predicate = true> <Delay = 0.00>
ST_6 : Operation 52 [1/1] (0.00ns)   --->   "%empty_38 = call i32 (...)* @_ssdm_op_SpecInterface(i8* %p_scale_channels_ch2, [8 x i8]* @ap_fifo_str, i32 0, i32 0, [1 x i8]* @p_str, i32 0, i32 0, [1 x i8]* @p_str, [1 x i8]* @p_str, [1 x i8]* @p_str, i32 2, i32 2, i32 16, i32 16, [1 x i8]* @p_str, [1 x i8]* @p_str)"   --->   Operation 52 'specinterface' 'empty_38' <Predicate = true> <Delay = 0.00>
ST_6 : Operation 53 [1/1] (0.00ns)   --->   "%empty_39 = call i32 (...)* @_ssdm_op_SpecChannel([28 x i8]* @p_scale_OC_channels_O, i32 1, [1 x i8]* @p_str, [1 x i8]* @p_str, i32 2, i32 2457600, i8* %p_scale_channels_ch3, i8* %p_scale_channels_ch3)"   --->   Operation 53 'specchannel' 'empty_39' <Predicate = true> <Delay = 0.00>
ST_6 : Operation 54 [1/1] (0.00ns)   --->   "%empty_40 = call i32 (...)* @_ssdm_op_SpecInterface(i8* %p_scale_channels_ch3, [8 x i8]* @ap_fifo_str, i32 0, i32 0, [1 x i8]* @p_str, i32 0, i32 0, [1 x i8]* @p_str, [1 x i8]* @p_str, [1 x i8]* @p_str, i32 2, i32 2, i32 16, i32 16, [1 x i8]* @p_str, [1 x i8]* @p_str)"   --->   Operation 54 'specinterface' 'empty_40' <Predicate = true> <Delay = 0.00>
ST_6 : Operation 55 [1/1] (0.00ns)   --->   "%empty_41 = call i32 (...)* @_ssdm_op_SpecChannel([10 x i8]* @Y_scale_c_str, i32 1, [1 x i8]* @p_str, [1 x i8]* @p_str, i32 2, i32 0, i8* %Y_scale_c, i8* %Y_scale_c)" [yuv_filter.c:7]   --->   Operation 55 'specchannel' 'empty_41' <Predicate = true> <Delay = 0.00>
ST_6 : Operation 56 [1/1] (0.00ns)   --->   "%empty_42 = call i32 (...)* @_ssdm_op_SpecInterface(i8* %Y_scale_c, [8 x i8]* @ap_fifo_str, i32 0, i32 0, [1 x i8]* @p_str, i32 0, i32 0, [1 x i8]* @p_str, [1 x i8]* @p_str, [1 x i8]* @p_str, i32 2, i32 2, i32 16, i32 16, [1 x i8]* @p_str, [1 x i8]* @p_str)" [yuv_filter.c:7]   --->   Operation 56 'specinterface' 'empty_42' <Predicate = true> <Delay = 0.00>
ST_6 : Operation 57 [1/1] (0.00ns)   --->   "%empty_43 = call i32 (...)* @_ssdm_op_SpecChannel([10 x i8]* @U_scale_c_str, i32 1, [1 x i8]* @p_str, [1 x i8]* @p_str, i32 2, i32 0, i8* %U_scale_c, i8* %U_scale_c)" [yuv_filter.c:8]   --->   Operation 57 'specchannel' 'empty_43' <Predicate = true> <Delay = 0.00>
ST_6 : Operation 58 [1/1] (0.00ns)   --->   "%empty_44 = call i32 (...)* @_ssdm_op_SpecInterface(i8* %U_scale_c, [8 x i8]* @ap_fifo_str, i32 0, i32 0, [1 x i8]* @p_str, i32 0, i32 0, [1 x i8]* @p_str, [1 x i8]* @p_str, [1 x i8]* @p_str, i32 2, i32 2, i32 16, i32 16, [1 x i8]* @p_str, [1 x i8]* @p_str)" [yuv_filter.c:8]   --->   Operation 58 'specinterface' 'empty_44' <Predicate = true> <Delay = 0.00>
ST_6 : Operation 59 [1/1] (0.00ns)   --->   "%empty_45 = call i32 (...)* @_ssdm_op_SpecChannel([10 x i8]* @V_scale_c_str, i32 1, [1 x i8]* @p_str, [1 x i8]* @p_str, i32 2, i32 0, i8* %V_scale_c, i8* %V_scale_c)" [yuv_filter.c:9]   --->   Operation 59 'specchannel' 'empty_45' <Predicate = true> <Delay = 0.00>
ST_6 : Operation 60 [1/1] (0.00ns)   --->   "%empty_46 = call i32 (...)* @_ssdm_op_SpecInterface(i8* %V_scale_c, [8 x i8]* @ap_fifo_str, i32 0, i32 0, [1 x i8]* @p_str, i32 0, i32 0, [1 x i8]* @p_str, [1 x i8]* @p_str, [1 x i8]* @p_str, i32 2, i32 2, i32 16, i32 16, [1 x i8]* @p_str, [1 x i8]* @p_str)" [yuv_filter.c:9]   --->   Operation 60 'specinterface' 'empty_46' <Predicate = true> <Delay = 0.00>
ST_6 : Operation 61 [1/1] (0.00ns)   --->   "%empty_47 = call i32 (...)* @_ssdm_op_SpecChannel([18 x i8]* @p_yuv_OC_channels_OC_5, i32 1, [1 x i8]* @p_str, [1 x i8]* @p_str, i32 2, i32 2457600, i8* %p_yuv_channels_ch1, i8* %p_yuv_channels_ch1)"   --->   Operation 61 'specchannel' 'empty_47' <Predicate = true> <Delay = 0.00>
ST_6 : Operation 62 [1/1] (0.00ns)   --->   "%empty_48 = call i32 (...)* @_ssdm_op_SpecInterface(i8* %p_yuv_channels_ch1, [8 x i8]* @ap_fifo_str, i32 0, i32 0, [1 x i8]* @p_str, i32 0, i32 0, [1 x i8]* @p_str, [1 x i8]* @p_str, [1 x i8]* @p_str, i32 2, i32 2, i32 16, i32 16, [1 x i8]* @p_str, [1 x i8]* @p_str)"   --->   Operation 62 'specinterface' 'empty_48' <Predicate = true> <Delay = 0.00>
ST_6 : Operation 63 [1/1] (0.00ns)   --->   "%empty_49 = call i32 (...)* @_ssdm_op_SpecChannel([18 x i8]* @p_yuv_OC_channels_OC_3, i32 1, [1 x i8]* @p_str, [1 x i8]* @p_str, i32 2, i32 2457600, i8* %p_yuv_channels_ch2, i8* %p_yuv_channels_ch2)"   --->   Operation 63 'specchannel' 'empty_49' <Predicate = true> <Delay = 0.00>
ST_6 : Operation 64 [1/1] (0.00ns)   --->   "%empty_50 = call i32 (...)* @_ssdm_op_SpecInterface(i8* %p_yuv_channels_ch2, [8 x i8]* @ap_fifo_str, i32 0, i32 0, [1 x i8]* @p_str, i32 0, i32 0, [1 x i8]* @p_str, [1 x i8]* @p_str, [1 x i8]* @p_str, i32 2, i32 2, i32 16, i32 16, [1 x i8]* @p_str, [1 x i8]* @p_str)"   --->   Operation 64 'specinterface' 'empty_50' <Predicate = true> <Delay = 0.00>
ST_6 : Operation 65 [1/1] (0.00ns)   --->   "%empty_51 = call i32 (...)* @_ssdm_op_SpecChannel([18 x i8]* @p_yuv_OC_channels_OC_1, i32 1, [1 x i8]* @p_str, [1 x i8]* @p_str, i32 2, i32 2457600, i8* %p_yuv_channels_ch3, i8* %p_yuv_channels_ch3)"   --->   Operation 65 'specchannel' 'empty_51' <Predicate = true> <Delay = 0.00>
ST_6 : Operation 66 [1/1] (0.00ns)   --->   "%empty_52 = call i32 (...)* @_ssdm_op_SpecInterface(i8* %p_yuv_channels_ch3, [8 x i8]* @ap_fifo_str, i32 0, i32 0, [1 x i8]* @p_str, i32 0, i32 0, [1 x i8]* @p_str, [1 x i8]* @p_str, [1 x i8]* @p_str, i32 2, i32 2, i32 16, i32 16, [1 x i8]* @p_str, [1 x i8]* @p_str)"   --->   Operation 66 'specinterface' 'empty_52' <Predicate = true> <Delay = 0.00>
ST_6 : Operation 67 [1/1] (0.00ns)   --->   "%empty_53 = call i32 (...)* @_ssdm_op_SpecChannel([19 x i8]* @p_yuv_OC_width_OC_cha, i32 1, [1 x i8]* @p_str, [1 x i8]* @p_str, i32 2, i32 0, i16* %p_yuv_width, i16* %p_yuv_width)"   --->   Operation 67 'specchannel' 'empty_53' <Predicate = true> <Delay = 0.00>
ST_6 : Operation 68 [1/1] (0.00ns)   --->   "%empty_54 = call i32 (...)* @_ssdm_op_SpecInterface(i16* %p_yuv_width, [8 x i8]* @ap_fifo_str, i32 0, i32 0, [1 x i8]* @p_str, i32 0, i32 0, [1 x i8]* @p_str, [1 x i8]* @p_str, [1 x i8]* @p_str, i32 2, i32 2, i32 16, i32 16, [1 x i8]* @p_str, [1 x i8]* @p_str)"   --->   Operation 68 'specinterface' 'empty_54' <Predicate = true> <Delay = 0.00>
ST_6 : Operation 69 [1/1] (0.00ns)   --->   "%empty_55 = call i32 (...)* @_ssdm_op_SpecChannel([20 x i8]* @p_yuv_OC_height_OC_ch, i32 1, [1 x i8]* @p_str, [1 x i8]* @p_str, i32 2, i32 0, i16* %p_yuv_height, i16* %p_yuv_height)"   --->   Operation 69 'specchannel' 'empty_55' <Predicate = true> <Delay = 0.00>
ST_6 : Operation 70 [1/1] (0.00ns)   --->   "%empty_56 = call i32 (...)* @_ssdm_op_SpecInterface(i16* %p_yuv_height, [8 x i8]* @ap_fifo_str, i32 0, i32 0, [1 x i8]* @p_str, i32 0, i32 0, [1 x i8]* @p_str, [1 x i8]* @p_str, [1 x i8]* @p_str, i32 2, i32 2, i32 16, i32 16, [1 x i8]* @p_str, [1 x i8]* @p_str)"   --->   Operation 70 'specinterface' 'empty_56' <Predicate = true> <Delay = 0.00>
ST_6 : Operation 71 [1/1] (0.00ns)   --->   "%empty_57 = call i32 (...)* @_ssdm_op_SpecChannel([20 x i8]* @p_scale_OC_channels_O_5, i32 1, [1 x i8]* @p_str, [1 x i8]* @p_str, i32 2, i32 2457600, i8* %p_scale_channels_ch1, i8* %p_scale_channels_ch1)"   --->   Operation 71 'specchannel' 'empty_57' <Predicate = true> <Delay = 0.00>
ST_6 : Operation 72 [1/1] (0.00ns)   --->   "%empty_58 = call i32 (...)* @_ssdm_op_SpecInterface(i8* %p_scale_channels_ch1, [8 x i8]* @ap_fifo_str, i32 0, i32 0, [1 x i8]* @p_str, i32 0, i32 0, [1 x i8]* @p_str, [1 x i8]* @p_str, [1 x i8]* @p_str, i32 2, i32 2, i32 16, i32 16, [1 x i8]* @p_str, [1 x i8]* @p_str)"   --->   Operation 72 'specinterface' 'empty_58' <Predicate = true> <Delay = 0.00>
ST_6 : Operation 73 [1/1] (0.00ns)   --->   "%empty_59 = call i32 (...)* @_ssdm_op_SpecChannel([20 x i8]* @p_scale_OC_channels_O_3, i32 1, [1 x i8]* @p_str, [1 x i8]* @p_str, i32 2, i32 2457600, i8* %p_scale_channels_ch2, i8* %p_scale_channels_ch2)"   --->   Operation 73 'specchannel' 'empty_59' <Predicate = true> <Delay = 0.00>
ST_6 : Operation 74 [1/1] (0.00ns)   --->   "%empty_60 = call i32 (...)* @_ssdm_op_SpecInterface(i8* %p_scale_channels_ch2, [8 x i8]* @ap_fifo_str, i32 0, i32 0, [1 x i8]* @p_str, i32 0, i32 0, [1 x i8]* @p_str, [1 x i8]* @p_str, [1 x i8]* @p_str, i32 2, i32 2, i32 16, i32 16, [1 x i8]* @p_str, [1 x i8]* @p_str)"   --->   Operation 74 'specinterface' 'empty_60' <Predicate = true> <Delay = 0.00>
ST_6 : Operation 75 [1/1] (0.00ns)   --->   "%empty_61 = call i32 (...)* @_ssdm_op_SpecChannel([20 x i8]* @p_scale_OC_channels_O_1, i32 1, [1 x i8]* @p_str, [1 x i8]* @p_str, i32 2, i32 2457600, i8* %p_scale_channels_ch3, i8* %p_scale_channels_ch3)"   --->   Operation 75 'specchannel' 'empty_61' <Predicate = true> <Delay = 0.00>
ST_6 : Operation 76 [1/1] (0.00ns)   --->   "%empty_62 = call i32 (...)* @_ssdm_op_SpecInterface(i8* %p_scale_channels_ch3, [8 x i8]* @ap_fifo_str, i32 0, i32 0, [1 x i8]* @p_str, i32 0, i32 0, [1 x i8]* @p_str, [1 x i8]* @p_str, [1 x i8]* @p_str, i32 2, i32 2, i32 16, i32 16, [1 x i8]* @p_str, [1 x i8]* @p_str)"   --->   Operation 76 'specinterface' 'empty_62' <Predicate = true> <Delay = 0.00>
ST_6 : Operation 77 [1/1] (0.00ns)   --->   "%empty_63 = call i32 (...)* @_ssdm_op_SpecChannel([21 x i8]* @p_scale_OC_width_OC_c, i32 1, [1 x i8]* @p_str, [1 x i8]* @p_str, i32 2, i32 0, i16* %p_scale_width, i16* %p_scale_width)"   --->   Operation 77 'specchannel' 'empty_63' <Predicate = true> <Delay = 0.00>
ST_6 : Operation 78 [1/1] (0.00ns)   --->   "%empty_64 = call i32 (...)* @_ssdm_op_SpecInterface(i16* %p_scale_width, [8 x i8]* @ap_fifo_str, i32 0, i32 0, [1 x i8]* @p_str, i32 0, i32 0, [1 x i8]* @p_str, [1 x i8]* @p_str, [1 x i8]* @p_str, i32 2, i32 2, i32 16, i32 16, [1 x i8]* @p_str, [1 x i8]* @p_str)"   --->   Operation 78 'specinterface' 'empty_64' <Predicate = true> <Delay = 0.00>
ST_6 : Operation 79 [1/1] (0.00ns)   --->   "%empty_65 = call i32 (...)* @_ssdm_op_SpecChannel([22 x i8]* @p_scale_OC_height_OC_s, i32 1, [1 x i8]* @p_str, [1 x i8]* @p_str, i32 2, i32 0, i16* %p_scale_height, i16* %p_scale_height)"   --->   Operation 79 'specchannel' 'empty_65' <Predicate = true> <Delay = 0.00>
ST_6 : Operation 80 [1/1] (0.00ns)   --->   "%empty_66 = call i32 (...)* @_ssdm_op_SpecInterface(i16* %p_scale_height, [8 x i8]* @ap_fifo_str, i32 0, i32 0, [1 x i8]* @p_str, i32 0, i32 0, [1 x i8]* @p_str, [1 x i8]* @p_str, [1 x i8]* @p_str, i32 2, i32 2, i32 16, i32 16, [1 x i8]* @p_str, [1 x i8]* @p_str)"   --->   Operation 80 'specinterface' 'empty_66' <Predicate = true> <Delay = 0.00>
ST_6 : Operation 81 [1/2] (0.00ns)   --->   "call fastcc void @yuv2rgb(i8* %p_scale_channels_ch1, i8* %p_scale_channels_ch2, i8* %p_scale_channels_ch3, i16* %p_scale_width, i16* %p_scale_height, [2457600 x i8]* %out_channels_ch1, [2457600 x i8]* %out_channels_ch2, [2457600 x i8]* %out_channels_ch3, i16* %out_width, i16* %out_height)" [yuv_filter.c:25]   --->   Operation 81 'call' <Predicate = true> <Delay = 0.00> <CoreType = "Generic">   --->   Core 0 '' <Latency = 0> <II = 1> <Delay = 1.00> <Generic> <Opcode : >
ST_6 : Operation 82 [1/1] (0.00ns)   --->   "ret void" [yuv_filter.c:26]   --->   Operation 82 'ret' <Predicate = true> <Delay = 0.00>


============================================================
+ Verbose Summary: Binding
============================================================
STG Binding: 
---------------- STG Properties BEGIN ----------------
- Is combinational: 0
- Is one-state seq: 0
- Is datapath-only: 0
- Is pipelined: 0
- Is top level: 1
Port [ Return ] is wired: 1; IO mode=ap_ctrl_hs:ce=0
Port [ in_channels_ch1]:  wired=1; compound=1; hidden=0; nouse=0; global=0; static=0; extern=0; dir=0; type=1; pingpong=0; private_global=0; MemPort=[13]; IO mode=ap_memory:ce=0
Port [ in_channels_ch2]:  wired=1; compound=1; hidden=0; nouse=0; global=0; static=0; extern=0; dir=0; type=1; pingpong=0; private_global=0; MemPort=[13]; IO mode=ap_memory:ce=0
Port [ in_channels_ch3]:  wired=1; compound=1; hidden=0; nouse=0; global=0; static=0; extern=0; dir=0; type=1; pingpong=0; private_global=0; MemPort=[13]; IO mode=ap_memory:ce=0
Port [ in_width]:  wired=1; compound=0; hidden=0; nouse=0; global=0; static=0; extern=0; dir=0; type=0; pingpong=0; private_global=0; IO mode=ap_none:ce=0
Port [ in_height]:  wired=1; compound=0; hidden=0; nouse=0; global=0; static=0; extern=0; dir=0; type=0; pingpong=0; private_global=0; IO mode=ap_none:ce=0
Port [ out_channels_ch1]:  wired=1; compound=1; hidden=0; nouse=0; global=0; static=0; extern=0; dir=1; type=1; pingpong=0; private_global=0; MemPort=[03]; IO mode=ap_memory:ce=0
Port [ out_channels_ch2]:  wired=1; compound=1; hidden=0; nouse=0; global=0; static=0; extern=0; dir=1; type=1; pingpong=0; private_global=0; MemPort=[03]; IO mode=ap_memory:ce=0
Port [ out_channels_ch3]:  wired=1; compound=1; hidden=0; nouse=0; global=0; static=0; extern=0; dir=1; type=1; pingpong=0; private_global=0; MemPort=[03]; IO mode=ap_memory:ce=0
Port [ out_width]:  wired=1; compound=0; hidden=0; nouse=0; global=0; static=0; extern=0; dir=1; type=0; pingpong=0; private_global=0; IO mode=ap_vld:ce=0
Port [ out_height]:  wired=1; compound=0; hidden=0; nouse=0; global=0; static=0; extern=0; dir=1; type=0; pingpong=0; private_global=0; IO mode=ap_vld:ce=0
Port [ Y_scale]:  wired=1; compound=0; hidden=0; nouse=0; global=0; static=0; extern=0; dir=0; type=0; pingpong=0; private_global=0; IO mode=ap_none:ce=0
Port [ U_scale]:  wired=1; compound=0; hidden=0; nouse=0; global=0; static=0; extern=0; dir=0; type=0; pingpong=0; private_global=0; IO mode=ap_none:ce=0
Port [ V_scale]:  wired=1; compound=0; hidden=0; nouse=0; global=0; static=0; extern=0; dir=0; type=0; pingpong=0; private_global=0; IO mode=ap_none:ce=0
---------------- STG Properties END ------------------

---------------- Datapath Model BEGIN ----------------

<LifeTime>
<method=bitvector/>
V_scale_read              (read                ) [ 0010000]
U_scale_read              (read                ) [ 0010000]
Y_scale_read              (read                ) [ 0010000]
p_scale_height            (alloca              ) [ 0011111]
p_scale_width             (alloca              ) [ 0011111]
p_yuv_height              (alloca              ) [ 0111111]
p_yuv_width               (alloca              ) [ 0111111]
V_scale_c                 (alloca              ) [ 0111111]
U_scale_c                 (alloca              ) [ 0111111]
Y_scale_c                 (alloca              ) [ 0111111]
p_yuv_channels_ch1        (alloca              ) [ 0111111]
p_yuv_channels_ch2        (alloca              ) [ 0111111]
p_yuv_channels_ch3        (alloca              ) [ 0111111]
p_scale_channels_ch1      (alloca              ) [ 0011111]
p_scale_channels_ch2      (alloca              ) [ 0011111]
p_scale_channels_ch3      (alloca              ) [ 0011111]
call_ln23                 (call                ) [ 0000000]
call_ln24                 (call                ) [ 0000000]
specdataflowpipeline_ln12 (specdataflowpipeline) [ 0000000]
specbitsmap_ln0           (specbitsmap         ) [ 0000000]
specbitsmap_ln0           (specbitsmap         ) [ 0000000]
specbitsmap_ln0           (specbitsmap         ) [ 0000000]
specbitsmap_ln0           (specbitsmap         ) [ 0000000]
specbitsmap_ln0           (specbitsmap         ) [ 0000000]
specbitsmap_ln0           (specbitsmap         ) [ 0000000]
specbitsmap_ln0           (specbitsmap         ) [ 0000000]
specbitsmap_ln0           (specbitsmap         ) [ 0000000]
specbitsmap_ln0           (specbitsmap         ) [ 0000000]
specbitsmap_ln0           (specbitsmap         ) [ 0000000]
specbitsmap_ln0           (specbitsmap         ) [ 0000000]
specbitsmap_ln0           (specbitsmap         ) [ 0000000]
specbitsmap_ln0           (specbitsmap         ) [ 0000000]
spectopmodule_ln0         (spectopmodule       ) [ 0000000]
empty                     (specchannel         ) [ 0000000]
empty_30                  (specinterface       ) [ 0000000]
empty_31                  (specchannel         ) [ 0000000]
empty_32                  (specinterface       ) [ 0000000]
empty_33                  (specchannel         ) [ 0000000]
empty_34                  (specinterface       ) [ 0000000]
empty_35                  (specchannel         ) [ 0000000]
empty_36                  (specinterface       ) [ 0000000]
empty_37                  (specchannel         ) [ 0000000]
empty_38                  (specinterface       ) [ 0000000]
empty_39                  (specchannel         ) [ 0000000]
empty_40                  (specinterface       ) [ 0000000]
empty_41                  (specchannel         ) [ 0000000]
empty_42                  (specinterface       ) [ 0000000]
empty_43                  (specchannel         ) [ 0000000]
empty_44                  (specinterface       ) [ 0000000]
empty_45                  (specchannel         ) [ 0000000]
empty_46                  (specinterface       ) [ 0000000]
empty_47                  (specchannel         ) [ 0000000]
empty_48                  (specinterface       ) [ 0000000]
empty_49                  (specchannel         ) [ 0000000]
empty_50                  (specinterface       ) [ 0000000]
empty_51                  (specchannel         ) [ 0000000]
empty_52                  (specinterface       ) [ 0000000]
empty_53                  (specchannel         ) [ 0000000]
empty_54                  (specinterface       ) [ 0000000]
empty_55                  (specchannel         ) [ 0000000]
empty_56                  (specinterface       ) [ 0000000]
empty_57                  (specchannel         ) [ 0000000]
empty_58                  (specinterface       ) [ 0000000]
empty_59                  (specchannel         ) [ 0000000]
empty_60                  (specinterface       ) [ 0000000]
empty_61                  (specchannel         ) [ 0000000]
empty_62                  (specinterface       ) [ 0000000]
empty_63                  (specchannel         ) [ 0000000]
empty_64                  (specinterface       ) [ 0000000]
empty_65                  (specchannel         ) [ 0000000]
empty_66                  (specinterface       ) [ 0000000]
call_ln25                 (call                ) [ 0000000]
ret_ln26                  (ret                 ) [ 0000000]
</LifeTime>

<model>

<comp_list>
<comp id="0" class="1000" name="in_channels_ch1">
<pin_list>
<pin id="1" dir="1" index="0" bw="1" slack="0"/>
</pin_list>
<bind>
<StgValue><ssdm name="in_channels_ch1"/><MemPortTyVec>1 3 </MemPortTyVec>
</StgValue>
</bind>
</comp>

<comp id="2" class="1000" name="in_channels_ch2">
<pin_list>
<pin id="3" dir="1" index="0" bw="1" slack="0"/>
</pin_list>
<bind>
<StgValue><ssdm name="in_channels_ch2"/><MemPortTyVec>1 3 </MemPortTyVec>
</StgValue>
</bind>
</comp>

<comp id="4" class="1000" name="in_channels_ch3">
<pin_list>
<pin id="5" dir="1" index="0" bw="1" slack="0"/>
</pin_list>
<bind>
<StgValue><ssdm name="in_channels_ch3"/><MemPortTyVec>1 3 </MemPortTyVec>
</StgValue>
</bind>
</comp>

<comp id="6" class="1000" name="in_width">
<pin_list>
<pin id="7" dir="1" index="0" bw="1" slack="0"/>
</pin_list>
<bind>
<StgValue><ssdm name="in_width"/></StgValue>
</bind>
</comp>

<comp id="8" class="1000" name="in_height">
<pin_list>
<pin id="9" dir="1" index="0" bw="1" slack="0"/>
</pin_list>
<bind>
<StgValue><ssdm name="in_height"/></StgValue>
</bind>
</comp>

<comp id="10" class="1000" name="out_channels_ch1">
<pin_list>
<pin id="11" dir="1" index="0" bw="1" slack="0"/>
</pin_list>
<bind>
<StgValue><ssdm name="out_channels_ch1"/><MemPortTyVec>0 3 </MemPortTyVec>
</StgValue>
</bind>
</comp>

<comp id="12" class="1000" name="out_channels_ch2">
<pin_list>
<pin id="13" dir="1" index="0" bw="1" slack="0"/>
</pin_list>
<bind>
<StgValue><ssdm name="out_channels_ch2"/><MemPortTyVec>0 3 </MemPortTyVec>
</StgValue>
</bind>
</comp>

<comp id="14" class="1000" name="out_channels_ch3">
<pin_list>
<pin id="15" dir="1" index="0" bw="1" slack="0"/>
</pin_list>
<bind>
<StgValue><ssdm name="out_channels_ch3"/><MemPortTyVec>0 3 </MemPortTyVec>
</StgValue>
</bind>
</comp>

<comp id="16" class="1000" name="out_width">
<pin_list>
<pin id="17" dir="1" index="0" bw="1" slack="0"/>
</pin_list>
<bind>
<StgValue><ssdm name="out_width"/></StgValue>
</bind>
</comp>

<comp id="18" class="1000" name="out_height">
<pin_list>
<pin id="19" dir="1" index="0" bw="1" slack="0"/>
</pin_list>
<bind>
<StgValue><ssdm name="out_height"/></StgValue>
</bind>
</comp>

<comp id="20" class="1000" name="Y_scale">
<pin_list>
<pin id="21" dir="1" index="0" bw="1" slack="0"/>
</pin_list>
<bind>
<StgValue><ssdm name="Y_scale"/></StgValue>
</bind>
</comp>

<comp id="22" class="1000" name="U_scale">
<pin_list>
<pin id="23" dir="1" index="0" bw="1" slack="0"/>
</pin_list>
<bind>
<StgValue><ssdm name="U_scale"/></StgValue>
</bind>
</comp>

<comp id="24" class="1000" name="V_scale">
<pin_list>
<pin id="25" dir="1" index="0" bw="1" slack="0"/>
</pin_list>
<bind>
<StgValue><ssdm name="V_scale"/></StgValue>
</bind>
</comp>

<comp id="26" class="1001" name="const_26">
<pin_list>
<pin id="27" dir="1" index="0" bw="1" slack="0"/>
</pin_list>
<bind>
<StgValue><ssdm name="_ssdm_op_Read.ap_auto.i8"/></StgValue>
</bind>
</comp>

<comp id="28" class="1001" name="const_28">
<pin_list>
<pin id="29" dir="1" index="0" bw="1" slack="0"/>
</pin_list>
<bind>
<StgValue><ssdm name=""/></StgValue>
</bind>
</comp>

<comp id="30" class="1001" name="const_30">
<pin_list>
<pin id="31" dir="1" index="0" bw="1" slack="0"/>
</pin_list>
<bind>
<StgValue><ssdm name="rgb2yuv11"/></StgValue>
</bind>
</comp>

<comp id="32" class="1001" name="const_32">
<pin_list>
<pin id="33" dir="1" index="0" bw="1" slack="0"/>
</pin_list>
<bind>
<StgValue><ssdm name="yuv_scale"/></StgValue>
</bind>
</comp>

<comp id="34" class="1001" name="const_34">
<pin_list>
<pin id="35" dir="1" index="0" bw="1" slack="0"/>
</pin_list>
<bind>
<StgValue><ssdm name="yuv2rgb"/></StgValue>
</bind>
</comp>

<comp id="36" class="1001" name="const_36">
<pin_list>
<pin id="37" dir="1" index="0" bw="1" slack="2147483647"/>
</pin_list>
<bind>
<StgValue><ssdm name="_ssdm_op_SpecDataflowPipeline"/></StgValue>
</bind>
</comp>

<comp id="38" class="1001" name="const_38">
<pin_list>
<pin id="39" dir="1" index="0" bw="1" slack="2147483647"/>
</pin_list>
<bind>
<StgValue><ssdm name=""/></StgValue>
</bind>
</comp>

<comp id="40" class="1001" name="const_40">
<pin_list>
<pin id="41" dir="1" index="0" bw="1" slack="2147483647"/>
</pin_list>
<bind>
<StgValue><ssdm name=""/></StgValue>
</bind>
</comp>

<comp id="42" class="1001" name="const_42">
<pin_list>
<pin id="43" dir="1" index="0" bw="1" slack="2147483647"/>
</pin_list>
<bind>
<StgValue><ssdm name="p_str"/></StgValue>
</bind>
</comp>

<comp id="44" class="1001" name="const_44">
<pin_list>
<pin id="45" dir="1" index="0" bw="1" slack="2147483647"/>
</pin_list>
<bind>
<StgValue><ssdm name="_ssdm_op_SpecBitsMap"/></StgValue>
</bind>
</comp>

<comp id="46" class="1001" name="const_46">
<pin_list>
<pin id="47" dir="1" index="0" bw="1" slack="2147483647"/>
</pin_list>
<bind>
<StgValue><ssdm name="_ssdm_op_SpecTopModule"/></StgValue>
</bind>
</comp>

<comp id="48" class="1001" name="const_48">
<pin_list>
<pin id="49" dir="1" index="0" bw="1" slack="2147483647"/>
</pin_list>
<bind>
<StgValue><ssdm name="yuv_filter_str"/></StgValue>
</bind>
</comp>

<comp id="50" class="1001" name="const_50">
<pin_list>
<pin id="51" dir="1" index="0" bw="1" slack="2147483647"/>
</pin_list>
<bind>
<StgValue><ssdm name="_ssdm_op_SpecChannel"/></StgValue>
</bind>
</comp>

<comp id="52" class="1001" name="const_52">
<pin_list>
<pin id="53" dir="1" index="0" bw="1" slack="2147483647"/>
</pin_list>
<bind>
<StgValue><ssdm name="p_yuv_OC_channels_OC_4"/></StgValue>
</bind>
</comp>

<comp id="54" class="1001" name="const_54">
<pin_list>
<pin id="55" dir="1" index="0" bw="1" slack="2147483647"/>
</pin_list>
<bind>
<StgValue><ssdm name=""/></StgValue>
</bind>
</comp>

<comp id="56" class="1001" name="const_56">
<pin_list>
<pin id="57" dir="1" index="0" bw="1" slack="2147483647"/>
</pin_list>
<bind>
<StgValue><ssdm name=""/></StgValue>
</bind>
</comp>

<comp id="58" class="1001" name="const_58">
<pin_list>
<pin id="59" dir="1" index="0" bw="1" slack="2147483647"/>
</pin_list>
<bind>
<StgValue><ssdm name=""/></StgValue>
</bind>
</comp>

<comp id="60" class="1001" name="const_60">
<pin_list>
<pin id="61" dir="1" index="0" bw="1" slack="2147483647"/>
</pin_list>
<bind>
<StgValue><ssdm name="_ssdm_op_SpecInterface"/></StgValue>
</bind>
</comp>

<comp id="62" class="1001" name="const_62">
<pin_list>
<pin id="63" dir="1" index="0" bw="1" slack="2147483647"/>
</pin_list>
<bind>
<StgValue><ssdm name="ap_fifo_str"/></StgValue>
</bind>
</comp>

<comp id="64" class="1001" name="const_64">
<pin_list>
<pin id="65" dir="1" index="0" bw="1" slack="2147483647"/>
</pin_list>
<bind>
<StgValue><ssdm name=""/></StgValue>
</bind>
</comp>

<comp id="66" class="1001" name="const_66">
<pin_list>
<pin id="67" dir="1" index="0" bw="1" slack="2147483647"/>
</pin_list>
<bind>
<StgValue><ssdm name="p_yuv_OC_channels_OC_2"/></StgValue>
</bind>
</comp>

<comp id="68" class="1001" name="const_68">
<pin_list>
<pin id="69" dir="1" index="0" bw="1" slack="2147483647"/>
</pin_list>
<bind>
<StgValue><ssdm name="p_yuv_OC_channels_OC_s"/></StgValue>
</bind>
</comp>

<comp id="70" class="1001" name="const_70">
<pin_list>
<pin id="71" dir="1" index="0" bw="1" slack="2147483647"/>
</pin_list>
<bind>
<StgValue><ssdm name="p_scale_OC_channels_O_4"/></StgValue>
</bind>
</comp>

<comp id="72" class="1001" name="const_72">
<pin_list>
<pin id="73" dir="1" index="0" bw="1" slack="2147483647"/>
</pin_list>
<bind>
<StgValue><ssdm name="p_scale_OC_channels_O_2"/></StgValue>
</bind>
</comp>

<comp id="74" class="1001" name="const_74">
<pin_list>
<pin id="75" dir="1" index="0" bw="1" slack="2147483647"/>
</pin_list>
<bind>
<StgValue><ssdm name="p_scale_OC_channels_O"/></StgValue>
</bind>
</comp>

<comp id="76" class="1001" name="const_76">
<pin_list>
<pin id="77" dir="1" index="0" bw="1" slack="2147483647"/>
</pin_list>
<bind>
<StgValue><ssdm name="Y_scale_c_str"/></StgValue>
</bind>
</comp>

<comp id="78" class="1001" name="const_78">
<pin_list>
<pin id="79" dir="1" index="0" bw="1" slack="2147483647"/>
</pin_list>
<bind>
<StgValue><ssdm name="U_scale_c_str"/></StgValue>
</bind>
</comp>

<comp id="80" class="1001" name="const_80">
<pin_list>
<pin id="81" dir="1" index="0" bw="1" slack="2147483647"/>
</pin_list>
<bind>
<StgValue><ssdm name="V_scale_c_str"/></StgValue>
</bind>
</comp>

<comp id="82" class="1001" name="const_82">
<pin_list>
<pin id="83" dir="1" index="0" bw="1" slack="2147483647"/>
</pin_list>
<bind>
<StgValue><ssdm name="p_yuv_OC_channels_OC_5"/></StgValue>
</bind>
</comp>

<comp id="84" class="1001" name="const_84">
<pin_list>
<pin id="85" dir="1" index="0" bw="1" slack="2147483647"/>
</pin_list>
<bind>
<StgValue><ssdm name="p_yuv_OC_channels_OC_3"/></StgValue>
</bind>
</comp>

<comp id="86" class="1001" name="const_86">
<pin_list>
<pin id="87" dir="1" index="0" bw="1" slack="2147483647"/>
</pin_list>
<bind>
<StgValue><ssdm name="p_yuv_OC_channels_OC_1"/></StgValue>
</bind>
</comp>

<comp id="88" class="1001" name="const_88">
<pin_list>
<pin id="89" dir="1" index="0" bw="1" slack="2147483647"/>
</pin_list>
<bind>
<StgValue><ssdm name="p_yuv_OC_width_OC_cha"/></StgValue>
</bind>
</comp>

<comp id="90" class="1001" name="const_90">
<pin_list>
<pin id="91" dir="1" index="0" bw="1" slack="2147483647"/>
</pin_list>
<bind>
<StgValue><ssdm name="p_yuv_OC_height_OC_ch"/></StgValue>
</bind>
</comp>

<comp id="92" class="1001" name="const_92">
<pin_list>
<pin id="93" dir="1" index="0" bw="1" slack="2147483647"/>
</pin_list>
<bind>
<StgValue><ssdm name="p_scale_OC_channels_O_5"/></StgValue>
</bind>
</comp>

<comp id="94" class="1001" name="const_94">
<pin_list>
<pin id="95" dir="1" index="0" bw="1" slack="2147483647"/>
</pin_list>
<bind>
<StgValue><ssdm name="p_scale_OC_channels_O_3"/></StgValue>
</bind>
</comp>

<comp id="96" class="1001" name="const_96">
<pin_list>
<pin id="97" dir="1" index="0" bw="1" slack="2147483647"/>
</pin_list>
<bind>
<StgValue><ssdm name="p_scale_OC_channels_O_1"/></StgValue>
</bind>
</comp>

<comp id="98" class="1001" name="const_98">
<pin_list>
<pin id="99" dir="1" index="0" bw="1" slack="2147483647"/>
</pin_list>
<bind>
<StgValue><ssdm name="p_scale_OC_width_OC_c"/></StgValue>
</bind>
</comp>

<comp id="100" class="1001" name="const_100">
<pin_list>
<pin id="101" dir="1" index="0" bw="1" slack="2147483647"/>
</pin_list>
<bind>
<StgValue><ssdm name="p_scale_OC_height_OC_s"/></StgValue>
</bind>
</comp>

<comp id="102" class="1004" name="p_scale_height_fu_102">
<pin_list>
<pin id="103" dir="0" index="0" bw="1" slack="0"/>
<pin id="104" dir="1" index="1" bw="16" slack="2"/>
</pin_list>
<bind>
<opcode="alloca(26) " fcode="alloca"/>
<opset="p_scale_height/1 "/>
</bind>
</comp>

<comp id="106" class="1004" name="p_scale_width_fu_106">
<pin_list>
<pin id="107" dir="0" index="0" bw="1" slack="0"/>
<pin id="108" dir="1" index="1" bw="16" slack="2"/>
</pin_list>
<bind>
<opcode="alloca(26) " fcode="alloca"/>
<opset="p_scale_width/1 "/>
</bind>
</comp>

<comp id="110" class="1004" name="p_yuv_height_fu_110">
<pin_list>
<pin id="111" dir="0" index="0" bw="1" slack="0"/>
<pin id="112" dir="1" index="1" bw="16" slack="0"/>
</pin_list>
<bind>
<opcode="alloca(26) " fcode="alloca"/>
<opset="p_yuv_height/1 "/>
</bind>
</comp>

<comp id="114" class="1004" name="p_yuv_width_fu_114">
<pin_list>
<pin id="115" dir="0" index="0" bw="1" slack="0"/>
<pin id="116" dir="1" index="1" bw="16" slack="0"/>
</pin_list>
<bind>
<opcode="alloca(26) " fcode="alloca"/>
<opset="p_yuv_width/1 "/>
</bind>
</comp>

<comp id="118" class="1004" name="V_scale_c_fu_118">
<pin_list>
<pin id="119" dir="0" index="0" bw="1" slack="0"/>
<pin id="120" dir="1" index="1" bw="8" slack="0"/>
</pin_list>
<bind>
<opcode="alloca(26) " fcode="alloca"/>
<opset="V_scale_c/1 "/>
</bind>
</comp>

<comp id="122" class="1004" name="U_scale_c_fu_122">
<pin_list>
<pin id="123" dir="0" index="0" bw="1" slack="0"/>
<pin id="124" dir="1" index="1" bw="8" slack="0"/>
</pin_list>
<bind>
<opcode="alloca(26) " fcode="alloca"/>
<opset="U_scale_c/1 "/>
</bind>
</comp>

<comp id="126" class="1004" name="Y_scale_c_fu_126">
<pin_list>
<pin id="127" dir="0" index="0" bw="1" slack="0"/>
<pin id="128" dir="1" index="1" bw="8" slack="0"/>
</pin_list>
<bind>
<opcode="alloca(26) " fcode="alloca"/>
<opset="Y_scale_c/1 "/>
</bind>
</comp>

<comp id="130" class="1004" name="p_yuv_channels_ch1_fu_130">
<pin_list>
<pin id="131" dir="0" index="0" bw="1" slack="0"/>
<pin id="132" dir="1" index="1" bw="8" slack="0"/>
</pin_list>
<bind>
<opcode="alloca(26) " fcode="alloca"/>
<opset="p_yuv_channels_ch1/1 "/>
</bind>
</comp>

<comp id="134" class="1004" name="p_yuv_channels_ch2_fu_134">
<pin_list>
<pin id="135" dir="0" index="0" bw="1" slack="0"/>
<pin id="136" dir="1" index="1" bw="8" slack="0"/>
</pin_list>
<bind>
<opcode="alloca(26) " fcode="alloca"/>
<opset="p_yuv_channels_ch2/1 "/>
</bind>
</comp>

<comp id="138" class="1004" name="p_yuv_channels_ch3_fu_138">
<pin_list>
<pin id="139" dir="0" index="0" bw="1" slack="0"/>
<pin id="140" dir="1" index="1" bw="8" slack="0"/>
</pin_list>
<bind>
<opcode="alloca(26) " fcode="alloca"/>
<opset="p_yuv_channels_ch3/1 "/>
</bind>
</comp>

<comp id="142" class="1004" name="p_scale_channels_ch1_fu_142">
<pin_list>
<pin id="143" dir="0" index="0" bw="1" slack="0"/>
<pin id="144" dir="1" index="1" bw="8" slack="2"/>
</pin_list>
<bind>
<opcode="alloca(26) " fcode="alloca"/>
<opset="p_scale_channels_ch1/1 "/>
</bind>
</comp>

<comp id="146" class="1004" name="p_scale_channels_ch2_fu_146">
<pin_list>
<pin id="147" dir="0" index="0" bw="1" slack="0"/>
<pin id="148" dir="1" index="1" bw="8" slack="2"/>
</pin_list>
<bind>
<opcode="alloca(26) " fcode="alloca"/>
<opset="p_scale_channels_ch2/1 "/>
</bind>
</comp>

<comp id="150" class="1004" name="p_scale_channels_ch3_fu_150">
<pin_list>
<pin id="151" dir="0" index="0" bw="1" slack="0"/>
<pin id="152" dir="1" index="1" bw="8" slack="2"/>
</pin_list>
<bind>
<opcode="alloca(26) " fcode="alloca"/>
<opset="p_scale_channels_ch3/1 "/>
</bind>
</comp>

<comp id="154" class="1004" name="V_scale_read_read_fu_154">
<pin_list>
<pin id="155" dir="0" index="0" bw="8" slack="0"/>
<pin id="156" dir="0" index="1" bw="8" slack="0"/>
<pin id="157" dir="1" index="2" bw="8" slack="0"/>
</pin_list>
<bind>
<opcode="read(1150) " fcode="read"/>
<opset="V_scale_read/1 "/>
</bind>
</comp>

<comp id="160" class="1004" name="U_scale_read_read_fu_160">
<pin_list>
<pin id="161" dir="0" index="0" bw="8" slack="0"/>
<pin id="162" dir="0" index="1" bw="8" slack="0"/>
<pin id="163" dir="1" index="2" bw="8" slack="0"/>
</pin_list>
<bind>
<opcode="read(1150) " fcode="read"/>
<opset="U_scale_read/1 "/>
</bind>
</comp>

<comp id="166" class="1004" name="Y_scale_read_read_fu_166">
<pin_list>
<pin id="167" dir="0" index="0" bw="8" slack="0"/>
<pin id="168" dir="0" index="1" bw="8" slack="0"/>
<pin id="169" dir="1" index="2" bw="8" slack="0"/>
</pin_list>
<bind>
<opcode="read(1150) " fcode="read"/>
<opset="Y_scale_read/1 "/>
</bind>
</comp>

<comp id="172" class="1004" name="grp_yuv2rgb_fu_172">
<pin_list>
<pin id="173" dir="0" index="0" bw="0" slack="0"/>
<pin id="174" dir="0" index="1" bw="8" slack="4"/>
<pin id="175" dir="0" index="2" bw="8" slack="4"/>
<pin id="176" dir="0" index="3" bw="8" slack="4"/>
<pin id="177" dir="0" index="4" bw="16" slack="4"/>
<pin id="178" dir="0" index="5" bw="16" slack="4"/>
<pin id="179" dir="0" index="6" bw="8" slack="0"/>
<pin id="180" dir="0" index="7" bw="8" slack="0"/>
<pin id="181" dir="0" index="8" bw="8" slack="0"/>
<pin id="182" dir="0" index="9" bw="16" slack="0"/>
<pin id="183" dir="0" index="10" bw="16" slack="0"/>
<pin id="184" dir="1" index="11" bw="0" slack="2147483647"/>
</pin_list>
<bind>
<opcode="call(48) " fcode="call"/>
<opset="call_ln25/5 "/>
</bind>
</comp>

<comp id="191" class="1004" name="grp_rgb2yuv11_fu_191">
<pin_list>
<pin id="192" dir="0" index="0" bw="0" slack="0"/>
<pin id="193" dir="0" index="1" bw="8" slack="0"/>
<pin id="194" dir="0" index="2" bw="8" slack="0"/>
<pin id="195" dir="0" index="3" bw="8" slack="0"/>
<pin id="196" dir="0" index="4" bw="16" slack="0"/>
<pin id="197" dir="0" index="5" bw="16" slack="0"/>
<pin id="198" dir="0" index="6" bw="8" slack="0"/>
<pin id="199" dir="0" index="7" bw="8" slack="0"/>
<pin id="200" dir="0" index="8" bw="8" slack="0"/>
<pin id="201" dir="0" index="9" bw="16" slack="0"/>
<pin id="202" dir="0" index="10" bw="16" slack="0"/>
<pin id="203" dir="0" index="11" bw="8" slack="0"/>
<pin id="204" dir="0" index="12" bw="8" slack="0"/>
<pin id="205" dir="0" index="13" bw="8" slack="0"/>
<pin id="206" dir="0" index="14" bw="8" slack="0"/>
<pin id="207" dir="0" index="15" bw="8" slack="0"/>
<pin id="208" dir="0" index="16" bw="8" slack="0"/>
<pin id="209" dir="1" index="17" bw="0" slack="2147483647"/>
</pin_list>
<bind>
<opcode="call(48) " fcode="call"/>
<opset="call_ln23/1 "/>
</bind>
</comp>

<comp id="219" class="1004" name="grp_yuv_scale_fu_219">
<pin_list>
<pin id="220" dir="0" index="0" bw="0" slack="0"/>
<pin id="221" dir="0" index="1" bw="8" slack="2"/>
<pin id="222" dir="0" index="2" bw="8" slack="2"/>
<pin id="223" dir="0" index="3" bw="8" slack="2"/>
<pin id="224" dir="0" index="4" bw="16" slack="2"/>
<pin id="225" dir="0" index="5" bw="16" slack="2"/>
<pin id="226" dir="0" index="6" bw="8" slack="2"/>
<pin id="227" dir="0" index="7" bw="8" slack="2"/>
<pin id="228" dir="0" index="8" bw="8" slack="2"/>
<pin id="229" dir="0" index="9" bw="16" slack="2"/>
<pin id="230" dir="0" index="10" bw="16" slack="2"/>
<pin id="231" dir="0" index="11" bw="8" slack="2"/>
<pin id="232" dir="0" index="12" bw="8" slack="2"/>
<pin id="233" dir="0" index="13" bw="8" slack="2"/>
<pin id="234" dir="1" index="14" bw="0" slack="2147483647"/>
</pin_list>
<bind>
<opcode="call(48) " fcode="call"/>
<opset="call_ln24/3 "/>
</bind>
</comp>

<comp id="236" class="1005" name="V_scale_read_reg_236">
<pin_list>
<pin id="237" dir="0" index="0" bw="8" slack="1"/>
<pin id="238" dir="1" index="1" bw="8" slack="1"/>
</pin_list>
<bind>
<opset="V_scale_read "/>
</bind>
</comp>

<comp id="241" class="1005" name="U_scale_read_reg_241">
<pin_list>
<pin id="242" dir="0" index="0" bw="8" slack="1"/>
<pin id="243" dir="1" index="1" bw="8" slack="1"/>
</pin_list>
<bind>
<opset="U_scale_read "/>
</bind>
</comp>

<comp id="246" class="1005" name="Y_scale_read_reg_246">
<pin_list>
<pin id="247" dir="0" index="0" bw="8" slack="1"/>
<pin id="248" dir="1" index="1" bw="8" slack="1"/>
</pin_list>
<bind>
<opset="Y_scale_read "/>
</bind>
</comp>

<comp id="251" class="1005" name="p_scale_height_reg_251">
<pin_list>
<pin id="252" dir="0" index="0" bw="16" slack="2"/>
<pin id="253" dir="1" index="1" bw="16" slack="2"/>
</pin_list>
<bind>
<opset="p_scale_height "/>
</bind>
</comp>

<comp id="257" class="1005" name="p_scale_width_reg_257">
<pin_list>
<pin id="258" dir="0" index="0" bw="16" slack="2"/>
<pin id="259" dir="1" index="1" bw="16" slack="2"/>
</pin_list>
<bind>
<opset="p_scale_width "/>
</bind>
</comp>

<comp id="263" class="1005" name="p_yuv_height_reg_263">
<pin_list>
<pin id="264" dir="0" index="0" bw="16" slack="0"/>
<pin id="265" dir="1" index="1" bw="16" slack="0"/>
</pin_list>
<bind>
<opset="p_yuv_height "/>
</bind>
</comp>

<comp id="269" class="1005" name="p_yuv_width_reg_269">
<pin_list>
<pin id="270" dir="0" index="0" bw="16" slack="0"/>
<pin id="271" dir="1" index="1" bw="16" slack="0"/>
</pin_list>
<bind>
<opset="p_yuv_width "/>
</bind>
</comp>

<comp id="275" class="1005" name="V_scale_c_reg_275">
<pin_list>
<pin id="276" dir="0" index="0" bw="8" slack="0"/>
<pin id="277" dir="1" index="1" bw="8" slack="0"/>
</pin_list>
<bind>
<opset="V_scale_c "/>
</bind>
</comp>

<comp id="281" class="1005" name="U_scale_c_reg_281">
<pin_list>
<pin id="282" dir="0" index="0" bw="8" slack="0"/>
<pin id="283" dir="1" index="1" bw="8" slack="0"/>
</pin_list>
<bind>
<opset="U_scale_c "/>
</bind>
</comp>

<comp id="287" class="1005" name="Y_scale_c_reg_287">
<pin_list>
<pin id="288" dir="0" index="0" bw="8" slack="0"/>
<pin id="289" dir="1" index="1" bw="8" slack="0"/>
</pin_list>
<bind>
<opset="Y_scale_c "/>
</bind>
</comp>

<comp id="293" class="1005" name="p_yuv_channels_ch1_reg_293">
<pin_list>
<pin id="294" dir="0" index="0" bw="8" slack="0"/>
<pin id="295" dir="1" index="1" bw="8" slack="0"/>
</pin_list>
<bind>
<opset="p_yuv_channels_ch1 "/>
</bind>
</comp>

<comp id="299" class="1005" name="p_yuv_channels_ch2_reg_299">
<pin_list>
<pin id="300" dir="0" index="0" bw="8" slack="0"/>
<pin id="301" dir="1" index="1" bw="8" slack="0"/>
</pin_list>
<bind>
<opset="p_yuv_channels_ch2 "/>
</bind>
</comp>

<comp id="305" class="1005" name="p_yuv_channels_ch3_reg_305">
<pin_list>
<pin id="306" dir="0" index="0" bw="8" slack="0"/>
<pin id="307" dir="1" index="1" bw="8" slack="0"/>
</pin_list>
<bind>
<opset="p_yuv_channels_ch3 "/>
</bind>
</comp>

<comp id="311" class="1005" name="p_scale_channels_ch1_reg_311">
<pin_list>
<pin id="312" dir="0" index="0" bw="8" slack="2"/>
<pin id="313" dir="1" index="1" bw="8" slack="2"/>
</pin_list>
<bind>
<opset="p_scale_channels_ch1 "/>
</bind>
</comp>

<comp id="317" class="1005" name="p_scale_channels_ch2_reg_317">
<pin_list>
<pin id="318" dir="0" index="0" bw="8" slack="2"/>
<pin id="319" dir="1" index="1" bw="8" slack="2"/>
</pin_list>
<bind>
<opset="p_scale_channels_ch2 "/>
</bind>
</comp>

<comp id="323" class="1005" name="p_scale_channels_ch3_reg_323">
<pin_list>
<pin id="324" dir="0" index="0" bw="8" slack="2"/>
<pin id="325" dir="1" index="1" bw="8" slack="2"/>
</pin_list>
<bind>
<opset="p_scale_channels_ch3 "/>
</bind>
</comp>

</comp_list>

<net_list>
<net id="105"><net_src comp="28" pin="0"/><net_sink comp="102" pin=0"/></net>

<net id="109"><net_src comp="28" pin="0"/><net_sink comp="106" pin=0"/></net>

<net id="113"><net_src comp="28" pin="0"/><net_sink comp="110" pin=0"/></net>

<net id="117"><net_src comp="28" pin="0"/><net_sink comp="114" pin=0"/></net>

<net id="121"><net_src comp="28" pin="0"/><net_sink comp="118" pin=0"/></net>

<net id="125"><net_src comp="28" pin="0"/><net_sink comp="122" pin=0"/></net>

<net id="129"><net_src comp="28" pin="0"/><net_sink comp="126" pin=0"/></net>

<net id="133"><net_src comp="28" pin="0"/><net_sink comp="130" pin=0"/></net>

<net id="137"><net_src comp="28" pin="0"/><net_sink comp="134" pin=0"/></net>

<net id="141"><net_src comp="28" pin="0"/><net_sink comp="138" pin=0"/></net>

<net id="145"><net_src comp="28" pin="0"/><net_sink comp="142" pin=0"/></net>

<net id="149"><net_src comp="28" pin="0"/><net_sink comp="146" pin=0"/></net>

<net id="153"><net_src comp="28" pin="0"/><net_sink comp="150" pin=0"/></net>

<net id="158"><net_src comp="26" pin="0"/><net_sink comp="154" pin=0"/></net>

<net id="159"><net_src comp="24" pin="0"/><net_sink comp="154" pin=1"/></net>

<net id="164"><net_src comp="26" pin="0"/><net_sink comp="160" pin=0"/></net>

<net id="165"><net_src comp="22" pin="0"/><net_sink comp="160" pin=1"/></net>

<net id="170"><net_src comp="26" pin="0"/><net_sink comp="166" pin=0"/></net>

<net id="171"><net_src comp="20" pin="0"/><net_sink comp="166" pin=1"/></net>

<net id="185"><net_src comp="34" pin="0"/><net_sink comp="172" pin=0"/></net>

<net id="186"><net_src comp="10" pin="0"/><net_sink comp="172" pin=6"/></net>

<net id="187"><net_src comp="12" pin="0"/><net_sink comp="172" pin=7"/></net>

<net id="188"><net_src comp="14" pin="0"/><net_sink comp="172" pin=8"/></net>

<net id="189"><net_src comp="16" pin="0"/><net_sink comp="172" pin=9"/></net>

<net id="190"><net_src comp="18" pin="0"/><net_sink comp="172" pin=10"/></net>

<net id="210"><net_src comp="30" pin="0"/><net_sink comp="191" pin=0"/></net>

<net id="211"><net_src comp="0" pin="0"/><net_sink comp="191" pin=1"/></net>

<net id="212"><net_src comp="2" pin="0"/><net_sink comp="191" pin=2"/></net>

<net id="213"><net_src comp="4" pin="0"/><net_sink comp="191" pin=3"/></net>

<net id="214"><net_src comp="6" pin="0"/><net_sink comp="191" pin=4"/></net>

<net id="215"><net_src comp="8" pin="0"/><net_sink comp="191" pin=5"/></net>

<net id="216"><net_src comp="166" pin="2"/><net_sink comp="191" pin=11"/></net>

<net id="217"><net_src comp="160" pin="2"/><net_sink comp="191" pin=12"/></net>

<net id="218"><net_src comp="154" pin="2"/><net_sink comp="191" pin=13"/></net>

<net id="235"><net_src comp="32" pin="0"/><net_sink comp="219" pin=0"/></net>

<net id="239"><net_src comp="154" pin="2"/><net_sink comp="236" pin=0"/></net>

<net id="240"><net_src comp="236" pin="1"/><net_sink comp="191" pin=13"/></net>

<net id="244"><net_src comp="160" pin="2"/><net_sink comp="241" pin=0"/></net>

<net id="245"><net_src comp="241" pin="1"/><net_sink comp="191" pin=12"/></net>

<net id="249"><net_src comp="166" pin="2"/><net_sink comp="246" pin=0"/></net>

<net id="250"><net_src comp="246" pin="1"/><net_sink comp="191" pin=11"/></net>

<net id="254"><net_src comp="102" pin="1"/><net_sink comp="251" pin=0"/></net>

<net id="255"><net_src comp="251" pin="1"/><net_sink comp="219" pin=10"/></net>

<net id="256"><net_src comp="251" pin="1"/><net_sink comp="172" pin=5"/></net>

<net id="260"><net_src comp="106" pin="1"/><net_sink comp="257" pin=0"/></net>

<net id="261"><net_src comp="257" pin="1"/><net_sink comp="219" pin=9"/></net>

<net id="262"><net_src comp="257" pin="1"/><net_sink comp="172" pin=4"/></net>

<net id="266"><net_src comp="110" pin="1"/><net_sink comp="263" pin=0"/></net>

<net id="267"><net_src comp="263" pin="1"/><net_sink comp="191" pin=10"/></net>

<net id="268"><net_src comp="263" pin="1"/><net_sink comp="219" pin=5"/></net>

<net id="272"><net_src comp="114" pin="1"/><net_sink comp="269" pin=0"/></net>

<net id="273"><net_src comp="269" pin="1"/><net_sink comp="191" pin=9"/></net>

<net id="274"><net_src comp="269" pin="1"/><net_sink comp="219" pin=4"/></net>

<net id="278"><net_src comp="118" pin="1"/><net_sink comp="275" pin=0"/></net>

<net id="279"><net_src comp="275" pin="1"/><net_sink comp="191" pin=16"/></net>

<net id="280"><net_src comp="275" pin="1"/><net_sink comp="219" pin=13"/></net>

<net id="284"><net_src comp="122" pin="1"/><net_sink comp="281" pin=0"/></net>

<net id="285"><net_src comp="281" pin="1"/><net_sink comp="191" pin=15"/></net>

<net id="286"><net_src comp="281" pin="1"/><net_sink comp="219" pin=12"/></net>

<net id="290"><net_src comp="126" pin="1"/><net_sink comp="287" pin=0"/></net>

<net id="291"><net_src comp="287" pin="1"/><net_sink comp="191" pin=14"/></net>

<net id="292"><net_src comp="287" pin="1"/><net_sink comp="219" pin=11"/></net>

<net id="296"><net_src comp="130" pin="1"/><net_sink comp="293" pin=0"/></net>

<net id="297"><net_src comp="293" pin="1"/><net_sink comp="191" pin=6"/></net>

<net id="298"><net_src comp="293" pin="1"/><net_sink comp="219" pin=1"/></net>

<net id="302"><net_src comp="134" pin="1"/><net_sink comp="299" pin=0"/></net>

<net id="303"><net_src comp="299" pin="1"/><net_sink comp="191" pin=7"/></net>

<net id="304"><net_src comp="299" pin="1"/><net_sink comp="219" pin=2"/></net>

<net id="308"><net_src comp="138" pin="1"/><net_sink comp="305" pin=0"/></net>

<net id="309"><net_src comp="305" pin="1"/><net_sink comp="191" pin=8"/></net>

<net id="310"><net_src comp="305" pin="1"/><net_sink comp="219" pin=3"/></net>

<net id="314"><net_src comp="142" pin="1"/><net_sink comp="311" pin=0"/></net>

<net id="315"><net_src comp="311" pin="1"/><net_sink comp="219" pin=6"/></net>

<net id="316"><net_src comp="311" pin="1"/><net_sink comp="172" pin=1"/></net>

<net id="320"><net_src comp="146" pin="1"/><net_sink comp="317" pin=0"/></net>

<net id="321"><net_src comp="317" pin="1"/><net_sink comp="219" pin=7"/></net>

<net id="322"><net_src comp="317" pin="1"/><net_sink comp="172" pin=2"/></net>

<net id="326"><net_src comp="150" pin="1"/><net_sink comp="323" pin=0"/></net>

<net id="327"><net_src comp="323" pin="1"/><net_sink comp="219" pin=8"/></net>

<net id="328"><net_src comp="323" pin="1"/><net_sink comp="172" pin=3"/></net>

</net_list>

</model> 
---------------- Datapath Model END ------------------

* FSMD analyzer results:
  - Output states:
	Port: out_channels_ch1 | {5 6 }
	Port: out_channels_ch2 | {5 6 }
	Port: out_channels_ch3 | {5 6 }
	Port: out_width | {5 6 }
	Port: out_height | {5 6 }
 - Input state : 
	Port: yuv_filter : in_channels_ch1 | {1 2 }
	Port: yuv_filter : in_channels_ch2 | {1 2 }
	Port: yuv_filter : in_channels_ch3 | {1 2 }
	Port: yuv_filter : in_width | {1 2 }
	Port: yuv_filter : in_height | {1 2 }
	Port: yuv_filter : Y_scale | {1 }
	Port: yuv_filter : U_scale | {1 }
	Port: yuv_filter : V_scale | {1 }
  - Chain level:
	State 1
		call_ln23 : 1
	State 2
	State 3
	State 4
	State 5
	State 6


============================================================
+ Verbose Summary: Datapath Resource usage 
============================================================

* Functional unit list:
|----------|--------------------------|---------|---------|---------|---------|
| Operation|      Functional Unit     |  DSP48E |  Delay  |    FF   |   LUT   |
|----------|--------------------------|---------|---------|---------|---------|
|          |    grp_yuv2rgb_fu_172    |    4    |  12.383 |   385   |   499   |
|   call   |   grp_rgb2yuv11_fu_191   |    6    |  8.845  |   330   |   446   |
|          |   grp_yuv_scale_fu_219   |    1    |    0    |   222   |   180   |
|----------|--------------------------|---------|---------|---------|---------|
|          | V_scale_read_read_fu_154 |    0    |    0    |    0    |    0    |
|   read   | U_scale_read_read_fu_160 |    0    |    0    |    0    |    0    |
|          | Y_scale_read_read_fu_166 |    0    |    0    |    0    |    0    |
|----------|--------------------------|---------|---------|---------|---------|
|   Total  |                          |    11   |  21.228 |   937   |   1125  |
|----------|--------------------------|---------|---------|---------|---------|

Memories:
N/A

* Register list:
+----------------------------+--------+
|                            |   FF   |
+----------------------------+--------+
|      U_scale_c_reg_281     |    8   |
|    U_scale_read_reg_241    |    8   |
|      V_scale_c_reg_275     |    8   |
|    V_scale_read_reg_236    |    8   |
|      Y_scale_c_reg_287     |    8   |
|    Y_scale_read_reg_246    |    8   |
|p_scale_channels_ch1_reg_311|    8   |
|p_scale_channels_ch2_reg_317|    8   |
|p_scale_channels_ch3_reg_323|    8   |
|   p_scale_height_reg_251   |   16   |
|    p_scale_width_reg_257   |   16   |
| p_yuv_channels_ch1_reg_293 |    8   |
| p_yuv_channels_ch2_reg_299 |    8   |
| p_yuv_channels_ch3_reg_305 |    8   |
|    p_yuv_height_reg_263    |   16   |
|     p_yuv_width_reg_269    |   16   |
+----------------------------+--------+
|            Total           |   160  |
+----------------------------+--------+

* Multiplexer (MUX) list: 
|----------------------|------|------|------|--------||---------||---------|
|         Comp         |  Pin | Size |  BW  | S x BW ||  Delay  ||   LUT   |
|----------------------|------|------|------|--------||---------||---------|
| grp_rgb2yuv11_fu_191 |  p11 |   2  |   8  |   16   ||    9    |
| grp_rgb2yuv11_fu_191 |  p12 |   2  |   8  |   16   ||    9    |
| grp_rgb2yuv11_fu_191 |  p13 |   2  |   8  |   16   ||    9    |
|----------------------|------|------|------|--------||---------||---------|
|         Total        |      |      |      |   48   ||  5.307  ||    27   |
|----------------------|------|------|------|--------||---------||---------|



* Summary:
+-----------+--------+--------+--------+--------+
|           | DSP48E |  Delay |   FF   |   LUT  |
+-----------+--------+--------+--------+--------+
|  Function |   11   |   21   |   937  |  1125  |
|   Memory  |    -   |    -   |    -   |    -   |
|Multiplexer|    -   |    5   |    -   |   27   |
|  Register |    -   |    -   |   160  |    -   |
+-----------+--------+--------+--------+--------+
|   Total   |   11   |   26   |  1097  |  1152  |
+-----------+--------+--------+--------+--------+
