

================================================================
== Vivado HLS Report for 'yuv_filter'
================================================================
* Date:           Sun Aug  2 12:56:54 2020

* Version:        2020.1 (Build 2897737 on Wed May 27 20:21:37 MDT 2020)
* Project:        yuv_filter.prj
* Solution:       solution2
* Product family: zynq
* Target device:  xc7z020-clg400-1


================================================================
== Performance Estimates
================================================================
+ Timing: 
    * Summary: 
    +--------+----------+-----------+------------+
    |  Clock |  Target  | Estimated | Uncertainty|
    +--------+----------+-----------+------------+
    |ap_clk  | 10.00 ns | 10.723 ns |   1.25 ns  |
    +--------+----------+-----------+------------+

+ Latency: 
    * Summary: 
    +---------+---------+----------+-----------+--------+---------+---------+
    |  Latency (cycles) |  Latency (absolute)  |     Interval     | Pipeline|
    |   min   |   max   |    min   |    max    |   min  |   max   |   Type  |
    +---------+---------+----------+-----------+--------+---------+---------+
    |   120028|  7372828| 1.287 ms | 79.062 ms |  120028|  7372828|   none  |
    +---------+---------+----------+-----------+--------+---------+---------+

    + Detail: 
        * Instance: 
        N/A

        * Loop: 
        N/A

============================================================
+ Verbose Summary: Synthesis Manager
============================================================
InlineROM: 1
ExposeGlobal: 0
============================================================
+ Verbose Summary: CDFG Model
============================================================
IsTopModel: 1
ResetActiveHigh: 1
IsCombinational: 0
IsDatapathOnly: 0
HasWiredReturn: 1
HasMFsm: 0
HasVarLatency: 1
IsPipeline: 0
IsRtlPipelined: 0
IsInstanceOverlapped: 0
IsDontTouch: 0
HasImplIP: 0
IsGatedGlobalClock: 0


============================================================
+ Verbose Summary: Schedule
============================================================
* Number of FSM states : 6
* Pipeline : 0
* Dataflow Pipeline: 0

* FSM state transitions: 
1 --> 2 
2 --> 3 
3 --> 4 
4 --> 5 
5 --> 6 
6 --> 

* FSM state operations: 

State 1 <SV = 0> <Delay = 6.38>
ST_1 : Operation 7 [1/1] (0.00ns)   --->   "%p_yuv_channels_ch1 = alloca [2457600 x i8], align 1" [yuv_filter.c:17]   --->   Operation 7 'alloca' 'p_yuv_channels_ch1' <Predicate = true> <Delay = 0.00>
ST_1 : Operation 8 [1/1] (0.00ns)   --->   "%p_yuv_channels_ch2 = alloca [2457600 x i8], align 1" [yuv_filter.c:17]   --->   Operation 8 'alloca' 'p_yuv_channels_ch2' <Predicate = true> <Delay = 0.00>
ST_1 : Operation 9 [1/1] (0.00ns)   --->   "%p_yuv_channels_ch3 = alloca [2457600 x i8], align 1" [yuv_filter.c:17]   --->   Operation 9 'alloca' 'p_yuv_channels_ch3' <Predicate = true> <Delay = 0.00>
ST_1 : Operation 10 [1/1] (0.00ns)   --->   "%p_scale_channels_ch1 = alloca [2457600 x i8], align 1" [yuv_filter.c:18]   --->   Operation 10 'alloca' 'p_scale_channels_ch1' <Predicate = true> <Delay = 0.00>
ST_1 : Operation 11 [1/1] (0.00ns)   --->   "%p_scale_channels_ch2 = alloca [2457600 x i8], align 1" [yuv_filter.c:18]   --->   Operation 11 'alloca' 'p_scale_channels_ch2' <Predicate = true> <Delay = 0.00>
ST_1 : Operation 12 [1/1] (0.00ns)   --->   "%p_scale_channels_ch3 = alloca [2457600 x i8], align 1" [yuv_filter.c:18]   --->   Operation 12 'alloca' 'p_scale_channels_ch3' <Predicate = true> <Delay = 0.00>
ST_1 : Operation 13 [1/1] (0.00ns)   --->   "%in_width_read = call i16 @_ssdm_op_Read.ap_auto.i16P(i16* %in_width)" [yuv_filter.c:23]   --->   Operation 13 'read' 'in_width_read' <Predicate = true> <Delay = 0.00>
ST_1 : Operation 14 [1/1] (0.00ns)   --->   "%in_height_read = call i16 @_ssdm_op_Read.ap_auto.i16P(i16* %in_height)" [yuv_filter.c:23]   --->   Operation 14 'read' 'in_height_read' <Predicate = true> <Delay = 0.00>
ST_1 : Operation 15 [2/2] (6.38ns)   --->   "%call_ret = call fastcc { i16, i16 } @rgb2yuv([2457600 x i8]* %in_channels_ch1, [2457600 x i8]* %in_channels_ch2, [2457600 x i8]* %in_channels_ch3, i16 %in_width_read, i16 %in_height_read, [2457600 x i8]* %p_yuv_channels_ch1, [2457600 x i8]* %p_yuv_channels_ch2, [2457600 x i8]* %p_yuv_channels_ch3)" [yuv_filter.c:23]   --->   Operation 15 'call' 'call_ret' <Predicate = true> <Delay = 6.38> <CoreType = "Generic">   --->   Core 0 '' <Latency = 0> <II = 1> <Delay = 1.00> <Generic> <Opcode : >

State 2 <SV = 1> <Delay = 0.00>
ST_2 : Operation 16 [1/2] (0.00ns)   --->   "%call_ret = call fastcc { i16, i16 } @rgb2yuv([2457600 x i8]* %in_channels_ch1, [2457600 x i8]* %in_channels_ch2, [2457600 x i8]* %in_channels_ch3, i16 %in_width_read, i16 %in_height_read, [2457600 x i8]* %p_yuv_channels_ch1, [2457600 x i8]* %p_yuv_channels_ch2, [2457600 x i8]* %p_yuv_channels_ch3)" [yuv_filter.c:23]   --->   Operation 16 'call' 'call_ret' <Predicate = true> <Delay = 0.00> <CoreType = "Generic">   --->   Core 0 '' <Latency = 0> <II = 1> <Delay = 1.00> <Generic> <Opcode : >
ST_2 : Operation 17 [1/1] (0.00ns)   --->   "%p_yuv_width = extractvalue { i16, i16 } %call_ret, 0" [yuv_filter.c:23]   --->   Operation 17 'extractvalue' 'p_yuv_width' <Predicate = true> <Delay = 0.00>
ST_2 : Operation 18 [1/1] (0.00ns)   --->   "%p_yuv_height = extractvalue { i16, i16 } %call_ret, 1" [yuv_filter.c:23]   --->   Operation 18 'extractvalue' 'p_yuv_height' <Predicate = true> <Delay = 0.00>

State 3 <SV = 2> <Delay = 6.38>
ST_3 : Operation 19 [1/1] (0.00ns)   --->   "%V_scale_read = call i8 @_ssdm_op_Read.ap_auto.i8(i8 %V_scale)"   --->   Operation 19 'read' 'V_scale_read' <Predicate = true> <Delay = 0.00>
ST_3 : Operation 20 [1/1] (0.00ns)   --->   "%U_scale_read = call i8 @_ssdm_op_Read.ap_auto.i8(i8 %U_scale)"   --->   Operation 20 'read' 'U_scale_read' <Predicate = true> <Delay = 0.00>
ST_3 : Operation 21 [1/1] (0.00ns)   --->   "%Y_scale_read = call i8 @_ssdm_op_Read.ap_auto.i8(i8 %Y_scale)"   --->   Operation 21 'read' 'Y_scale_read' <Predicate = true> <Delay = 0.00>
ST_3 : Operation 22 [2/2] (6.38ns)   --->   "%call_ret2 = call fastcc { i16, i16 } @yuv_scale([2457600 x i8]* %p_yuv_channels_ch1, [2457600 x i8]* %p_yuv_channels_ch2, [2457600 x i8]* %p_yuv_channels_ch3, i16 %p_yuv_width, i16 %p_yuv_height, [2457600 x i8]* %p_scale_channels_ch1, [2457600 x i8]* %p_scale_channels_ch2, [2457600 x i8]* %p_scale_channels_ch3, i8 %Y_scale_read, i8 %U_scale_read, i8 %V_scale_read)" [yuv_filter.c:24]   --->   Operation 22 'call' 'call_ret2' <Predicate = true> <Delay = 6.38> <CoreType = "Generic">   --->   Core 0 '' <Latency = 0> <II = 1> <Delay = 1.00> <Generic> <Opcode : >

State 4 <SV = 3> <Delay = 0.00>
ST_4 : Operation 23 [1/2] (0.00ns)   --->   "%call_ret2 = call fastcc { i16, i16 } @yuv_scale([2457600 x i8]* %p_yuv_channels_ch1, [2457600 x i8]* %p_yuv_channels_ch2, [2457600 x i8]* %p_yuv_channels_ch3, i16 %p_yuv_width, i16 %p_yuv_height, [2457600 x i8]* %p_scale_channels_ch1, [2457600 x i8]* %p_scale_channels_ch2, [2457600 x i8]* %p_scale_channels_ch3, i8 %Y_scale_read, i8 %U_scale_read, i8 %V_scale_read)" [yuv_filter.c:24]   --->   Operation 23 'call' 'call_ret2' <Predicate = true> <Delay = 0.00> <CoreType = "Generic">   --->   Core 0 '' <Latency = 0> <II = 1> <Delay = 1.00> <Generic> <Opcode : >
ST_4 : Operation 24 [1/1] (0.00ns)   --->   "%p_scale_width = extractvalue { i16, i16 } %call_ret2, 0" [yuv_filter.c:24]   --->   Operation 24 'extractvalue' 'p_scale_width' <Predicate = true> <Delay = 0.00>
ST_4 : Operation 25 [1/1] (0.00ns)   --->   "%p_scale_height = extractvalue { i16, i16 } %call_ret2, 1" [yuv_filter.c:24]   --->   Operation 25 'extractvalue' 'p_scale_height' <Predicate = true> <Delay = 0.00>

State 5 <SV = 4> <Delay = 6.38>
ST_5 : Operation 26 [2/2] (6.38ns)   --->   "%call_ret1 = call fastcc { i16, i16 } @yuv2rgb([2457600 x i8]* %p_scale_channels_ch1, [2457600 x i8]* %p_scale_channels_ch2, [2457600 x i8]* %p_scale_channels_ch3, i16 %p_scale_width, i16 %p_scale_height, [2457600 x i8]* %out_channels_ch1, [2457600 x i8]* %out_channels_ch2, [2457600 x i8]* %out_channels_ch3)" [yuv_filter.c:25]   --->   Operation 26 'call' 'call_ret1' <Predicate = true> <Delay = 6.38> <CoreType = "Generic">   --->   Core 0 '' <Latency = 0> <II = 1> <Delay = 1.00> <Generic> <Opcode : >

State 6 <SV = 5> <Delay = 0.00>
ST_6 : Operation 27 [1/1] (0.00ns)   --->   "call void (...)* @_ssdm_op_SpecBitsMap([2457600 x i8]* %in_channels_ch1), !map !13"   --->   Operation 27 'specbitsmap' <Predicate = true> <Delay = 0.00>
ST_6 : Operation 28 [1/1] (0.00ns)   --->   "call void (...)* @_ssdm_op_SpecBitsMap([2457600 x i8]* %in_channels_ch2), !map !20"   --->   Operation 28 'specbitsmap' <Predicate = true> <Delay = 0.00>
ST_6 : Operation 29 [1/1] (0.00ns)   --->   "call void (...)* @_ssdm_op_SpecBitsMap([2457600 x i8]* %in_channels_ch3), !map !24"   --->   Operation 29 'specbitsmap' <Predicate = true> <Delay = 0.00>
ST_6 : Operation 30 [1/1] (0.00ns)   --->   "call void (...)* @_ssdm_op_SpecBitsMap(i16* %in_width), !map !28"   --->   Operation 30 'specbitsmap' <Predicate = true> <Delay = 0.00>
ST_6 : Operation 31 [1/1] (0.00ns)   --->   "call void (...)* @_ssdm_op_SpecBitsMap(i16* %in_height), !map !34"   --->   Operation 31 'specbitsmap' <Predicate = true> <Delay = 0.00>
ST_6 : Operation 32 [1/1] (0.00ns)   --->   "call void (...)* @_ssdm_op_SpecBitsMap([2457600 x i8]* %out_channels_ch1), !map !38"   --->   Operation 32 'specbitsmap' <Predicate = true> <Delay = 0.00>
ST_6 : Operation 33 [1/1] (0.00ns)   --->   "call void (...)* @_ssdm_op_SpecBitsMap([2457600 x i8]* %out_channels_ch2), !map !42"   --->   Operation 33 'specbitsmap' <Predicate = true> <Delay = 0.00>
ST_6 : Operation 34 [1/1] (0.00ns)   --->   "call void (...)* @_ssdm_op_SpecBitsMap([2457600 x i8]* %out_channels_ch3), !map !46"   --->   Operation 34 'specbitsmap' <Predicate = true> <Delay = 0.00>
ST_6 : Operation 35 [1/1] (0.00ns)   --->   "call void (...)* @_ssdm_op_SpecBitsMap(i16* %out_width), !map !50"   --->   Operation 35 'specbitsmap' <Predicate = true> <Delay = 0.00>
ST_6 : Operation 36 [1/1] (0.00ns)   --->   "call void (...)* @_ssdm_op_SpecBitsMap(i16* %out_height), !map !54"   --->   Operation 36 'specbitsmap' <Predicate = true> <Delay = 0.00>
ST_6 : Operation 37 [1/1] (0.00ns)   --->   "call void (...)* @_ssdm_op_SpecBitsMap(i8 %Y_scale), !map !58"   --->   Operation 37 'specbitsmap' <Predicate = true> <Delay = 0.00>
ST_6 : Operation 38 [1/1] (0.00ns)   --->   "call void (...)* @_ssdm_op_SpecBitsMap(i8 %U_scale), !map !64"   --->   Operation 38 'specbitsmap' <Predicate = true> <Delay = 0.00>
ST_6 : Operation 39 [1/1] (0.00ns)   --->   "call void (...)* @_ssdm_op_SpecBitsMap(i8 %V_scale), !map !68"   --->   Operation 39 'specbitsmap' <Predicate = true> <Delay = 0.00>
ST_6 : Operation 40 [1/1] (0.00ns)   --->   "call void (...)* @_ssdm_op_SpecTopModule([11 x i8]* @yuv_filter_str) nounwind"   --->   Operation 40 'spectopmodule' <Predicate = true> <Delay = 0.00>
ST_6 : Operation 41 [1/2] (0.00ns)   --->   "%call_ret1 = call fastcc { i16, i16 } @yuv2rgb([2457600 x i8]* %p_scale_channels_ch1, [2457600 x i8]* %p_scale_channels_ch2, [2457600 x i8]* %p_scale_channels_ch3, i16 %p_scale_width, i16 %p_scale_height, [2457600 x i8]* %out_channels_ch1, [2457600 x i8]* %out_channels_ch2, [2457600 x i8]* %out_channels_ch3)" [yuv_filter.c:25]   --->   Operation 41 'call' 'call_ret1' <Predicate = true> <Delay = 0.00> <CoreType = "Generic">   --->   Core 0 '' <Latency = 0> <II = 1> <Delay = 1.00> <Generic> <Opcode : >
ST_6 : Operation 42 [1/1] (0.00ns)   --->   "%out_width_ret = extractvalue { i16, i16 } %call_ret1, 0" [yuv_filter.c:25]   --->   Operation 42 'extractvalue' 'out_width_ret' <Predicate = true> <Delay = 0.00>
ST_6 : Operation 43 [1/1] (0.00ns)   --->   "call void @_ssdm_op_Write.ap_auto.i16P(i16* %out_width, i16 %out_width_ret)" [yuv_filter.c:25]   --->   Operation 43 'write' <Predicate = true> <Delay = 0.00>
ST_6 : Operation 44 [1/1] (0.00ns)   --->   "%out_height_ret = extractvalue { i16, i16 } %call_ret1, 1" [yuv_filter.c:25]   --->   Operation 44 'extractvalue' 'out_height_ret' <Predicate = true> <Delay = 0.00>
ST_6 : Operation 45 [1/1] (0.00ns)   --->   "call void @_ssdm_op_Write.ap_auto.i16P(i16* %out_height, i16 %out_height_ret)" [yuv_filter.c:25]   --->   Operation 45 'write' <Predicate = true> <Delay = 0.00>
ST_6 : Operation 46 [1/1] (0.00ns)   --->   "ret void" [yuv_filter.c:26]   --->   Operation 46 'ret' <Predicate = true> <Delay = 0.00>


============================================================
+ Verbose Summary: Timing violations
============================================================
Target clock period: 10ns, clock uncertainty: 1.25ns.

 <State 1>: 6.38ns
The critical path consists of the following:
	'alloca' operation ('_yuv.channels.ch1', yuv_filter.c:17) [31]  (0 ns)
	'call' operation ('call_ret', yuv_filter.c:23) to 'rgb2yuv' [39]  (6.38 ns)

 <State 2>: 0ns
The critical path consists of the following:

 <State 3>: 6.38ns
The critical path consists of the following:
	wire read on port 'V_scale' [28]  (0 ns)
	'call' operation ('call_ret2', yuv_filter.c:24) to 'yuv_scale' [42]  (6.38 ns)

 <State 4>: 0ns
The critical path consists of the following:

 <State 5>: 6.38ns
The critical path consists of the following:
	'call' operation ('call_ret1', yuv_filter.c:25) to 'yuv2rgb' [45]  (6.38 ns)

 <State 6>: 0ns
The critical path consists of the following:


============================================================
+ Verbose Summary: Binding
============================================================
N/A
* FSMD analyzer results:
  - Output states:
 - Input state : 
  - Chain level:
	State 1
	State 2
	State 3
	State 4
	State 5
	State 6


============================================================
+ Verbose Summary: Datapath Resource usage 
============================================================
N/A
