

================================================================
== Vivado HLS Report for 'yuv_filter'
================================================================
* Date:           Sun Aug  2 12:56:59 2020

* Version:        2020.1 (Build 2897737 on Wed May 27 20:21:37 MDT 2020)
* Project:        yuv_filter.prj
* Solution:       solution2
* Product family: zynq
* Target device:  xc7z020-clg400-1


================================================================
== Performance Estimates
================================================================
+ Timing: 
    * Summary: 
    +--------+----------+-----------+------------+
    |  Clock |  Target  | Estimated | Uncertainty|
    +--------+----------+-----------+------------+
    |ap_clk  | 10.00 ns | 10.723 ns |   1.25 ns  |
    +--------+----------+-----------+------------+

+ Latency: 
    * Summary: 
    +---------+---------+----------+-----------+--------+---------+---------+
    |  Latency (cycles) |  Latency (absolute)  |     Interval     | Pipeline|
    |   min   |   max   |    min   |    max    |   min  |   max   |   Type  |
    +---------+---------+----------+-----------+--------+---------+---------+
    |   120028|  7372828| 1.287 ms | 79.062 ms |  120028|  7372828|   none  |
    +---------+---------+----------+-----------+--------+---------+---------+

    + Detail: 
        * Instance: 
        +----------------------+-----------+---------+---------+----------+-----------+-------+---------+---------+
        |                      |           |  Latency (cycles) |  Latency (absolute)  |     Interval    | Pipeline|
        |       Instance       |   Module  |   min   |   max   |    min   |    max    |  min  |   max   |   Type  |
        +----------------------+-----------+---------+---------+----------+-----------+-------+---------+---------+
        |grp_rgb2yuv_fu_114    |rgb2yuv    |    40008|  2457608| 0.429 ms | 26.354 ms |  40008|  2457608|   none  |
        |grp_yuv2rgb_fu_134    |yuv2rgb    |    40008|  2457608| 0.429 ms | 26.354 ms |  40008|  2457608|   none  |
        |grp_yuv_scale_fu_149  |yuv_scale  |    40007|  2457607| 0.429 ms | 26.354 ms |  40007|  2457607|   none  |
        +----------------------+-----------+---------+---------+----------+-----------+-------+---------+---------+

        * Loop: 
        N/A



================================================================
== Utilization Estimates
================================================================
* Summary: 
+-----------------+---------+-------+--------+-------+-----+
|       Name      | BRAM_18K| DSP48E|   FF   |  LUT  | URAM|
+-----------------+---------+-------+--------+-------+-----+
|DSP              |        -|      -|       -|      -|    -|
|Expression       |        -|      -|       -|      -|    -|
|FIFO             |        -|      -|       -|      -|    -|
|Instance         |        0|      9|    1120|   1707|    -|
|Memory           |    12288|      -|      96|      0|    0|
|Multiplexer      |        -|      -|       -|    272|    -|
|Register         |        -|      -|      73|      -|    -|
+-----------------+---------+-------+--------+-------+-----+
|Total            |    12288|      9|    1289|   1979|    0|
+-----------------+---------+-------+--------+-------+-----+
|Available        |      280|    220|  106400|  53200|    0|
+-----------------+---------+-------+--------+-------+-----+
|Utilization (%)  |     4388|      4|       1|      3|    0|
+-----------------+---------+-------+--------+-------+-----+

+ Detail: 
    * Instance: 
    +----------------------+-----------+---------+-------+-----+-----+-----+
    |       Instance       |   Module  | BRAM_18K| DSP48E|  FF | LUT | URAM|
    +----------------------+-----------+---------+-------+-----+-----+-----+
    |grp_rgb2yuv_fu_114    |rgb2yuv    |        0|      4|  382|  689|    0|
    |grp_yuv2rgb_fu_134    |yuv2rgb    |        0|      4|  393|  558|    0|
    |grp_yuv_scale_fu_149  |yuv_scale  |        0|      1|  345|  460|    0|
    +----------------------+-----------+---------+-------+-----+-----+-----+
    |Total                 |           |        0|      9| 1120| 1707|    0|
    +----------------------+-----------+---------+-------+-----+-----+-----+

    * DSP48E: 
    N/A

    * Memory: 
    +------------------------+----------------------+---------+----+----+-----+---------+-----+------+-------------+
    |         Memory         |        Module        | BRAM_18K| FF | LUT| URAM|  Words  | Bits| Banks| W*Bits*Banks|
    +------------------------+----------------------+---------+----+----+-----+---------+-----+------+-------------+
    |p_yuv_channels_ch1_U    |yuv_filter_p_yuv_ibs  |     2048|  16|   0|    0|  2457600|    8|     1|     19660800|
    |p_yuv_channels_ch2_U    |yuv_filter_p_yuv_ibs  |     2048|  16|   0|    0|  2457600|    8|     1|     19660800|
    |p_yuv_channels_ch3_U    |yuv_filter_p_yuv_ibs  |     2048|  16|   0|    0|  2457600|    8|     1|     19660800|
    |p_scale_channels_ch1_U  |yuv_filter_p_yuv_ibs  |     2048|  16|   0|    0|  2457600|    8|     1|     19660800|
    |p_scale_channels_ch2_U  |yuv_filter_p_yuv_ibs  |     2048|  16|   0|    0|  2457600|    8|     1|     19660800|
    |p_scale_channels_ch3_U  |yuv_filter_p_yuv_ibs  |     2048|  16|   0|    0|  2457600|    8|     1|     19660800|
    +------------------------+----------------------+---------+----+----+-----+---------+-----+------+-------------+
    |Total                   |                      |    12288|  96|   0|    0| 14745600|   48|     6|    117964800|
    +------------------------+----------------------+---------+----+----+-----+---------+-----+------+-------------+

    * FIFO: 
    N/A

    * Expression: 
    N/A

    * Multiplexer: 
    +-------------------------------+----+-----------+-----+-----------+
    |              Name             | LUT| Input Size| Bits| Total Bits|
    +-------------------------------+----+-----------+-----+-----------+
    |ap_NS_fsm                      |  38|          7|    1|          7|
    |p_scale_channels_ch1_address0  |  15|          3|   22|         66|
    |p_scale_channels_ch1_ce0       |  15|          3|    1|          3|
    |p_scale_channels_ch1_we0       |   9|          2|    1|          2|
    |p_scale_channels_ch2_address0  |  15|          3|   22|         66|
    |p_scale_channels_ch2_ce0       |  15|          3|    1|          3|
    |p_scale_channels_ch2_we0       |   9|          2|    1|          2|
    |p_scale_channels_ch3_address0  |  15|          3|   22|         66|
    |p_scale_channels_ch3_ce0       |  15|          3|    1|          3|
    |p_scale_channels_ch3_we0       |   9|          2|    1|          2|
    |p_yuv_channels_ch1_address0    |  15|          3|   22|         66|
    |p_yuv_channels_ch1_ce0         |  15|          3|    1|          3|
    |p_yuv_channels_ch1_we0         |   9|          2|    1|          2|
    |p_yuv_channels_ch2_address0    |  15|          3|   22|         66|
    |p_yuv_channels_ch2_ce0         |  15|          3|    1|          3|
    |p_yuv_channels_ch2_we0         |   9|          2|    1|          2|
    |p_yuv_channels_ch3_address0    |  15|          3|   22|         66|
    |p_yuv_channels_ch3_ce0         |  15|          3|    1|          3|
    |p_yuv_channels_ch3_we0         |   9|          2|    1|          2|
    +-------------------------------+----+-----------+-----+-----------+
    |Total                          | 272|         55|  145|        433|
    +-------------------------------+----+-----------+-----+-----------+

    * Register: 
    +-----------------------------------+----+----+-----+-----------+
    |                Name               | FF | LUT| Bits| Const Bits|
    +-----------------------------------+----+----+-----+-----------+
    |ap_CS_fsm                          |   6|   0|    6|          0|
    |grp_rgb2yuv_fu_114_ap_start_reg    |   1|   0|    1|          0|
    |grp_yuv2rgb_fu_134_ap_start_reg    |   1|   0|    1|          0|
    |grp_yuv_scale_fu_149_ap_start_reg  |   1|   0|    1|          0|
    |p_scale_height_reg_233             |  16|   0|   16|          0|
    |p_scale_width_reg_228              |  16|   0|   16|          0|
    |p_yuv_height_reg_208               |  16|   0|   16|          0|
    |p_yuv_width_reg_203                |  16|   0|   16|          0|
    +-----------------------------------+----+----+-----+-----------+
    |Total                              |  73|   0|   73|          0|
    +-----------------------------------+----+----+-----+-----------+



================================================================
== Interface
================================================================
* Summary: 
+---------------------------+-----+-----+------------+------------------+--------------+
|         RTL Ports         | Dir | Bits|  Protocol  |   Source Object  |    C Type    |
+---------------------------+-----+-----+------------+------------------+--------------+
|ap_clk                     |  in |    1| ap_ctrl_hs |    yuv_filter    | return value |
|ap_rst                     |  in |    1| ap_ctrl_hs |    yuv_filter    | return value |
|ap_start                   |  in |    1| ap_ctrl_hs |    yuv_filter    | return value |
|ap_done                    | out |    1| ap_ctrl_hs |    yuv_filter    | return value |
|ap_idle                    | out |    1| ap_ctrl_hs |    yuv_filter    | return value |
|ap_ready                   | out |    1| ap_ctrl_hs |    yuv_filter    | return value |
|in_channels_ch1_address0   | out |   22|  ap_memory |  in_channels_ch1 |     array    |
|in_channels_ch1_ce0        | out |    1|  ap_memory |  in_channels_ch1 |     array    |
|in_channels_ch1_q0         |  in |    8|  ap_memory |  in_channels_ch1 |     array    |
|in_channels_ch2_address0   | out |   22|  ap_memory |  in_channels_ch2 |     array    |
|in_channels_ch2_ce0        | out |    1|  ap_memory |  in_channels_ch2 |     array    |
|in_channels_ch2_q0         |  in |    8|  ap_memory |  in_channels_ch2 |     array    |
|in_channels_ch3_address0   | out |   22|  ap_memory |  in_channels_ch3 |     array    |
|in_channels_ch3_ce0        | out |    1|  ap_memory |  in_channels_ch3 |     array    |
|in_channels_ch3_q0         |  in |    8|  ap_memory |  in_channels_ch3 |     array    |
|in_width                   |  in |   16|   ap_none  |     in_width     |    pointer   |
|in_height                  |  in |   16|   ap_none  |     in_height    |    pointer   |
|out_channels_ch1_address0  | out |   22|  ap_memory | out_channels_ch1 |     array    |
|out_channels_ch1_ce0       | out |    1|  ap_memory | out_channels_ch1 |     array    |
|out_channels_ch1_we0       | out |    1|  ap_memory | out_channels_ch1 |     array    |
|out_channels_ch1_d0        | out |    8|  ap_memory | out_channels_ch1 |     array    |
|out_channels_ch2_address0  | out |   22|  ap_memory | out_channels_ch2 |     array    |
|out_channels_ch2_ce0       | out |    1|  ap_memory | out_channels_ch2 |     array    |
|out_channels_ch2_we0       | out |    1|  ap_memory | out_channels_ch2 |     array    |
|out_channels_ch2_d0        | out |    8|  ap_memory | out_channels_ch2 |     array    |
|out_channels_ch3_address0  | out |   22|  ap_memory | out_channels_ch3 |     array    |
|out_channels_ch3_ce0       | out |    1|  ap_memory | out_channels_ch3 |     array    |
|out_channels_ch3_we0       | out |    1|  ap_memory | out_channels_ch3 |     array    |
|out_channels_ch3_d0        | out |    8|  ap_memory | out_channels_ch3 |     array    |
|out_width                  | out |   16|   ap_vld   |     out_width    |    pointer   |
|out_width_ap_vld           | out |    1|   ap_vld   |     out_width    |    pointer   |
|out_height                 | out |   16|   ap_vld   |    out_height    |    pointer   |
|out_height_ap_vld          | out |    1|   ap_vld   |    out_height    |    pointer   |
|Y_scale                    |  in |    8|   ap_none  |      Y_scale     |    scalar    |
|U_scale                    |  in |    8|   ap_none  |      U_scale     |    scalar    |
|V_scale                    |  in |    8|   ap_none  |      V_scale     |    scalar    |
+---------------------------+-----+-----+------------+------------------+--------------+

============================================================
+ Verbose Summary: Synthesis Manager
============================================================
InlineROM: 1
ExposeGlobal: 0
============================================================
+ Verbose Summary: CDFG Model
============================================================
IsTopModel: 1
ResetActiveHigh: 1
IsCombinational: 2
IsDatapathOnly: 2
HasWiredReturn: 1
HasMFsm: 0
HasVarLatency: 1
IsPipeline: 0
IsRtlPipelined: 0
IsInstanceOverlapped: 0
IsDontTouch: 0
HasImplIP: 0
IsGatedGlobalClock: 0


============================================================
+ Verbose Summary: Schedule
============================================================
* Number of FSM states : 6
* Pipeline : 0
* Dataflow Pipeline: 0

* FSM state transitions: 
1 --> 2 
2 --> 3 
3 --> 4 
4 --> 5 
5 --> 6 
6 --> 

* FSM state operations: 

State 1 <SV = 0> <Delay = 9.63>
ST_1 : Operation 7 [1/1] (3.25ns)   --->   "%p_yuv_channels_ch1 = alloca [2457600 x i8], align 1" [yuv_filter.c:17]   --->   Operation 7 'alloca' 'p_yuv_channels_ch1' <Predicate = true> <Delay = 3.25>
ST_1 : Operation 8 [1/1] (3.25ns)   --->   "%p_yuv_channels_ch2 = alloca [2457600 x i8], align 1" [yuv_filter.c:17]   --->   Operation 8 'alloca' 'p_yuv_channels_ch2' <Predicate = true> <Delay = 3.25>
ST_1 : Operation 9 [1/1] (3.25ns)   --->   "%p_yuv_channels_ch3 = alloca [2457600 x i8], align 1" [yuv_filter.c:17]   --->   Operation 9 'alloca' 'p_yuv_channels_ch3' <Predicate = true> <Delay = 3.25>
ST_1 : Operation 10 [1/1] (3.25ns)   --->   "%p_scale_channels_ch1 = alloca [2457600 x i8], align 1" [yuv_filter.c:18]   --->   Operation 10 'alloca' 'p_scale_channels_ch1' <Predicate = true> <Delay = 3.25>
ST_1 : Operation 11 [1/1] (3.25ns)   --->   "%p_scale_channels_ch2 = alloca [2457600 x i8], align 1" [yuv_filter.c:18]   --->   Operation 11 'alloca' 'p_scale_channels_ch2' <Predicate = true> <Delay = 3.25>
ST_1 : Operation 12 [1/1] (3.25ns)   --->   "%p_scale_channels_ch3 = alloca [2457600 x i8], align 1" [yuv_filter.c:18]   --->   Operation 12 'alloca' 'p_scale_channels_ch3' <Predicate = true> <Delay = 3.25>
ST_1 : Operation 13 [1/1] (0.00ns)   --->   "%in_width_read = call i16 @_ssdm_op_Read.ap_auto.i16P(i16* %in_width)" [yuv_filter.c:23]   --->   Operation 13 'read' 'in_width_read' <Predicate = true> <Delay = 0.00>
ST_1 : Operation 14 [1/1] (0.00ns)   --->   "%in_height_read = call i16 @_ssdm_op_Read.ap_auto.i16P(i16* %in_height)" [yuv_filter.c:23]   --->   Operation 14 'read' 'in_height_read' <Predicate = true> <Delay = 0.00>
ST_1 : Operation 15 [2/2] (6.38ns)   --->   "%call_ret = call fastcc { i16, i16 } @rgb2yuv([2457600 x i8]* %in_channels_ch1, [2457600 x i8]* %in_channels_ch2, [2457600 x i8]* %in_channels_ch3, i16 %in_width_read, i16 %in_height_read, [2457600 x i8]* %p_yuv_channels_ch1, [2457600 x i8]* %p_yuv_channels_ch2, [2457600 x i8]* %p_yuv_channels_ch3)" [yuv_filter.c:23]   --->   Operation 15 'call' 'call_ret' <Predicate = true> <Delay = 6.38> <CoreType = "Generic">   --->   Core 0 '' <Latency = 0> <II = 1> <Delay = 1.00> <Generic> <Opcode : >

State 2 <SV = 1> <Delay = 0.00>
ST_2 : Operation 16 [1/2] (0.00ns)   --->   "%call_ret = call fastcc { i16, i16 } @rgb2yuv([2457600 x i8]* %in_channels_ch1, [2457600 x i8]* %in_channels_ch2, [2457600 x i8]* %in_channels_ch3, i16 %in_width_read, i16 %in_height_read, [2457600 x i8]* %p_yuv_channels_ch1, [2457600 x i8]* %p_yuv_channels_ch2, [2457600 x i8]* %p_yuv_channels_ch3)" [yuv_filter.c:23]   --->   Operation 16 'call' 'call_ret' <Predicate = true> <Delay = 0.00> <CoreType = "Generic">   --->   Core 0 '' <Latency = 0> <II = 1> <Delay = 1.00> <Generic> <Opcode : >
ST_2 : Operation 17 [1/1] (0.00ns)   --->   "%p_yuv_width = extractvalue { i16, i16 } %call_ret, 0" [yuv_filter.c:23]   --->   Operation 17 'extractvalue' 'p_yuv_width' <Predicate = true> <Delay = 0.00>
ST_2 : Operation 18 [1/1] (0.00ns)   --->   "%p_yuv_height = extractvalue { i16, i16 } %call_ret, 1" [yuv_filter.c:23]   --->   Operation 18 'extractvalue' 'p_yuv_height' <Predicate = true> <Delay = 0.00>

State 3 <SV = 2> <Delay = 6.38>
ST_3 : Operation 19 [1/1] (0.00ns)   --->   "%V_scale_read = call i8 @_ssdm_op_Read.ap_auto.i8(i8 %V_scale)"   --->   Operation 19 'read' 'V_scale_read' <Predicate = true> <Delay = 0.00>
ST_3 : Operation 20 [1/1] (0.00ns)   --->   "%U_scale_read = call i8 @_ssdm_op_Read.ap_auto.i8(i8 %U_scale)"   --->   Operation 20 'read' 'U_scale_read' <Predicate = true> <Delay = 0.00>
ST_3 : Operation 21 [1/1] (0.00ns)   --->   "%Y_scale_read = call i8 @_ssdm_op_Read.ap_auto.i8(i8 %Y_scale)"   --->   Operation 21 'read' 'Y_scale_read' <Predicate = true> <Delay = 0.00>
ST_3 : Operation 22 [2/2] (6.38ns)   --->   "%call_ret2 = call fastcc { i16, i16 } @yuv_scale([2457600 x i8]* %p_yuv_channels_ch1, [2457600 x i8]* %p_yuv_channels_ch2, [2457600 x i8]* %p_yuv_channels_ch3, i16 %p_yuv_width, i16 %p_yuv_height, [2457600 x i8]* %p_scale_channels_ch1, [2457600 x i8]* %p_scale_channels_ch2, [2457600 x i8]* %p_scale_channels_ch3, i8 %Y_scale_read, i8 %U_scale_read, i8 %V_scale_read)" [yuv_filter.c:24]   --->   Operation 22 'call' 'call_ret2' <Predicate = true> <Delay = 6.38> <CoreType = "Generic">   --->   Core 0 '' <Latency = 0> <II = 1> <Delay = 1.00> <Generic> <Opcode : >

State 4 <SV = 3> <Delay = 0.00>
ST_4 : Operation 23 [1/2] (0.00ns)   --->   "%call_ret2 = call fastcc { i16, i16 } @yuv_scale([2457600 x i8]* %p_yuv_channels_ch1, [2457600 x i8]* %p_yuv_channels_ch2, [2457600 x i8]* %p_yuv_channels_ch3, i16 %p_yuv_width, i16 %p_yuv_height, [2457600 x i8]* %p_scale_channels_ch1, [2457600 x i8]* %p_scale_channels_ch2, [2457600 x i8]* %p_scale_channels_ch3, i8 %Y_scale_read, i8 %U_scale_read, i8 %V_scale_read)" [yuv_filter.c:24]   --->   Operation 23 'call' 'call_ret2' <Predicate = true> <Delay = 0.00> <CoreType = "Generic">   --->   Core 0 '' <Latency = 0> <II = 1> <Delay = 1.00> <Generic> <Opcode : >
ST_4 : Operation 24 [1/1] (0.00ns)   --->   "%p_scale_width = extractvalue { i16, i16 } %call_ret2, 0" [yuv_filter.c:24]   --->   Operation 24 'extractvalue' 'p_scale_width' <Predicate = true> <Delay = 0.00>
ST_4 : Operation 25 [1/1] (0.00ns)   --->   "%p_scale_height = extractvalue { i16, i16 } %call_ret2, 1" [yuv_filter.c:24]   --->   Operation 25 'extractvalue' 'p_scale_height' <Predicate = true> <Delay = 0.00>

State 5 <SV = 4> <Delay = 6.38>
ST_5 : Operation 26 [2/2] (6.38ns)   --->   "%call_ret1 = call fastcc { i16, i16 } @yuv2rgb([2457600 x i8]* %p_scale_channels_ch1, [2457600 x i8]* %p_scale_channels_ch2, [2457600 x i8]* %p_scale_channels_ch3, i16 %p_scale_width, i16 %p_scale_height, [2457600 x i8]* %out_channels_ch1, [2457600 x i8]* %out_channels_ch2, [2457600 x i8]* %out_channels_ch3)" [yuv_filter.c:25]   --->   Operation 26 'call' 'call_ret1' <Predicate = true> <Delay = 6.38> <CoreType = "Generic">   --->   Core 0 '' <Latency = 0> <II = 1> <Delay = 1.00> <Generic> <Opcode : >

State 6 <SV = 5> <Delay = 0.00>
ST_6 : Operation 27 [1/1] (0.00ns)   --->   "call void (...)* @_ssdm_op_SpecBitsMap([2457600 x i8]* %in_channels_ch1), !map !13"   --->   Operation 27 'specbitsmap' <Predicate = true> <Delay = 0.00>
ST_6 : Operation 28 [1/1] (0.00ns)   --->   "call void (...)* @_ssdm_op_SpecBitsMap([2457600 x i8]* %in_channels_ch2), !map !20"   --->   Operation 28 'specbitsmap' <Predicate = true> <Delay = 0.00>
ST_6 : Operation 29 [1/1] (0.00ns)   --->   "call void (...)* @_ssdm_op_SpecBitsMap([2457600 x i8]* %in_channels_ch3), !map !24"   --->   Operation 29 'specbitsmap' <Predicate = true> <Delay = 0.00>
ST_6 : Operation 30 [1/1] (0.00ns)   --->   "call void (...)* @_ssdm_op_SpecBitsMap(i16* %in_width), !map !28"   --->   Operation 30 'specbitsmap' <Predicate = true> <Delay = 0.00>
ST_6 : Operation 31 [1/1] (0.00ns)   --->   "call void (...)* @_ssdm_op_SpecBitsMap(i16* %in_height), !map !34"   --->   Operation 31 'specbitsmap' <Predicate = true> <Delay = 0.00>
ST_6 : Operation 32 [1/1] (0.00ns)   --->   "call void (...)* @_ssdm_op_SpecBitsMap([2457600 x i8]* %out_channels_ch1), !map !38"   --->   Operation 32 'specbitsmap' <Predicate = true> <Delay = 0.00>
ST_6 : Operation 33 [1/1] (0.00ns)   --->   "call void (...)* @_ssdm_op_SpecBitsMap([2457600 x i8]* %out_channels_ch2), !map !42"   --->   Operation 33 'specbitsmap' <Predicate = true> <Delay = 0.00>
ST_6 : Operation 34 [1/1] (0.00ns)   --->   "call void (...)* @_ssdm_op_SpecBitsMap([2457600 x i8]* %out_channels_ch3), !map !46"   --->   Operation 34 'specbitsmap' <Predicate = true> <Delay = 0.00>
ST_6 : Operation 35 [1/1] (0.00ns)   --->   "call void (...)* @_ssdm_op_SpecBitsMap(i16* %out_width), !map !50"   --->   Operation 35 'specbitsmap' <Predicate = true> <Delay = 0.00>
ST_6 : Operation 36 [1/1] (0.00ns)   --->   "call void (...)* @_ssdm_op_SpecBitsMap(i16* %out_height), !map !54"   --->   Operation 36 'specbitsmap' <Predicate = true> <Delay = 0.00>
ST_6 : Operation 37 [1/1] (0.00ns)   --->   "call void (...)* @_ssdm_op_SpecBitsMap(i8 %Y_scale), !map !58"   --->   Operation 37 'specbitsmap' <Predicate = true> <Delay = 0.00>
ST_6 : Operation 38 [1/1] (0.00ns)   --->   "call void (...)* @_ssdm_op_SpecBitsMap(i8 %U_scale), !map !64"   --->   Operation 38 'specbitsmap' <Predicate = true> <Delay = 0.00>
ST_6 : Operation 39 [1/1] (0.00ns)   --->   "call void (...)* @_ssdm_op_SpecBitsMap(i8 %V_scale), !map !68"   --->   Operation 39 'specbitsmap' <Predicate = true> <Delay = 0.00>
ST_6 : Operation 40 [1/1] (0.00ns)   --->   "call void (...)* @_ssdm_op_SpecTopModule([11 x i8]* @yuv_filter_str) nounwind"   --->   Operation 40 'spectopmodule' <Predicate = true> <Delay = 0.00>
ST_6 : Operation 41 [1/2] (0.00ns)   --->   "%call_ret1 = call fastcc { i16, i16 } @yuv2rgb([2457600 x i8]* %p_scale_channels_ch1, [2457600 x i8]* %p_scale_channels_ch2, [2457600 x i8]* %p_scale_channels_ch3, i16 %p_scale_width, i16 %p_scale_height, [2457600 x i8]* %out_channels_ch1, [2457600 x i8]* %out_channels_ch2, [2457600 x i8]* %out_channels_ch3)" [yuv_filter.c:25]   --->   Operation 41 'call' 'call_ret1' <Predicate = true> <Delay = 0.00> <CoreType = "Generic">   --->   Core 0 '' <Latency = 0> <II = 1> <Delay = 1.00> <Generic> <Opcode : >
ST_6 : Operation 42 [1/1] (0.00ns)   --->   "%out_width_ret = extractvalue { i16, i16 } %call_ret1, 0" [yuv_filter.c:25]   --->   Operation 42 'extractvalue' 'out_width_ret' <Predicate = true> <Delay = 0.00>
ST_6 : Operation 43 [1/1] (0.00ns)   --->   "call void @_ssdm_op_Write.ap_auto.i16P(i16* %out_width, i16 %out_width_ret)" [yuv_filter.c:25]   --->   Operation 43 'write' <Predicate = true> <Delay = 0.00>
ST_6 : Operation 44 [1/1] (0.00ns)   --->   "%out_height_ret = extractvalue { i16, i16 } %call_ret1, 1" [yuv_filter.c:25]   --->   Operation 44 'extractvalue' 'out_height_ret' <Predicate = true> <Delay = 0.00>
ST_6 : Operation 45 [1/1] (0.00ns)   --->   "call void @_ssdm_op_Write.ap_auto.i16P(i16* %out_height, i16 %out_height_ret)" [yuv_filter.c:25]   --->   Operation 45 'write' <Predicate = true> <Delay = 0.00>
ST_6 : Operation 46 [1/1] (0.00ns)   --->   "ret void" [yuv_filter.c:26]   --->   Operation 46 'ret' <Predicate = true> <Delay = 0.00>


============================================================
+ Verbose Summary: Binding
============================================================
STG Binding: 
---------------- STG Properties BEGIN ----------------
- Is combinational: 0
- Is one-state seq: 0
- Is datapath-only: 0
- Is pipelined: 0
- Is top level: 1
Port [ Return ] is wired: 1; IO mode=ap_ctrl_hs:ce=0
Port [ in_channels_ch1]:  wired=1; compound=1; hidden=0; nouse=0; global=0; static=0; extern=0; dir=0; type=1; pingpong=0; private_global=0; MemPort=[13]; IO mode=ap_memory:ce=0
Port [ in_channels_ch2]:  wired=1; compound=1; hidden=0; nouse=0; global=0; static=0; extern=0; dir=0; type=1; pingpong=0; private_global=0; MemPort=[13]; IO mode=ap_memory:ce=0
Port [ in_channels_ch3]:  wired=1; compound=1; hidden=0; nouse=0; global=0; static=0; extern=0; dir=0; type=1; pingpong=0; private_global=0; MemPort=[13]; IO mode=ap_memory:ce=0
Port [ in_width]:  wired=1; compound=0; hidden=0; nouse=0; global=0; static=0; extern=0; dir=0; type=0; pingpong=0; private_global=0; IO mode=ap_none:ce=0
Port [ in_height]:  wired=1; compound=0; hidden=0; nouse=0; global=0; static=0; extern=0; dir=0; type=0; pingpong=0; private_global=0; IO mode=ap_none:ce=0
Port [ out_channels_ch1]:  wired=1; compound=1; hidden=0; nouse=0; global=0; static=0; extern=0; dir=1; type=1; pingpong=0; private_global=0; MemPort=[03]; IO mode=ap_memory:ce=0
Port [ out_channels_ch2]:  wired=1; compound=1; hidden=0; nouse=0; global=0; static=0; extern=0; dir=1; type=1; pingpong=0; private_global=0; MemPort=[03]; IO mode=ap_memory:ce=0
Port [ out_channels_ch3]:  wired=1; compound=1; hidden=0; nouse=0; global=0; static=0; extern=0; dir=1; type=1; pingpong=0; private_global=0; MemPort=[03]; IO mode=ap_memory:ce=0
Port [ out_width]:  wired=1; compound=0; hidden=0; nouse=0; global=0; static=0; extern=0; dir=1; type=0; pingpong=0; private_global=0; IO mode=ap_vld:ce=0
Port [ out_height]:  wired=1; compound=0; hidden=0; nouse=0; global=0; static=0; extern=0; dir=1; type=0; pingpong=0; private_global=0; IO mode=ap_vld:ce=0
Port [ Y_scale]:  wired=1; compound=0; hidden=0; nouse=0; global=0; static=0; extern=0; dir=0; type=0; pingpong=0; private_global=0; IO mode=ap_none:ce=0
Port [ U_scale]:  wired=1; compound=0; hidden=0; nouse=0; global=0; static=0; extern=0; dir=0; type=0; pingpong=0; private_global=0; IO mode=ap_none:ce=0
Port [ V_scale]:  wired=1; compound=0; hidden=0; nouse=0; global=0; static=0; extern=0; dir=0; type=0; pingpong=0; private_global=0; IO mode=ap_none:ce=0
---------------- STG Properties END ------------------

---------------- Datapath Model BEGIN ----------------

<LifeTime>
<method=bitvector/>
p_yuv_channels_ch1   (alloca       ) [ 0011100]
p_yuv_channels_ch2   (alloca       ) [ 0011100]
p_yuv_channels_ch3   (alloca       ) [ 0011100]
p_scale_channels_ch1 (alloca       ) [ 0011111]
p_scale_channels_ch2 (alloca       ) [ 0011111]
p_scale_channels_ch3 (alloca       ) [ 0011111]
in_width_read        (read         ) [ 0010000]
in_height_read       (read         ) [ 0010000]
call_ret             (call         ) [ 0000000]
p_yuv_width          (extractvalue ) [ 0001100]
p_yuv_height         (extractvalue ) [ 0001100]
V_scale_read         (read         ) [ 0000100]
U_scale_read         (read         ) [ 0000100]
Y_scale_read         (read         ) [ 0000100]
call_ret2            (call         ) [ 0000000]
p_scale_width        (extractvalue ) [ 0000011]
p_scale_height       (extractvalue ) [ 0000011]
specbitsmap_ln0      (specbitsmap  ) [ 0000000]
specbitsmap_ln0      (specbitsmap  ) [ 0000000]
specbitsmap_ln0      (specbitsmap  ) [ 0000000]
specbitsmap_ln0      (specbitsmap  ) [ 0000000]
specbitsmap_ln0      (specbitsmap  ) [ 0000000]
specbitsmap_ln0      (specbitsmap  ) [ 0000000]
specbitsmap_ln0      (specbitsmap  ) [ 0000000]
specbitsmap_ln0      (specbitsmap  ) [ 0000000]
specbitsmap_ln0      (specbitsmap  ) [ 0000000]
specbitsmap_ln0      (specbitsmap  ) [ 0000000]
specbitsmap_ln0      (specbitsmap  ) [ 0000000]
specbitsmap_ln0      (specbitsmap  ) [ 0000000]
specbitsmap_ln0      (specbitsmap  ) [ 0000000]
spectopmodule_ln0    (spectopmodule) [ 0000000]
call_ret1            (call         ) [ 0000000]
out_width_ret        (extractvalue ) [ 0000000]
write_ln25           (write        ) [ 0000000]
out_height_ret       (extractvalue ) [ 0000000]
write_ln25           (write        ) [ 0000000]
ret_ln26             (ret          ) [ 0000000]
</LifeTime>

<model>

<comp_list>
<comp id="0" class="1000" name="in_channels_ch1">
<pin_list>
<pin id="1" dir="1" index="0" bw="1" slack="0"/>
</pin_list>
<bind>
<StgValue><ssdm name="in_channels_ch1"/><MemPortTyVec>1 3 </MemPortTyVec>
</StgValue>
</bind>
</comp>

<comp id="2" class="1000" name="in_channels_ch2">
<pin_list>
<pin id="3" dir="1" index="0" bw="1" slack="0"/>
</pin_list>
<bind>
<StgValue><ssdm name="in_channels_ch2"/><MemPortTyVec>1 3 </MemPortTyVec>
</StgValue>
</bind>
</comp>

<comp id="4" class="1000" name="in_channels_ch3">
<pin_list>
<pin id="5" dir="1" index="0" bw="1" slack="0"/>
</pin_list>
<bind>
<StgValue><ssdm name="in_channels_ch3"/><MemPortTyVec>1 3 </MemPortTyVec>
</StgValue>
</bind>
</comp>

<comp id="6" class="1000" name="in_width">
<pin_list>
<pin id="7" dir="1" index="0" bw="1" slack="0"/>
</pin_list>
<bind>
<StgValue><ssdm name="in_width"/></StgValue>
</bind>
</comp>

<comp id="8" class="1000" name="in_height">
<pin_list>
<pin id="9" dir="1" index="0" bw="1" slack="0"/>
</pin_list>
<bind>
<StgValue><ssdm name="in_height"/></StgValue>
</bind>
</comp>

<comp id="10" class="1000" name="out_channels_ch1">
<pin_list>
<pin id="11" dir="1" index="0" bw="1" slack="0"/>
</pin_list>
<bind>
<StgValue><ssdm name="out_channels_ch1"/><MemPortTyVec>0 3 </MemPortTyVec>
</StgValue>
</bind>
</comp>

<comp id="12" class="1000" name="out_channels_ch2">
<pin_list>
<pin id="13" dir="1" index="0" bw="1" slack="0"/>
</pin_list>
<bind>
<StgValue><ssdm name="out_channels_ch2"/><MemPortTyVec>0 3 </MemPortTyVec>
</StgValue>
</bind>
</comp>

<comp id="14" class="1000" name="out_channels_ch3">
<pin_list>
<pin id="15" dir="1" index="0" bw="1" slack="0"/>
</pin_list>
<bind>
<StgValue><ssdm name="out_channels_ch3"/><MemPortTyVec>0 3 </MemPortTyVec>
</StgValue>
</bind>
</comp>

<comp id="16" class="1000" name="out_width">
<pin_list>
<pin id="17" dir="1" index="0" bw="1" slack="0"/>
</pin_list>
<bind>
<StgValue><ssdm name="out_width"/></StgValue>
</bind>
</comp>

<comp id="18" class="1000" name="out_height">
<pin_list>
<pin id="19" dir="1" index="0" bw="1" slack="0"/>
</pin_list>
<bind>
<StgValue><ssdm name="out_height"/></StgValue>
</bind>
</comp>

<comp id="20" class="1000" name="Y_scale">
<pin_list>
<pin id="21" dir="1" index="0" bw="1" slack="0"/>
</pin_list>
<bind>
<StgValue><ssdm name="Y_scale"/></StgValue>
</bind>
</comp>

<comp id="22" class="1000" name="U_scale">
<pin_list>
<pin id="23" dir="1" index="0" bw="1" slack="0"/>
</pin_list>
<bind>
<StgValue><ssdm name="U_scale"/></StgValue>
</bind>
</comp>

<comp id="24" class="1000" name="V_scale">
<pin_list>
<pin id="25" dir="1" index="0" bw="1" slack="0"/>
</pin_list>
<bind>
<StgValue><ssdm name="V_scale"/></StgValue>
</bind>
</comp>

<comp id="26" class="1001" name="const_26">
<pin_list>
<pin id="27" dir="1" index="0" bw="1" slack="0"/>
</pin_list>
<bind>
<StgValue><ssdm name=""/></StgValue>
</bind>
</comp>

<comp id="28" class="1001" name="const_28">
<pin_list>
<pin id="29" dir="1" index="0" bw="1" slack="0"/>
</pin_list>
<bind>
<StgValue><ssdm name="_ssdm_op_Read.ap_auto.i16P"/></StgValue>
</bind>
</comp>

<comp id="30" class="1001" name="const_30">
<pin_list>
<pin id="31" dir="1" index="0" bw="1" slack="0"/>
</pin_list>
<bind>
<StgValue><ssdm name="rgb2yuv"/></StgValue>
</bind>
</comp>

<comp id="32" class="1001" name="const_32">
<pin_list>
<pin id="33" dir="1" index="0" bw="1" slack="0"/>
</pin_list>
<bind>
<StgValue><ssdm name="_ssdm_op_Read.ap_auto.i8"/></StgValue>
</bind>
</comp>

<comp id="34" class="1001" name="const_34">
<pin_list>
<pin id="35" dir="1" index="0" bw="1" slack="0"/>
</pin_list>
<bind>
<StgValue><ssdm name="yuv_scale"/></StgValue>
</bind>
</comp>

<comp id="36" class="1001" name="const_36">
<pin_list>
<pin id="37" dir="1" index="0" bw="1" slack="0"/>
</pin_list>
<bind>
<StgValue><ssdm name="yuv2rgb"/></StgValue>
</bind>
</comp>

<comp id="38" class="1001" name="const_38">
<pin_list>
<pin id="39" dir="1" index="0" bw="1" slack="2147483647"/>
</pin_list>
<bind>
<StgValue><ssdm name="_ssdm_op_SpecBitsMap"/></StgValue>
</bind>
</comp>

<comp id="40" class="1001" name="const_40">
<pin_list>
<pin id="41" dir="1" index="0" bw="1" slack="2147483647"/>
</pin_list>
<bind>
<StgValue><ssdm name="_ssdm_op_SpecTopModule"/></StgValue>
</bind>
</comp>

<comp id="42" class="1001" name="const_42">
<pin_list>
<pin id="43" dir="1" index="0" bw="1" slack="2147483647"/>
</pin_list>
<bind>
<StgValue><ssdm name="yuv_filter_str"/></StgValue>
</bind>
</comp>

<comp id="44" class="1001" name="const_44">
<pin_list>
<pin id="45" dir="1" index="0" bw="1" slack="0"/>
</pin_list>
<bind>
<StgValue><ssdm name="_ssdm_op_Write.ap_auto.i16P"/></StgValue>
</bind>
</comp>

<comp id="46" class="1004" name="p_yuv_channels_ch1_alloca_fu_46">
<pin_list>
<pin id="47" dir="0" index="0" bw="1" slack="0"/>
<pin id="48" dir="1" index="1" bw="8" slack="0"/>
</pin_list>
<bind>
<opcode="alloca(26) " fcode="alloca"/>
<opset="p_yuv_channels_ch1/1 "/>
</bind>
</comp>

<comp id="50" class="1004" name="p_yuv_channels_ch2_alloca_fu_50">
<pin_list>
<pin id="51" dir="0" index="0" bw="1" slack="0"/>
<pin id="52" dir="1" index="1" bw="8" slack="0"/>
</pin_list>
<bind>
<opcode="alloca(26) " fcode="alloca"/>
<opset="p_yuv_channels_ch2/1 "/>
</bind>
</comp>

<comp id="54" class="1004" name="p_yuv_channels_ch3_alloca_fu_54">
<pin_list>
<pin id="55" dir="0" index="0" bw="1" slack="0"/>
<pin id="56" dir="1" index="1" bw="8" slack="0"/>
</pin_list>
<bind>
<opcode="alloca(26) " fcode="alloca"/>
<opset="p_yuv_channels_ch3/1 "/>
</bind>
</comp>

<comp id="58" class="1004" name="p_scale_channels_ch1_alloca_fu_58">
<pin_list>
<pin id="59" dir="0" index="0" bw="1" slack="0"/>
<pin id="60" dir="1" index="1" bw="8" slack="2147483647"/>
</pin_list>
<bind>
<opcode="alloca(26) " fcode="alloca"/>
<opset="p_scale_channels_ch1/1 "/>
</bind>
</comp>

<comp id="62" class="1004" name="p_scale_channels_ch2_alloca_fu_62">
<pin_list>
<pin id="63" dir="0" index="0" bw="1" slack="0"/>
<pin id="64" dir="1" index="1" bw="8" slack="2147483647"/>
</pin_list>
<bind>
<opcode="alloca(26) " fcode="alloca"/>
<opset="p_scale_channels_ch2/1 "/>
</bind>
</comp>

<comp id="66" class="1004" name="p_scale_channels_ch3_alloca_fu_66">
<pin_list>
<pin id="67" dir="0" index="0" bw="1" slack="0"/>
<pin id="68" dir="1" index="1" bw="8" slack="2147483647"/>
</pin_list>
<bind>
<opcode="alloca(26) " fcode="alloca"/>
<opset="p_scale_channels_ch3/1 "/>
</bind>
</comp>

<comp id="70" class="1004" name="in_width_read_read_fu_70">
<pin_list>
<pin id="71" dir="0" index="0" bw="16" slack="0"/>
<pin id="72" dir="0" index="1" bw="16" slack="0"/>
<pin id="73" dir="1" index="2" bw="16" slack="0"/>
</pin_list>
<bind>
<opcode="read(1150) " fcode="read"/>
<opset="in_width_read/1 "/>
</bind>
</comp>

<comp id="76" class="1004" name="in_height_read_read_fu_76">
<pin_list>
<pin id="77" dir="0" index="0" bw="16" slack="0"/>
<pin id="78" dir="0" index="1" bw="16" slack="0"/>
<pin id="79" dir="1" index="2" bw="16" slack="0"/>
</pin_list>
<bind>
<opcode="read(1150) " fcode="read"/>
<opset="in_height_read/1 "/>
</bind>
</comp>

<comp id="82" class="1004" name="V_scale_read_read_fu_82">
<pin_list>
<pin id="83" dir="0" index="0" bw="8" slack="0"/>
<pin id="84" dir="0" index="1" bw="8" slack="0"/>
<pin id="85" dir="1" index="2" bw="8" slack="0"/>
</pin_list>
<bind>
<opcode="read(1150) " fcode="read"/>
<opset="V_scale_read/3 "/>
</bind>
</comp>

<comp id="88" class="1004" name="U_scale_read_read_fu_88">
<pin_list>
<pin id="89" dir="0" index="0" bw="8" slack="0"/>
<pin id="90" dir="0" index="1" bw="8" slack="0"/>
<pin id="91" dir="1" index="2" bw="8" slack="0"/>
</pin_list>
<bind>
<opcode="read(1150) " fcode="read"/>
<opset="U_scale_read/3 "/>
</bind>
</comp>

<comp id="94" class="1004" name="Y_scale_read_read_fu_94">
<pin_list>
<pin id="95" dir="0" index="0" bw="8" slack="0"/>
<pin id="96" dir="0" index="1" bw="8" slack="0"/>
<pin id="97" dir="1" index="2" bw="8" slack="0"/>
</pin_list>
<bind>
<opcode="read(1150) " fcode="read"/>
<opset="Y_scale_read/3 "/>
</bind>
</comp>

<comp id="100" class="1004" name="write_ln25_write_fu_100">
<pin_list>
<pin id="101" dir="0" index="0" bw="0" slack="0"/>
<pin id="102" dir="0" index="1" bw="16" slack="0"/>
<pin id="103" dir="0" index="2" bw="16" slack="0"/>
<pin id="104" dir="1" index="3" bw="0" slack="2147483647"/>
</pin_list>
<bind>
<opcode="write(1151) " fcode="write"/>
<opset="write_ln25/6 "/>
</bind>
</comp>

<comp id="107" class="1004" name="write_ln25_write_fu_107">
<pin_list>
<pin id="108" dir="0" index="0" bw="0" slack="0"/>
<pin id="109" dir="0" index="1" bw="16" slack="0"/>
<pin id="110" dir="0" index="2" bw="16" slack="0"/>
<pin id="111" dir="1" index="3" bw="0" slack="2147483647"/>
</pin_list>
<bind>
<opcode="write(1151) " fcode="write"/>
<opset="write_ln25/6 "/>
</bind>
</comp>

<comp id="114" class="1004" name="grp_rgb2yuv_fu_114">
<pin_list>
<pin id="115" dir="0" index="0" bw="32" slack="0"/>
<pin id="116" dir="0" index="1" bw="8" slack="0"/>
<pin id="117" dir="0" index="2" bw="8" slack="0"/>
<pin id="118" dir="0" index="3" bw="8" slack="0"/>
<pin id="119" dir="0" index="4" bw="16" slack="0"/>
<pin id="120" dir="0" index="5" bw="16" slack="0"/>
<pin id="121" dir="0" index="6" bw="8" slack="0"/>
<pin id="122" dir="0" index="7" bw="8" slack="0"/>
<pin id="123" dir="0" index="8" bw="8" slack="0"/>
<pin id="124" dir="1" index="9" bw="32" slack="0"/>
</pin_list>
<bind>
<opcode="call(48) " fcode="call"/>
<opset="call_ret/1 "/>
</bind>
</comp>

<comp id="134" class="1004" name="grp_yuv2rgb_fu_134">
<pin_list>
<pin id="135" dir="0" index="0" bw="32" slack="0"/>
<pin id="136" dir="0" index="1" bw="8" slack="2147483647"/>
<pin id="137" dir="0" index="2" bw="8" slack="2147483647"/>
<pin id="138" dir="0" index="3" bw="8" slack="2147483647"/>
<pin id="139" dir="0" index="4" bw="16" slack="1"/>
<pin id="140" dir="0" index="5" bw="16" slack="1"/>
<pin id="141" dir="0" index="6" bw="8" slack="0"/>
<pin id="142" dir="0" index="7" bw="8" slack="0"/>
<pin id="143" dir="0" index="8" bw="8" slack="0"/>
<pin id="144" dir="1" index="9" bw="32" slack="0"/>
</pin_list>
<bind>
<opcode="call(48) " fcode="call"/>
<opset="call_ret1/5 "/>
</bind>
</comp>

<comp id="149" class="1004" name="grp_yuv_scale_fu_149">
<pin_list>
<pin id="150" dir="0" index="0" bw="32" slack="0"/>
<pin id="151" dir="0" index="1" bw="8" slack="2147483647"/>
<pin id="152" dir="0" index="2" bw="8" slack="2147483647"/>
<pin id="153" dir="0" index="3" bw="8" slack="2147483647"/>
<pin id="154" dir="0" index="4" bw="16" slack="1"/>
<pin id="155" dir="0" index="5" bw="16" slack="1"/>
<pin id="156" dir="0" index="6" bw="8" slack="2147483647"/>
<pin id="157" dir="0" index="7" bw="8" slack="2147483647"/>
<pin id="158" dir="0" index="8" bw="8" slack="2147483647"/>
<pin id="159" dir="0" index="9" bw="8" slack="0"/>
<pin id="160" dir="0" index="10" bw="8" slack="0"/>
<pin id="161" dir="0" index="11" bw="8" slack="0"/>
<pin id="162" dir="1" index="12" bw="32" slack="0"/>
</pin_list>
<bind>
<opcode="call(48) " fcode="call"/>
<opset="call_ret2/3 "/>
</bind>
</comp>

<comp id="167" class="1004" name="p_yuv_width_fu_167">
<pin_list>
<pin id="168" dir="0" index="0" bw="32" slack="0"/>
<pin id="169" dir="1" index="1" bw="16" slack="1"/>
</pin_list>
<bind>
<opcode="extractvalue(56) " fcode="extractvalue"/>
<opset="p_yuv_width/2 "/>
</bind>
</comp>

<comp id="171" class="1004" name="p_yuv_height_fu_171">
<pin_list>
<pin id="172" dir="0" index="0" bw="32" slack="0"/>
<pin id="173" dir="1" index="1" bw="16" slack="1"/>
</pin_list>
<bind>
<opcode="extractvalue(56) " fcode="extractvalue"/>
<opset="p_yuv_height/2 "/>
</bind>
</comp>

<comp id="175" class="1004" name="p_scale_width_fu_175">
<pin_list>
<pin id="176" dir="0" index="0" bw="32" slack="0"/>
<pin id="177" dir="1" index="1" bw="16" slack="1"/>
</pin_list>
<bind>
<opcode="extractvalue(56) " fcode="extractvalue"/>
<opset="p_scale_width/4 "/>
</bind>
</comp>

<comp id="179" class="1004" name="p_scale_height_fu_179">
<pin_list>
<pin id="180" dir="0" index="0" bw="32" slack="0"/>
<pin id="181" dir="1" index="1" bw="16" slack="1"/>
</pin_list>
<bind>
<opcode="extractvalue(56) " fcode="extractvalue"/>
<opset="p_scale_height/4 "/>
</bind>
</comp>

<comp id="183" class="1004" name="out_width_ret_fu_183">
<pin_list>
<pin id="184" dir="0" index="0" bw="32" slack="0"/>
<pin id="185" dir="1" index="1" bw="16" slack="0"/>
</pin_list>
<bind>
<opcode="extractvalue(56) " fcode="extractvalue"/>
<opset="out_width_ret/6 "/>
</bind>
</comp>

<comp id="188" class="1004" name="out_height_ret_fu_188">
<pin_list>
<pin id="189" dir="0" index="0" bw="32" slack="0"/>
<pin id="190" dir="1" index="1" bw="16" slack="0"/>
</pin_list>
<bind>
<opcode="extractvalue(56) " fcode="extractvalue"/>
<opset="out_height_ret/6 "/>
</bind>
</comp>

<comp id="193" class="1005" name="in_width_read_reg_193">
<pin_list>
<pin id="194" dir="0" index="0" bw="16" slack="1"/>
<pin id="195" dir="1" index="1" bw="16" slack="1"/>
</pin_list>
<bind>
<opset="in_width_read "/>
</bind>
</comp>

<comp id="198" class="1005" name="in_height_read_reg_198">
<pin_list>
<pin id="199" dir="0" index="0" bw="16" slack="1"/>
<pin id="200" dir="1" index="1" bw="16" slack="1"/>
</pin_list>
<bind>
<opset="in_height_read "/>
</bind>
</comp>

<comp id="203" class="1005" name="p_yuv_width_reg_203">
<pin_list>
<pin id="204" dir="0" index="0" bw="16" slack="1"/>
<pin id="205" dir="1" index="1" bw="16" slack="1"/>
</pin_list>
<bind>
<opset="p_yuv_width "/>
</bind>
</comp>

<comp id="208" class="1005" name="p_yuv_height_reg_208">
<pin_list>
<pin id="209" dir="0" index="0" bw="16" slack="1"/>
<pin id="210" dir="1" index="1" bw="16" slack="1"/>
</pin_list>
<bind>
<opset="p_yuv_height "/>
</bind>
</comp>

<comp id="213" class="1005" name="V_scale_read_reg_213">
<pin_list>
<pin id="214" dir="0" index="0" bw="8" slack="1"/>
<pin id="215" dir="1" index="1" bw="8" slack="1"/>
</pin_list>
<bind>
<opset="V_scale_read "/>
</bind>
</comp>

<comp id="218" class="1005" name="U_scale_read_reg_218">
<pin_list>
<pin id="219" dir="0" index="0" bw="8" slack="1"/>
<pin id="220" dir="1" index="1" bw="8" slack="1"/>
</pin_list>
<bind>
<opset="U_scale_read "/>
</bind>
</comp>

<comp id="223" class="1005" name="Y_scale_read_reg_223">
<pin_list>
<pin id="224" dir="0" index="0" bw="8" slack="1"/>
<pin id="225" dir="1" index="1" bw="8" slack="1"/>
</pin_list>
<bind>
<opset="Y_scale_read "/>
</bind>
</comp>

<comp id="228" class="1005" name="p_scale_width_reg_228">
<pin_list>
<pin id="229" dir="0" index="0" bw="16" slack="1"/>
<pin id="230" dir="1" index="1" bw="16" slack="1"/>
</pin_list>
<bind>
<opset="p_scale_width "/>
</bind>
</comp>

<comp id="233" class="1005" name="p_scale_height_reg_233">
<pin_list>
<pin id="234" dir="0" index="0" bw="16" slack="1"/>
<pin id="235" dir="1" index="1" bw="16" slack="1"/>
</pin_list>
<bind>
<opset="p_scale_height "/>
</bind>
</comp>

</comp_list>

<net_list>
<net id="49"><net_src comp="26" pin="0"/><net_sink comp="46" pin=0"/></net>

<net id="53"><net_src comp="26" pin="0"/><net_sink comp="50" pin=0"/></net>

<net id="57"><net_src comp="26" pin="0"/><net_sink comp="54" pin=0"/></net>

<net id="61"><net_src comp="26" pin="0"/><net_sink comp="58" pin=0"/></net>

<net id="65"><net_src comp="26" pin="0"/><net_sink comp="62" pin=0"/></net>

<net id="69"><net_src comp="26" pin="0"/><net_sink comp="66" pin=0"/></net>

<net id="74"><net_src comp="28" pin="0"/><net_sink comp="70" pin=0"/></net>

<net id="75"><net_src comp="6" pin="0"/><net_sink comp="70" pin=1"/></net>

<net id="80"><net_src comp="28" pin="0"/><net_sink comp="76" pin=0"/></net>

<net id="81"><net_src comp="8" pin="0"/><net_sink comp="76" pin=1"/></net>

<net id="86"><net_src comp="32" pin="0"/><net_sink comp="82" pin=0"/></net>

<net id="87"><net_src comp="24" pin="0"/><net_sink comp="82" pin=1"/></net>

<net id="92"><net_src comp="32" pin="0"/><net_sink comp="88" pin=0"/></net>

<net id="93"><net_src comp="22" pin="0"/><net_sink comp="88" pin=1"/></net>

<net id="98"><net_src comp="32" pin="0"/><net_sink comp="94" pin=0"/></net>

<net id="99"><net_src comp="20" pin="0"/><net_sink comp="94" pin=1"/></net>

<net id="105"><net_src comp="44" pin="0"/><net_sink comp="100" pin=0"/></net>

<net id="106"><net_src comp="16" pin="0"/><net_sink comp="100" pin=1"/></net>

<net id="112"><net_src comp="44" pin="0"/><net_sink comp="107" pin=0"/></net>

<net id="113"><net_src comp="18" pin="0"/><net_sink comp="107" pin=1"/></net>

<net id="125"><net_src comp="30" pin="0"/><net_sink comp="114" pin=0"/></net>

<net id="126"><net_src comp="0" pin="0"/><net_sink comp="114" pin=1"/></net>

<net id="127"><net_src comp="2" pin="0"/><net_sink comp="114" pin=2"/></net>

<net id="128"><net_src comp="4" pin="0"/><net_sink comp="114" pin=3"/></net>

<net id="129"><net_src comp="70" pin="2"/><net_sink comp="114" pin=4"/></net>

<net id="130"><net_src comp="76" pin="2"/><net_sink comp="114" pin=5"/></net>

<net id="131"><net_src comp="46" pin="1"/><net_sink comp="114" pin=6"/></net>

<net id="132"><net_src comp="50" pin="1"/><net_sink comp="114" pin=7"/></net>

<net id="133"><net_src comp="54" pin="1"/><net_sink comp="114" pin=8"/></net>

<net id="145"><net_src comp="36" pin="0"/><net_sink comp="134" pin=0"/></net>

<net id="146"><net_src comp="10" pin="0"/><net_sink comp="134" pin=6"/></net>

<net id="147"><net_src comp="12" pin="0"/><net_sink comp="134" pin=7"/></net>

<net id="148"><net_src comp="14" pin="0"/><net_sink comp="134" pin=8"/></net>

<net id="163"><net_src comp="34" pin="0"/><net_sink comp="149" pin=0"/></net>

<net id="164"><net_src comp="94" pin="2"/><net_sink comp="149" pin=9"/></net>

<net id="165"><net_src comp="88" pin="2"/><net_sink comp="149" pin=10"/></net>

<net id="166"><net_src comp="82" pin="2"/><net_sink comp="149" pin=11"/></net>

<net id="170"><net_src comp="114" pin="9"/><net_sink comp="167" pin=0"/></net>

<net id="174"><net_src comp="114" pin="9"/><net_sink comp="171" pin=0"/></net>

<net id="178"><net_src comp="149" pin="12"/><net_sink comp="175" pin=0"/></net>

<net id="182"><net_src comp="149" pin="12"/><net_sink comp="179" pin=0"/></net>

<net id="186"><net_src comp="134" pin="9"/><net_sink comp="183" pin=0"/></net>

<net id="187"><net_src comp="183" pin="1"/><net_sink comp="100" pin=2"/></net>

<net id="191"><net_src comp="134" pin="9"/><net_sink comp="188" pin=0"/></net>

<net id="192"><net_src comp="188" pin="1"/><net_sink comp="107" pin=2"/></net>

<net id="196"><net_src comp="70" pin="2"/><net_sink comp="193" pin=0"/></net>

<net id="197"><net_src comp="193" pin="1"/><net_sink comp="114" pin=4"/></net>

<net id="201"><net_src comp="76" pin="2"/><net_sink comp="198" pin=0"/></net>

<net id="202"><net_src comp="198" pin="1"/><net_sink comp="114" pin=5"/></net>

<net id="206"><net_src comp="167" pin="1"/><net_sink comp="203" pin=0"/></net>

<net id="207"><net_src comp="203" pin="1"/><net_sink comp="149" pin=4"/></net>

<net id="211"><net_src comp="171" pin="1"/><net_sink comp="208" pin=0"/></net>

<net id="212"><net_src comp="208" pin="1"/><net_sink comp="149" pin=5"/></net>

<net id="216"><net_src comp="82" pin="2"/><net_sink comp="213" pin=0"/></net>

<net id="217"><net_src comp="213" pin="1"/><net_sink comp="149" pin=11"/></net>

<net id="221"><net_src comp="88" pin="2"/><net_sink comp="218" pin=0"/></net>

<net id="222"><net_src comp="218" pin="1"/><net_sink comp="149" pin=10"/></net>

<net id="226"><net_src comp="94" pin="2"/><net_sink comp="223" pin=0"/></net>

<net id="227"><net_src comp="223" pin="1"/><net_sink comp="149" pin=9"/></net>

<net id="231"><net_src comp="175" pin="1"/><net_sink comp="228" pin=0"/></net>

<net id="232"><net_src comp="228" pin="1"/><net_sink comp="134" pin=4"/></net>

<net id="236"><net_src comp="179" pin="1"/><net_sink comp="233" pin=0"/></net>

<net id="237"><net_src comp="233" pin="1"/><net_sink comp="134" pin=5"/></net>

</net_list>

</model> 
---------------- Datapath Model END ------------------

* FSMD analyzer results:
  - Output states:
	Port: out_channels_ch1 | {5 6 }
	Port: out_channels_ch2 | {5 6 }
	Port: out_channels_ch3 | {5 6 }
	Port: out_width | {6 }
	Port: out_height | {6 }
 - Input state : 
	Port: yuv_filter : in_channels_ch1 | {1 2 }
	Port: yuv_filter : in_channels_ch2 | {1 2 }
	Port: yuv_filter : in_channels_ch3 | {1 2 }
	Port: yuv_filter : in_width | {1 }
	Port: yuv_filter : in_height | {1 }
	Port: yuv_filter : Y_scale | {3 }
	Port: yuv_filter : U_scale | {3 }
	Port: yuv_filter : V_scale | {3 }
  - Chain level:
	State 1
	State 2
		p_yuv_width : 1
		p_yuv_height : 1
	State 3
	State 4
		p_scale_width : 1
		p_scale_height : 1
	State 5
	State 6
		out_width_ret : 1
		write_ln25 : 2
		out_height_ret : 1
		write_ln25 : 2


============================================================
+ Verbose Summary: Datapath Resource usage 
============================================================

* Functional unit list:
|----------|---------------------------|---------|---------|---------|---------|
| Operation|      Functional Unit      |  DSP48E |  Delay  |    FF   |   LUT   |
|----------|---------------------------|---------|---------|---------|---------|
|          |     grp_rgb2yuv_fu_114    |    4    |  17.69  |   524   |   625   |
|   call   |     grp_yuv2rgb_fu_134    |    4    |  15.921 |   515   |   511   |
|          |    grp_yuv_scale_fu_149   |    1    |  10.614 |   481   |   371   |
|----------|---------------------------|---------|---------|---------|---------|
|          |  in_width_read_read_fu_70 |    0    |    0    |    0    |    0    |
|          | in_height_read_read_fu_76 |    0    |    0    |    0    |    0    |
|   read   |  V_scale_read_read_fu_82  |    0    |    0    |    0    |    0    |
|          |  U_scale_read_read_fu_88  |    0    |    0    |    0    |    0    |
|          |  Y_scale_read_read_fu_94  |    0    |    0    |    0    |    0    |
|----------|---------------------------|---------|---------|---------|---------|
|   write  |  write_ln25_write_fu_100  |    0    |    0    |    0    |    0    |
|          |  write_ln25_write_fu_107  |    0    |    0    |    0    |    0    |
|----------|---------------------------|---------|---------|---------|---------|
|          |     p_yuv_width_fu_167    |    0    |    0    |    0    |    0    |
|          |    p_yuv_height_fu_171    |    0    |    0    |    0    |    0    |
|extractvalue|    p_scale_width_fu_175   |    0    |    0    |    0    |    0    |
|          |   p_scale_height_fu_179   |    0    |    0    |    0    |    0    |
|          |    out_width_ret_fu_183   |    0    |    0    |    0    |    0    |
|          |   out_height_ret_fu_188   |    0    |    0    |    0    |    0    |
|----------|---------------------------|---------|---------|---------|---------|
|   Total  |                           |    9    |  44.225 |   1520  |   1507  |
|----------|---------------------------|---------|---------|---------|---------|

Memories:
+--------------------+--------+--------+--------+--------+
|                    |  BRAM  |   FF   |   LUT  |  URAM  |
+--------------------+--------+--------+--------+--------+
|p_scale_channels_ch1|  2048  |   16   |    0   |    0   |
|p_scale_channels_ch2|  2048  |   16   |    0   |    0   |
|p_scale_channels_ch3|  2048  |   16   |    0   |    0   |
| p_yuv_channels_ch1 |  2048  |   16   |    0   |    0   |
| p_yuv_channels_ch2 |  2048  |   16   |    0   |    0   |
| p_yuv_channels_ch3 |  2048  |   16   |    0   |    0   |
+--------------------+--------+--------+--------+--------+
|        Total       |  12288 |   96   |    0   |    0   |
+--------------------+--------+--------+--------+--------+

* Register list:
+----------------------+--------+
|                      |   FF   |
+----------------------+--------+
| U_scale_read_reg_218 |    8   |
| V_scale_read_reg_213 |    8   |
| Y_scale_read_reg_223 |    8   |
|in_height_read_reg_198|   16   |
| in_width_read_reg_193|   16   |
|p_scale_height_reg_233|   16   |
| p_scale_width_reg_228|   16   |
| p_yuv_height_reg_208 |   16   |
|  p_yuv_width_reg_203 |   16   |
+----------------------+--------+
|         Total        |   120  |
+----------------------+--------+

* Multiplexer (MUX) list: 
|----------------------|------|------|------|--------||---------||---------|
|         Comp         |  Pin | Size |  BW  | S x BW ||  Delay  ||   LUT   |
|----------------------|------|------|------|--------||---------||---------|
|  grp_rgb2yuv_fu_114  |  p4  |   2  |  16  |   32   ||    9    |
|  grp_rgb2yuv_fu_114  |  p5  |   2  |  16  |   32   ||    9    |
| grp_yuv_scale_fu_149 |  p9  |   2  |   8  |   16   ||    9    |
| grp_yuv_scale_fu_149 |  p10 |   2  |   8  |   16   ||    9    |
| grp_yuv_scale_fu_149 |  p11 |   2  |   8  |   16   ||    9    |
|----------------------|------|------|------|--------||---------||---------|
|         Total        |      |      |      |   112  ||  8.845  ||    45   |
|----------------------|------|------|------|--------||---------||---------|



* Summary:
+-----------+--------+--------+--------+--------+--------+--------+
|           |  BRAM  | DSP48E |  Delay |   FF   |   LUT  |  URAM  |
+-----------+--------+--------+--------+--------+--------+--------+
|  Function |    -   |    9   |   44   |  1520  |  1507  |    -   |
|   Memory  |  12288 |    -   |    -   |   96   |    0   |    0   |
|Multiplexer|    -   |    -   |    8   |    -   |   45   |    -   |
|  Register |    -   |    -   |    -   |   120  |    -   |    -   |
+-----------+--------+--------+--------+--------+--------+--------+
|   Total   |  12288 |    9   |   53   |  1736  |  1552  |    0   |
+-----------+--------+--------+--------+--------+--------+--------+
