INFO-FLOW: Workspace D:/repo/high-level-synthesis-flow-on-zynq-using-vivado-hls/source/lab2/yuv_filter.prj/solution1 opened at Sun Aug 02 04:09:10 +0800 2020
Execute     config_clock -quiet -name default -period 10 -default=false 
INFO: [SYN 201-201] Setting up clock 'default' with a period of 10ns.
Execute     open_platform DefaultPlatform 
Execute     import_lib D:/Xilinx/Vivado/2020.1/common/technology/xilinx/zynq/zynq 
Execute       source D:/Xilinx/Vivado/2020.1/common/technology/xilinx/common/xilinx.lib 
Execute         source D:/Xilinx/Vivado/2020.1/common/technology/xilinx/interface/xilinx_interface.lib 
Execute           source D:/Xilinx/Vivado/2020.1/common/technology/xilinx/interface/plb46.lib 
Execute           source D:/Xilinx/Vivado/2020.1/common/technology/xilinx/interface/fsl.lib 
Execute           source D:/Xilinx/Vivado/2020.1/common/technology/xilinx/interface/axi4.lib 
Execute           source D:/Xilinx/Vivado/2020.1/common/technology/xilinx/interface/maxi.lib 
Execute           source D:/Xilinx/Vivado/2020.1/common/technology/xilinx/interface/saxilite.lib 
Execute         source D:/Xilinx/Vivado/2020.1/common/technology/xilinx/common/dsp48.lib 
Execute         source D:/Xilinx/Vivado/2020.1/common/technology/xilinx/ip/dds_compiler.lib 
Execute         source D:/Xilinx/Vivado/2020.1/common/technology/xilinx/ip/xfft.lib 
Execute         source D:/Xilinx/Vivado/2020.1/common/technology/xilinx/ip/xfir.lib 
Execute       source D:/Xilinx/Vivado/2020.1/common/technology/xilinx/common/xilinx.hlp 
Execute         source D:/Xilinx/Vivado/2020.1/common/technology/xilinx/common/target_info.tcl 
Execute         source D:/Xilinx/Vivado/2020.1/common/technology/xilinx/interface/xilinx_interface.hlp 
Execute           source D:/Xilinx/Vivado/2020.1/common/technology/xilinx/interface/maxi.hlp 
Execute           source D:/Xilinx/Vivado/2020.1/common/technology/xilinx/interface/saxilite.hlp 
Execute         source D:/Xilinx/Vivado/2020.1/common/technology/xilinx/common/dsp48.hlp 
Execute       source D:/Xilinx/Vivado/2020.1/common/technology/xilinx/zynq/dsp48e1.hlp 
Execute       source D:/Xilinx/Vivado/2020.1/common/technology/xilinx/common/xilinx.hlp 
Execute         source D:/Xilinx/Vivado/2020.1/common/technology/xilinx/common/target_info.tcl 
Execute         source D:/Xilinx/Vivado/2020.1/common/technology/xilinx/interface/xilinx_interface.hlp 
Execute           source D:/Xilinx/Vivado/2020.1/common/technology/xilinx/interface/maxi.hlp 
Execute           source D:/Xilinx/Vivado/2020.1/common/technology/xilinx/interface/saxilite.hlp 
Execute         source D:/Xilinx/Vivado/2020.1/common/technology/xilinx/common/dsp48.hlp 
Execute     source D:/Xilinx/Vivado/2020.1/common/technology/xilinx/zynq/zynq.gen 
Execute       source D:/Xilinx/Vivado/2020.1/common/technology/xilinx/common/xilinx.gen 
Execute         source D:/Xilinx/Vivado/2020.1/common/technology/xilinx/interface/plb46.gen 
Execute         source D:/Xilinx/Vivado/2020.1/common/technology/xilinx/interface/fsl.gen 
Execute         source D:/Xilinx/Vivado/2020.1/common/technology/xilinx/interface/axi4.gen 
Execute         source D:/Xilinx/Vivado/2020.1/common/technology/xilinx/interface/nativeAXI4.gen 
Execute           source D:/Xilinx/Vivado/2020.1/common/technology/xilinx/interface/saxilite.gen 
Execute           source D:/Xilinx/Vivado/2020.1/common/technology/xilinx/interface/maxi.gen 
Execute         source D:/Xilinx/Vivado/2020.1/common/technology/xilinx/scripts/xilinxcoregen.gen 
Execute         source D:/Xilinx/Vivado/2020.1/common/technology/xilinx/interface/XilEDKCoreGen.gen 
Execute         source D:/Xilinx/Vivado/2020.1/common/technology/xilinx/ip/dds_compiler.gen 
Execute         source D:/Xilinx/Vivado/2020.1/common/technology/xilinx/ip/util.gen 
Execute         source D:/Xilinx/Vivado/2020.1/common/technology/xilinx/ip/xfft.gen 
Command         ap_source done; 0.102 sec.
Execute         source D:/Xilinx/Vivado/2020.1/common/technology/xilinx/ip/xfir.gen 
Execute         source D:/Xilinx/Vivado/2020.1/common/technology/xilinx/common/dsp48.gen 
Command       ap_source done; 0.163 sec.
Command     ap_source done; 0.164 sec.
Execute     open_platform DefaultPlatform 
Execute     import_lib D:/Xilinx/Vivado/2020.1/common/technology/xilinx/zynq/zynq_fpv6 
Execute       source D:/Xilinx/Vivado/2020.1/common/technology/xilinx/common/xilinx_fp.lib 
Execute       source D:/Xilinx/Vivado/2020.1/common/technology/xilinx/common/xilinx_fp.hlp 
Execute         source D:/Xilinx/Vivado/2020.1/common/technology/xilinx/common/xilinx.hlp 
Execute           source D:/Xilinx/Vivado/2020.1/common/technology/xilinx/common/target_info.tcl 
Execute           source D:/Xilinx/Vivado/2020.1/common/technology/xilinx/interface/xilinx_interface.hlp 
Execute             source D:/Xilinx/Vivado/2020.1/common/technology/xilinx/interface/maxi.hlp 
Execute             source D:/Xilinx/Vivado/2020.1/common/technology/xilinx/interface/saxilite.hlp 
Execute           source D:/Xilinx/Vivado/2020.1/common/technology/xilinx/common/dsp48.hlp 
Execute     source D:/Xilinx/Vivado/2020.1/common/technology/xilinx/zynq/zynq_fpv6.gen 
Execute       source D:/Xilinx/Vivado/2020.1/common/technology/xilinx/common/xilinx_fp.gen 
Execute     set_part xc7z020-clg400-1 
Execute       ap_part_info -name xc7z020-clg400-1 -data single -quiet 
Command       ap_part_info done; 1.107 sec.
Execute       ap_part_info -name xc7z020-clg400-1 -data info 
Execute       add_library xilinx/zynq/zynq:xc7z020:-clg400:-1 
Execute         get_default_platform 
Execute         open_platform DefaultPlatform 
Execute         import_lib D:/Xilinx/Vivado/2020.1/common/technology/xilinx/zynq/zynq 
Execute           source D:/Xilinx/Vivado/2020.1/common/technology/xilinx/common/xilinx.lib 
Execute             source D:/Xilinx/Vivado/2020.1/common/technology/xilinx/interface/xilinx_interface.lib 
Execute               source D:/Xilinx/Vivado/2020.1/common/technology/xilinx/interface/plb46.lib 
Execute               source D:/Xilinx/Vivado/2020.1/common/technology/xilinx/interface/fsl.lib 
Execute               source D:/Xilinx/Vivado/2020.1/common/technology/xilinx/interface/axi4.lib 
Execute               source D:/Xilinx/Vivado/2020.1/common/technology/xilinx/interface/maxi.lib 
Execute               source D:/Xilinx/Vivado/2020.1/common/technology/xilinx/interface/saxilite.lib 
Execute             source D:/Xilinx/Vivado/2020.1/common/technology/xilinx/common/dsp48.lib 
Execute             source D:/Xilinx/Vivado/2020.1/common/technology/xilinx/ip/dds_compiler.lib 
Execute             source D:/Xilinx/Vivado/2020.1/common/technology/xilinx/ip/xfft.lib 
Execute             source D:/Xilinx/Vivado/2020.1/common/technology/xilinx/ip/xfir.lib 
Execute           source D:/Xilinx/Vivado/2020.1/common/technology/xilinx/common/xilinx.hlp 
Execute             source D:/Xilinx/Vivado/2020.1/common/technology/xilinx/common/target_info.tcl 
Execute             source D:/Xilinx/Vivado/2020.1/common/technology/xilinx/interface/xilinx_interface.hlp 
Execute               source D:/Xilinx/Vivado/2020.1/common/technology/xilinx/interface/maxi.hlp 
Execute               source D:/Xilinx/Vivado/2020.1/common/technology/xilinx/interface/saxilite.hlp 
Execute             source D:/Xilinx/Vivado/2020.1/common/technology/xilinx/common/dsp48.hlp 
Execute           source D:/Xilinx/Vivado/2020.1/common/technology/xilinx/zynq/dsp48e1.hlp 
Execute           source D:/Xilinx/Vivado/2020.1/common/technology/xilinx/common/xilinx.hlp 
Execute             source D:/Xilinx/Vivado/2020.1/common/technology/xilinx/common/target_info.tcl 
Execute             source D:/Xilinx/Vivado/2020.1/common/technology/xilinx/interface/xilinx_interface.hlp 
Execute               source D:/Xilinx/Vivado/2020.1/common/technology/xilinx/interface/maxi.hlp 
Execute               source D:/Xilinx/Vivado/2020.1/common/technology/xilinx/interface/saxilite.hlp 
Execute             source D:/Xilinx/Vivado/2020.1/common/technology/xilinx/common/dsp48.hlp 
Execute         source D:/Xilinx/Vivado/2020.1/common/technology/xilinx/zynq/zynq.gen 
Execute           source D:/Xilinx/Vivado/2020.1/common/technology/xilinx/common/xilinx.gen 
Execute             source D:/Xilinx/Vivado/2020.1/common/technology/xilinx/interface/plb46.gen 
Execute             source D:/Xilinx/Vivado/2020.1/common/technology/xilinx/interface/fsl.gen 
Execute             source D:/Xilinx/Vivado/2020.1/common/technology/xilinx/interface/axi4.gen 
Execute             source D:/Xilinx/Vivado/2020.1/common/technology/xilinx/interface/nativeAXI4.gen 
Execute               source D:/Xilinx/Vivado/2020.1/common/technology/xilinx/interface/saxilite.gen 
Execute               source D:/Xilinx/Vivado/2020.1/common/technology/xilinx/interface/maxi.gen 
Execute             source D:/Xilinx/Vivado/2020.1/common/technology/xilinx/scripts/xilinxcoregen.gen 
Execute             source D:/Xilinx/Vivado/2020.1/common/technology/xilinx/interface/XilEDKCoreGen.gen 
Execute             source D:/Xilinx/Vivado/2020.1/common/technology/xilinx/ip/dds_compiler.gen 
Execute             source D:/Xilinx/Vivado/2020.1/common/technology/xilinx/ip/util.gen 
Execute             source D:/Xilinx/Vivado/2020.1/common/technology/xilinx/ip/xfft.gen 
Command             ap_source done; 0.116 sec.
Execute             source D:/Xilinx/Vivado/2020.1/common/technology/xilinx/ip/xfir.gen 
Execute             source D:/Xilinx/Vivado/2020.1/common/technology/xilinx/common/dsp48.gen 
Command           ap_source done; 0.167 sec.
Command         ap_source done; 0.167 sec.
Execute         ap_part_info -data single -name xc7z020-clg400-1 
Execute         ap_part_info -name xc7z020-clg400-1 -data resources 
Execute         ap_part_info -name xc7z020-clg400-1 -data info 
Execute         ap_part_info -name xc7z020-clg400-1 -data info 
Execute         config_chip_info -quiet -resource {SLICE 13300} {LUT 53200} {FF 106400} {DSP48E 220} {BRAM 280} {URAM 0} 
Execute         ap_part_info -name xc7z020-clg400-1 -data info 
Execute         config_chip_info -quiet -speed slow 
Command       add_library done; 0.305 sec.
Execute       add_library xilinx/zynq/zynq_fpv6 
Execute         get_default_platform 
Execute         open_platform DefaultPlatform 
Execute         import_lib D:/Xilinx/Vivado/2020.1/common/technology/xilinx/zynq/zynq_fpv6 
Execute           source D:/Xilinx/Vivado/2020.1/common/technology/xilinx/common/xilinx_fp.lib 
Execute           source D:/Xilinx/Vivado/2020.1/common/technology/xilinx/common/xilinx_fp.hlp 
Execute             source D:/Xilinx/Vivado/2020.1/common/technology/xilinx/common/xilinx.hlp 
Execute               source D:/Xilinx/Vivado/2020.1/common/technology/xilinx/common/target_info.tcl 
Execute               source D:/Xilinx/Vivado/2020.1/common/technology/xilinx/interface/xilinx_interface.hlp 
Execute                 source D:/Xilinx/Vivado/2020.1/common/technology/xilinx/interface/maxi.hlp 
Execute                 source D:/Xilinx/Vivado/2020.1/common/technology/xilinx/interface/saxilite.hlp 
Execute               source D:/Xilinx/Vivado/2020.1/common/technology/xilinx/common/dsp48.hlp 
Execute         source D:/Xilinx/Vivado/2020.1/common/technology/xilinx/zynq/zynq_fpv6.gen 
Execute           source D:/Xilinx/Vivado/2020.1/common/technology/xilinx/common/xilinx_fp.gen 
INFO: [HLS 200-10] Setting target device to 'xc7z020-clg400-1'
Execute       ap_part_info -name xc7z020-clg400-1 -data info 
Execute       get_default_platform 
Command     set_part done; 1.608 sec.
Execute     ap_part_info -data single -name xc7z020-clg400-1 
Execute     ap_part_info -name xc7z020-clg400-1 -data resources 
Execute     ap_part_info -name xc7z020-clg400-1 -data info 
Execute     ap_part_info -name xc7z020-clg400-1 -data info 
Execute     config_chip_info -quiet -resource {SLICE 13300} {LUT 53200} {FF 106400} {DSP48E 220} {BRAM 280} {URAM 0} 
Execute     ap_part_info -name xc7z020-clg400-1 -data info 
Execute     config_chip_info -quiet -speed slow 
Command   open_solution done; 1.982 sec.
Execute   set_part xc7z020-clg400-1 
Execute     ap_part_info -name xc7z020-clg400-1 -data single -quiet 
Execute     ap_part_info -name xc7z020-clg400-1 -data info 
Execute     add_library xilinx/zynq/zynq:xc7z020:-clg400:-1 
Execute       get_default_platform 
Execute       open_platform DefaultPlatform 
Execute       import_lib D:/Xilinx/Vivado/2020.1/common/technology/xilinx/zynq/zynq 
Execute         source D:/Xilinx/Vivado/2020.1/common/technology/xilinx/common/xilinx.lib 
Execute           source D:/Xilinx/Vivado/2020.1/common/technology/xilinx/interface/xilinx_interface.lib 
Execute             source D:/Xilinx/Vivado/2020.1/common/technology/xilinx/interface/plb46.lib 
Execute             source D:/Xilinx/Vivado/2020.1/common/technology/xilinx/interface/fsl.lib 
Execute             source D:/Xilinx/Vivado/2020.1/common/technology/xilinx/interface/axi4.lib 
Execute             source D:/Xilinx/Vivado/2020.1/common/technology/xilinx/interface/maxi.lib 
Execute             source D:/Xilinx/Vivado/2020.1/common/technology/xilinx/interface/saxilite.lib 
Execute           source D:/Xilinx/Vivado/2020.1/common/technology/xilinx/common/dsp48.lib 
Execute           source D:/Xilinx/Vivado/2020.1/common/technology/xilinx/ip/dds_compiler.lib 
Execute           source D:/Xilinx/Vivado/2020.1/common/technology/xilinx/ip/xfft.lib 
Execute           source D:/Xilinx/Vivado/2020.1/common/technology/xilinx/ip/xfir.lib 
Execute         source D:/Xilinx/Vivado/2020.1/common/technology/xilinx/common/xilinx.hlp 
Execute           source D:/Xilinx/Vivado/2020.1/common/technology/xilinx/common/target_info.tcl 
Execute           source D:/Xilinx/Vivado/2020.1/common/technology/xilinx/interface/xilinx_interface.hlp 
Execute             source D:/Xilinx/Vivado/2020.1/common/technology/xilinx/interface/maxi.hlp 
Execute             source D:/Xilinx/Vivado/2020.1/common/technology/xilinx/interface/saxilite.hlp 
Execute           source D:/Xilinx/Vivado/2020.1/common/technology/xilinx/common/dsp48.hlp 
Execute         source D:/Xilinx/Vivado/2020.1/common/technology/xilinx/zynq/dsp48e1.hlp 
Execute         source D:/Xilinx/Vivado/2020.1/common/technology/xilinx/common/xilinx.hlp 
Execute           source D:/Xilinx/Vivado/2020.1/common/technology/xilinx/common/target_info.tcl 
Execute           source D:/Xilinx/Vivado/2020.1/common/technology/xilinx/interface/xilinx_interface.hlp 
Execute             source D:/Xilinx/Vivado/2020.1/common/technology/xilinx/interface/maxi.hlp 
Execute             source D:/Xilinx/Vivado/2020.1/common/technology/xilinx/interface/saxilite.hlp 
Execute           source D:/Xilinx/Vivado/2020.1/common/technology/xilinx/common/dsp48.hlp 
Execute       source D:/Xilinx/Vivado/2020.1/common/technology/xilinx/zynq/zynq.gen 
Execute         source D:/Xilinx/Vivado/2020.1/common/technology/xilinx/common/xilinx.gen 
Execute           source D:/Xilinx/Vivado/2020.1/common/technology/xilinx/interface/plb46.gen 
Execute           source D:/Xilinx/Vivado/2020.1/common/technology/xilinx/interface/fsl.gen 
Execute           source D:/Xilinx/Vivado/2020.1/common/technology/xilinx/interface/axi4.gen 
Execute           source D:/Xilinx/Vivado/2020.1/common/technology/xilinx/interface/nativeAXI4.gen 
Execute             source D:/Xilinx/Vivado/2020.1/common/technology/xilinx/interface/saxilite.gen 
Execute             source D:/Xilinx/Vivado/2020.1/common/technology/xilinx/interface/maxi.gen 
Execute           source D:/Xilinx/Vivado/2020.1/common/technology/xilinx/scripts/xilinxcoregen.gen 
Execute           source D:/Xilinx/Vivado/2020.1/common/technology/xilinx/interface/XilEDKCoreGen.gen 
Execute           source D:/Xilinx/Vivado/2020.1/common/technology/xilinx/ip/dds_compiler.gen 
Execute           source D:/Xilinx/Vivado/2020.1/common/technology/xilinx/ip/util.gen 
Execute           source D:/Xilinx/Vivado/2020.1/common/technology/xilinx/ip/xfft.gen 
Command           ap_source done; 0.106 sec.
Execute           source D:/Xilinx/Vivado/2020.1/common/technology/xilinx/ip/xfir.gen 
Execute           source D:/Xilinx/Vivado/2020.1/common/technology/xilinx/common/dsp48.gen 
Command         ap_source done; 0.164 sec.
Command       ap_source done; 0.165 sec.
Execute       ap_part_info -data single -name xc7z020-clg400-1 
Execute       ap_part_info -name xc7z020-clg400-1 -data resources 
Execute       ap_part_info -name xc7z020-clg400-1 -data info 
Execute       ap_part_info -name xc7z020-clg400-1 -data info 
Execute       config_chip_info -quiet -resource {SLICE 13300} {LUT 53200} {FF 106400} {DSP48E 220} {BRAM 280} {URAM 0} 
Execute       ap_part_info -name xc7z020-clg400-1 -data info 
Execute       config_chip_info -quiet -speed slow 
Command     add_library done; 0.294 sec.
Execute     add_library xilinx/zynq/zynq_fpv6 
Execute       get_default_platform 
Execute       open_platform DefaultPlatform 
Execute       import_lib D:/Xilinx/Vivado/2020.1/common/technology/xilinx/zynq/zynq_fpv6 
Execute         source D:/Xilinx/Vivado/2020.1/common/technology/xilinx/common/xilinx_fp.lib 
Execute         source D:/Xilinx/Vivado/2020.1/common/technology/xilinx/common/xilinx_fp.hlp 
Execute           source D:/Xilinx/Vivado/2020.1/common/technology/xilinx/common/xilinx.hlp 
Execute             source D:/Xilinx/Vivado/2020.1/common/technology/xilinx/common/target_info.tcl 
Execute             source D:/Xilinx/Vivado/2020.1/common/technology/xilinx/interface/xilinx_interface.hlp 
Execute               source D:/Xilinx/Vivado/2020.1/common/technology/xilinx/interface/maxi.hlp 
Execute               source D:/Xilinx/Vivado/2020.1/common/technology/xilinx/interface/saxilite.hlp 
Execute             source D:/Xilinx/Vivado/2020.1/common/technology/xilinx/common/dsp48.hlp 
Execute       source D:/Xilinx/Vivado/2020.1/common/technology/xilinx/zynq/zynq_fpv6.gen 
Execute         source D:/Xilinx/Vivado/2020.1/common/technology/xilinx/common/xilinx_fp.gen 
Execute     ap_part_info -name xc7z020-clg400-1 -data info 
Execute     get_default_platform 
Command   set_part done; 0.487 sec.
Execute   create_clock -period 10 -name default 
Execute   csynth_design 
Execute     get_config_compile -dump_cfg 
Execute     get_config_compile -effort 
Execute     get_config_compile -enable_clang39 
Execute     get_config_compile -g 
Execute     get_config_compile -ng 
Execute     get_config_compile -opt_fp 
Execute     get_config_compile -skip_cdt 
Execute     get_config_compile -skip_syncheck 
Execute     get_config_compile -skip_transform 
Execute     get_config_compile -keep_printf 
Execute     elaborate -effort=medium -skip_syncheck=0 -keep_printf=0 -skip_cdt=0 -skip_transform=0 -ng=0 -g=0 -opt_fp=0 -from_csynth_design=1 
Execute       get_config_schedule -relax_ii_for_timing 
INFO: [SCHED 204-61] Option 'relax_ii_for_timing' is enabled, will increase II to preserve clock frequency constraints.
Execute       get_config_schedule -suppress_dependence_error_break 
INFO: [HLS 200-10] Analyzing design file 'yuv_filter.c' ... 
INFO-FLOW: Compiling one TU...
Execute       is_m_axi_addr64 
INFO-FLOW: Handling yuv_filter.c as C
Execute       ap_part_info -name xc7z020-clg400-1 -data info 
Execute       is_encrypted yuv_filter.c 
INFO-FLOW: Running: GCC PP
INFO-FLOW: Source preprocessing
Execute       clang  -fno-limit-debug-info -gcc-toolchain "D:/Xilinx/Vivado/2020.1/msys" -hls  -fno-exceptions  -D__llvm__  -E "yuv_filter.c"     -fno-math-errno -c -emit-llvm -O0  -mllvm -disable-llvm-optzns -std=gnu89   -DAESL_SYN -D__SYNTHESIS__ -D__HLS_SYN__ -I "D:/Xilinx/Vivado/2020.1/common/technology/autopilot" -I "D:/Xilinx/Vivado/2020.1/common/technology/autopilot/ap_sysc" -include etc/autopilot_ssdm_op.h -D__DSP48E1__ -D__cdecl=  -o "D:/repo/high-level-synthesis-flow-on-zynq-using-vivado-hls/source/lab2/yuv_filter.prj/solution1/.autopilot/db/yuv_filter.pp.0.c" 
INFO-FLOW: exec D:/Xilinx/Vivado/2020.1/win64/tools/clang/bin/clang -fno-limit-debug-info -gcc-toolchain D:/Xilinx/Vivado/2020.1/msys -hls -fno-exceptions -D__llvm__ -E yuv_filter.c -fno-math-errno -c -emit-llvm -O0 -mllvm -disable-llvm-optzns -std=gnu89 -DAESL_SYN -D__SYNTHESIS__ -D__HLS_SYN__ -I D:/Xilinx/Vivado/2020.1/common/technology/autopilot -I D:/Xilinx/Vivado/2020.1/common/technology/autopilot/ap_sysc -include etc/autopilot_ssdm_op.h -D__DSP48E1__ -D__cdecl= -o D:/repo/high-level-synthesis-flow-on-zynq-using-vivado-hls/source/lab2/yuv_filter.prj/solution1/.autopilot/db/yuv_filter.pp.0.c
Command       clang done; 2.416 sec.
Execute       tidy_31 xilinx-xfmat-array-geometry D:/repo/high-level-synthesis-flow-on-zynq-using-vivado-hls/source/lab2/yuv_filter.prj/solution1/.autopilot/db/yuv_filter.pp.0.c std=gnu89 
INFO-FLOW: exec D:/Xilinx/Vivado/2020.1/win64/tools/clang-3.9-csynth/bin/tidy-3.1 -header-filter=.* -checks=-*,xilinx-xfmat-array-geometry -quiet -fix D:/repo/high-level-synthesis-flow-on-zynq-using-vivado-hls/source/lab2/yuv_filter.prj/solution1/.autopilot/db/yuv_filter.pp.0.c -- -std=gnu89 -fhls -ferror-limit=0
Command       tidy_31 done; 0.267 sec.
INFO-FLOW: Syntax Checking before pre-processing...
Execute       clang -syntaxcheck -src D:/repo/high-level-synthesis-flow-on-zynq-using-vivado-hls/source/lab2/yuv_filter.prj/solution1/.autopilot/db/yuv_filter.pp.0.c  -fno-limit-debug-info -gcc-toolchain "D:/Xilinx/Vivado/2020.1/msys" -hls    -fno-math-errno -c -emit-llvm -O0  -mllvm -disable-llvm-optzns -std=gnu89   -DAESL_SYN -D__SYNTHESIS__ -D__HLS_SYN__ -I "D:/Xilinx/Vivado/2020.1/common/technology/autopilot" -I "D:/Xilinx/Vivado/2020.1/common/technology/autopilot/ap_sysc" -include etc/autopilot_ssdm_op.h -D__DSP48E1__ -D__cdecl=  "D:/repo/high-level-synthesis-flow-on-zynq-using-vivado-hls/source/lab2/yuv_filter.prj/solution1/.autopilot/db/yuv_filter.pp.0.c"  -o "D:/repo/high-level-synthesis-flow-on-zynq-using-vivado-hls/source/lab2/yuv_filter.prj/solution1/.autopilot/db/useless.bc"  
INFO-FLOW: exec D:/Xilinx/Vivado/2020.1/win64/tools/clang/bin/clang -fno-limit-debug-info -gcc-toolchain D:/Xilinx/Vivado/2020.1/msys -hls -fno-math-errno -c -emit-llvm -O0 -mllvm -disable-llvm-optzns -std=gnu89 -DAESL_SYN -D__SYNTHESIS__ -D__HLS_SYN__ -I D:/Xilinx/Vivado/2020.1/common/technology/autopilot -I D:/Xilinx/Vivado/2020.1/common/technology/autopilot/ap_sysc -include etc/autopilot_ssdm_op.h -D__DSP48E1__ -D__cdecl= D:/repo/high-level-synthesis-flow-on-zynq-using-vivado-hls/source/lab2/yuv_filter.prj/solution1/.autopilot/db/yuv_filter.pp.0.c -o D:/repo/high-level-synthesis-flow-on-zynq-using-vivado-hls/source/lab2/yuv_filter.prj/solution1/.autopilot/db/useless.bc
Command       clang done; 1.483 sec.
INFO-FLOW: Done: GCC PP time: 4.2 seconds per iteration
Execute       source D:/Xilinx/Vivado/2020.1/tps/tcl/tcllib1.11.1/yaml/huddle.tcl 
Execute       source D:/Xilinx/Vivado/2020.1/tps/tcl/tcllib1.11.1/yaml/json2huddle.tcl 
Execute         source D:/Xilinx/Vivado/2020.1/tps/tcl/tcllib1.11.1/try/try.tcl 
Execute       list_core -type functional_unit 
Execute       tidy_31 xilinx-systemc-detector D:/repo/high-level-synthesis-flow-on-zynq-using-vivado-hls/source/lab2/yuv_filter.prj/solution1/.autopilot/db/yuv_filter.pp.0.c std=gnu89 -directive=D:/repo/high-level-synthesis-flow-on-zynq-using-vivado-hls/source/lab2/yuv_filter.prj/solution1/.autopilot/db/.systemc_flag 
INFO-FLOW: exec D:/Xilinx/Vivado/2020.1/win64/tools/clang-3.9-csynth/bin/tidy-3.1 -header-filter=.* -checks=-*,xilinx-systemc-detector -import-directive=D:/repo/high-level-synthesis-flow-on-zynq-using-vivado-hls/source/lab2/yuv_filter.prj/solution1/.autopilot/db/.systemc_flag -quiet -fix-errors D:/repo/high-level-synthesis-flow-on-zynq-using-vivado-hls/source/lab2/yuv_filter.prj/solution1/.autopilot/db/yuv_filter.pp.0.c -- -std=gnu89 -fhls -ferror-limit=0
INFO-FLOW: Running: tidy-3.1 CDT preprocess
Execute       tidy_31 xilinx-directive2pragma D:/repo/high-level-synthesis-flow-on-zynq-using-vivado-hls/source/lab2/yuv_filter.prj/solution1/.autopilot/db/yuv_filter.pp.0.c std=gnu89 -directive=D:/repo/high-level-synthesis-flow-on-zynq-using-vivado-hls/source/lab2/yuv_filter.prj/solution1/.autopilot/db/all.directive.json 
INFO-FLOW: exec D:/Xilinx/Vivado/2020.1/win64/tools/clang-3.9-csynth/bin/tidy-3.1 -header-filter=.* -checks=-*,xilinx-directive2pragma -import-directive=D:/repo/high-level-synthesis-flow-on-zynq-using-vivado-hls/source/lab2/yuv_filter.prj/solution1/.autopilot/db/all.directive.json -quiet -fix-errors D:/repo/high-level-synthesis-flow-on-zynq-using-vivado-hls/source/lab2/yuv_filter.prj/solution1/.autopilot/db/yuv_filter.pp.0.c -- -std=gnu89 -fhls -ferror-limit=0
Execute       get_config_dataflow -strict_mode 
Execute       ap_eval exec -ignorestderr D:/Xilinx/Vivado/2020.1/win64/tools/clang-3.9-csynth/bin/xilinx-dataflow-lawyer -export-fixes=D:/repo/high-level-synthesis-flow-on-zynq-using-vivado-hls/source/lab2/yuv_filter.prj/solution1/.autopilot/db/xilinx-dataflow-lawyer.yuv_filter.pp.0.c.diag.yml D:/repo/high-level-synthesis-flow-on-zynq-using-vivado-hls/source/lab2/yuv_filter.prj/solution1/.autopilot/db/yuv_filter.pp.0.c -- -std=gnu99 -fhls -ferror-limit=0 -fstrict-dataflow > D:/repo/high-level-synthesis-flow-on-zynq-using-vivado-hls/source/lab2/yuv_filter.prj/solution1/.autopilot/db/xilinx-dataflow-lawyer.yuv_filter.pp.0.c.out.log 2> D:/repo/high-level-synthesis-flow-on-zynq-using-vivado-hls/source/lab2/yuv_filter.prj/solution1/.autopilot/db/xilinx-dataflow-lawyer.yuv_filter.pp.0.c.err.log 
Command       ap_eval done; 0.108 sec.
Execute       tidy_31 -errorcheck xilinx-constantarray-param,xilinx-resource-pragma-transformer,xilinx-xfmat-array-geometry D:/repo/high-level-synthesis-flow-on-zynq-using-vivado-hls/source/lab2/yuv_filter.prj/solution1/.autopilot/db/yuv_filter.pp.0.c std=gnu89 
Execute         ap_eval exec -ignorestderr D:/Xilinx/Vivado/2020.1/win64/tools/clang-3.9-csynth/bin/tidy-3.1 -export-fixes=D:/repo/high-level-synthesis-flow-on-zynq-using-vivado-hls/source/lab2/yuv_filter.prj/solution1/.autopilot/db/tidy-3.1.yuv_filter.pp.0.c.diag.yml -header-filter=.* -checks=-*,xilinx-constantarray-param,xilinx-resource-pragma-transformer,xilinx-xfmat-array-geometry -quiet -fix-errors D:/repo/high-level-synthesis-flow-on-zynq-using-vivado-hls/source/lab2/yuv_filter.prj/solution1/.autopilot/db/yuv_filter.pp.0.c -- -std=gnu89 -fhls -ferror-limit=0 > D:/repo/high-level-synthesis-flow-on-zynq-using-vivado-hls/source/lab2/yuv_filter.prj/solution1/.autopilot/db/tidy-3.1.yuv_filter.pp.0.c.out.log 2> D:/repo/high-level-synthesis-flow-on-zynq-using-vivado-hls/source/lab2/yuv_filter.prj/solution1/.autopilot/db/tidy-3.1.yuv_filter.pp.0.c.err.log 
Execute         source D:/Xilinx/Vivado/2020.1/tps/tcl/tcllib1.11.1/yaml/yaml.tcl 
Execute           source D:/Xilinx/Vivado/2020.1/tps/tcl/tcllib1.11.1/cmdline/cmdline.tcl 
Execute         ap_eval exec -ignorestderr D:/Xilinx/Vivado/2020.1/win64/tools/clang-3.9-csynth/bin/xilinx-legacy-rewriter D:/repo/high-level-synthesis-flow-on-zynq-using-vivado-hls/source/lab2/yuv_filter.prj/solution1/.autopilot/db/yuv_filter.pp.0.c -- -std=gnu89 -fhls -ferror-limit=0 > D:/repo/high-level-synthesis-flow-on-zynq-using-vivado-hls/source/lab2/yuv_filter.prj/solution1/.autopilot/db/xilinx-legacy-rewriter.yuv_filter.pp.0.c.out.log 2> D:/repo/high-level-synthesis-flow-on-zynq-using-vivado-hls/source/lab2/yuv_filter.prj/solution1/.autopilot/db/xilinx-legacy-rewriter.yuv_filter.pp.0.c.err.log 
Command         ap_eval done; 0.123 sec.
Command       tidy_31 done; 0.303 sec.
INFO-FLOW: Done: tidy-3.1 CDT preprocess time: 0.5 seconds per iteration
INFO-FLOW: Pragma Handling...
Execute       tidy_31 xilinx-ssdm-intrinsics-arguments D:/repo/high-level-synthesis-flow-on-zynq-using-vivado-hls/source/lab2/yuv_filter.prj/solution1/.autopilot/db/yuv_filter.pragma.1.c std=gnu89 
INFO-FLOW: exec D:/Xilinx/Vivado/2020.1/win64/tools/clang-3.9-csynth/bin/tidy-3.1 -header-filter=.* -checks=-*,xilinx-ssdm-intrinsics-arguments -quiet -fix-errors D:/repo/high-level-synthesis-flow-on-zynq-using-vivado-hls/source/lab2/yuv_filter.prj/solution1/.autopilot/db/yuv_filter.pragma.1.c -- -std=gnu89 -fhls -ferror-limit=0
Execute       ap_part_info -name xc7z020-clg400-1 -data info 
INFO-FLOW: Processing labels
Execute       clang -src D:/repo/high-level-synthesis-flow-on-zynq-using-vivado-hls/source/lab2/yuv_filter.prj/solution1/.autopilot/db/yuv_filter.pragma.2.c  -fno-limit-debug-info -gcc-toolchain D:/Xilinx/Vivado/2020.1/msys -hls -hls-analyze-label -hls-analyze-pragma -fno-exceptions  -D__llvm__  -w  "D:/repo/high-level-synthesis-flow-on-zynq-using-vivado-hls/source/lab2/yuv_filter.prj/solution1/.autopilot/db/yuv_filter.pragma.2.c"    -fno-math-errno -c -emit-llvm -O0  -mllvm -disable-llvm-optzns -std=gnu89  -DAESL_SYN -D__SYNTHESIS__ -D__HLS_SYN__ -I "D:/Xilinx/Vivado/2020.1/common/technology/autopilot" -I "D:/Xilinx/Vivado/2020.1/common/technology/autopilot/ap_sysc" -include etc/autopilot_ssdm_op.h -D__DSP48E1__ -g -o "D:/repo/high-level-synthesis-flow-on-zynq-using-vivado-hls/source/lab2/yuv_filter.prj/solution1/.autopilot/db/yuv_filter.bc" 
INFO-FLOW: exec D:/Xilinx/Vivado/2020.1/win64/tools/clang/bin/clang -fno-limit-debug-info -gcc-toolchain D:/Xilinx/Vivado/2020.1/msys -hls -hls-analyze-label -hls-analyze-pragma -fno-exceptions -D__llvm__ -w D:/repo/high-level-synthesis-flow-on-zynq-using-vivado-hls/source/lab2/yuv_filter.prj/solution1/.autopilot/db/yuv_filter.pragma.2.c -fno-math-errno -c -emit-llvm -O0 -mllvm -disable-llvm-optzns -std=gnu89 -DAESL_SYN -D__SYNTHESIS__ -D__HLS_SYN__ -I D:/Xilinx/Vivado/2020.1/common/technology/autopilot -I D:/Xilinx/Vivado/2020.1/common/technology/autopilot/ap_sysc -include etc/autopilot_ssdm_op.h -D__DSP48E1__ -g -o D:/repo/high-level-synthesis-flow-on-zynq-using-vivado-hls/source/lab2/yuv_filter.prj/solution1/.autopilot/db/yuv_filter.bc
Command       clang done; 1.654 sec.
INFO-FLOW: Linking Debug ...
Execute       llvm-ld D:/repo/high-level-synthesis-flow-on-zynq-using-vivado-hls/source/lab2/yuv_filter.prj/solution1/.autopilot/db/yuv_filter.g.bc -hls-opt -except-internalize yuv_filter -LD:/Xilinx/Vivado/2020.1/win64/lib -lhlsm -lhlsmc++ -o D:/repo/high-level-synthesis-flow-on-zynq-using-vivado-hls/source/lab2/yuv_filter.prj/solution1/.autopilot/db/a.g 
Command       llvm-ld done; 1.242 sec.
INFO: [HLS 200-111] Finished Linking Time (s): cpu = 00:00:04 ; elapsed = 00:00:11 . Memory (MB): peak = 954.930 ; gain = 861.820
INFO: [HLS 200-111] Finished Checking Pragmas Time (s): cpu = 00:00:04 ; elapsed = 00:00:11 . Memory (MB): peak = 954.930 ; gain = 861.820
Execute       get_config_sdx -target 
Execute       opt_and_import_c a -opt_level=2 -skip_syncheck=0 -ng=0 -keep_printf=0 
Execute         cleanup_all_models 
INFO: [HLS 200-10] Starting code transformations ...
Execute         transform -promote-dbg-pointer D:/repo/high-level-synthesis-flow-on-zynq-using-vivado-hls/source/lab2/yuv_filter.prj/solution1/.autopilot/db/a.pp.bc -o D:/repo/high-level-synthesis-flow-on-zynq-using-vivado-hls/source/lab2/yuv_filter.prj/solution1/.autopilot/db/a.pp.0.bc -f 
Execute         llvm-ld D:/repo/high-level-synthesis-flow-on-zynq-using-vivado-hls/source/lab2/yuv_filter.prj/solution1/.autopilot/db/a.pp.0.bc -disable-opt -LD:/Xilinx/Vivado/2020.1/win64/lib -lfloatconversion -o D:/repo/high-level-synthesis-flow-on-zynq-using-vivado-hls/source/lab2/yuv_filter.prj/solution1/.autopilot/db/a.g.0 
Command         llvm-ld done; 1.049 sec.
INFO-FLOW: Running Standard Transforms...
Execute         transform -hls -share-std-xform -demangle-name -inline-byval-memcpy -always-inline -stream-depth-lower -promote-dbg-pointer -interface-preproc -mem2reg -scalarrepl -mem2reg -keep-read-access -instcombine -dce -promote-dbg-pointer -bitop-raise -loop-simplify -indvarspre -indvars -loop-simplify -xunroll -constprop -instcombine -simplifycfg -indvars -simplifycfg -dce -globaldce -basicaa -simplifycfg -mem2reg -globalopt -global-constprop -deadargelim -instcombine -simplifycfg -prune-eh -simplifycfg -scalarrepl -instcombine -reassociate -licm -simplifycfg -loop-simplify -indvars -instcombine -simplifycfg -mem2reg -loop-simplify -indvars -instcombine -gvn -gvn -instcombine -adce -break-crit-edges -simplifycfg -loop-delete -global-array-opt -dce -dse -adce -find-syn-modules -top yuv_filter -deadargelim -mem2reg -instcombine -dce -presyn-prepare -auto-rom-infer -interface-preproc -syn-check -check-rec-only -find-region -simplifycfg -func-extr -function-inline -globaldce -mem2reg -instcombine -dce -gvn -globaldce -adce -adse -constprop -instcombine -bit-constprop -instcombine -dce -simplifycfg -bitop-raise -simplifycfg -dce -loop-delete -reassociate -globalopt -global-privatize -mem2reg -dce -global-constprop -pointer-simplify -constprop -dce -func-inst -deadargelim -auto-shift-reg-idiom -promote-dbg-pointer -norm-name D:/repo/high-level-synthesis-flow-on-zynq-using-vivado-hls/source/lab2/yuv_filter.prj/solution1/.autopilot/db/a.g.0.bc -o D:/repo/high-level-synthesis-flow-on-zynq-using-vivado-hls/source/lab2/yuv_filter.prj/solution1/.autopilot/db/a.g.1.bc -f -phase std-opt 
INFO: [HLS 200-111] Finished Standard Transforms Time (s): cpu = 00:00:04 ; elapsed = 00:00:12 . Memory (MB): peak = 954.930 ; gain = 861.820
INFO: [HLS 200-10] Checking synthesizability ...
INFO-FLOW: Checking Synthesizability 1/2..
Execute         transform -hls -syn-check -check-rec-only -disaggr -scalarrepl -norm-name -dce -mem2reg -instcombine -function-uniquify -directive-preproc -mem2reg -dse -dce -auto-rom-infer -dce -pag -array-normalize -instcombine -dce -warn-fifo-pointer -array-seg-normalize -instcombine -dce -array-flatten -instcombine -dce -array-burst -dce -deadargelim -promote-global-argument -simplifycfg -mem2reg -globaldce -dce -deadargelim -dce -instcombine -function-inline -globaldce -dce -doublePtrSimplify -doublePtrElim -dce -doublePtrSimplify -promote-dbg-pointer -dce -scalarrepl -dse -adse -instcombine -ptrLegalization -simplifycfg -dce -instcombine -pointer-simplify -ptrArgReplace -dce -instcombine -resolve-double-ptr -disaggr -scalarrepl -norm-name -dce -mem2reg -instcombine -ptrLegalization -simplifycfg -deadargelim -instcombine -dce -inst-simplify -function-uniquify -directive-preproc -mem2reg -dse -dce -globaldce -check-dspbuiltin D:/repo/high-level-synthesis-flow-on-zynq-using-vivado-hls/source/lab2/yuv_filter.prj/solution1/.autopilot/db/a.g.1.bc -o D:/repo/high-level-synthesis-flow-on-zynq-using-vivado-hls/source/lab2/yuv_filter.prj/solution1/.autopilot/db/a.g.2.prechk.bc -f 
Command         transform done; 0.131 sec.
INFO-FLOW: Checking Synthesizability 2/2..
Execute         transform -syn-check D:/repo/high-level-synthesis-flow-on-zynq-using-vivado-hls/source/lab2/yuv_filter.prj/solution1/.autopilot/db/a.g.2.prechk.bc -o D:/repo/high-level-synthesis-flow-on-zynq-using-vivado-hls/source/lab2/yuv_filter.prj/solution1/.autopilot/db/a.g.2.bc -f -phase syn-check 
INFO: [HLS 200-111] Finished Checking Synthesizability Time (s): cpu = 00:00:04 ; elapsed = 00:00:12 . Memory (MB): peak = 954.930 ; gain = 861.820
INFO-FLOW: Compiler optimizing ...
INFO-FLOW: Share syncheck's 1.bc for syn flow: copy D:/repo/high-level-synthesis-flow-on-zynq-using-vivado-hls/source/lab2/yuv_filter.prj/solution1/.autopilot/db/a.g.1.bc to D:/repo/high-level-synthesis-flow-on-zynq-using-vivado-hls/source/lab2/yuv_filter.prj/solution1/.autopilot/db/a.o.1.bc
INFO-FLOW: Presyn 1...
Execute         transform -hls -tmp D:/repo/high-level-synthesis-flow-on-zynq-using-vivado-hls/source/lab2/yuv_filter.prj/solution1/.autopilot/db -interface-port-rename -type-info -function-uniquify -directive-preproc -mem2reg -dse -dce -disaggr -scalarrepl -norm-name -deadargelim -mem2reg -instcombine -dce -simplifycfg -auto-rom-infer -dce -function-uniquify -resource-proc -clib-intrinsic-prepare -dce -func-buffer -dce -pag -array-normalize -func-legal -instcombine -gvn -constprop -dce -simplifycfg -mem2reg -globaldce -resolve-double-ptr -dce -deadargelim -dce -instcombine -ptrArgReplace -mem2reg -dce -array-seg-normalize -deadargelim -instcombine -dce -pointer-simplify -dce -port-alignment -dce -interface-preproc -data-pack -instcombine -dce -basicaa -aggr-aa -aggrmodref-aa -aggr-aa -gvn -gvn -basicaa -aggr-aa -aggrmodref-aa -aggr-aa -dse -adse -adce -loop-simplify -indvars -instcombine -gvn -loop-simplify -mem2reg -dce -find-region -instcombine -auto-loop-pipeline -inst-simplify -interface-preproc -cfgopt -instcombine -indvars -auto-loop-unroll -loop-simplify -loop-bound -xunroll -constprop -instcombine -simplifycfg -indvars -simplifycfg -dce -globaldce -clean-region -attach-range -gvn -inst-simplify -constprop -simplifycfg -dce -pointer-simplify -dce -globalopt -constprop -dce -array-promote -constprop -dce -ptrArgReplace -mem2reg -simplifycfg -dce -auto-par -instcombine -dce -array-transform-check -array-reshape -instcombine -simplifycfg -dce -ptrArgReplace -deadargelim -mem2reg -instcombine -simplifycfg -dce -indvars -loop-simplify -loop-bound -xunroll -constprop -instcombine -simplifycfg -indvars -simplifycfg -dce -globaldce -basicaa -aggr-aa -aggrmodref-aa -aggr-aa -dse -duplicate-dataflow-processes -globaldce -instcombine -array-partition -instcombine -simplifycfg -dce -ptrArgReplace -global-constprop -deadargelim -mem2reg -func-legal -dce -global-constprop -deadargelim -mem2reg -simplifycfg -dce -merge-param -deadargelim -globalopt -constprop -dce -array-promote -constprop -dce -ptrArgReplace -mem2reg -simplifycfg -dce -mem-intrinsic-preproc -dce -global-internalize -global-privatize -mem2reg -globaldce -promote-global-argument -ptrArgReplace -mem2reg -dce -globalopt -mergereturn -simplify-global-access -mem2reg -dce -pointer-simplify -dce -functionattrs -basicaa -aggr-aa -aggrmodref-aa -aggr-aa -gvn -gvn -basicaa -aggr-aa -aggrmodref-aa -aggr-aa -dse -adse -adce -dce -norm-name -function-inline -complex-op-raise -inst-simplify -globaldce -func-inst -constprop -instcombine -simplifycfg -dce -func-legal -dce -loop-bound -arraycheck -bitwidthmin -on-by-dataflow -loop-delete -instcombine -simplifycfg -globaldce -dce -gvn -deadargelim -dce -loop-simplify -clean-region -simplifycfg -propagate-stable-arguments -loop-stream -instcombine -simplifycfg -dce -globaldce -duplicate-dataflow-processes -stream-intrinsic-preproc -dce -check-ap-stream -loop-simplify -eliminate-keepreads -extract-dataflow-in-loop -loop-simplify -dce -gvn -deadargelim -dse -check-dataflow-syntax -legalize-stream-variable -legalize-global -extract-subproc -dce -dead-channel-elimination -canonicalize-gep -globaldce -dce -gvn -deadargelim -annotate-dataflow-channels -scalar-propagation -deadargelim -globaldce -mem2reg -check-dataflow-channels -function-stream -dce -globaldce -prop-fifo-spec -internal-stream-gen -canonicalize-gep -globaldce -dce -gvn -deadargelim -mergereturn -indvars -loop-simplify -instcombine -array-stream -array-seg-normalize -array-partition -func-legal -instcombine -simplifycfg -dce -bundle-memfifo-ops -deadargelim -function-uniquify -directive-preproc -mem2reg -dse -dce -group-axi-access -licm -simplifycfg -dce -loop-delete -norm-name D:/repo/high-level-synthesis-flow-on-zynq-using-vivado-hls/source/lab2/yuv_filter.prj/solution1/.autopilot/db/a.o.1.bc -o D:/repo/high-level-synthesis-flow-on-zynq-using-vivado-hls/source/lab2/yuv_filter.prj/solution1/.autopilot/db/a.o.1.tmp.bc -f 
INFO: [XFORM 203-602] Inlining function 'yuv_scale' into 'yuv_filter' (yuv_filter.c:24) automatically.
Command         transform done; 0.31 sec.
INFO-FLOW: Presyn 2...
Execute         transform -hls -keep-callgraph -scalarrepl -mem2reg -port-alignment -attach-range -dce -pipe-mux-gen -indvars -loop-bound -inst-simplify -instcombine -dce -merge-array-access -mem2reg -dce -clean-region -mergereturn -if-conv -instcombine -dce -constprop -basicaa -aggr-aa -aggrmodref-aa -aggr-aa -gvn -gvn -basicaa -aggr-aa -aggrmodref-aa -aggr-aa -dse -adse -adce -scalarrepl -mem2reg -global-constprop -deadargelim -deadargelim -instcombine -dce -simplifycfg -ptrArgReplace -mem2reg -function-inline -globaldce -mem2reg -instcombine -dce -expr-balance -instcombine -dce -bitwidthmin -interface-preproc -directive-preproc -inst-rectify -instcombine -dce -functionattrs -constprop -instcombine -bit-constprop -simplify-global-access -globalopt -globaldce -inst-simplify -instcombine -elimdeaddata -dce -loop-delete -simplifycfg -loop-simplify -auto-burst -norm-name D:/repo/high-level-synthesis-flow-on-zynq-using-vivado-hls/source/lab2/yuv_filter.prj/solution1/.autopilot/db/a.o.1.tmp.bc -o D:/repo/high-level-synthesis-flow-on-zynq-using-vivado-hls/source/lab2/yuv_filter.prj/solution1/.autopilot/db/a.o.2.bc -f -phase presyn 
INFO: [XFORM 203-401] Performing if-conversion on hyperblock from (yuv_filter.c:88:33) to (yuv_filter.c:88:27) in function 'yuv2rgb'... converting 7 basic blocks.
INFO: [XFORM 203-11] Balancing expressions in function 'rgb2yuv' (yuv_filter.c:30)...11 expression(s) balanced.
Command         transform done; 0.203 sec.
INFO: [HLS 200-111] Finished Pre-synthesis Time (s): cpu = 00:00:05 ; elapsed = 00:00:13 . Memory (MB): peak = 954.930 ; gain = 861.820
INFO-FLOW: Building ssdm...
Execute         transform -hls -function-uniquify -auto-function-inline -globaldce -ptrArgReplace -mem2reg -dce -reset-lda -loop-simplify -indvars -licm -loop-dep -loop-bound -licm -loop-simplify -flattenloopnest -array-flatten -gvn -instcombine -dce -array-map -dce -func-legal -gvn -adce -instcombine -cfgopt -simplifycfg -loop-simplify -array-burst -promote-global-argument -dce -ptrLegalization -axi4-lower -array-seg-normalize -basicaa -aggrmodref-aa -globalsmodref-aa -aggr-aa -gvn -gvn -basicaa -aggrmodref-aa -globalsmodref-aa -aggr-aa -dse -adse -adce -licm -inst-simplify -dce -globaldce -instcombine -array-stream -eliminate-keepreads -instcombine -dce -deadargelim -doublePtrSimplify -doublePtrElim -dce -doublePtrSimplify -promote-dbg-pointer -dce -scalarrepl -mem2reg -disaggr -norm-name -mem2reg -instcombine -dse -adse -adce -ptrLegalization -dce -auto-rom-infer -array-flatten -dce -instcombine -check-doubleptr -loop-rot -constprop -cfgopt -simplifycfg -loop-simplify -indvars -pointer-simplify -dce -loop-bound -loop-simplify -loop-preproc -constprop -global-constprop -gvn -mem2reg -instcombine -dce -loop-bound -loop-merge -dce -bitwidthmin -deadargelim -dce -canonicalize-dataflow -dce -scalar-propagation -deadargelim -globaldce -mem2reg -read-loop-dep -interface-preproc -directive-preproc -interface-gen -bram-byte-enable -deadargelim -inst-simplify -dce -gvn -mem2reg -instcombine -dce -adse -loop-bound -instcombine -cfgopt -simplifycfg -loop-simplify -clean-region -io-protocol -find-region -mem2reg -bitop-raise -complex-op-raise -inst-simplify -inst-rectify -instcombine -adce -deadargelim -loop-simplify -phi-opt -bitop-raise -cfgopt -simplifycfg -strip-dead-prototypes -interface-lower -bitop-lower -intrinsic-lower -auto-function-inline -basicaa -aggrmodref-aa -globalsmodref-aa -aggr-aa -inst-simplify -simplifycfg -loop-simplify -mergereturn -inst-simplify -inst-rectify -dce -load-elim -bitop-lower -loop-rewind -pointer-simplify -dce -cfgopt -dce -loop-bound -loop-dep -read-loop-dep -dce -check-stream -norm-name -legalize -validate-dataflow -inst-clarity -bitwidth -dump-loop-dep-to-ir -check-all-ssdm -cdfg-build D:/repo/high-level-synthesis-flow-on-zynq-using-vivado-hls/source/lab2/yuv_filter.prj/solution1/.autopilot/db/a.o.2.bc -o D:/repo/high-level-synthesis-flow-on-zynq-using-vivado-hls/source/lab2/yuv_filter.prj/solution1/.autopilot/db/a.o.3.bc -f -phase build-ssdm 
INFO: [HLS 200-472] Inferring partial write operation for '_scale.channels.ch1' (yuv_filter.c:136:10)
INFO: [HLS 200-472] Inferring partial write operation for '_scale.channels.ch2' (yuv_filter.c:137:10)
INFO: [HLS 200-472] Inferring partial write operation for '_scale.channels.ch3' (yuv_filter.c:138:10)
INFO: [HLS 200-472] Inferring partial write operation for 'out.channels.ch1' (yuv_filter.c:56:10)
INFO: [HLS 200-472] Inferring partial write operation for 'out.channels.ch2' (yuv_filter.c:57:10)
INFO: [HLS 200-472] Inferring partial write operation for 'out.channels.ch3' (yuv_filter.c:58:10)
Command         transform done; 0.674 sec.
INFO: [HLS 200-111] Finished Architecture Synthesis Time (s): cpu = 00:00:05 ; elapsed = 00:00:13 . Memory (MB): peak = 954.930 ; gain = 861.820
INFO-FLOW: Finish building internal data model.
Command       opt_and_import_c done; 2.606 sec.
Command     elaborate done; 10.393 sec.
Execute     autosyn -from_csynth_design=1 
INFO: [HLS 200-10] Starting hardware synthesis ...
INFO-FLOW: Synthesizing C/C++ design ...
INFO: [HLS 200-10] Synthesizing 'yuv_filter' ...
Execute       ap_set_top_model yuv_filter 
Execute       get_model_list yuv_filter -filter all-wo-channel -topdown 
Execute       preproc_iomode -model yuv_filter 
Execute       preproc_iomode -model yuv2rgb 
Execute       preproc_iomode -model rgb2yuv 
Execute       get_model_list yuv_filter -filter all-wo-channel 
INFO-FLOW: Model list for configure: rgb2yuv yuv2rgb yuv_filter
INFO-FLOW: Configuring Module : rgb2yuv ...
Execute       set_default_model rgb2yuv 
Execute       apply_spec_resource_limit rgb2yuv 
INFO-FLOW: Configuring Module : yuv2rgb ...
Execute       set_default_model yuv2rgb 
Execute       apply_spec_resource_limit yuv2rgb 
INFO-FLOW: Configuring Module : yuv_filter ...
Execute       set_default_model yuv_filter 
Execute       apply_spec_resource_limit yuv_filter 
INFO-FLOW: Model list for preprocess: rgb2yuv yuv2rgb yuv_filter
INFO-FLOW: Preprocessing Module: rgb2yuv ...
Execute       set_default_model rgb2yuv 
Execute       cdfg_preprocess -model rgb2yuv 
Execute       rtl_gen_preprocess rgb2yuv 
INFO-FLOW: Preprocessing Module: yuv2rgb ...
Execute       set_default_model yuv2rgb 
Execute       cdfg_preprocess -model yuv2rgb 
Execute       rtl_gen_preprocess yuv2rgb 
INFO-FLOW: Preprocessing Module: yuv_filter ...
Execute       set_default_model yuv_filter 
Execute       cdfg_preprocess -model yuv_filter 
Execute       rtl_gen_preprocess yuv_filter 
INFO-FLOW: Model list for synthesis: rgb2yuv yuv2rgb yuv_filter
INFO: [HLS 200-10] ----------------------------------------------------------------
INFO: [HLS 200-42] -- Implementing module 'rgb2yuv' 
INFO: [HLS 200-10] ----------------------------------------------------------------
Execute       set_default_model rgb2yuv 
Execute       schedule -model rgb2yuv 
INFO: [SCHED 204-11] Starting scheduling ...
WARNING: [SCHED 204-21] Estimated clock period (10.283ns) exceeds the target (target clock period: 10ns, clock uncertainty: 1.25ns, effective delay budget: 8.75ns).
WARNING: [SCHED 204-21] The critical path in module 'rgb2yuv' consists of the following:
	'mul' operation of DSP[65] ('mul_ln53', yuv_filter.c:53) [59]  (3.36 ns)
	'add' operation of DSP[65] ('add_ln53_4', yuv_filter.c:53) [65]  (3.02 ns)
	'add' operation ('add_ln53_2', yuv_filter.c:53) [67]  (3.9 ns)
INFO: [SCHED 204-11] Finished scheduling.
Command       schedule done; 0.151 sec.
INFO: [HLS 200-111]  Elapsed time: 13.636 seconds; current allocated memory: 124.489 MB.
Execute       syn_report -verbosereport -o D:/repo/high-level-synthesis-flow-on-zynq-using-vivado-hls/source/lab2/yuv_filter.prj/solution1/.autopilot/db/rgb2yuv.verbose.sched.rpt 
Execute       db_write -o D:/repo/high-level-synthesis-flow-on-zynq-using-vivado-hls/source/lab2/yuv_filter.prj/solution1/.autopilot/db/rgb2yuv.sched.adb -f 
INFO-FLOW: Finish scheduling rgb2yuv.
Execute       set_default_model rgb2yuv 
Execute       bind -model rgb2yuv 
BIND OPTION: model=rgb2yuv
INFO: [BIND 205-100] Starting micro-architecture generation ...
INFO: [BIND 205-101] Performing variable lifetime analysis.
INFO: [BIND 205-101] Exploring resource sharing.
INFO: [BIND 205-101] Binding ...
INFO: [BIND 205-100] Finished micro-architecture generation.
INFO: [HLS 200-111]  Elapsed time: 0.178 seconds; current allocated memory: 124.839 MB.
Execute       syn_report -verbosereport -o D:/repo/high-level-synthesis-flow-on-zynq-using-vivado-hls/source/lab2/yuv_filter.prj/solution1/.autopilot/db/rgb2yuv.verbose.bind.rpt 
Command       syn_report done; 0.175 sec.
Execute       db_write -o D:/repo/high-level-synthesis-flow-on-zynq-using-vivado-hls/source/lab2/yuv_filter.prj/solution1/.autopilot/db/rgb2yuv.bind.adb -f 
Command       db_write done; 0.305 sec.
INFO-FLOW: Finish binding rgb2yuv.
INFO: [HLS 200-10] ----------------------------------------------------------------
INFO: [HLS 200-42] -- Implementing module 'yuv2rgb' 
INFO: [HLS 200-10] ----------------------------------------------------------------
Execute       set_default_model yuv2rgb 
Execute       schedule -model yuv2rgb 
INFO: [SCHED 204-11] Starting scheduling ...
WARNING: [SCHED 204-21] Estimated clock period (10.7234ns) exceeds the target (target clock period: 10ns, clock uncertainty: 1.25ns, effective delay budget: 8.75ns).
WARNING: [SCHED 204-21] The critical path in module 'yuv2rgb' consists of the following:
	'mul' operation of DSP[70] ('mul_ln97', yuv_filter.c:97) [67]  (3.36 ns)
	'add' operation of DSP[70] ('add_ln97', yuv_filter.c:97) [70]  (3.02 ns)
	'add' operation ('add_ln97_1', yuv_filter.c:97) [72]  (2.14 ns)
	'icmp' operation ('icmp_ln97', yuv_filter.c:97) [74]  (0.959 ns)
	'select' operation ('select_ln97', yuv_filter.c:97) [77]  (0 ns)
	'select' operation ('G', yuv_filter.c:97) [79]  (1.25 ns)
INFO: [SCHED 204-11] Finished scheduling.
Command       schedule done; 0.237 sec.
INFO: [HLS 200-111]  Elapsed time: 0.856 seconds; current allocated memory: 125.083 MB.
Execute       syn_report -verbosereport -o D:/repo/high-level-synthesis-flow-on-zynq-using-vivado-hls/source/lab2/yuv_filter.prj/solution1/.autopilot/db/yuv2rgb.verbose.sched.rpt 
Command       syn_report done; 0.113 sec.
Execute       db_write -o D:/repo/high-level-synthesis-flow-on-zynq-using-vivado-hls/source/lab2/yuv_filter.prj/solution1/.autopilot/db/yuv2rgb.sched.adb -f 
INFO-FLOW: Finish scheduling yuv2rgb.
Execute       set_default_model yuv2rgb 
Execute       bind -model yuv2rgb 
BIND OPTION: model=yuv2rgb
INFO: [BIND 205-100] Starting micro-architecture generation ...
INFO: [BIND 205-101] Performing variable lifetime analysis.
INFO: [BIND 205-101] Exploring resource sharing.
INFO: [BIND 205-101] Binding ...
INFO: [BIND 205-100] Finished micro-architecture generation.
INFO: [HLS 200-111]  Elapsed time: 0.301 seconds; current allocated memory: 125.399 MB.
Execute       syn_report -verbosereport -o D:/repo/high-level-synthesis-flow-on-zynq-using-vivado-hls/source/lab2/yuv_filter.prj/solution1/.autopilot/db/yuv2rgb.verbose.bind.rpt 
Execute       db_write -o D:/repo/high-level-synthesis-flow-on-zynq-using-vivado-hls/source/lab2/yuv_filter.prj/solution1/.autopilot/db/yuv2rgb.bind.adb -f 
Command       db_write done; 0.128 sec.
INFO-FLOW: Finish binding yuv2rgb.
INFO: [HLS 200-10] ----------------------------------------------------------------
INFO: [HLS 200-42] -- Implementing module 'yuv_filter' 
INFO: [HLS 200-10] ----------------------------------------------------------------
Execute       set_default_model yuv_filter 
Execute       schedule -model yuv_filter 
INFO: [SCHED 204-11] Starting scheduling ...
INFO: [SCHED 204-11] Finished scheduling.
Command       schedule done; 0.152 sec.
INFO: [HLS 200-111]  Elapsed time: 0.476 seconds; current allocated memory: 125.650 MB.
Execute       syn_report -verbosereport -o D:/repo/high-level-synthesis-flow-on-zynq-using-vivado-hls/source/lab2/yuv_filter.prj/solution1/.autopilot/db/yuv_filter.verbose.sched.rpt 
Execute       db_write -o D:/repo/high-level-synthesis-flow-on-zynq-using-vivado-hls/source/lab2/yuv_filter.prj/solution1/.autopilot/db/yuv_filter.sched.adb -f 
INFO-FLOW: Finish scheduling yuv_filter.
Execute       set_default_model yuv_filter 
Execute       bind -model yuv_filter 
BIND OPTION: model=yuv_filter
INFO: [BIND 205-100] Starting micro-architecture generation ...
INFO: [BIND 205-101] Performing variable lifetime analysis.
INFO: [BIND 205-101] Exploring resource sharing.
INFO: [BIND 205-101] Binding ...
INFO: [BIND 205-100] Finished micro-architecture generation.
Command       bind done; 0.178 sec.
INFO: [HLS 200-111]  Elapsed time: 0.348 seconds; current allocated memory: 125.963 MB.
Execute       syn_report -verbosereport -o D:/repo/high-level-synthesis-flow-on-zynq-using-vivado-hls/source/lab2/yuv_filter.prj/solution1/.autopilot/db/yuv_filter.verbose.bind.rpt 
Command       syn_report done; 0.204 sec.
Execute       db_write -o D:/repo/high-level-synthesis-flow-on-zynq-using-vivado-hls/source/lab2/yuv_filter.prj/solution1/.autopilot/db/yuv_filter.bind.adb -f 
INFO-FLOW: Finish binding yuv_filter.
Execute       get_model_list yuv_filter -filter all-wo-channel 
INFO-FLOW: Preprocessing for RTLGen ...
Execute       rtl_gen_preprocess rgb2yuv 
Execute       rtl_gen_preprocess yuv2rgb 
Execute       rtl_gen_preprocess yuv_filter 
INFO-FLOW: Model list for RTL generation: rgb2yuv yuv2rgb yuv_filter
INFO: [HLS 200-10] ----------------------------------------------------------------
INFO: [HLS 200-10] -- Generating RTL for module 'rgb2yuv' 
INFO: [HLS 200-10] ----------------------------------------------------------------
Execute       get_config_rtl -module_prefix 
Execute       get_config_rtl -module_auto_prefix 
Execute       create_rtl_model rgb2yuv -vendor xilinx -mg_file D:/repo/high-level-synthesis-flow-on-zynq-using-vivado-hls/source/lab2/yuv_filter.prj/solution1/.autopilot/db/rgb2yuv.compgen.tcl 
INFO: [SYN 201-210] Renamed object name 'yuv_filter_mac_muladd_8ns_6ns_9ns_13_1_1' to 'yuv_filter_mac_mubkb' due to the length limit 20
INFO: [SYN 201-210] Renamed object name 'yuv_filter_mac_muladd_8ns_7s_16ns_16_1_1' to 'yuv_filter_mac_mucud' due to the length limit 20
INFO: [SYN 201-210] Renamed object name 'yuv_filter_mac_muladd_8ns_8s_16ns_16_1_1' to 'yuv_filter_mac_mudEe' due to the length limit 20
INFO: [RTGEN 206-100] Generating core module 'yuv_filter_mac_mubkb': 1 instance(s).
INFO: [RTGEN 206-100] Generating core module 'yuv_filter_mac_mucud': 1 instance(s).
INFO: [RTGEN 206-100] Generating core module 'yuv_filter_mac_mudEe': 1 instance(s).
INFO: [RTGEN 206-100] Finished creating RTL model for 'rgb2yuv'.
Command       create_rtl_model done; 0.183 sec.
INFO: [HLS 200-111]  Elapsed time: 0.558 seconds; current allocated memory: 126.640 MB.
Execute       source D:/repo/high-level-synthesis-flow-on-zynq-using-vivado-hls/source/lab2/yuv_filter.prj/solution1/.autopilot/db/yuv_filter.rtl_wrap.cfg.tcl 
Execute       gen_rtl rgb2yuv -style xilinx -tracefl mytrace -tracefmt vcd -traceopt all -f -lang sc -o D:/repo/high-level-synthesis-flow-on-zynq-using-vivado-hls/source/lab2/yuv_filter.prj/solution1/syn/systemc/rgb2yuv -synmodules rgb2yuv yuv2rgb yuv_filter 
Execute       gen_rtl rgb2yuv -style xilinx -f -lang vhdl -o D:/repo/high-level-synthesis-flow-on-zynq-using-vivado-hls/source/lab2/yuv_filter.prj/solution1/syn/vhdl/rgb2yuv 
Command       gen_rtl done; 0.489 sec.
Execute       gen_rtl rgb2yuv -style xilinx -f -lang vlog -o D:/repo/high-level-synthesis-flow-on-zynq-using-vivado-hls/source/lab2/yuv_filter.prj/solution1/syn/verilog/rgb2yuv 
Command       gen_rtl done; 0.604 sec.
Execute       syn_report -csynth -model rgb2yuv -o D:/repo/high-level-synthesis-flow-on-zynq-using-vivado-hls/source/lab2/yuv_filter.prj/solution1/syn/report/rgb2yuv_csynth.rpt 
Command       syn_report done; 0.571 sec.
Execute       syn_report -rtlxml -model rgb2yuv -o D:/repo/high-level-synthesis-flow-on-zynq-using-vivado-hls/source/lab2/yuv_filter.prj/solution1/syn/report/rgb2yuv_csynth.xml 
Execute       syn_report -verbosereport -model rgb2yuv -o D:/repo/high-level-synthesis-flow-on-zynq-using-vivado-hls/source/lab2/yuv_filter.prj/solution1/.autopilot/db/rgb2yuv.verbose.rpt 
Command       syn_report done; 0.642 sec.
Execute       db_write -model rgb2yuv -f -o D:/repo/high-level-synthesis-flow-on-zynq-using-vivado-hls/source/lab2/yuv_filter.prj/solution1/.autopilot/db/rgb2yuv.adb 
Command       db_write done; 0.539 sec.
Execute       gen_tb_info rgb2yuv -p D:/repo/high-level-synthesis-flow-on-zynq-using-vivado-hls/source/lab2/yuv_filter.prj/solution1/.autopilot/db -o D:/repo/high-level-synthesis-flow-on-zynq-using-vivado-hls/source/lab2/yuv_filter.prj/solution1/.autopilot/db/rgb2yuv 
INFO: [HLS 200-10] ----------------------------------------------------------------
INFO: [HLS 200-10] -- Generating RTL for module 'yuv2rgb' 
INFO: [HLS 200-10] ----------------------------------------------------------------
Execute       get_config_rtl -module_prefix 
Execute       get_config_rtl -module_auto_prefix 
Execute       create_rtl_model yuv2rgb -vendor xilinx -mg_file D:/repo/high-level-synthesis-flow-on-zynq-using-vivado-hls/source/lab2/yuv_filter.prj/solution1/.autopilot/db/yuv2rgb.compgen.tcl 
INFO: [SYN 201-210] Renamed object name 'yuv_filter_mac_muladd_10ns_9s_9ns_18_1_1' to 'yuv_filter_mac_mueOg' due to the length limit 20
INFO: [SYN 201-210] Renamed object name 'yuv_filter_mac_muladd_10ns_8s_18s_18_1_1' to 'yuv_filter_mac_mufYi' due to the length limit 20
INFO: [SYN 201-210] Renamed object name 'yuv_filter_mac_muladd_8s_8s_17ns_17_1_1' to 'yuv_filter_mac_mug8j' due to the length limit 20
INFO: [RTGEN 206-100] Generating core module 'yuv_filter_mac_mueOg': 1 instance(s).
INFO: [RTGEN 206-100] Generating core module 'yuv_filter_mac_mufYi': 1 instance(s).
INFO: [RTGEN 206-100] Generating core module 'yuv_filter_mac_mug8j': 1 instance(s).
INFO: [RTGEN 206-100] Finished creating RTL model for 'yuv2rgb'.
Command       create_rtl_model done; 0.271 sec.
INFO: [HLS 200-111]  Elapsed time: 3.453 seconds; current allocated memory: 128.405 MB.
Execute       source D:/repo/high-level-synthesis-flow-on-zynq-using-vivado-hls/source/lab2/yuv_filter.prj/solution1/.autopilot/db/yuv_filter.rtl_wrap.cfg.tcl 
Execute       gen_rtl yuv2rgb -style xilinx -tracefl mytrace -tracefmt vcd -traceopt all -f -lang sc -o D:/repo/high-level-synthesis-flow-on-zynq-using-vivado-hls/source/lab2/yuv_filter.prj/solution1/syn/systemc/yuv2rgb -synmodules rgb2yuv yuv2rgb yuv_filter 
Command       gen_rtl done; 0.221 sec.
Execute       gen_rtl yuv2rgb -style xilinx -f -lang vhdl -o D:/repo/high-level-synthesis-flow-on-zynq-using-vivado-hls/source/lab2/yuv_filter.prj/solution1/syn/vhdl/yuv2rgb 
Command       gen_rtl done; 0.298 sec.
Execute       gen_rtl yuv2rgb -style xilinx -f -lang vlog -o D:/repo/high-level-synthesis-flow-on-zynq-using-vivado-hls/source/lab2/yuv_filter.prj/solution1/syn/verilog/yuv2rgb 
Command       gen_rtl done; 0.269 sec.
Execute       syn_report -csynth -model yuv2rgb -o D:/repo/high-level-synthesis-flow-on-zynq-using-vivado-hls/source/lab2/yuv_filter.prj/solution1/syn/report/yuv2rgb_csynth.rpt 
Command       syn_report done; 0.305 sec.
Execute       syn_report -rtlxml -model yuv2rgb -o D:/repo/high-level-synthesis-flow-on-zynq-using-vivado-hls/source/lab2/yuv_filter.prj/solution1/syn/report/yuv2rgb_csynth.xml 
Execute       syn_report -verbosereport -model yuv2rgb -o D:/repo/high-level-synthesis-flow-on-zynq-using-vivado-hls/source/lab2/yuv_filter.prj/solution1/.autopilot/db/yuv2rgb.verbose.rpt 
Command       syn_report done; 0.327 sec.
Execute       db_write -model yuv2rgb -f -o D:/repo/high-level-synthesis-flow-on-zynq-using-vivado-hls/source/lab2/yuv_filter.prj/solution1/.autopilot/db/yuv2rgb.adb 
Execute       gen_tb_info yuv2rgb -p D:/repo/high-level-synthesis-flow-on-zynq-using-vivado-hls/source/lab2/yuv_filter.prj/solution1/.autopilot/db -o D:/repo/high-level-synthesis-flow-on-zynq-using-vivado-hls/source/lab2/yuv_filter.prj/solution1/.autopilot/db/yuv2rgb 
Command       gen_tb_info done; 0.239 sec.
INFO: [HLS 200-10] ----------------------------------------------------------------
INFO: [HLS 200-10] -- Generating RTL for module 'yuv_filter' 
INFO: [HLS 200-10] ----------------------------------------------------------------
Execute       get_config_rtl -module_prefix 
Execute       get_config_rtl -module_auto_prefix 
Execute       create_rtl_model yuv_filter -vendor xilinx -mg_file D:/repo/high-level-synthesis-flow-on-zynq-using-vivado-hls/source/lab2/yuv_filter.prj/solution1/.autopilot/db/yuv_filter.compgen.tcl 
INFO: [RTGEN 206-500] Setting interface mode on port 'yuv_filter/in_channels_ch1' to 'ap_memory'.
INFO: [RTGEN 206-500] Setting interface mode on port 'yuv_filter/in_channels_ch2' to 'ap_memory'.
INFO: [RTGEN 206-500] Setting interface mode on port 'yuv_filter/in_channels_ch3' to 'ap_memory'.
INFO: [RTGEN 206-500] Setting interface mode on port 'yuv_filter/in_width' to 'ap_none'.
INFO: [RTGEN 206-500] Setting interface mode on port 'yuv_filter/in_height' to 'ap_none'.
INFO: [RTGEN 206-500] Setting interface mode on port 'yuv_filter/out_channels_ch1' to 'ap_memory'.
INFO: [RTGEN 206-500] Setting interface mode on port 'yuv_filter/out_channels_ch2' to 'ap_memory'.
INFO: [RTGEN 206-500] Setting interface mode on port 'yuv_filter/out_channels_ch3' to 'ap_memory'.
INFO: [RTGEN 206-500] Setting interface mode on port 'yuv_filter/out_width' to 'ap_vld'.
INFO: [RTGEN 206-500] Setting interface mode on port 'yuv_filter/out_height' to 'ap_vld'.
INFO: [RTGEN 206-500] Setting interface mode on port 'yuv_filter/Y_scale' to 'ap_none'.
INFO: [RTGEN 206-500] Setting interface mode on port 'yuv_filter/U_scale' to 'ap_none'.
INFO: [RTGEN 206-500] Setting interface mode on port 'yuv_filter/V_scale' to 'ap_none'.
INFO: [RTGEN 206-500] Setting interface mode on function 'yuv_filter' to 'ap_ctrl_hs'.
INFO: [SYN 201-210] Renamed object name 'yuv_filter_p_yuv_channels_ch1' to 'yuv_filter_p_yuv_hbi' due to the length limit 20
INFO: [SYN 201-210] Renamed object name 'yuv_filter_p_yuv_channels_ch2' to 'yuv_filter_p_yuv_ibs' due to the length limit 20
INFO: [SYN 201-210] Renamed object name 'yuv_filter_p_yuv_channels_ch3' to 'yuv_filter_p_yuv_jbC' due to the length limit 20
INFO: [SYN 201-210] Renamed object name 'yuv_filter_p_scale_channels_ch1' to 'yuv_filter_p_scalkbM' due to the length limit 20
INFO: [SYN 201-210] Renamed object name 'yuv_filter_p_scale_channels_ch2' to 'yuv_filter_p_scallbW' due to the length limit 20
INFO: [SYN 201-210] Renamed object name 'yuv_filter_p_scale_channels_ch3' to 'yuv_filter_p_scalmb6' due to the length limit 20
INFO: [RTGEN 206-100] Finished creating RTL model for 'yuv_filter'.
Command       create_rtl_model done; 0.51 sec.
INFO: [HLS 200-111]  Elapsed time: 2.471 seconds; current allocated memory: 130.305 MB.
Execute       source D:/repo/high-level-synthesis-flow-on-zynq-using-vivado-hls/source/lab2/yuv_filter.prj/solution1/.autopilot/db/yuv_filter.rtl_wrap.cfg.tcl 
Execute       gen_rtl yuv_filter -istop -style xilinx -tracefl mytrace -tracefmt vcd -traceopt all -f -lang sc -o D:/repo/high-level-synthesis-flow-on-zynq-using-vivado-hls/source/lab2/yuv_filter.prj/solution1/syn/systemc/yuv_filter -synmodules rgb2yuv yuv2rgb yuv_filter 
Execute       gen_rtl yuv_filter -istop -style xilinx -f -lang vhdl -o D:/repo/high-level-synthesis-flow-on-zynq-using-vivado-hls/source/lab2/yuv_filter.prj/solution1/syn/vhdl/yuv_filter 
Execute       gen_rtl yuv_filter -istop -style xilinx -f -lang vlog -o D:/repo/high-level-synthesis-flow-on-zynq-using-vivado-hls/source/lab2/yuv_filter.prj/solution1/syn/verilog/yuv_filter 
Execute       syn_report -csynth -model yuv_filter -o D:/repo/high-level-synthesis-flow-on-zynq-using-vivado-hls/source/lab2/yuv_filter.prj/solution1/syn/report/yuv_filter_csynth.rpt 
Execute       syn_report -rtlxml -model yuv_filter -o D:/repo/high-level-synthesis-flow-on-zynq-using-vivado-hls/source/lab2/yuv_filter.prj/solution1/syn/report/yuv_filter_csynth.xml 
Execute       syn_report -verbosereport -model yuv_filter -o D:/repo/high-level-synthesis-flow-on-zynq-using-vivado-hls/source/lab2/yuv_filter.prj/solution1/.autopilot/db/yuv_filter.verbose.rpt 
Command       syn_report done; 0.208 sec.
Execute       db_write -model yuv_filter -f -o D:/repo/high-level-synthesis-flow-on-zynq-using-vivado-hls/source/lab2/yuv_filter.prj/solution1/.autopilot/db/yuv_filter.adb 
Execute       gen_tb_info yuv_filter -p D:/repo/high-level-synthesis-flow-on-zynq-using-vivado-hls/source/lab2/yuv_filter.prj/solution1/.autopilot/db -o D:/repo/high-level-synthesis-flow-on-zynq-using-vivado-hls/source/lab2/yuv_filter.prj/solution1/.autopilot/db/yuv_filter 
Execute       export_constraint_db -f -tool general -o D:/repo/high-level-synthesis-flow-on-zynq-using-vivado-hls/source/lab2/yuv_filter.prj/solution1/.autopilot/db/yuv_filter.constraint.tcl 
Execute       syn_report -designview -model yuv_filter -o D:/repo/high-level-synthesis-flow-on-zynq-using-vivado-hls/source/lab2/yuv_filter.prj/solution1/.autopilot/db/yuv_filter.design.xml 
Execute       get_config_rtl -disable_wave_debug 
Execute       syn_report -wcfg -model yuv_filter -o D:/repo/high-level-synthesis-flow-on-zynq-using-vivado-hls/source/lab2/yuv_filter.prj/solution1/.autopilot/db/yuv_filter_dataflow_ana.wcfg 
Execute       syn_report -protoinst -model yuv_filter -o D:/repo/high-level-synthesis-flow-on-zynq-using-vivado-hls/source/lab2/yuv_filter.prj/solution1/.autopilot/db/yuv_filter.protoinst 
Execute       get_config_debug -directory 
Execute       sc_get_clocks yuv_filter 
Execute       get_config_export -vivado_clock 
Execute       sc_get_portdomain yuv_filter 
INFO-FLOW: Model list for RTL component generation: rgb2yuv yuv2rgb yuv_filter
INFO-FLOW: Handling components in module [rgb2yuv] ... 
Execute       source D:/repo/high-level-synthesis-flow-on-zynq-using-vivado-hls/source/lab2/yuv_filter.prj/solution1/.autopilot/db/rgb2yuv.compgen.tcl 
INFO-FLOW: Found component yuv_filter_mac_mubkb.
INFO-FLOW: Append model yuv_filter_mac_mubkb
INFO-FLOW: Found component yuv_filter_mac_mucud.
INFO-FLOW: Append model yuv_filter_mac_mucud
INFO-FLOW: Found component yuv_filter_mac_mudEe.
INFO-FLOW: Append model yuv_filter_mac_mudEe
INFO-FLOW: Handling components in module [yuv2rgb] ... 
Execute       source D:/repo/high-level-synthesis-flow-on-zynq-using-vivado-hls/source/lab2/yuv_filter.prj/solution1/.autopilot/db/yuv2rgb.compgen.tcl 
INFO-FLOW: Found component yuv_filter_mac_mueOg.
INFO-FLOW: Append model yuv_filter_mac_mueOg
INFO-FLOW: Found component yuv_filter_mac_mufYi.
INFO-FLOW: Append model yuv_filter_mac_mufYi
INFO-FLOW: Found component yuv_filter_mac_mug8j.
INFO-FLOW: Append model yuv_filter_mac_mug8j
INFO-FLOW: Handling components in module [yuv_filter] ... 
Execute       source D:/repo/high-level-synthesis-flow-on-zynq-using-vivado-hls/source/lab2/yuv_filter.prj/solution1/.autopilot/db/yuv_filter.compgen.tcl 
INFO-FLOW: Found component yuv_filter_p_yuv_hbi.
INFO-FLOW: Append model yuv_filter_p_yuv_hbi
INFO-FLOW: Append model rgb2yuv
INFO-FLOW: Append model yuv2rgb
INFO-FLOW: Append model yuv_filter
INFO-FLOW: Generating RTL model list ...
INFO-FLOW: All models in this session: yuv_filter_mac_mubkb yuv_filter_mac_mucud yuv_filter_mac_mudEe yuv_filter_mac_mueOg yuv_filter_mac_mufYi yuv_filter_mac_mug8j yuv_filter_p_yuv_hbi rgb2yuv yuv2rgb yuv_filter
INFO-FLOW: To file: write model yuv_filter_mac_mubkb
INFO-FLOW: To file: write model yuv_filter_mac_mucud
INFO-FLOW: To file: write model yuv_filter_mac_mudEe
INFO-FLOW: To file: write model yuv_filter_mac_mueOg
INFO-FLOW: To file: write model yuv_filter_mac_mufYi
INFO-FLOW: To file: write model yuv_filter_mac_mug8j
INFO-FLOW: To file: write model yuv_filter_p_yuv_hbi
INFO-FLOW: To file: write model rgb2yuv
INFO-FLOW: To file: write model yuv2rgb
INFO-FLOW: To file: write model yuv_filter
INFO-FLOW: Finished generating RTL model list.


INFO-FLOW: RTL Generation done.
INFO-FLOW: CAS Generation done.
INFO-FLOW: CBC Generation done.
Execute       syn_report -model yuv_filter -printsummary 
INFO: [HLS 200-790] **** Loop Constraint Status: All loop constraints were satisfied.
INFO: [HLS 200-789] **** Estimated Fmax: 93.25 MHz
INFO-FLOW: DBG:CMD: auto_generate_csynth_design
INFO-FLOW: DBG:CMD:     auto_generate --sim-model -phase csynth_design -d D:/repo/high-level-synthesis-flow-on-zynq-using-vivado-hls/source/lab2/yuv_filter.prj/solution1
Execute       source D:/repo/high-level-synthesis-flow-on-zynq-using-vivado-hls/source/lab2/yuv_filter.prj/solution1/.autopilot/db/global.setting.tcl 
INFO-FLOW: DBG:CMD: read_platform_lib D:/repo/high-level-synthesis-flow-on-zynq-using-vivado-hls/source/lab2/yuv_filter.prj/solution1/.autopilot/db/global.setting.tcl
Execute       source D:/Xilinx/Vivado/2020.1/common/technology/generic/autopilot/common.gen 
Execute         source D:/Xilinx/Vivado/2020.1/common/technology/generic/autopilot/APCoreGen.gen 
Execute       source D:/Xilinx/Vivado/2020.1/common/technology/generic/autopilot/op.gen 
Execute       source D:/Xilinx/Vivado/2020.1/common/technology/generic/autopilot/op_simcore.gen 
Execute       source D:/Xilinx/Vivado/2020.1/common/technology/generic/autopilot/interface.gen 
Execute       source D:/repo/high-level-synthesis-flow-on-zynq-using-vivado-hls/source/lab2/yuv_filter.prj/solution1/.autopilot/db/global.setting.tcl 
Execute       source D:/Xilinx/Vivado/2020.1/common/technology/xilinx/zynq/zynq.gen 
Execute         source D:/Xilinx/Vivado/2020.1/common/technology/xilinx/common/xilinx.gen 
Execute           source D:/Xilinx/Vivado/2020.1/common/technology/xilinx/interface/plb46.gen 
Execute           source D:/Xilinx/Vivado/2020.1/common/technology/xilinx/interface/fsl.gen 
Execute           source D:/Xilinx/Vivado/2020.1/common/technology/xilinx/interface/axi4.gen 
Execute           source D:/Xilinx/Vivado/2020.1/common/technology/xilinx/interface/nativeAXI4.gen 
Execute             source D:/Xilinx/Vivado/2020.1/common/technology/xilinx/interface/saxilite.gen 
Execute             source D:/Xilinx/Vivado/2020.1/common/technology/xilinx/interface/maxi.gen 
Execute           source D:/Xilinx/Vivado/2020.1/common/technology/xilinx/scripts/xilinxcoregen.gen 
Execute           source D:/Xilinx/Vivado/2020.1/common/technology/xilinx/interface/XilEDKCoreGen.gen 
Execute           source D:/Xilinx/Vivado/2020.1/common/technology/xilinx/ip/dds_compiler.gen 
Execute           source D:/Xilinx/Vivado/2020.1/common/technology/xilinx/ip/util.gen 
Execute           source D:/Xilinx/Vivado/2020.1/common/technology/xilinx/ip/xfft.gen 
Command           ap_source done; 0.12 sec.
Execute           source D:/Xilinx/Vivado/2020.1/common/technology/xilinx/ip/xfir.gen 
Execute           source D:/Xilinx/Vivado/2020.1/common/technology/xilinx/common/dsp48.gen 
Command         ap_source done; 0.174 sec.
Command       ap_source done; 0.174 sec.
Execute       source D:/Xilinx/Vivado/2020.1/common/technology/xilinx/zynq/zynq_fpv6.gen 
Execute         source D:/Xilinx/Vivado/2020.1/common/technology/xilinx/common/xilinx_fp.gen 
INFO-FLOW: DBG:CMD:   using AESL_AUTOCG::g_clock_period=10.000 (was NA)
INFO-FLOW: DBG:CMD:       generate_ip_cores sim=1 export=0 expOnly=0 dstVlogDir=syn/verilog
Execute       source D:/repo/high-level-synthesis-flow-on-zynq-using-vivado-hls/source/lab2/yuv_filter.prj/solution1/.autopilot/db/global.setting.tcl 
Execute       ap_part_info -name xc7z020-clg400-1 -data names -quiet 
Execute       ap_part_info -name xc7z020-clg400-1 -data info -quiet 
Execute       source D:/repo/high-level-synthesis-flow-on-zynq-using-vivado-hls/source/lab2/yuv_filter.prj/solution1/.autopilot/db/global.setting.tcl 
Execute       source D:/repo/high-level-synthesis-flow-on-zynq-using-vivado-hls/source/lab2/yuv_filter.prj/solution1/.autopilot/db/global.setting.tcl 
Execute       source D:/repo/high-level-synthesis-flow-on-zynq-using-vivado-hls/source/lab2/yuv_filter.prj/solution1/.autopilot/db/rgb2yuv.compgen.tcl 
Execute         ap_part_info -name xc7z020-clg400-1 -data names -quiet 
Execute         ap_part_info -name xc7z020-clg400-1 -data info -quiet 
Execute         ap_part_info -name xc7z020-clg400-1 -data info 
Execute         ap_part_info -name xc7z020-clg400-1 -data names -quiet 
Execute         ap_part_info -name xc7z020-clg400-1 -data info -quiet 
Execute         ap_part_info -name xc7z020-clg400-1 -data info 
Execute         ap_part_info -name xc7z020-clg400-1 -data names -quiet 
Execute         ap_part_info -name xc7z020-clg400-1 -data info -quiet 
Execute         ap_part_info -name xc7z020-clg400-1 -data info 
Command       ap_source done; 0.399 sec.
Execute       source D:/repo/high-level-synthesis-flow-on-zynq-using-vivado-hls/source/lab2/yuv_filter.prj/solution1/.autopilot/db/yuv2rgb.compgen.tcl 
Execute         ap_part_info -name xc7z020-clg400-1 -data names -quiet 
Execute         ap_part_info -name xc7z020-clg400-1 -data info -quiet 
Execute         ap_part_info -name xc7z020-clg400-1 -data info 
Execute         ap_part_info -name xc7z020-clg400-1 -data names -quiet 
Execute         ap_part_info -name xc7z020-clg400-1 -data info -quiet 
Execute         ap_part_info -name xc7z020-clg400-1 -data info 
Execute         ap_part_info -name xc7z020-clg400-1 -data names -quiet 
Execute         ap_part_info -name xc7z020-clg400-1 -data info -quiet 
Execute         ap_part_info -name xc7z020-clg400-1 -data info 
Command       ap_source done; 0.446 sec.
Execute       source D:/repo/high-level-synthesis-flow-on-zynq-using-vivado-hls/source/lab2/yuv_filter.prj/solution1/.autopilot/db/yuv_filter.compgen.tcl 
INFO: [RTMG 210-278] Implementing memory 'yuv_filter_p_yuv_hbi_ram (RAM)' using block RAMs.
Execute         ap_part_info -name xc7z020-clg400-1 -data names -quiet 
Execute         ap_part_info -name xc7z020-clg400-1 -data info -quiet 
INFO-FLOW: DBG:CMD:     auto_generate -export -impltomg_flag -rtl both -tool Vivado -pcore_version 1.00.a -phase csynth_design -d D:/repo/high-level-synthesis-flow-on-zynq-using-vivado-hls/source/lab2/yuv_filter.prj/solution1
Execute       source D:/repo/high-level-synthesis-flow-on-zynq-using-vivado-hls/source/lab2/yuv_filter.prj/solution1/.autopilot/db/global.setting.tcl 
INFO-FLOW: DBG:CMD: read_platform_lib D:/repo/high-level-synthesis-flow-on-zynq-using-vivado-hls/source/lab2/yuv_filter.prj/solution1/.autopilot/db/global.setting.tcl
Execute       source D:/Xilinx/Vivado/2020.1/common/technology/generic/autopilot/common.gen 
Execute         source D:/Xilinx/Vivado/2020.1/common/technology/generic/autopilot/APCoreGen.gen 
Execute       source D:/Xilinx/Vivado/2020.1/common/technology/generic/autopilot/op.gen 
Execute       source D:/Xilinx/Vivado/2020.1/common/technology/generic/autopilot/op_simcore.gen 
Execute       source D:/Xilinx/Vivado/2020.1/common/technology/generic/autopilot/interface.gen 
Execute       source D:/repo/high-level-synthesis-flow-on-zynq-using-vivado-hls/source/lab2/yuv_filter.prj/solution1/.autopilot/db/global.setting.tcl 
Execute       source D:/Xilinx/Vivado/2020.1/common/technology/xilinx/zynq/zynq.gen 
Execute         source D:/Xilinx/Vivado/2020.1/common/technology/xilinx/common/xilinx.gen 
Execute           source D:/Xilinx/Vivado/2020.1/common/technology/xilinx/interface/plb46.gen 
Execute           source D:/Xilinx/Vivado/2020.1/common/technology/xilinx/interface/fsl.gen 
Execute           source D:/Xilinx/Vivado/2020.1/common/technology/xilinx/interface/axi4.gen 
Execute           source D:/Xilinx/Vivado/2020.1/common/technology/xilinx/interface/nativeAXI4.gen 
Execute             source D:/Xilinx/Vivado/2020.1/common/technology/xilinx/interface/saxilite.gen 
Execute             source D:/Xilinx/Vivado/2020.1/common/technology/xilinx/interface/maxi.gen 
Execute           source D:/Xilinx/Vivado/2020.1/common/technology/xilinx/scripts/xilinxcoregen.gen 
Execute           source D:/Xilinx/Vivado/2020.1/common/technology/xilinx/interface/XilEDKCoreGen.gen 
Execute           source D:/Xilinx/Vivado/2020.1/common/technology/xilinx/ip/dds_compiler.gen 
Execute           source D:/Xilinx/Vivado/2020.1/common/technology/xilinx/ip/util.gen 
Execute           source D:/Xilinx/Vivado/2020.1/common/technology/xilinx/ip/xfft.gen 
Command           ap_source done; 0.116 sec.
Execute           source D:/Xilinx/Vivado/2020.1/common/technology/xilinx/ip/xfir.gen 
Execute           source D:/Xilinx/Vivado/2020.1/common/technology/xilinx/common/dsp48.gen 
Command         ap_source done; 0.178 sec.
Command       ap_source done; 0.178 sec.
Execute       source D:/Xilinx/Vivado/2020.1/common/technology/xilinx/zynq/zynq_fpv6.gen 
Execute         source D:/Xilinx/Vivado/2020.1/common/technology/xilinx/common/xilinx_fp.gen 
INFO-FLOW: DBG:CMD:       initCTypeInfo top_module=yuv_filter xml_exists=0
Execute       source D:/repo/high-level-synthesis-flow-on-zynq-using-vivado-hls/source/lab2/yuv_filter.prj/solution1/.autopilot/db/yuv_filter.rtl_wrap.cfg.tcl 
Execute       source D:/repo/high-level-synthesis-flow-on-zynq-using-vivado-hls/source/lab2/yuv_filter.prj/solution1/.autopilot/db/yuv_filter.rtl_wrap.cfg.tcl 
Execute       source D:/repo/high-level-synthesis-flow-on-zynq-using-vivado-hls/source/lab2/yuv_filter.prj/solution1/.autopilot/db/yuv_filter.rtl_wrap.cfg.tcl 
Execute       source D:/repo/high-level-synthesis-flow-on-zynq-using-vivado-hls/source/lab2/yuv_filter.prj/solution1/.autopilot/db/yuv_filter.tbgen.tcl 
Execute       source D:/repo/high-level-synthesis-flow-on-zynq-using-vivado-hls/source/lab2/yuv_filter.prj/solution1/.autopilot/db/yuv_filter.tbgen.tcl 
INFO-FLOW: DBG:CMD:       export_impl_rtl
INFO-FLOW: DBG:CMD:       generate_ip_cores sim=0 export=0 expOnly=0 dstVlogDir=impl/.verilog
Execute       source D:/repo/high-level-synthesis-flow-on-zynq-using-vivado-hls/source/lab2/yuv_filter.prj/solution1/.autopilot/db/global.setting.tcl 
Execute       source D:/repo/high-level-synthesis-flow-on-zynq-using-vivado-hls/source/lab2/yuv_filter.prj/solution1/.autopilot/db/rgb2yuv.compgen.tcl 
Execute       source D:/repo/high-level-synthesis-flow-on-zynq-using-vivado-hls/source/lab2/yuv_filter.prj/solution1/.autopilot/db/yuv2rgb.compgen.tcl 
Execute       source D:/repo/high-level-synthesis-flow-on-zynq-using-vivado-hls/source/lab2/yuv_filter.prj/solution1/.autopilot/db/yuv_filter.compgen.tcl 
INFO-FLOW: DBG:CMD:       generate_ip_cores sim=0 export=1 expOnly=1 dstVlogDir=impl/.pcores/verilog
Execute       source D:/repo/high-level-synthesis-flow-on-zynq-using-vivado-hls/source/lab2/yuv_filter.prj/solution1/.autopilot/db/global.setting.tcl 
Execute       source D:/repo/high-level-synthesis-flow-on-zynq-using-vivado-hls/source/lab2/yuv_filter.prj/solution1/.autopilot/db/rgb2yuv.compgen.tcl 
Execute       source D:/repo/high-level-synthesis-flow-on-zynq-using-vivado-hls/source/lab2/yuv_filter.prj/solution1/.autopilot/db/yuv2rgb.compgen.tcl 
Execute       source D:/repo/high-level-synthesis-flow-on-zynq-using-vivado-hls/source/lab2/yuv_filter.prj/solution1/.autopilot/db/yuv_filter.compgen.tcl 
Execute         ap_part_info -name xc7z020-clg400-1 -data names -quiet 
Execute         ap_part_info -name xc7z020-clg400-1 -data info -quiet 
Execute         ap_part_info -name xc7z020-clg400-1 -data names -quiet 
Execute         ap_part_info -name xc7z020-clg400-1 -data info -quiet 
Execute         source D:/repo/high-level-synthesis-flow-on-zynq-using-vivado-hls/source/lab2/yuv_filter.prj/solution1/.autopilot/db/yuv_filter.tbgen.tcl 
Execute         source D:/repo/high-level-synthesis-flow-on-zynq-using-vivado-hls/source/lab2/yuv_filter.prj/solution1/.autopilot/db/yuv_filter.tbgen.tcl 
Execute         source D:/repo/high-level-synthesis-flow-on-zynq-using-vivado-hls/source/lab2/yuv_filter.prj/solution1/.autopilot/db/yuv_filter.tbgen.tcl 
Execute         source D:/repo/high-level-synthesis-flow-on-zynq-using-vivado-hls/source/lab2/yuv_filter.prj/solution1/.autopilot/db/yuv_filter.tbgen.tcl 
Execute         source D:/repo/high-level-synthesis-flow-on-zynq-using-vivado-hls/source/lab2/yuv_filter.prj/solution1/.autopilot/db/yuv_filter.tbgen.tcl 
Execute         source D:/repo/high-level-synthesis-flow-on-zynq-using-vivado-hls/source/lab2/yuv_filter.prj/solution1/.autopilot/db/yuv_filter.tbgen.tcl 
Execute         ap_part_info -name xc7z020-clg400-1 -data names -quiet 
Execute         ap_part_info -name xc7z020-clg400-1 -data info -quiet 
Execute         ap_part_info -name xc7z020-clg400-1 -data names -quiet 
Execute         ap_part_info -name xc7z020-clg400-1 -data info -quiet 
Execute         ap_part_info -name xc7z020-clg400-1 -data names -quiet 
Execute         ap_part_info -name xc7z020-clg400-1 -data info -quiet 
Execute         ap_part_info -name xc7z020-clg400-1 -data names -quiet 
Execute         ap_part_info -name xc7z020-clg400-1 -data info -quiet 
Execute         ap_part_info -name xc7z020-clg400-1 -data names -quiet 
Execute         ap_part_info -name xc7z020-clg400-1 -data info -quiet 
Execute         ap_part_info -name xc7z020-clg400-1 -data names -quiet 
Execute         ap_part_info -name xc7z020-clg400-1 -data info -quiet 
Execute         ap_part_info -name xc7z020-clg400-1 -data names -quiet 
Execute         ap_part_info -name xc7z020-clg400-1 -data info -quiet 
Execute         ap_part_info -name xc7z020-clg400-1 -data names -quiet 
Execute         ap_part_info -name xc7z020-clg400-1 -data info -quiet 
Execute         ap_part_info -name xc7z020-clg400-1 -data names -quiet 
Execute         ap_part_info -name xc7z020-clg400-1 -data info -quiet 
Execute         ap_part_info -name xc7z020-clg400-1 -data names -quiet 
Execute         ap_part_info -name xc7z020-clg400-1 -data info -quiet 
Execute         ap_part_info -name xc7z020-clg400-1 -data names -quiet 
Execute         ap_part_info -name xc7z020-clg400-1 -data info -quiet 
Execute         ap_part_info -name xc7z020-clg400-1 -data names -quiet 
Execute         ap_part_info -name xc7z020-clg400-1 -data info -quiet 
Command       ap_source done; 0.629 sec.
Execute       ap_part_info -name xc7z020-clg400-1 -data names -quiet 
Execute       ap_part_info -name xc7z020-clg400-1 -data info -quiet 
INFO-FLOW: DBG:CMD:       generate_ip_cores sim=0 export=0 expOnly=0 dstVlogDir=impl/.pcores/verilog_sim
Execute       source D:/repo/high-level-synthesis-flow-on-zynq-using-vivado-hls/source/lab2/yuv_filter.prj/solution1/.autopilot/db/global.setting.tcl 
Execute       source D:/repo/high-level-synthesis-flow-on-zynq-using-vivado-hls/source/lab2/yuv_filter.prj/solution1/.autopilot/db/rgb2yuv.compgen.tcl 
Execute       source D:/repo/high-level-synthesis-flow-on-zynq-using-vivado-hls/source/lab2/yuv_filter.prj/solution1/.autopilot/db/yuv2rgb.compgen.tcl 
Execute       source D:/repo/high-level-synthesis-flow-on-zynq-using-vivado-hls/source/lab2/yuv_filter.prj/solution1/.autopilot/db/yuv_filter.compgen.tcl 
Execute       ap_part_info -name xc7z020-clg400-1 -data names -quiet 
Execute       ap_part_info -name xc7z020-clg400-1 -data info -quiet 
Execute       ap_part_info -name xc7z020-clg400-1 -data names -quiet 
Execute       ap_part_info -name xc7z020-clg400-1 -data info -quiet 
Execute       source D:/repo/high-level-synthesis-flow-on-zynq-using-vivado-hls/source/lab2/yuv_filter.prj/solution1/.autopilot/db/global.setting.tcl 
Execute       ap_part_info -name xc7z020-clg400-1 -data names -quiet 
Execute       ap_part_info -name xc7z020-clg400-1 -data info -quiet 
Execute       source D:/repo/high-level-synthesis-flow-on-zynq-using-vivado-hls/source/lab2/yuv_filter.prj/solution1/.autopilot/db/yuv_filter.constraint.tcl 
Execute       source D:/repo/high-level-synthesis-flow-on-zynq-using-vivado-hls/source/lab2/yuv_filter.prj/solution1/.autopilot/db/yuv_filter.tbgen.tcl 
INFO-FLOW: DBG:CMD:       hasPcoreIpAdapter=false #gSsdmPorts=28
INFO-FLOW: DBG:CMD: Skipping loadAnalyze_DB, #g_database=13
INFO-FLOW: DBG:CMD:       generate_json is_phase_csynth=1 g_has_adaptors=false generate_bd_files=0 #modelList=10 #gSsdmPorts=28
Execute       source D:/Xilinx/Vivado/2020.1/tps/tcl/tcllib1.11.1/fileutil/fileutil.tcl 
Execute       source D:/repo/high-level-synthesis-flow-on-zynq-using-vivado-hls/source/lab2/yuv_filter.prj/solution1/.autopilot/db/global.setting.tcl 
Execute       source D:/repo/high-level-synthesis-flow-on-zynq-using-vivado-hls/source/lab2/yuv_filter.prj/solution1/.autopilot/db/global.setting.tcl 
Execute       get_config_export -xo 
Execute       source D:/repo/high-level-synthesis-flow-on-zynq-using-vivado-hls/source/lab2/yuv_filter.prj/solution1/.autopilot/db/yuv_filter.tbgen.tcl 
Execute       source D:/repo/high-level-synthesis-flow-on-zynq-using-vivado-hls/source/lab2/yuv_filter.prj/solution1/.autopilot/db/yuv_filter.tbgen.tcl 
Execute       source D:/repo/high-level-synthesis-flow-on-zynq-using-vivado-hls/source/lab2/yuv_filter.prj/solution1/.autopilot/db/yuv_filter.tbgen.tcl 
Execute       source D:/repo/high-level-synthesis-flow-on-zynq-using-vivado-hls/source/lab2/yuv_filter.prj/solution1/.autopilot/db/yuv_filter.tbgen.tcl 
Execute       source D:/repo/high-level-synthesis-flow-on-zynq-using-vivado-hls/source/lab2/yuv_filter.prj/solution1/.autopilot/db/yuv_filter.tbgen.tcl 
Execute       source D:/repo/high-level-synthesis-flow-on-zynq-using-vivado-hls/source/lab2/yuv_filter.prj/solution1/.autopilot/db/yuv_filter.tbgen.tcl 
Execute       source D:/repo/high-level-synthesis-flow-on-zynq-using-vivado-hls/source/lab2/yuv_filter.prj/solution1/.autopilot/db/yuv_filter.tbgen.tcl 
Execute       source D:/repo/high-level-synthesis-flow-on-zynq-using-vivado-hls/source/lab2/yuv_filter.prj/solution1/.autopilot/db/global.setting.tcl 
Execute       get_config_sdx -target 
Execute       source D:/repo/high-level-synthesis-flow-on-zynq-using-vivado-hls/source/lab2/yuv_filter.prj/solution1/.autopilot/db/yuv_filter.rtl_wrap.cfg.tcl 
Execute       source D:/repo/high-level-synthesis-flow-on-zynq-using-vivado-hls/source/lab2/yuv_filter.prj/solution1/.autopilot/db/yuv_filter.compgen.dataonly.tcl 
Execute       source D:/repo/high-level-synthesis-flow-on-zynq-using-vivado-hls/source/lab2/yuv_filter.prj/solution1/.autopilot/db/global.setting.tcl 
Execute       ap_part_info -name xc7z020-clg400-1 -data names -quiet 
Execute       ap_part_info -name xc7z020-clg400-1 -data info -quiet 
Execute       source D:/repo/high-level-synthesis-flow-on-zynq-using-vivado-hls/source/lab2/yuv_filter.prj/solution1/.autopilot/db/yuv_filter.constraint.tcl 
Execute       sc_get_clocks yuv_filter 
Execute       ap_part_info -name xc7z020-clg400-1 -data names -quiet 
Execute       ap_part_info -name xc7z020-clg400-1 -data info -quiet 
Execute       source D:/repo/high-level-synthesis-flow-on-zynq-using-vivado-hls/source/lab2/yuv_filter.prj/solution1/.autopilot/db/global.setting.tcl 
Execute       get_config_debug -directory 
Execute       source D:/repo/high-level-synthesis-flow-on-zynq-using-vivado-hls/source/lab2/yuv_filter.prj/solution1/.autopilot/db/rgb2yuv.tbgen.tcl 
Execute       source D:/repo/high-level-synthesis-flow-on-zynq-using-vivado-hls/source/lab2/yuv_filter.prj/solution1/.autopilot/db/yuv2rgb.tbgen.tcl 
Execute       source D:/repo/high-level-synthesis-flow-on-zynq-using-vivado-hls/source/lab2/yuv_filter.prj/solution1/.autopilot/db/yuv_filter.tbgen.tcl 
Execute       get_config_sdx -target 
Execute       get_config_sdx -profile 
Execute       get_config_rtl -kernel_profile 
Execute       get_config_rtl -stall_sig_gen 
Execute       get_config_rtl -profile 
INFO-FLOW: DBG:CMD: add_json_sdx_info kernel file does not exist, skipping opencl info: D:/repo/high-level-synthesis-flow-on-zynq-using-vivado-hls/source/lab2/yuv_filter.prj/solution1/.autopilot/db/kernel.internal.xml
INFO-FLOW: DBG:CMD:       delete-temp-dirs (skipped for debug)
INFO: [HLS 200-111] Finished generating all RTL models Time (s): cpu = 00:00:09 ; elapsed = 00:00:29 . Memory (MB): peak = 954.930 ; gain = 861.820
INFO: [VHDL 208-304] Generating VHDL RTL for yuv_filter.
INFO: [VLOG 209-307] Generating Verilog RTL for yuv_filter.
Command     autosyn done; 15.608 sec.
Command   csynth_design done; 26.007 sec.
Command ap_source done; 28.572 sec.
Execute cleanup_all 
