

================================================================
== Vivado HLS Report for 'rgb2yuv11'
================================================================
* Date:           Sun Aug  2 15:34:21 2020

* Version:        2020.1 (Build 2897737 on Wed May 27 20:21:37 MDT 2020)
* Project:        yuv_filter.prj
* Solution:       solution3
* Product family: zynq
* Target device:  xc7z020-clg400-1


================================================================
== Performance Estimates
================================================================
+ Timing: 
    * Summary: 
    +--------+----------+-----------+------------+
    |  Clock |  Target  | Estimated | Uncertainty|
    +--------+----------+-----------+------------+
    |ap_clk  | 10.00 ns | 11.004 ns |   1.25 ns  |
    +--------+----------+-----------+------------+

+ Latency: 
    * Summary: 
    +---------+---------+----------+-----------+-------+---------+---------+
    |  Latency (cycles) |  Latency (absolute)  |     Interval    | Pipeline|
    |   min   |   max   |    min   |    max    |  min  |   max   |   Type  |
    +---------+---------+----------+-----------+-------+---------+---------+
    |    40007|  2457607| 0.440 ms | 27.044 ms |  40007|  2457607|   none  |
    +---------+---------+----------+-----------+-------+---------+---------+

    + Detail: 
        * Instance: 
        N/A

        * Loop: 
        +---------------------------------+---------+---------+----------+-----------+-----------+-----------------+----------+
        |                                 |  Latency (cycles) | Iteration|  Initiation Interval  |       Trip      |          |
        |            Loop Name            |   min   |   max   |  Latency |  achieved |   target  |      Count      | Pipelined|
        +---------------------------------+---------+---------+----------+-----------+-----------+-----------------+----------+
        |- RGB2YUV_LOOP_X_RGB2YUV_LOOP_Y  |    40005|  2457605|         7|          1|          1| 40000 ~ 2457600 |    yes   |
        +---------------------------------+---------+---------+----------+-----------+-----------+-----------------+----------+



================================================================
== Utilization Estimates
================================================================
* Summary: 
+-----------------+---------+-------+--------+-------+-----+
|       Name      | BRAM_18K| DSP48E|   FF   |  LUT  | URAM|
+-----------------+---------+-------+--------+-------+-----+
|DSP              |        -|      6|       -|      -|    -|
|Expression       |        -|      -|       0|    423|    -|
|FIFO             |        -|      -|       -|      -|    -|
|Instance         |        -|      -|       -|      -|    -|
|Memory           |        -|      -|       -|      -|    -|
|Multiplexer      |        -|      -|       -|    165|    -|
|Register         |        0|      -|     284|     32|    -|
+-----------------+---------+-------+--------+-------+-----+
|Total            |        0|      6|     284|    620|    0|
+-----------------+---------+-------+--------+-------+-----+
|Available        |      280|    220|  106400|  53200|    0|
+-----------------+---------+-------+--------+-------+-----+
|Utilization (%)  |        0|      2|   ~0   |      1|    0|
+-----------------+---------+-------+--------+-------+-----+

+ Detail: 
    * Instance: 
    N/A

    * DSP48E: 
    +-------------------------+----------------------+--------------+
    |         Instance        |        Module        |  Expression  |
    +-------------------------+----------------------+--------------+
    |yuv_filter_mac_mucud_U2  |yuv_filter_mac_mucud  | i0 * i1 + i2 |
    |yuv_filter_mac_mudEe_U3  |yuv_filter_mac_mudEe  | i0 + i1 * i2 |
    |yuv_filter_mac_mueOg_U4  |yuv_filter_mac_mueOg  | i0 + i1 * i2 |
    |yuv_filter_mac_mufYi_U5  |yuv_filter_mac_mufYi  | i0 + i1 * i2 |
    |yuv_filter_mac_mufYi_U6  |yuv_filter_mac_mufYi  | i0 + i1 * i2 |
    |yuv_filter_mul_mubkb_U1  |yuv_filter_mul_mubkb  |    i0 * i1   |
    +-------------------------+----------------------+--------------+

    * Memory: 
    N/A

    * FIFO: 
    N/A

    * Expression: 
    +----------------------------------+----------+-------+---+----+------------+------------+
    |           Variable Name          | Operation| DSP48E| FF| LUT| Bitwidth P0| Bitwidth P1|
    +----------------------------------+----------+-------+---+----+------------+------------+
    |add_ln45_fu_312_p2                |     +    |      0|  0|  39|          32|           1|
    |add_ln54_1_fu_379_p2              |     +    |      0|  0|  23|          23|          23|
    |add_ln54_fu_369_p2                |     +    |      0|  0|  23|          23|          23|
    |add_ln57_1_fu_449_p2              |     +    |      0|  0|  21|          15|          15|
    |add_ln57_2_fu_459_p2              |     +    |      0|  0|  23|          16|          16|
    |add_ln57_4_fu_468_p2              |     +    |      0|  0|  23|          16|          16|
    |add_ln57_fu_439_p2                |     +    |      0|  0|  14|           8|          10|
    |add_ln58_1_fu_519_p2              |     +    |      0|  0|  23|          16|          16|
    |add_ln59_1_fu_559_p2              |     +    |      0|  0|  23|          16|          16|
    |out_channels_ch1_din              |     +    |      0|  0|  15|           5|           8|
    |x_fu_318_p2                       |     +    |      0|  0|  23|           1|          16|
    |y_fu_385_p2                       |     +    |      0|  0|  23|           1|          16|
    |sub_ln58_fu_510_p2                |     -    |      0|  0|  23|          16|          16|
    |sub_ln59_1_fu_546_p2              |     -    |      0|  0|  19|          14|          14|
    |sub_ln59_fu_525_p2                |     -    |      0|  0|  17|           1|          13|
    |ap_block_pp0_stage0_01001         |    and   |      0|  0|   2|           1|           1|
    |icmp_ln45_fu_307_p2               |   icmp   |      0|  0|  18|          32|          32|
    |icmp_ln48_fu_324_p2               |   icmp   |      0|  0|  13|          16|          16|
    |ap_block_state1                   |    or    |      0|  0|   2|           1|           1|
    |ap_block_state8_pp0_stage0_iter6  |    or    |      0|  0|   2|           1|           1|
    |select_ln54_1_fu_337_p3           |  select  |      0|  0|  16|           1|          16|
    |select_ln54_fu_329_p3             |  select  |      0|  0|  16|           1|           1|
    |ap_enable_pp0                     |    xor   |      0|  0|   2|           1|           2|
    |ap_enable_reg_pp0_iter1           |    xor   |      0|  0|   2|           2|           1|
    |out_channels_ch2_din              |    xor   |      0|  0|   9|           8|           9|
    |out_channels_ch3_din              |    xor   |      0|  0|   9|           8|           9|
    +----------------------------------+----------+-------+---+----+------------+------------+
    |Total                             |          |      0|  0| 423|         275|         308|
    +----------------------------------+----------+-------+---+----+------------+------------+

    * Multiplexer: 
    +----------------------------------+----+-----------+-----+-----------+
    |               Name               | LUT| Input Size| Bits| Total Bits|
    +----------------------------------+----+-----------+-----+-----------+
    |U_scale_out_blk_n                 |   9|          2|    1|          2|
    |V_scale_out_blk_n                 |   9|          2|    1|          2|
    |Y_scale_out_blk_n                 |   9|          2|    1|          2|
    |ap_NS_fsm                         |  21|          4|    1|          4|
    |ap_done                           |   9|          2|    1|          2|
    |ap_enable_reg_pp0_iter1           |   9|          2|    1|          2|
    |ap_enable_reg_pp0_iter6           |   9|          2|    1|          2|
    |ap_phi_mux_x_0_i_i_phi_fu_281_p4  |   9|          2|   16|         32|
    |indvar_flatten_reg_266            |   9|          2|   32|         64|
    |out_channels_ch1_blk_n            |   9|          2|    1|          2|
    |out_channels_ch2_blk_n            |   9|          2|    1|          2|
    |out_channels_ch3_blk_n            |   9|          2|    1|          2|
    |out_height_blk_n                  |   9|          2|    1|          2|
    |out_width_blk_n                   |   9|          2|    1|          2|
    |real_start                        |   9|          2|    1|          2|
    |x_0_i_i_reg_277                   |   9|          2|   16|         32|
    |y_0_i_i_reg_288                   |   9|          2|   16|         32|
    +----------------------------------+----+-----------+-----+-----------+
    |Total                             | 165|         36|   93|        188|
    +----------------------------------+----+-----------+-----+-----------+

    * Register: 
    +-------------------------+----+----+-----+-----------+
    |           Name          | FF | LUT| Bits| Const Bits|
    +-------------------------+----+----+-----+-----------+
    |B_reg_718                |   8|   0|    8|          0|
    |G_reg_711                |   8|   0|    8|          0|
    |G_reg_711_pp0_iter5_reg  |   8|   0|    8|          0|
    |R_reg_704                |   8|   0|    8|          0|
    |add_ln54_1_reg_679       |  23|   0|   23|          0|
    |add_ln58_1_reg_731       |  16|   0|   16|          0|
    |add_ln59_1_reg_736       |  16|   0|   16|          0|
    |ap_CS_fsm                |   3|   0|    3|          0|
    |ap_done_reg              |   1|   0|    1|          0|
    |ap_enable_reg_pp0_iter0  |   1|   0|    1|          0|
    |ap_enable_reg_pp0_iter1  |   1|   0|    1|          0|
    |ap_enable_reg_pp0_iter2  |   1|   0|    1|          0|
    |ap_enable_reg_pp0_iter3  |   1|   0|    1|          0|
    |ap_enable_reg_pp0_iter4  |   1|   0|    1|          0|
    |ap_enable_reg_pp0_iter5  |   1|   0|    1|          0|
    |ap_enable_reg_pp0_iter6  |   1|   0|    1|          0|
    |bound_reg_660            |  32|   0|   32|          0|
    |icmp_ln45_reg_665        |   1|   0|    1|          0|
    |indvar_flatten_reg_266   |  32|   0|   32|          0|
    |select_ln54_1_reg_674    |  16|   0|   16|          0|
    |start_once_reg           |   1|   0|    1|          0|
    |trunc_ln_reg_726         |   8|   0|    8|          0|
    |x_0_i_i_reg_277          |  16|   0|   16|          0|
    |y_0_i_i_reg_288          |  16|   0|   16|          0|
    |icmp_ln45_reg_665        |  64|  32|    1|          0|
    +-------------------------+----+----+-----+-----------+
    |Total                    | 284|  32|  221|          0|
    +-------------------------+----+----+-----+-----------+



================================================================
== Interface
================================================================
* Summary: 
+--------------------------+-----+-----+------------+------------------+--------------+
|         RTL Ports        | Dir | Bits|  Protocol  |   Source Object  |    C Type    |
+--------------------------+-----+-----+------------+------------------+--------------+
|ap_clk                    |  in |    1| ap_ctrl_hs |     rgb2yuv11    | return value |
|ap_rst                    |  in |    1| ap_ctrl_hs |     rgb2yuv11    | return value |
|ap_start                  |  in |    1| ap_ctrl_hs |     rgb2yuv11    | return value |
|start_full_n              |  in |    1| ap_ctrl_hs |     rgb2yuv11    | return value |
|ap_done                   | out |    1| ap_ctrl_hs |     rgb2yuv11    | return value |
|ap_continue               |  in |    1| ap_ctrl_hs |     rgb2yuv11    | return value |
|ap_idle                   | out |    1| ap_ctrl_hs |     rgb2yuv11    | return value |
|ap_ready                  | out |    1| ap_ctrl_hs |     rgb2yuv11    | return value |
|start_out                 | out |    1| ap_ctrl_hs |     rgb2yuv11    | return value |
|start_write               | out |    1| ap_ctrl_hs |     rgb2yuv11    | return value |
|in_channels_ch1_address0  | out |   22|  ap_memory |  in_channels_ch1 |     array    |
|in_channels_ch1_ce0       | out |    1|  ap_memory |  in_channels_ch1 |     array    |
|in_channels_ch1_q0        |  in |    8|  ap_memory |  in_channels_ch1 |     array    |
|in_channels_ch2_address0  | out |   22|  ap_memory |  in_channels_ch2 |     array    |
|in_channels_ch2_ce0       | out |    1|  ap_memory |  in_channels_ch2 |     array    |
|in_channels_ch2_q0        |  in |    8|  ap_memory |  in_channels_ch2 |     array    |
|in_channels_ch3_address0  | out |   22|  ap_memory |  in_channels_ch3 |     array    |
|in_channels_ch3_ce0       | out |    1|  ap_memory |  in_channels_ch3 |     array    |
|in_channels_ch3_q0        |  in |    8|  ap_memory |  in_channels_ch3 |     array    |
|in_width                  |  in |   16|   ap_none  |     in_width     |    pointer   |
|in_height                 |  in |   16|   ap_none  |     in_height    |    pointer   |
|out_channels_ch1_din      | out |    8|   ap_fifo  | out_channels_ch1 |    pointer   |
|out_channels_ch1_full_n   |  in |    1|   ap_fifo  | out_channels_ch1 |    pointer   |
|out_channels_ch1_write    | out |    1|   ap_fifo  | out_channels_ch1 |    pointer   |
|out_channels_ch2_din      | out |    8|   ap_fifo  | out_channels_ch2 |    pointer   |
|out_channels_ch2_full_n   |  in |    1|   ap_fifo  | out_channels_ch2 |    pointer   |
|out_channels_ch2_write    | out |    1|   ap_fifo  | out_channels_ch2 |    pointer   |
|out_channels_ch3_din      | out |    8|   ap_fifo  | out_channels_ch3 |    pointer   |
|out_channels_ch3_full_n   |  in |    1|   ap_fifo  | out_channels_ch3 |    pointer   |
|out_channels_ch3_write    | out |    1|   ap_fifo  | out_channels_ch3 |    pointer   |
|out_width_din             | out |   16|   ap_fifo  |     out_width    |    pointer   |
|out_width_full_n          |  in |    1|   ap_fifo  |     out_width    |    pointer   |
|out_width_write           | out |    1|   ap_fifo  |     out_width    |    pointer   |
|out_height_din            | out |   16|   ap_fifo  |    out_height    |    pointer   |
|out_height_full_n         |  in |    1|   ap_fifo  |    out_height    |    pointer   |
|out_height_write          | out |    1|   ap_fifo  |    out_height    |    pointer   |
|Y_scale                   |  in |    8|   ap_none  |      Y_scale     |    scalar    |
|U_scale                   |  in |    8|   ap_none  |      U_scale     |    scalar    |
|V_scale                   |  in |    8|   ap_none  |      V_scale     |    scalar    |
|Y_scale_out_din           | out |    8|   ap_fifo  |    Y_scale_out   |    pointer   |
|Y_scale_out_full_n        |  in |    1|   ap_fifo  |    Y_scale_out   |    pointer   |
|Y_scale_out_write         | out |    1|   ap_fifo  |    Y_scale_out   |    pointer   |
|U_scale_out_din           | out |    8|   ap_fifo  |    U_scale_out   |    pointer   |
|U_scale_out_full_n        |  in |    1|   ap_fifo  |    U_scale_out   |    pointer   |
|U_scale_out_write         | out |    1|   ap_fifo  |    U_scale_out   |    pointer   |
|V_scale_out_din           | out |    8|   ap_fifo  |    V_scale_out   |    pointer   |
|V_scale_out_full_n        |  in |    1|   ap_fifo  |    V_scale_out   |    pointer   |
|V_scale_out_write         | out |    1|   ap_fifo  |    V_scale_out   |    pointer   |
+--------------------------+-----+-----+------------+------------------+--------------+

