

================================================================
== Vivado HLS Report for 'yuv2rgb'
================================================================
* Date:           Sun Aug  2 15:34:23 2020

* Version:        2020.1 (Build 2897737 on Wed May 27 20:21:37 MDT 2020)
* Project:        yuv_filter.prj
* Solution:       solution3
* Product family: zynq
* Target device:  xc7z020-clg400-1


================================================================
== Performance Estimates
================================================================
+ Timing: 
    * Summary: 
    +--------+----------+-----------+------------+
    |  Clock |  Target  | Estimated | Uncertainty|
    +--------+----------+-----------+------------+
    |ap_clk  | 10.00 ns | 10.895 ns |   1.25 ns  |
    +--------+----------+-----------+------------+

+ Latency: 
    * Summary: 
    +---------+---------+----------+-----------+-------+---------+---------+
    |  Latency (cycles) |  Latency (absolute)  |     Interval    | Pipeline|
    |   min   |   max   |    min   |    max    |  min  |   max   |   Type  |
    +---------+---------+----------+-----------+-------+---------+---------+
    |    40006|  2457606| 0.436 ms | 26.775 ms |  40006|  2457606|   none  |
    +---------+---------+----------+-----------+-------+---------+---------+

    + Detail: 
        * Instance: 
        N/A

        * Loop: 
        +---------------------------------+---------+---------+----------+-----------+-----------+-----------------+----------+
        |                                 |  Latency (cycles) | Iteration|  Initiation Interval  |       Trip      |          |
        |            Loop Name            |   min   |   max   |  Latency |  achieved |   target  |      Count      | Pipelined|
        +---------------------------------+---------+---------+----------+-----------+-----------+-----------------+----------+
        |- YUV2RGB_LOOP_X_YUV2RGB_LOOP_Y  |    40003|  2457603|         5|          1|          1| 40000 ~ 2457600 |    yes   |
        +---------------------------------+---------+---------+----------+-----------+-----------+-----------------+----------+



================================================================
== Utilization Estimates
================================================================
* Summary: 
+-----------------+---------+-------+--------+-------+-----+
|       Name      | BRAM_18K| DSP48E|   FF   |  LUT  | URAM|
+-----------------+---------+-------+--------+-------+-----+
|DSP              |        -|      4|       -|      -|    -|
|Expression       |        -|      0|       0|    450|    -|
|FIFO             |        -|      -|       -|      -|    -|
|Instance         |        -|      -|       -|      -|    -|
|Memory           |        -|      -|       -|      -|    -|
|Multiplexer      |        -|      -|       -|    144|    -|
|Register         |        0|      -|     345|     32|    -|
+-----------------+---------+-------+--------+-------+-----+
|Total            |        0|      4|     345|    626|    0|
+-----------------+---------+-------+--------+-------+-----+
|Available        |      280|    220|  106400|  53200|    0|
+-----------------+---------+-------+--------+-------+-----+
|Utilization (%)  |        0|      1|   ~0   |      1|    0|
+-----------------+---------+-------+--------+-------+-----+

+ Detail: 
    * Instance: 
    N/A

    * DSP48E: 
    +--------------------------+----------------------+--------------+
    |         Instance         |        Module        |  Expression  |
    +--------------------------+----------------------+--------------+
    |yuv_filter_mac_mug8j_U43  |yuv_filter_mac_mug8j  | i0 + i1 * i2 |
    |yuv_filter_mac_muhbi_U44  |yuv_filter_mac_muhbi  | i0 + i1 * i2 |
    |yuv_filter_mac_muibs_U45  |yuv_filter_mac_muibs  | i0 * i1 + i2 |
    |yuv_filter_mul_mubkb_U42  |yuv_filter_mul_mubkb  |    i0 * i1   |
    +--------------------------+----------------------+--------------+

    * Memory: 
    N/A

    * FIFO: 
    N/A

    * Expression: 
    +----------------------------------+----------+-------+---+----+------------+------------+
    |           Variable Name          | Operation| DSP48E| FF| LUT| Bitwidth P0| Bitwidth P1|
    +----------------------------------+----------+-------+---+----+------------+------------+
    |grp_fu_623_p2                     |     *    |      0|  0|  51|           9|           8|
    |C_fu_261_p2                       |     +    |      0|  0|  15|           6|           9|
    |add_ln101_1_fu_536_p2             |     +    |      0|  0|  25|          18|          18|
    |add_ln102_1_fu_407_p2             |     +    |      0|  0|  25|          18|          18|
    |add_ln102_2_fu_417_p2             |     +    |      0|  0|  25|          18|          18|
    |add_ln102_fu_422_p2               |     +    |      0|  0|  26|          19|          19|
    |add_ln103_1_fu_328_p2             |     +    |      0|  0|  23|          23|          23|
    |add_ln103_fu_318_p2               |     +    |      0|  0|  23|          23|          23|
    |add_ln85_fu_251_p2                |     +    |      0|  0|  39|          32|           1|
    |x_fu_267_p2                       |     +    |      0|  0|  23|           1|          16|
    |y_fu_484_p2                       |     +    |      0|  0|  23|           1|          16|
    |ap_block_pp0_stage0_11001         |    and   |      0|  0|   2|           1|           1|
    |icmp_ln100_fu_367_p2              |   icmp   |      0|  0|   8|           2|           1|
    |icmp_ln101_fu_551_p2              |   icmp   |      0|  0|   8|           2|           1|
    |icmp_ln102_fu_438_p2              |   icmp   |      0|  0|   9|           3|           1|
    |icmp_ln85_fu_246_p2               |   icmp   |      0|  0|  18|          32|          32|
    |icmp_ln88_fu_273_p2               |   icmp   |      0|  0|  13|          16|          16|
    |ap_block_state1                   |    or    |      0|  0|   2|           1|           1|
    |ap_block_state4_pp0_stage0_iter1  |    or    |      0|  0|   2|           1|           1|
    |or_ln100_fu_519_p2                |    or    |      0|  0|   2|           1|           1|
    |or_ln101_fu_583_p2                |    or    |      0|  0|   2|           1|           1|
    |or_ln102_fu_470_p2                |    or    |      0|  0|   2|           1|           1|
    |B_fu_476_p3                       |  select  |      0|  0|   8|           1|           8|
    |out_channels_ch1_d0               |  select  |      0|  0|   8|           1|           8|
    |out_channels_ch2_d0               |  select  |      0|  0|   8|           1|           8|
    |select_ln100_fu_512_p3            |  select  |      0|  0|   2|           1|           2|
    |select_ln101_fu_575_p3            |  select  |      0|  0|   2|           1|           2|
    |select_ln102_fu_462_p3            |  select  |      0|  0|   2|           1|           2|
    |select_ln94_1_fu_286_p3           |  select  |      0|  0|  16|           1|          16|
    |select_ln94_fu_278_p3             |  select  |      0|  0|  16|           1|           1|
    |D_fu_334_p2                       |    xor   |      0|  0|   9|           9|           8|
    |E_fu_339_p2                       |    xor   |      0|  0|   9|           9|           8|
    |ap_enable_pp0                     |    xor   |      0|  0|   2|           1|           2|
    |ap_enable_reg_pp0_iter1           |    xor   |      0|  0|   2|           2|           1|
    +----------------------------------+----------+-------+---+----+------------+------------+
    |Total                             |          |      0|  0| 450|         258|         292|
    +----------------------------------+----------+-------+---+----+------------+------------+

    * Multiplexer: 
    +------------------------------+----+-----------+-----+-----------+
    |             Name             | LUT| Input Size| Bits| Total Bits|
    +------------------------------+----+-----------+-----+-----------+
    |ap_NS_fsm                     |  27|          5|    1|          5|
    |ap_done                       |   9|          2|    1|          2|
    |ap_enable_reg_pp0_iter1       |   9|          2|    1|          2|
    |ap_enable_reg_pp0_iter4       |   9|          2|    1|          2|
    |ap_phi_mux_x_0_phi_fu_220_p4  |   9|          2|   16|         32|
    |ap_phi_mux_y_0_phi_fu_232_p4  |   9|          2|   16|         32|
    |in_channels_ch1_blk_n         |   9|          2|    1|          2|
    |in_channels_ch2_blk_n         |   9|          2|    1|          2|
    |in_channels_ch3_blk_n         |   9|          2|    1|          2|
    |in_height_blk_n               |   9|          2|    1|          2|
    |in_width_blk_n                |   9|          2|    1|          2|
    |indvar_flatten_reg_205        |   9|          2|   32|         64|
    |x_0_reg_216                   |   9|          2|   16|         32|
    |y_0_reg_228                   |   9|          2|   16|         32|
    +------------------------------+----+-----------+-----+-----------+
    |Total                         | 144|         31|  105|        213|
    +------------------------------+----+-----------+-----+-----------+

    * Register: 
    +-------------------------+----+----+-----+-----------+
    |           Name          | FF | LUT| Bits| Const Bits|
    +-------------------------+----+----+-----+-----------+
    |B_reg_705                |   8|   0|    8|          0|
    |C_reg_668                |   9|   0|    9|          0|
    |U_reg_658                |   8|   0|    8|          0|
    |V_reg_663                |   8|   0|    8|          0|
    |add_ln100_1_reg_688      |  18|   0|   18|          0|
    |add_ln100_reg_683        |  18|   0|   18|          0|
    |add_ln101_reg_700        |  17|   0|   17|          0|
    |add_ln103_1_reg_678      |  23|   0|   23|          0|
    |ap_CS_fsm                |   4|   0|    4|          0|
    |ap_done_reg              |   1|   0|    1|          0|
    |ap_enable_reg_pp0_iter0  |   1|   0|    1|          0|
    |ap_enable_reg_pp0_iter1  |   1|   0|    1|          0|
    |ap_enable_reg_pp0_iter2  |   1|   0|    1|          0|
    |ap_enable_reg_pp0_iter3  |   1|   0|    1|          0|
    |ap_enable_reg_pp0_iter4  |   1|   0|    1|          0|
    |bound_reg_644            |  32|   0|   32|          0|
    |height_reg_637           |  16|   0|   16|          0|
    |icmp_ln100_reg_694       |   1|   0|    1|          0|
    |icmp_ln85_reg_649        |   1|   0|    1|          0|
    |indvar_flatten_reg_205   |  32|   0|   32|          0|
    |select_ln94_1_reg_673    |  16|   0|   16|          0|
    |width_reg_631            |  16|   0|   16|          0|
    |x_0_reg_216              |  16|   0|   16|          0|
    |y_0_reg_228              |  16|   0|   16|          0|
    |y_reg_710                |  16|   0|   16|          0|
    |icmp_ln85_reg_649        |  64|  32|    1|          0|
    +-------------------------+----+----+-----+-----------+
    |Total                    | 345|  32|  282|          0|
    +-------------------------+----+----+-----+-----------+



================================================================
== Interface
================================================================
* Summary: 
+---------------------------+-----+-----+------------+------------------+--------------+
|         RTL Ports         | Dir | Bits|  Protocol  |   Source Object  |    C Type    |
+---------------------------+-----+-----+------------+------------------+--------------+
|ap_clk                     |  in |    1| ap_ctrl_hs |      yuv2rgb     | return value |
|ap_rst                     |  in |    1| ap_ctrl_hs |      yuv2rgb     | return value |
|ap_start                   |  in |    1| ap_ctrl_hs |      yuv2rgb     | return value |
|ap_done                    | out |    1| ap_ctrl_hs |      yuv2rgb     | return value |
|ap_continue                |  in |    1| ap_ctrl_hs |      yuv2rgb     | return value |
|ap_idle                    | out |    1| ap_ctrl_hs |      yuv2rgb     | return value |
|ap_ready                   | out |    1| ap_ctrl_hs |      yuv2rgb     | return value |
|in_channels_ch1_dout       |  in |    8|   ap_fifo  |  in_channels_ch1 |    pointer   |
|in_channels_ch1_empty_n    |  in |    1|   ap_fifo  |  in_channels_ch1 |    pointer   |
|in_channels_ch1_read       | out |    1|   ap_fifo  |  in_channels_ch1 |    pointer   |
|in_channels_ch2_dout       |  in |    8|   ap_fifo  |  in_channels_ch2 |    pointer   |
|in_channels_ch2_empty_n    |  in |    1|   ap_fifo  |  in_channels_ch2 |    pointer   |
|in_channels_ch2_read       | out |    1|   ap_fifo  |  in_channels_ch2 |    pointer   |
|in_channels_ch3_dout       |  in |    8|   ap_fifo  |  in_channels_ch3 |    pointer   |
|in_channels_ch3_empty_n    |  in |    1|   ap_fifo  |  in_channels_ch3 |    pointer   |
|in_channels_ch3_read       | out |    1|   ap_fifo  |  in_channels_ch3 |    pointer   |
|in_width_dout              |  in |   16|   ap_fifo  |     in_width     |    pointer   |
|in_width_empty_n           |  in |    1|   ap_fifo  |     in_width     |    pointer   |
|in_width_read              | out |    1|   ap_fifo  |     in_width     |    pointer   |
|in_height_dout             |  in |   16|   ap_fifo  |     in_height    |    pointer   |
|in_height_empty_n          |  in |    1|   ap_fifo  |     in_height    |    pointer   |
|in_height_read             | out |    1|   ap_fifo  |     in_height    |    pointer   |
|out_channels_ch1_address0  | out |   22|  ap_memory | out_channels_ch1 |     array    |
|out_channels_ch1_ce0       | out |    1|  ap_memory | out_channels_ch1 |     array    |
|out_channels_ch1_we0       | out |    1|  ap_memory | out_channels_ch1 |     array    |
|out_channels_ch1_d0        | out |    8|  ap_memory | out_channels_ch1 |     array    |
|out_channels_ch2_address0  | out |   22|  ap_memory | out_channels_ch2 |     array    |
|out_channels_ch2_ce0       | out |    1|  ap_memory | out_channels_ch2 |     array    |
|out_channels_ch2_we0       | out |    1|  ap_memory | out_channels_ch2 |     array    |
|out_channels_ch2_d0        | out |    8|  ap_memory | out_channels_ch2 |     array    |
|out_channels_ch3_address0  | out |   22|  ap_memory | out_channels_ch3 |     array    |
|out_channels_ch3_ce0       | out |    1|  ap_memory | out_channels_ch3 |     array    |
|out_channels_ch3_we0       | out |    1|  ap_memory | out_channels_ch3 |     array    |
|out_channels_ch3_d0        | out |    8|  ap_memory | out_channels_ch3 |     array    |
|out_width                  | out |   16|   ap_vld   |     out_width    |    pointer   |
|out_width_ap_vld           | out |    1|   ap_vld   |     out_width    |    pointer   |
|out_height                 | out |   16|   ap_vld   |    out_height    |    pointer   |
|out_height_ap_vld          | out |    1|   ap_vld   |    out_height    |    pointer   |
+---------------------------+-----+-----+------------+------------------+--------------+

