

================================================================
== Vivado HLS Report for 'yuv_scale'
================================================================
* Date:           Sun Aug  2 15:34:21 2020

* Version:        2020.1 (Build 2897737 on Wed May 27 20:21:37 MDT 2020)
* Project:        yuv_filter.prj
* Solution:       solution3
* Product family: zynq
* Target device:  xc7z020-clg400-1


================================================================
== Performance Estimates
================================================================
+ Timing: 
    * Summary: 
    +--------+----------+----------+------------+
    |  Clock |  Target  | Estimated| Uncertainty|
    +--------+----------+----------+------------+
    |ap_clk  | 10.00 ns | 7.804 ns |   1.25 ns  |
    +--------+----------+----------+------------+

+ Latency: 
    * Summary: 
    +---------+---------+----------+-----------+-------+---------+---------+
    |  Latency (cycles) |  Latency (absolute)  |     Interval    | Pipeline|
    |   min   |   max   |    min   |    max    |  min  |   max   |   Type  |
    +---------+---------+----------+-----------+-------+---------+---------+
    |    40004|  2457604| 0.400 ms | 24.576 ms |  40004|  2457604|   none  |
    +---------+---------+----------+-----------+-------+---------+---------+

    + Detail: 
        * Instance: 
        N/A

        * Loop: 
        +-------------------------------------+---------+---------+----------+-----------+-----------+-----------------+----------+
        |                                     |  Latency (cycles) | Iteration|  Initiation Interval  |       Trip      |          |
        |              Loop Name              |   min   |   max   |  Latency |  achieved |   target  |      Count      | Pipelined|
        +-------------------------------------+---------+---------+----------+-----------+-----------+-----------------+----------+
        |- YUV_SCALE_LOOP_X_YUV_SCALE_LOOP_Y  |    40001|  2457601|         3|          1|          1| 40000 ~ 2457600 |    yes   |
        +-------------------------------------+---------+---------+----------+-----------+-----------+-----------------+----------+



================================================================
== Utilization Estimates
================================================================
* Summary: 
+-----------------+---------+-------+--------+-------+-----+
|       Name      | BRAM_18K| DSP48E|   FF   |  LUT  | URAM|
+-----------------+---------+-------+--------+-------+-----+
|DSP              |        -|      1|       -|      -|    -|
|Expression       |        -|      0|       0|    192|    -|
|FIFO             |        -|      -|       -|      -|    -|
|Instance         |        -|      -|       -|      -|    -|
|Memory           |        -|      -|       -|      -|    -|
|Multiplexer      |        -|      -|       -|    189|    -|
|Register         |        -|      -|     179|      -|    -|
+-----------------+---------+-------+--------+-------+-----+
|Total            |        0|      1|     179|    381|    0|
+-----------------+---------+-------+--------+-------+-----+
|Available        |      280|    220|  106400|  53200|    0|
+-----------------+---------+-------+--------+-------+-----+
|Utilization (%)  |        0|   ~0  |   ~0   |   ~0  |    0|
+-----------------+---------+-------+--------+-------+-----+

+ Detail: 
    * Instance: 
    N/A

    * DSP48E: 
    +--------------------------+----------------------+-----------+
    |         Instance         |        Module        | Expression|
    +--------------------------+----------------------+-----------+
    |yuv_filter_mul_mubkb_U28  |yuv_filter_mul_mubkb  |  i0 * i1  |
    +--------------------------+----------------------+-----------+

    * Memory: 
    N/A

    * FIFO: 
    N/A

    * Expression: 
    +----------------------------------+----------+-------+---+----+------------+------------+
    |           Variable Name          | Operation| DSP48E| FF| LUT| Bitwidth P0| Bitwidth P1|
    +----------------------------------+----------+-------+---+----+------------+------------+
    |mul_ln137_fu_206_p2               |     *    |      0|  0|  41|           8|           8|
    |mul_ln138_fu_215_p2               |     *    |      0|  0|  41|           8|           8|
    |mul_ln139_fu_224_p2               |     *    |      0|  0|  41|           8|           8|
    |add_ln129_fu_196_p2               |     +    |      0|  0|  39|          32|           1|
    |icmp_ln129_fu_191_p2              |   icmp   |      0|  0|  18|          32|          32|
    |ap_block_pp0_stage0_01001         |    or    |      0|  0|   2|           1|           1|
    |ap_block_state1                   |    or    |      0|  0|   2|           1|           1|
    |ap_block_state4_pp0_stage0_iter1  |    or    |      0|  0|   2|           1|           1|
    |ap_block_state5_pp0_stage0_iter2  |    or    |      0|  0|   2|           1|           1|
    |ap_enable_pp0                     |    xor   |      0|  0|   2|           1|           2|
    |ap_enable_reg_pp0_iter1           |    xor   |      0|  0|   2|           2|           1|
    +----------------------------------+----------+-------+---+----+------------+------------+
    |Total                             |          |      0|  0| 192|          95|          64|
    +----------------------------------+----------+-------+---+----+------------+------------+

    * Multiplexer: 
    +-------------------------+----+-----------+-----+-----------+
    |           Name          | LUT| Input Size| Bits| Total Bits|
    +-------------------------+----+-----------+-----+-----------+
    |U_scale_blk_n            |   9|          2|    1|          2|
    |V_scale_blk_n            |   9|          2|    1|          2|
    |Y_scale_blk_n            |   9|          2|    1|          2|
    |ap_NS_fsm                |  27|          5|    1|          5|
    |ap_done                  |   9|          2|    1|          2|
    |ap_enable_reg_pp0_iter1  |   9|          2|    1|          2|
    |ap_enable_reg_pp0_iter2  |   9|          2|    1|          2|
    |in_channels_ch1_blk_n    |   9|          2|    1|          2|
    |in_channels_ch2_blk_n    |   9|          2|    1|          2|
    |in_channels_ch3_blk_n    |   9|          2|    1|          2|
    |in_height_blk_n          |   9|          2|    1|          2|
    |in_width_blk_n           |   9|          2|    1|          2|
    |indvar_flatten_reg_165   |   9|          2|   32|         64|
    |out_channels_ch1_blk_n   |   9|          2|    1|          2|
    |out_channels_ch2_blk_n   |   9|          2|    1|          2|
    |out_channels_ch3_blk_n   |   9|          2|    1|          2|
    |out_height_blk_n         |   9|          2|    1|          2|
    |out_width_blk_n          |   9|          2|    1|          2|
    |real_start               |   9|          2|    1|          2|
    +-------------------------+----+-----------+-----+-----------+
    |Total                    | 189|         41|   50|        103|
    +-------------------------+----+-----------+-----+-----------+

    * Register: 
    +----------------------------------+----+----+-----+-----------+
    |               Name               | FF | LUT| Bits| Const Bits|
    +----------------------------------+----+----+-----+-----------+
    |U_scale_read_reg_270              |   8|   0|    8|          0|
    |V_scale_read_reg_275              |   8|   0|    8|          0|
    |Y_scale_read_reg_265              |   8|   0|    8|          0|
    |ap_CS_fsm                         |   4|   0|    4|          0|
    |ap_done_reg                       |   1|   0|    1|          0|
    |ap_enable_reg_pp0_iter0           |   1|   0|    1|          0|
    |ap_enable_reg_pp0_iter1           |   1|   0|    1|          0|
    |ap_enable_reg_pp0_iter2           |   1|   0|    1|          0|
    |bound_reg_305                     |  32|   0|   32|          0|
    |height_reg_285                    |  16|   0|   16|          0|
    |icmp_ln129_reg_310                |   1|   0|    1|          0|
    |icmp_ln129_reg_310_pp0_iter1_reg  |   1|   0|    1|          0|
    |indvar_flatten_reg_165            |  32|   0|   32|          0|
    |start_once_reg                    |   1|   0|    1|          0|
    |trunc_ln1_reg_324                 |   8|   0|    8|          0|
    |trunc_ln2_reg_329                 |   8|   0|    8|          0|
    |trunc_ln_reg_319                  |   8|   0|    8|          0|
    |width_reg_280                     |  16|   0|   16|          0|
    |zext_ln129_reg_300                |   8|   0|   15|          7|
    |zext_ln138_reg_290                |   8|   0|   15|          7|
    |zext_ln139_reg_295                |   8|   0|   15|          7|
    +----------------------------------+----+----+-----+-----------+
    |Total                             | 179|   0|  200|         21|
    +----------------------------------+----+----+-----+-----------+



================================================================
== Interface
================================================================
* Summary: 
+-------------------------+-----+-----+------------+------------------+--------------+
|        RTL Ports        | Dir | Bits|  Protocol  |   Source Object  |    C Type    |
+-------------------------+-----+-----+------------+------------------+--------------+
|ap_clk                   |  in |    1| ap_ctrl_hs |     yuv_scale    | return value |
|ap_rst                   |  in |    1| ap_ctrl_hs |     yuv_scale    | return value |
|ap_start                 |  in |    1| ap_ctrl_hs |     yuv_scale    | return value |
|start_full_n             |  in |    1| ap_ctrl_hs |     yuv_scale    | return value |
|ap_done                  | out |    1| ap_ctrl_hs |     yuv_scale    | return value |
|ap_continue              |  in |    1| ap_ctrl_hs |     yuv_scale    | return value |
|ap_idle                  | out |    1| ap_ctrl_hs |     yuv_scale    | return value |
|ap_ready                 | out |    1| ap_ctrl_hs |     yuv_scale    | return value |
|start_out                | out |    1| ap_ctrl_hs |     yuv_scale    | return value |
|start_write              | out |    1| ap_ctrl_hs |     yuv_scale    | return value |
|in_channels_ch1_dout     |  in |    8|   ap_fifo  |  in_channels_ch1 |    pointer   |
|in_channels_ch1_empty_n  |  in |    1|   ap_fifo  |  in_channels_ch1 |    pointer   |
|in_channels_ch1_read     | out |    1|   ap_fifo  |  in_channels_ch1 |    pointer   |
|in_channels_ch2_dout     |  in |    8|   ap_fifo  |  in_channels_ch2 |    pointer   |
|in_channels_ch2_empty_n  |  in |    1|   ap_fifo  |  in_channels_ch2 |    pointer   |
|in_channels_ch2_read     | out |    1|   ap_fifo  |  in_channels_ch2 |    pointer   |
|in_channels_ch3_dout     |  in |    8|   ap_fifo  |  in_channels_ch3 |    pointer   |
|in_channels_ch3_empty_n  |  in |    1|   ap_fifo  |  in_channels_ch3 |    pointer   |
|in_channels_ch3_read     | out |    1|   ap_fifo  |  in_channels_ch3 |    pointer   |
|in_width_dout            |  in |   16|   ap_fifo  |     in_width     |    pointer   |
|in_width_empty_n         |  in |    1|   ap_fifo  |     in_width     |    pointer   |
|in_width_read            | out |    1|   ap_fifo  |     in_width     |    pointer   |
|in_height_dout           |  in |   16|   ap_fifo  |     in_height    |    pointer   |
|in_height_empty_n        |  in |    1|   ap_fifo  |     in_height    |    pointer   |
|in_height_read           | out |    1|   ap_fifo  |     in_height    |    pointer   |
|out_channels_ch1_din     | out |    8|   ap_fifo  | out_channels_ch1 |    pointer   |
|out_channels_ch1_full_n  |  in |    1|   ap_fifo  | out_channels_ch1 |    pointer   |
|out_channels_ch1_write   | out |    1|   ap_fifo  | out_channels_ch1 |    pointer   |
|out_channels_ch2_din     | out |    8|   ap_fifo  | out_channels_ch2 |    pointer   |
|out_channels_ch2_full_n  |  in |    1|   ap_fifo  | out_channels_ch2 |    pointer   |
|out_channels_ch2_write   | out |    1|   ap_fifo  | out_channels_ch2 |    pointer   |
|out_channels_ch3_din     | out |    8|   ap_fifo  | out_channels_ch3 |    pointer   |
|out_channels_ch3_full_n  |  in |    1|   ap_fifo  | out_channels_ch3 |    pointer   |
|out_channels_ch3_write   | out |    1|   ap_fifo  | out_channels_ch3 |    pointer   |
|out_width_din            | out |   16|   ap_fifo  |     out_width    |    pointer   |
|out_width_full_n         |  in |    1|   ap_fifo  |     out_width    |    pointer   |
|out_width_write          | out |    1|   ap_fifo  |     out_width    |    pointer   |
|out_height_din           | out |   16|   ap_fifo  |    out_height    |    pointer   |
|out_height_full_n        |  in |    1|   ap_fifo  |    out_height    |    pointer   |
|out_height_write         | out |    1|   ap_fifo  |    out_height    |    pointer   |
|Y_scale_dout             |  in |    8|   ap_fifo  |      Y_scale     |    pointer   |
|Y_scale_empty_n          |  in |    1|   ap_fifo  |      Y_scale     |    pointer   |
|Y_scale_read             | out |    1|   ap_fifo  |      Y_scale     |    pointer   |
|U_scale_dout             |  in |    8|   ap_fifo  |      U_scale     |    pointer   |
|U_scale_empty_n          |  in |    1|   ap_fifo  |      U_scale     |    pointer   |
|U_scale_read             | out |    1|   ap_fifo  |      U_scale     |    pointer   |
|V_scale_dout             |  in |    8|   ap_fifo  |      V_scale     |    pointer   |
|V_scale_empty_n          |  in |    1|   ap_fifo  |      V_scale     |    pointer   |
|V_scale_read             | out |    1|   ap_fifo  |      V_scale     |    pointer   |
+-------------------------+-----+-----+------------+------------------+--------------+

