

================================================================
== Vivado HLS Report for 'yuv_filter'
================================================================
* Date:           Sun Aug  2 15:34:24 2020

* Version:        2020.1 (Build 2897737 on Wed May 27 20:21:37 MDT 2020)
* Project:        yuv_filter.prj
* Solution:       solution3
* Product family: zynq
* Target device:  xc7z020-clg400-1


================================================================
== Performance Estimates
================================================================
+ Timing: 
    * Summary: 
    +--------+----------+-----------+------------+
    |  Clock |  Target  | Estimated | Uncertainty|
    +--------+----------+-----------+------------+
    |ap_clk  | 10.00 ns | 11.004 ns |   1.25 ns  |
    +--------+----------+-----------+------------+

+ Latency: 
    * Summary: 
    +---------+---------+----------+-----------+-------+---------+----------+
    |  Latency (cycles) |  Latency (absolute)  |     Interval    | Pipeline |
    |   min   |   max   |    min   |    max    |  min  |   max   |   Type   |
    +---------+---------+----------+-----------+-------+---------+----------+
    |    40013|  2457613| 0.440 ms | 27.044 ms |  40008|  2457608| dataflow |
    +---------+---------+----------+-----------+-------+---------+----------+

    + Detail: 
        * Instance: 
        +--------------+-----------+---------+---------+----------+-----------+-------+---------+---------+
        |              |           |  Latency (cycles) |  Latency (absolute)  |     Interval    | Pipeline|
        |   Instance   |   Module  |   min   |   max   |    min   |    max    |  min  |   max   |   Type  |
        +--------------+-----------+---------+---------+----------+-----------+-------+---------+---------+
        |yuv2rgb_U0    |yuv2rgb    |    40006|  2457606| 0.440 ms | 27.043 ms |  40006|  2457606|   none  |
        |rgb2yuv11_U0  |rgb2yuv11  |    40007|  2457607| 0.440 ms | 27.044 ms |  40007|  2457607|   none  |
        |yuv_scale_U0  |yuv_scale  |    40004|  2457604| 0.440 ms | 27.043 ms |  40004|  2457604|   none  |
        +--------------+-----------+---------+---------+----------+-----------+-------+---------+---------+

        * Loop: 
        N/A



================================================================
== Utilization Estimates
================================================================
* Summary: 
+-----------------+---------+-------+--------+-------+-----+
|       Name      | BRAM_18K| DSP48E|   FF   |  LUT  | URAM|
+-----------------+---------+-------+--------+-------+-----+
|DSP              |        -|      -|       -|      -|    -|
|Expression       |        -|      -|       0|      2|    -|
|FIFO             |        0|      -|      65|    292|    -|
|Instance         |        0|     11|     808|   1627|    -|
|Memory           |        -|      -|       -|      -|    -|
|Multiplexer      |        -|      -|       -|      -|    -|
|Register         |        -|      -|       -|      -|    -|
+-----------------+---------+-------+--------+-------+-----+
|Total            |        0|     11|     873|   1921|    0|
+-----------------+---------+-------+--------+-------+-----+
|Available        |      280|    220|  106400|  53200|    0|
+-----------------+---------+-------+--------+-------+-----+
|Utilization (%)  |        0|      5|   ~0   |      3|    0|
+-----------------+---------+-------+--------+-------+-----+

+ Detail: 
    * Instance: 
    +--------------+-----------+---------+-------+-----+-----+-----+
    |   Instance   |   Module  | BRAM_18K| DSP48E|  FF | LUT | URAM|
    +--------------+-----------+---------+-------+-----+-----+-----+
    |rgb2yuv11_U0  |rgb2yuv11  |        0|      6|  284|  620|    0|
    |yuv2rgb_U0    |yuv2rgb    |        0|      4|  345|  626|    0|
    |yuv_scale_U0  |yuv_scale  |        0|      1|  179|  381|    0|
    +--------------+-----------+---------+-------+-----+-----+-----+
    |Total         |           |        0|     11|  808| 1627|    0|
    +--------------+-----------+---------+-------+-----+-----+-----+

    * DSP48E: 
    N/A

    * Memory: 
    N/A

    * FIFO: 
    +------------------------+---------+---+----+-----+------+-----+---------+
    |          Name          | BRAM_18K| FF| LUT| URAM| Depth| Bits| Size:D*B|
    +------------------------+---------+---+----+-----+------+-----+---------+
    |U_scale_c_U             |        0|  5|   0|    -|     2|    8|       16|
    |V_scale_c_U             |        0|  5|   0|    -|     2|    8|       16|
    |Y_scale_c_U             |        0|  5|   0|    -|     2|    8|       16|
    |p_scale_channels_ch1_U  |        0|  5|   0|    -|     2|    8|       16|
    |p_scale_channels_ch2_U  |        0|  5|   0|    -|     2|    8|       16|
    |p_scale_channels_ch3_U  |        0|  5|   0|    -|     2|    8|       16|
    |p_scale_height_U        |        0|  5|   0|    -|     2|   16|       32|
    |p_scale_width_U         |        0|  5|   0|    -|     2|   16|       32|
    |p_yuv_channels_ch1_U    |        0|  5|   0|    -|     2|    8|       16|
    |p_yuv_channels_ch2_U    |        0|  5|   0|    -|     2|    8|       16|
    |p_yuv_channels_ch3_U    |        0|  5|   0|    -|     2|    8|       16|
    |p_yuv_height_U          |        0|  5|   0|    -|     2|   16|       32|
    |p_yuv_width_U           |        0|  5|   0|    -|     2|   16|       32|
    +------------------------+---------+---+----+-----+------+-----+---------+
    |Total                   |        0| 65|   0|    0|    26|  136|      272|
    +------------------------+---------+---+----+-----+------+-----+---------+

    * Expression: 
    +--------------+----------+-------+---+----+------------+------------+
    | Variable Name| Operation| DSP48E| FF| LUT| Bitwidth P0| Bitwidth P1|
    +--------------+----------+-------+---+----+------------+------------+
    |ap_idle       |    and   |      0|  0|   2|           1|           1|
    +--------------+----------+-------+---+----+------------+------------+
    |Total         |          |      0|  0|   2|           1|           1|
    +--------------+----------+-------+---+----+------------+------------+

    * Multiplexer: 
    N/A

    * Register: 
    N/A



================================================================
== Interface
================================================================
* Summary: 
+---------------------------+-----+-----+------------+------------------+--------------+
|         RTL Ports         | Dir | Bits|  Protocol  |   Source Object  |    C Type    |
+---------------------------+-----+-----+------------+------------------+--------------+
|in_channels_ch1_address0   | out |   22|  ap_memory |  in_channels_ch1 |     array    |
|in_channels_ch1_ce0        | out |    1|  ap_memory |  in_channels_ch1 |     array    |
|in_channels_ch1_d0         | out |    8|  ap_memory |  in_channels_ch1 |     array    |
|in_channels_ch1_q0         |  in |    8|  ap_memory |  in_channels_ch1 |     array    |
|in_channels_ch1_we0        | out |    1|  ap_memory |  in_channels_ch1 |     array    |
|in_channels_ch1_address1   | out |   22|  ap_memory |  in_channels_ch1 |     array    |
|in_channels_ch1_ce1        | out |    1|  ap_memory |  in_channels_ch1 |     array    |
|in_channels_ch1_d1         | out |    8|  ap_memory |  in_channels_ch1 |     array    |
|in_channels_ch1_q1         |  in |    8|  ap_memory |  in_channels_ch1 |     array    |
|in_channels_ch1_we1        | out |    1|  ap_memory |  in_channels_ch1 |     array    |
|in_channels_ch2_address0   | out |   22|  ap_memory |  in_channels_ch2 |     array    |
|in_channels_ch2_ce0        | out |    1|  ap_memory |  in_channels_ch2 |     array    |
|in_channels_ch2_d0         | out |    8|  ap_memory |  in_channels_ch2 |     array    |
|in_channels_ch2_q0         |  in |    8|  ap_memory |  in_channels_ch2 |     array    |
|in_channels_ch2_we0        | out |    1|  ap_memory |  in_channels_ch2 |     array    |
|in_channels_ch2_address1   | out |   22|  ap_memory |  in_channels_ch2 |     array    |
|in_channels_ch2_ce1        | out |    1|  ap_memory |  in_channels_ch2 |     array    |
|in_channels_ch2_d1         | out |    8|  ap_memory |  in_channels_ch2 |     array    |
|in_channels_ch2_q1         |  in |    8|  ap_memory |  in_channels_ch2 |     array    |
|in_channels_ch2_we1        | out |    1|  ap_memory |  in_channels_ch2 |     array    |
|in_channels_ch3_address0   | out |   22|  ap_memory |  in_channels_ch3 |     array    |
|in_channels_ch3_ce0        | out |    1|  ap_memory |  in_channels_ch3 |     array    |
|in_channels_ch3_d0         | out |    8|  ap_memory |  in_channels_ch3 |     array    |
|in_channels_ch3_q0         |  in |    8|  ap_memory |  in_channels_ch3 |     array    |
|in_channels_ch3_we0        | out |    1|  ap_memory |  in_channels_ch3 |     array    |
|in_channels_ch3_address1   | out |   22|  ap_memory |  in_channels_ch3 |     array    |
|in_channels_ch3_ce1        | out |    1|  ap_memory |  in_channels_ch3 |     array    |
|in_channels_ch3_d1         | out |    8|  ap_memory |  in_channels_ch3 |     array    |
|in_channels_ch3_q1         |  in |    8|  ap_memory |  in_channels_ch3 |     array    |
|in_channels_ch3_we1        | out |    1|  ap_memory |  in_channels_ch3 |     array    |
|in_width                   |  in |   16|   ap_none  |     in_width     |    pointer   |
|in_height                  |  in |   16|   ap_none  |     in_height    |    pointer   |
|out_channels_ch1_address0  | out |   22|  ap_memory | out_channels_ch1 |     array    |
|out_channels_ch1_ce0       | out |    1|  ap_memory | out_channels_ch1 |     array    |
|out_channels_ch1_d0        | out |    8|  ap_memory | out_channels_ch1 |     array    |
|out_channels_ch1_q0        |  in |    8|  ap_memory | out_channels_ch1 |     array    |
|out_channels_ch1_we0       | out |    1|  ap_memory | out_channels_ch1 |     array    |
|out_channels_ch1_address1  | out |   22|  ap_memory | out_channels_ch1 |     array    |
|out_channels_ch1_ce1       | out |    1|  ap_memory | out_channels_ch1 |     array    |
|out_channels_ch1_d1        | out |    8|  ap_memory | out_channels_ch1 |     array    |
|out_channels_ch1_q1        |  in |    8|  ap_memory | out_channels_ch1 |     array    |
|out_channels_ch1_we1       | out |    1|  ap_memory | out_channels_ch1 |     array    |
|out_channels_ch2_address0  | out |   22|  ap_memory | out_channels_ch2 |     array    |
|out_channels_ch2_ce0       | out |    1|  ap_memory | out_channels_ch2 |     array    |
|out_channels_ch2_d0        | out |    8|  ap_memory | out_channels_ch2 |     array    |
|out_channels_ch2_q0        |  in |    8|  ap_memory | out_channels_ch2 |     array    |
|out_channels_ch2_we0       | out |    1|  ap_memory | out_channels_ch2 |     array    |
|out_channels_ch2_address1  | out |   22|  ap_memory | out_channels_ch2 |     array    |
|out_channels_ch2_ce1       | out |    1|  ap_memory | out_channels_ch2 |     array    |
|out_channels_ch2_d1        | out |    8|  ap_memory | out_channels_ch2 |     array    |
|out_channels_ch2_q1        |  in |    8|  ap_memory | out_channels_ch2 |     array    |
|out_channels_ch2_we1       | out |    1|  ap_memory | out_channels_ch2 |     array    |
|out_channels_ch3_address0  | out |   22|  ap_memory | out_channels_ch3 |     array    |
|out_channels_ch3_ce0       | out |    1|  ap_memory | out_channels_ch3 |     array    |
|out_channels_ch3_d0        | out |    8|  ap_memory | out_channels_ch3 |     array    |
|out_channels_ch3_q0        |  in |    8|  ap_memory | out_channels_ch3 |     array    |
|out_channels_ch3_we0       | out |    1|  ap_memory | out_channels_ch3 |     array    |
|out_channels_ch3_address1  | out |   22|  ap_memory | out_channels_ch3 |     array    |
|out_channels_ch3_ce1       | out |    1|  ap_memory | out_channels_ch3 |     array    |
|out_channels_ch3_d1        | out |    8|  ap_memory | out_channels_ch3 |     array    |
|out_channels_ch3_q1        |  in |    8|  ap_memory | out_channels_ch3 |     array    |
|out_channels_ch3_we1       | out |    1|  ap_memory | out_channels_ch3 |     array    |
|out_width                  | out |   16|   ap_vld   |     out_width    |    pointer   |
|out_width_ap_vld           | out |    1|   ap_vld   |     out_width    |    pointer   |
|out_height                 | out |   16|   ap_vld   |    out_height    |    pointer   |
|out_height_ap_vld          | out |    1|   ap_vld   |    out_height    |    pointer   |
|Y_scale                    |  in |    8|   ap_none  |      Y_scale     |    scalar    |
|U_scale                    |  in |    8|   ap_none  |      U_scale     |    scalar    |
|V_scale                    |  in |    8|   ap_none  |      V_scale     |    scalar    |
|ap_clk                     |  in |    1| ap_ctrl_hs |    yuv_filter    | return value |
|ap_rst                     |  in |    1| ap_ctrl_hs |    yuv_filter    | return value |
|ap_start                   |  in |    1| ap_ctrl_hs |    yuv_filter    | return value |
|ap_done                    | out |    1| ap_ctrl_hs |    yuv_filter    | return value |
|ap_ready                   | out |    1| ap_ctrl_hs |    yuv_filter    | return value |
|ap_idle                    | out |    1| ap_ctrl_hs |    yuv_filter    | return value |
+---------------------------+-----+-----+------------+------------------+--------------+

