Copyright 1986-2020 Xilinx, Inc. All Rights Reserved.
------------------------------------------------------------------------------------
| Tool Version : Vivado v.2020.1 (win64) Build 2902540 Wed May 27 19:54:49 MDT 2020
| Date         : Sun Aug  2 15:42:25 2020
| Host         : DESKTOP-JP4319F running 64-bit major release  (build 9200)
| Command      : report_timing_summary -file ./report/yuv_filter_timing_routed.rpt
| Design       : bd_0_wrapper
| Device       : 7z020-clg400
| Speed File   : -1  PRODUCTION 1.12 2019-11-22
------------------------------------------------------------------------------------

Timing Summary Report

------------------------------------------------------------------------------------------------
| Timer Settings
| --------------
------------------------------------------------------------------------------------------------

  Enable Multi Corner Analysis               :  Yes
  Enable Pessimism Removal                   :  Yes
  Pessimism Removal Resolution               :  Nearest Common Node
  Enable Input Delay Default Clock           :  No
  Enable Preset / Clear Arcs                 :  No
  Disable Flight Delays                      :  No
  Ignore I/O Paths                           :  No
  Timing Early Launch at Borrowing Latches   :  No
  Borrow Time for Max Delay Exceptions       :  Yes
  Merge Timing Exceptions                    :  Yes

  Corner  Analyze    Analyze    
  Name    Max Paths  Min Paths  
  ------  ---------  ---------  
  Slow    Yes        Yes        
  Fast    Yes        Yes        



check_timing report

Table of Contents
-----------------
1. checking no_clock (0)
2. checking constant_clock (0)
3. checking pulse_width_clock (0)
4. checking unconstrained_internal_endpoints (0)
5. checking no_input_delay (82)
6. checking no_output_delay (202)
7. checking multiple_clock (0)
8. checking generated_clocks (0)
9. checking loops (0)
10. checking partial_input_delay (0)
11. checking partial_output_delay (0)
12. checking latch_loops (0)

1. checking no_clock (0)
------------------------
 There are 0 register/latch pins with no clock.


2. checking constant_clock (0)
------------------------------
 There are 0 register/latch pins with constant_clock.


3. checking pulse_width_clock (0)
---------------------------------
 There are 0 register/latch pins which need pulse_width check


4. checking unconstrained_internal_endpoints (0)
------------------------------------------------
 There are 0 pins that are not constrained for maximum delay.

 There are 0 pins that are not constrained for maximum delay due to constant clock.


5. checking no_input_delay (82)
-------------------------------
 There are 82 input ports with no input delay specified. (HIGH)

 There are 0 input ports with no input delay but user has a false path constraint.


6. checking no_output_delay (202)
---------------------------------
 There are 202 ports with no output delay specified. (HIGH)

 There are 0 ports with no output delay but user has a false path constraint

 There are 0 ports with no output delay but with a timing clock defined on it or propagating through it


7. checking multiple_clock (0)
------------------------------
 There are 0 register/latch pins with multiple clocks.


8. checking generated_clocks (0)
--------------------------------
 There are 0 generated clocks that are not connected to a clock source.


9. checking loops (0)
---------------------
 There are 0 combinational loops in the design.


10. checking partial_input_delay (0)
------------------------------------
 There are 0 input ports with partial input delay specified.


11. checking partial_output_delay (0)
-------------------------------------
 There are 0 ports with partial output delay specified.


12. checking latch_loops (0)
----------------------------
 There are 0 combinational latch loops in the design through latch input



------------------------------------------------------------------------------------------------
| Design Timing Summary
| ---------------------
------------------------------------------------------------------------------------------------

    WNS(ns)      TNS(ns)  TNS Failing Endpoints  TNS Total Endpoints      WHS(ns)      THS(ns)  THS Failing Endpoints  THS Total Endpoints     WPWS(ns)     TPWS(ns)  TPWS Failing Endpoints  TPWS Total Endpoints  
    -------      -------  ---------------------  -------------------      -------      -------  ---------------------  -------------------     --------     --------  ----------------------  --------------------  
      1.489        0.000                      0                 1759        0.099        0.000                      0                 1759        4.500        0.000                       0                   716  


All user specified timing constraints are met.


------------------------------------------------------------------------------------------------
| Clock Summary
| -------------
------------------------------------------------------------------------------------------------

Clock   Waveform(ns)       Period(ns)      Frequency(MHz)
-----   ------------       ----------      --------------
ap_clk  {0.000 5.000}      10.000          100.000         


------------------------------------------------------------------------------------------------
| Intra Clock Table
| -----------------
------------------------------------------------------------------------------------------------

Clock             WNS(ns)      TNS(ns)  TNS Failing Endpoints  TNS Total Endpoints      WHS(ns)      THS(ns)  THS Failing Endpoints  THS Total Endpoints     WPWS(ns)     TPWS(ns)  TPWS Failing Endpoints  TPWS Total Endpoints  
-----             -------      -------  ---------------------  -------------------      -------      -------  ---------------------  -------------------     --------     --------  ----------------------  --------------------  
ap_clk              1.489        0.000                      0                 1759        0.099        0.000                      0                 1759        4.500        0.000                       0                   716  


------------------------------------------------------------------------------------------------
| Inter Clock Table
| -----------------
------------------------------------------------------------------------------------------------

From Clock    To Clock          WNS(ns)      TNS(ns)  TNS Failing Endpoints  TNS Total Endpoints      WHS(ns)      THS(ns)  THS Failing Endpoints  THS Total Endpoints  
----------    --------          -------      -------  ---------------------  -------------------      -------      -------  ---------------------  -------------------  


------------------------------------------------------------------------------------------------
| Other Path Groups Table
| -----------------------
------------------------------------------------------------------------------------------------

Path Group    From Clock    To Clock          WNS(ns)      TNS(ns)  TNS Failing Endpoints  TNS Total Endpoints      WHS(ns)      THS(ns)  THS Failing Endpoints  THS Total Endpoints  
----------    ----------    --------          -------      -------  ---------------------  -------------------      -------      -------  ---------------------  -------------------  


------------------------------------------------------------------------------------------------
| Timing Details
| --------------
------------------------------------------------------------------------------------------------


---------------------------------------------------------------------------------------------------
From Clock:  ap_clk
  To Clock:  ap_clk

Setup :            0  Failing Endpoints,  Worst Slack        1.489ns,  Total Violation        0.000ns
Hold  :            0  Failing Endpoints,  Worst Slack        0.099ns,  Total Violation        0.000ns
PW    :            0  Failing Endpoints,  Worst Slack        4.500ns,  Total Violation        0.000ns
---------------------------------------------------------------------------------------------------


Max Delay Paths
--------------------------------------------------------------------------------------
Slack (MET) :             1.489ns  (required time - arrival time)
  Source:                 bd_0_i/hls_inst/U0/yuv2rgb_U0/V_reg_663_reg[7]_inv/C
                            (rising edge-triggered cell FDRE clocked by ap_clk  {rise@0.000ns fall@5.000ns period=10.000ns})
  Destination:            bd_0_i/hls_inst/U0/yuv2rgb_U0/yuv_filter_mac_muibs_U45/yuv_filter_mac_muibs_DSP48_7_U/p/C[23]
                            (rising edge-triggered cell DSP48E1 clocked by ap_clk  {rise@0.000ns fall@5.000ns period=10.000ns})
  Path Group:             ap_clk
  Path Type:              Setup (Max at Slow Process Corner)
  Requirement:            10.000ns  (ap_clk rise@10.000ns - ap_clk rise@0.000ns)
  Data Path Delay:        6.726ns  (logic 4.297ns (63.888%)  route 2.429ns (36.112%))
  Logic Levels:           1  (DSP48E1=1)
  Clock Path Skew:        -0.049ns (DCD - SCD + CPR)
    Destination Clock Delay (DCD):    0.924ns = ( 10.924 - 10.000 ) 
    Source Clock Delay      (SCD):    0.973ns
    Clock Pessimism Removal (CPR):    0.000ns
  Clock Uncertainty:      0.035ns  ((TSJ^2 + TIJ^2)^1/2 + DJ) / 2 + PE
    Total System Jitter     (TSJ):    0.071ns
    Total Input Jitter      (TIJ):    0.000ns
    Discrete Jitter          (DJ):    0.000ns
    Phase Error              (PE):    0.000ns

    Location             Delay type                Incr(ns)  Path(ns)    Netlist Resource(s)
  -------------------------------------------------------------------    -------------------
                         (clock ap_clk rise edge)     0.000     0.000 r  
                                                      0.000     0.000 r  ap_clk (IN)
                         net (fo=719, unset)          0.973     0.973    bd_0_i/hls_inst/U0/yuv2rgb_U0/ap_clk
    SLICE_X37Y55         FDRE                                         r  bd_0_i/hls_inst/U0/yuv2rgb_U0/V_reg_663_reg[7]_inv/C
  -------------------------------------------------------------------    -------------------
    SLICE_X37Y55         FDRE (Prop_fdre_C_Q)         0.456     1.429 r  bd_0_i/hls_inst/U0/yuv2rgb_U0/V_reg_663_reg[7]_inv/Q
                         net (fo=34, routed)          1.160     2.589    bd_0_i/hls_inst/U0/yuv2rgb_U0/V_reg_663[7]
    DSP48_X2Y24          DSP48E1 (Prop_dsp48e1_A[16]_P[16])
                                                      3.841     6.430 r  bd_0_i/hls_inst/U0/yuv2rgb_U0/grp_fu_623_p2/P[16]
                         net (fo=32, routed)          1.269     7.699    bd_0_i/hls_inst/U0/yuv2rgb_U0/yuv_filter_mac_muibs_U45/yuv_filter_mac_muibs_DSP48_7_U/p_4[16]
    DSP48_X2Y25          DSP48E1                                      r  bd_0_i/hls_inst/U0/yuv2rgb_U0/yuv_filter_mac_muibs_U45/yuv_filter_mac_muibs_DSP48_7_U/p/C[23]
  -------------------------------------------------------------------    -------------------

                         (clock ap_clk rise edge)    10.000    10.000 r  
                                                      0.000    10.000 r  ap_clk (IN)
                         net (fo=719, unset)          0.924    10.924    bd_0_i/hls_inst/U0/yuv2rgb_U0/yuv_filter_mac_muibs_U45/yuv_filter_mac_muibs_DSP48_7_U/ap_clk
    DSP48_X2Y25          DSP48E1                                      r  bd_0_i/hls_inst/U0/yuv2rgb_U0/yuv_filter_mac_muibs_U45/yuv_filter_mac_muibs_DSP48_7_U/p/CLK
                         clock pessimism              0.000    10.924    
                         clock uncertainty           -0.035    10.889    
    DSP48_X2Y25          DSP48E1 (Setup_dsp48e1_CLK_C[23])
                                                     -1.701     9.188    bd_0_i/hls_inst/U0/yuv2rgb_U0/yuv_filter_mac_muibs_U45/yuv_filter_mac_muibs_DSP48_7_U/p
  -------------------------------------------------------------------
                         required time                          9.188    
                         arrival time                          -7.699    
  -------------------------------------------------------------------
                         slack                                  1.489    





Min Delay Paths
--------------------------------------------------------------------------------------
Slack (MET) :             0.099ns  (arrival time - required time)
  Source:                 bd_0_i/hls_inst/U0/p_yuv_height_U/U_fifo_w16_d2_A_shiftReg/SRL_SIG_reg[0][14]/C
                            (rising edge-triggered cell FDRE clocked by ap_clk  {rise@0.000ns fall@5.000ns period=10.000ns})
  Destination:            bd_0_i/hls_inst/U0/p_yuv_height_U/U_fifo_w16_d2_A_shiftReg/SRL_SIG_reg[1][14]/D
                            (rising edge-triggered cell FDRE clocked by ap_clk  {rise@0.000ns fall@5.000ns period=10.000ns})
  Path Group:             ap_clk
  Path Type:              Hold (Min at Fast Process Corner)
  Requirement:            0.000ns  (ap_clk rise@0.000ns - ap_clk rise@0.000ns)
  Data Path Delay:        0.197ns  (logic 0.141ns (71.611%)  route 0.056ns (28.389%))
  Logic Levels:           0  
  Clock Path Skew:        0.022ns (DCD - SCD - CPR)
    Destination Clock Delay (DCD):    0.432ns
    Source Clock Delay      (SCD):    0.410ns
    Clock Pessimism Removal (CPR):    -0.000ns

    Location             Delay type                Incr(ns)  Path(ns)    Netlist Resource(s)
  -------------------------------------------------------------------    -------------------
                         (clock ap_clk rise edge)     0.000     0.000 r  
                                                      0.000     0.000 r  ap_clk (IN)
                         net (fo=719, unset)          0.410     0.410    bd_0_i/hls_inst/U0/p_yuv_height_U/U_fifo_w16_d2_A_shiftReg/ap_clk
    SLICE_X53Y49         FDRE                                         r  bd_0_i/hls_inst/U0/p_yuv_height_U/U_fifo_w16_d2_A_shiftReg/SRL_SIG_reg[0][14]/C
  -------------------------------------------------------------------    -------------------
    SLICE_X53Y49         FDRE (Prop_fdre_C_Q)         0.141     0.551 r  bd_0_i/hls_inst/U0/p_yuv_height_U/U_fifo_w16_d2_A_shiftReg/SRL_SIG_reg[0][14]/Q
                         net (fo=2, routed)           0.056     0.607    bd_0_i/hls_inst/U0/p_yuv_height_U/U_fifo_w16_d2_A_shiftReg/SRL_SIG_reg_n_0_[0][14]
    SLICE_X53Y49         FDRE                                         r  bd_0_i/hls_inst/U0/p_yuv_height_U/U_fifo_w16_d2_A_shiftReg/SRL_SIG_reg[1][14]/D
  -------------------------------------------------------------------    -------------------

                         (clock ap_clk rise edge)     0.000     0.000 r  
                                                      0.000     0.000 r  ap_clk (IN)
                         net (fo=719, unset)          0.432     0.432    bd_0_i/hls_inst/U0/p_yuv_height_U/U_fifo_w16_d2_A_shiftReg/ap_clk
    SLICE_X53Y49         FDRE                                         r  bd_0_i/hls_inst/U0/p_yuv_height_U/U_fifo_w16_d2_A_shiftReg/SRL_SIG_reg[1][14]/C
                         clock pessimism              0.000     0.432    
    SLICE_X53Y49         FDRE (Hold_fdre_C_D)         0.076     0.508    bd_0_i/hls_inst/U0/p_yuv_height_U/U_fifo_w16_d2_A_shiftReg/SRL_SIG_reg[1][14]
  -------------------------------------------------------------------
                         required time                         -0.508    
                         arrival time                           0.607    
  -------------------------------------------------------------------
                         slack                                  0.099    





Pulse Width Checks
--------------------------------------------------------------------------------------
Clock Name:         ap_clk
Waveform(ns):       { 0.000 5.000 }
Period(ns):         10.000
Sources:            { ap_clk }

Check Type        Corner  Lib Pin      Reference Pin  Required(ns)  Actual(ns)  Slack(ns)  Location      Pin
Min Period        n/a     DSP48E1/CLK  n/a            3.884         10.000      6.116      DSP48_X3Y18   bd_0_i/hls_inst/U0/yuv_scale_U0/bound_reg_305_reg/CLK
Low Pulse Width   Fast    FDRE/C       n/a            0.500         5.000       4.500      SLICE_X36Y50  bd_0_i/hls_inst/U0/U_scale_c_U/U_fifo_w8_d2_A_shiftReg/SRL_SIG_reg[0][0]/C
High Pulse Width  Slow    FDRE/C       n/a            0.500         5.000       4.500      SLICE_X36Y50  bd_0_i/hls_inst/U0/U_scale_c_U/U_fifo_w8_d2_A_shiftReg/SRL_SIG_reg[0][0]/C



