

================================================================
== Vivado HLS Report for 'yuv2rgb'
================================================================
* Date:           Sun Aug  2 04:09:30 2020

* Version:        2020.1 (Build 2897737 on Wed May 27 20:21:37 MDT 2020)
* Project:        yuv_filter.prj
* Solution:       solution1
* Product family: zynq
* Target device:  xc7z020-clg400-1


================================================================
== Performance Estimates
================================================================
+ Timing: 
    * Summary: 
    +--------+----------+-----------+------------+
    |  Clock |  Target  | Estimated | Uncertainty|
    +--------+----------+-----------+------------+
    |ap_clk  | 10.00 ns | 10.723 ns |   1.25 ns  |
    +--------+----------+-----------+------------+

+ Latency: 
    * Summary: 
    +---------+----------+----------+-----------+--------+----------+---------+
    |  Latency (cycles)  |  Latency (absolute)  |      Interval     | Pipeline|
    |   min   |    max   |    min   |    max    |   min  |    max   |   Type  |
    +---------+----------+----------+-----------+--------+----------+---------+
    |   320401|  19664641| 3.436 ms | 0.211 sec |  320401|  19664641|   none  |
    +---------+----------+----------+-----------+--------+----------+---------+

    + Detail: 
        * Instance: 
        N/A

        * Loop: 
        +-------------------+---------+----------+--------------+-----------+-----------+------------+----------+
        |                   |  Latency (cycles)  |   Iteration  |  Initiation Interval  |    Trip    |          |
        |     Loop Name     |   min   |    max   |    Latency   |  achieved |   target  |    Count   | Pipelined|
        +-------------------+---------+----------+--------------+-----------+-----------+------------+----------+
        |- YUV2RGB_LOOP_X   |   320400|  19664640| 1602 ~ 10242 |          -|          -| 200 ~ 1920 |    no    |
        | + YUV2RGB_LOOP_Y  |     1600|     10240|             8|          -|          -| 200 ~ 1280 |    no    |
        +-------------------+---------+----------+--------------+-----------+-----------+------------+----------+



================================================================
== Utilization Estimates
================================================================
* Summary: 
+-----------------+---------+-------+--------+-------+-----+
|       Name      | BRAM_18K| DSP48E|   FF   |  LUT  | URAM|
+-----------------+---------+-------+--------+-------+-----+
|DSP              |        -|      3|       -|      -|    -|
|Expression       |        -|      0|       0|    353|    -|
|FIFO             |        -|      -|       -|      -|    -|
|Instance         |        -|      -|       -|      -|    -|
|Memory           |        -|      -|       -|      -|    -|
|Multiplexer      |        -|      -|       -|     68|    -|
|Register         |        -|      -|     195|      -|    -|
+-----------------+---------+-------+--------+-------+-----+
|Total            |        0|      3|     195|    421|    0|
+-----------------+---------+-------+--------+-------+-----+
|Available        |      280|    220|  106400|  53200|    0|
+-----------------+---------+-------+--------+-------+-----+
|Utilization (%)  |        0|      1|   ~0   |   ~0  |    0|
+-----------------+---------+-------+--------+-------+-----+

+ Detail: 
    * Instance: 
    N/A

    * DSP48E: 
    +--------------------------+----------------------+--------------+
    |         Instance         |        Module        |  Expression  |
    +--------------------------+----------------------+--------------+
    |yuv_filter_mac_mueOg_U15  |yuv_filter_mac_mueOg  | i0 + i1 * i2 |
    |yuv_filter_mac_mufYi_U16  |yuv_filter_mac_mufYi  | i0 + i1 * i2 |
    |yuv_filter_mac_mug8j_U17  |yuv_filter_mac_mug8j  | i0 * i1 + i2 |
    +--------------------------+----------------------+--------------+

    * Memory: 
    N/A

    * FIFO: 
    N/A

    * Expression: 
    +-----------------------+----------+-------+---+----+------------+------------+
    |     Variable Name     | Operation| DSP48E| FF| LUT| Bitwidth P0| Bitwidth P1|
    +-----------------------+----------+-------+---+----+------------+------------+
    |mul_ln97_1_fu_325_p2   |     *    |      0|  0|  51|           9|           8|
    |C_fu_299_p2            |     +    |      0|  0|  15|           6|           9|
    |add_ln90_1_fu_286_p2   |     +    |      0|  0|  30|          23|          23|
    |add_ln90_fu_255_p2     |     +    |      0|  0|  30|          23|          23|
    |add_ln97_1_fu_393_p2   |     +    |      0|  0|  25|          18|          18|
    |add_ln98_1_fu_476_p2   |     +    |      0|  0|  25|          18|          18|
    |add_ln98_fu_485_p2     |     +    |      0|  0|  26|          19|          19|
    |x_fu_225_p2            |     +    |      0|  0|  23|          16|           1|
    |y_fu_276_p2            |     +    |      0|  0|  23|          16|           1|
    |icmp_ln85_fu_220_p2    |   icmp   |      0|  0|  13|          16|          16|
    |icmp_ln88_fu_271_p2    |   icmp   |      0|  0|  13|          16|          16|
    |icmp_ln96_fu_343_p2    |   icmp   |      0|  0|   8|           2|           1|
    |icmp_ln97_fu_408_p2    |   icmp   |      0|  0|   8|           2|           1|
    |icmp_ln98_fu_501_p2    |   icmp   |      0|  0|   9|           3|           1|
    |or_ln96_fu_373_p2      |    or    |      0|  0|   2|           1|           1|
    |or_ln97_fu_440_p2      |    or    |      0|  0|   2|           1|           1|
    |or_ln98_fu_533_p2      |    or    |      0|  0|   2|           1|           1|
    |B_fu_539_p3            |  select  |      0|  0|   8|           1|           8|
    |G_fu_446_p3            |  select  |      0|  0|   8|           1|           8|
    |R_fu_379_p3            |  select  |      0|  0|   8|           1|           8|
    |select_ln96_fu_365_p3  |  select  |      0|  0|   2|           1|           2|
    |select_ln97_fu_432_p3  |  select  |      0|  0|   2|           1|           2|
    |select_ln98_fu_525_p3  |  select  |      0|  0|   2|           1|           2|
    |D_fu_305_p2            |    xor   |      0|  0|   9|           8|           9|
    |E_fu_311_p2            |    xor   |      0|  0|   9|           8|           9|
    +-----------------------+----------+-------+---+----+------------+------------+
    |Total                  |          |      0|  0| 353|         212|         206|
    +-----------------------+----------+-------+---+----+------------+------------+

    * Multiplexer: 
    +-------------+----+-----------+-----+-----------+
    |     Name    | LUT| Input Size| Bits| Total Bits|
    +-------------+----+-----------+-----+-----------+
    |ap_NS_fsm    |  50|         11|    1|         11|
    |x_0_reg_198  |   9|          2|   16|         32|
    |y_0_reg_209  |   9|          2|   16|         32|
    +-------------+----+-----------+-----+-----------+
    |Total        |  68|         15|   33|         75|
    +-------------+----+-----------+-----+-----------+

    * Register: 
    +---------------------+----+----+-----+-----------+
    |         Name        | FF | LUT| Bits| Const Bits|
    +---------------------+----+----+-----+-----------+
    |B_reg_669            |   8|   0|    8|          0|
    |D_reg_635            |   8|   0|    8|          0|
    |E_reg_642            |   8|   0|    8|          0|
    |G_reg_664            |   8|   0|    8|          0|
    |R_reg_659            |   8|   0|    8|          0|
    |Y_reg_630            |   8|   0|    8|          0|
    |add_ln90_reg_593     |  15|   0|   23|          8|
    |add_ln96_reg_647     |  18|   0|   18|          0|
    |ap_CS_fsm            |  10|   0|   10|          0|
    |mul_ln97_1_reg_654   |  17|   0|   17|          0|
    |x_0_reg_198          |  16|   0|   16|          0|
    |x_reg_588            |  16|   0|   16|          0|
    |y_0_reg_209          |  16|   0|   16|          0|
    |y_reg_601            |  16|   0|   16|          0|
    |zext_ln90_1_reg_606  |  23|   0|   64|         41|
    +---------------------+----+----+-----+-----------+
    |Total                | 195|   0|  244|         49|
    +---------------------+----+----+-----+-----------+



================================================================
== Interface
================================================================
* Summary: 
+---------------------------+-----+-----+------------+------------------+--------------+
|         RTL Ports         | Dir | Bits|  Protocol  |   Source Object  |    C Type    |
+---------------------------+-----+-----+------------+------------------+--------------+
|ap_clk                     |  in |    1| ap_ctrl_hs |      yuv2rgb     | return value |
|ap_rst                     |  in |    1| ap_ctrl_hs |      yuv2rgb     | return value |
|ap_start                   |  in |    1| ap_ctrl_hs |      yuv2rgb     | return value |
|ap_done                    | out |    1| ap_ctrl_hs |      yuv2rgb     | return value |
|ap_idle                    | out |    1| ap_ctrl_hs |      yuv2rgb     | return value |
|ap_ready                   | out |    1| ap_ctrl_hs |      yuv2rgb     | return value |
|ap_return_0                | out |   16| ap_ctrl_hs |      yuv2rgb     | return value |
|ap_return_1                | out |   16| ap_ctrl_hs |      yuv2rgb     | return value |
|in_channels_ch1_address0   | out |   22|  ap_memory |  in_channels_ch1 |     array    |
|in_channels_ch1_ce0        | out |    1|  ap_memory |  in_channels_ch1 |     array    |
|in_channels_ch1_q0         |  in |    8|  ap_memory |  in_channels_ch1 |     array    |
|in_channels_ch2_address0   | out |   22|  ap_memory |  in_channels_ch2 |     array    |
|in_channels_ch2_ce0        | out |    1|  ap_memory |  in_channels_ch2 |     array    |
|in_channels_ch2_q0         |  in |    8|  ap_memory |  in_channels_ch2 |     array    |
|in_channels_ch3_address0   | out |   22|  ap_memory |  in_channels_ch3 |     array    |
|in_channels_ch3_ce0        | out |    1|  ap_memory |  in_channels_ch3 |     array    |
|in_channels_ch3_q0         |  in |    8|  ap_memory |  in_channels_ch3 |     array    |
|in_width_read              |  in |   16|   ap_none  |   in_width_read  |    scalar    |
|in_height_read             |  in |   16|   ap_none  |  in_height_read  |    scalar    |
|out_channels_ch1_address0  | out |   22|  ap_memory | out_channels_ch1 |     array    |
|out_channels_ch1_ce0       | out |    1|  ap_memory | out_channels_ch1 |     array    |
|out_channels_ch1_we0       | out |    1|  ap_memory | out_channels_ch1 |     array    |
|out_channels_ch1_d0        | out |    8|  ap_memory | out_channels_ch1 |     array    |
|out_channels_ch2_address0  | out |   22|  ap_memory | out_channels_ch2 |     array    |
|out_channels_ch2_ce0       | out |    1|  ap_memory | out_channels_ch2 |     array    |
|out_channels_ch2_we0       | out |    1|  ap_memory | out_channels_ch2 |     array    |
|out_channels_ch2_d0        | out |    8|  ap_memory | out_channels_ch2 |     array    |
|out_channels_ch3_address0  | out |   22|  ap_memory | out_channels_ch3 |     array    |
|out_channels_ch3_ce0       | out |    1|  ap_memory | out_channels_ch3 |     array    |
|out_channels_ch3_we0       | out |    1|  ap_memory | out_channels_ch3 |     array    |
|out_channels_ch3_d0        | out |    8|  ap_memory | out_channels_ch3 |     array    |
+---------------------------+-----+-----+------------+------------------+--------------+

