

================================================================
== Vivado HLS Report for 'yuv2rgb'
================================================================
* Date:           Sun Aug  2 12:56:57 2020

* Version:        2020.1 (Build 2897737 on Wed May 27 20:21:37 MDT 2020)
* Project:        yuv_filter.prj
* Solution:       solution2
* Product family: zynq
* Target device:  xc7z020-clg400-1


================================================================
== Performance Estimates
================================================================
+ Timing: 
    * Summary: 
    +--------+----------+-----------+------------+
    |  Clock |  Target  | Estimated | Uncertainty|
    +--------+----------+-----------+------------+
    |ap_clk  | 10.00 ns | 10.723 ns |   1.25 ns  |
    +--------+----------+-----------+------------+

+ Latency: 
    * Summary: 
    +---------+---------+----------+-----------+-------+---------+---------+
    |  Latency (cycles) |  Latency (absolute)  |     Interval    | Pipeline|
    |   min   |   max   |    min   |    max    |  min  |   max   |   Type  |
    +---------+---------+----------+-----------+-------+---------+---------+
    |    40008|  2457608| 0.429 ms | 26.354 ms |  40008|  2457608|   none  |
    +---------+---------+----------+-----------+-------+---------+---------+

    + Detail: 
        * Instance: 
        N/A

        * Loop: 
        +---------------------------------+---------+---------+----------+-----------+-----------+-----------------+----------+
        |                                 |  Latency (cycles) | Iteration|  Initiation Interval  |       Trip      |          |
        |            Loop Name            |   min   |   max   |  Latency |  achieved |   target  |      Count      | Pipelined|
        +---------------------------------+---------+---------+----------+-----------+-----------+-----------------+----------+
        |- YUV2RGB_LOOP_X_YUV2RGB_LOOP_Y  |    40006|  2457606|         8|          1|          1| 40000 ~ 2457600 |    yes   |
        +---------------------------------+---------+---------+----------+-----------+-----------+-----------------+----------+



================================================================
== Utilization Estimates
================================================================
* Summary: 
+-----------------+---------+-------+--------+-------+-----+
|       Name      | BRAM_18K| DSP48E|   FF   |  LUT  | URAM|
+-----------------+---------+-------+--------+-------+-----+
|DSP              |        -|      4|       -|      -|    -|
|Expression       |        -|      0|       0|    419|    -|
|FIFO             |        -|      -|       -|      -|    -|
|Instance         |        -|      -|       -|      -|    -|
|Memory           |        -|      -|       -|      -|    -|
|Multiplexer      |        -|      -|       -|     75|    -|
|Register         |        0|      -|     393|     64|    -|
+-----------------+---------+-------+--------+-------+-----+
|Total            |        0|      4|     393|    558|    0|
+-----------------+---------+-------+--------+-------+-----+
|Available        |      280|    220|  106400|  53200|    0|
+-----------------+---------+-------+--------+-------+-----+
|Utilization (%)  |        0|      1|   ~0   |      1|    0|
+-----------------+---------+-------+--------+-------+-----+

+ Detail: 
    * Instance: 
    N/A

    * DSP48E: 
    +--------------------------+----------------------+--------------+
    |         Instance         |        Module        |  Expression  |
    +--------------------------+----------------------+--------------+
    |yuv_filter_mac_mufYi_U30  |yuv_filter_mac_mufYi  | i0 + i1 * i2 |
    |yuv_filter_mac_mug8j_U31  |yuv_filter_mac_mug8j  | i0 * i1 + i2 |
    |yuv_filter_mac_muhbi_U32  |yuv_filter_mac_muhbi  | i0 + i1 * i2 |
    |yuv_filter_mul_mubkb_U29  |yuv_filter_mul_mubkb  |    i0 * i1   |
    +--------------------------+----------------------+--------------+

    * Memory: 
    N/A

    * FIFO: 
    N/A

    * Expression: 
    +-------------------------+----------+-------+---+----+------------+------------+
    |      Variable Name      | Operation| DSP48E| FF| LUT| Bitwidth P0| Bitwidth P1|
    +-------------------------+----------+-------+---+----+------------+------------+
    |mul_ln101_1_fu_359_p2    |     *    |      0|  0|  51|           9|           8|
    |C_fu_337_p2              |     +    |      0|  0|  15|           6|           9|
    |add_ln101_1_fu_392_p2    |     +    |      0|  0|  25|          18|          18|
    |add_ln102_1_fu_464_p2    |     +    |      0|  0|  25|          18|          18|
    |add_ln102_fu_520_p2      |     +    |      0|  0|  26|          19|          19|
    |add_ln85_fu_248_p2       |     +    |      0|  0|  39|          32|           1|
    |add_ln94_1_fu_315_p2     |     +    |      0|  0|  23|          23|          23|
    |add_ln94_fu_305_p2       |     +    |      0|  0|  23|          23|          23|
    |x_fu_254_p2              |     +    |      0|  0|  23|           1|          16|
    |y_fu_321_p2              |     +    |      0|  0|  23|           1|          16|
    |icmp_ln100_fu_380_p2     |   icmp   |      0|  0|   8|           2|           1|
    |icmp_ln101_fu_407_p2     |   icmp   |      0|  0|   8|           2|           1|
    |icmp_ln102_fu_536_p2     |   icmp   |      0|  0|   9|           3|           1|
    |icmp_ln85_fu_243_p2      |   icmp   |      0|  0|  18|          32|          32|
    |icmp_ln88_fu_260_p2      |   icmp   |      0|  0|  13|          16|          16|
    |or_ln100_fu_492_p2       |    or    |      0|  0|   2|           1|           1|
    |or_ln101_fu_439_p2       |    or    |      0|  0|   2|           1|           1|
    |or_ln102_fu_568_p2       |    or    |      0|  0|   2|           1|           1|
    |G_fu_445_p3              |  select  |      0|  0|   8|           1|           8|
    |out_channels_ch1_d0      |  select  |      0|  0|   8|           1|           8|
    |out_channels_ch3_d0      |  select  |      0|  0|   8|           1|           8|
    |select_ln100_fu_485_p3   |  select  |      0|  0|   2|           1|           2|
    |select_ln101_fu_431_p3   |  select  |      0|  0|   2|           1|           2|
    |select_ln102_fu_560_p3   |  select  |      0|  0|   2|           1|           2|
    |select_ln94_1_fu_273_p3  |  select  |      0|  0|  16|           1|          16|
    |select_ln94_fu_265_p3    |  select  |      0|  0|  16|           1|           1|
    |D_fu_343_p2              |    xor   |      0|  0|   9|           8|           9|
    |E_fu_349_p2              |    xor   |      0|  0|   9|           8|           9|
    |ap_enable_pp0            |    xor   |      0|  0|   2|           1|           2|
    |ap_enable_reg_pp0_iter1  |    xor   |      0|  0|   2|           2|           1|
    +-------------------------+----------+-------+---+----+------------+------------+
    |Total                    |          |      0|  0| 419|         235|         273|
    +-------------------------+----------+-------+---+----+------------+------------+

    * Multiplexer: 
    +------------------------------+----+-----------+-----+-----------+
    |             Name             | LUT| Input Size| Bits| Total Bits|
    +------------------------------+----+-----------+-----+-----------+
    |ap_NS_fsm                     |  21|          4|    1|          4|
    |ap_enable_reg_pp0_iter1       |   9|          2|    1|          2|
    |ap_enable_reg_pp0_iter7       |   9|          2|    1|          2|
    |ap_phi_mux_x_0_phi_fu_217_p4  |   9|          2|   16|         32|
    |indvar_flatten_reg_202        |   9|          2|   32|         64|
    |x_0_reg_213                   |   9|          2|   16|         32|
    |y_0_reg_224                   |   9|          2|   16|         32|
    +------------------------------+----+-----------+-----+-----------+
    |Total                         |  75|         16|   83|        168|
    +------------------------------+----+-----------+-----+-----------+

    * Register: 
    +-------------------------+----+----+-----+-----------+
    |           Name          | FF | LUT| Bits| Const Bits|
    +-------------------------+----+----+-----+-----------+
    |C_reg_688                |   9|   0|    9|          0|
    |D_reg_693                |   8|   0|    8|          0|
    |D_reg_693_pp0_iter5_reg  |   8|   0|    8|          0|
    |E_reg_700                |   8|   0|    8|          0|
    |G_reg_722                |   8|   0|    8|          0|
    |add_ln100_1_reg_710      |  18|   0|   18|          0|
    |add_ln102_1_reg_727      |  18|   0|   18|          0|
    |add_ln94_1_reg_656       |  23|   0|   23|          0|
    |ap_CS_fsm                |   3|   0|    3|          0|
    |ap_enable_reg_pp0_iter0  |   1|   0|    1|          0|
    |ap_enable_reg_pp0_iter1  |   1|   0|    1|          0|
    |ap_enable_reg_pp0_iter2  |   1|   0|    1|          0|
    |ap_enable_reg_pp0_iter3  |   1|   0|    1|          0|
    |ap_enable_reg_pp0_iter4  |   1|   0|    1|          0|
    |ap_enable_reg_pp0_iter5  |   1|   0|    1|          0|
    |ap_enable_reg_pp0_iter6  |   1|   0|    1|          0|
    |ap_enable_reg_pp0_iter7  |   1|   0|    1|          0|
    |icmp_ln100_reg_716       |   1|   0|    1|          0|
    |icmp_ln85_reg_642        |   1|   0|    1|          0|
    |indvar_flatten_reg_202   |  32|   0|   32|          0|
    |mul_ln101_1_reg_705      |  17|   0|   17|          0|
    |mul_ln68_reg_637         |  32|   0|   32|          0|
    |select_ln94_1_reg_651    |  16|   0|   16|          0|
    |x_0_reg_213              |  16|   0|   16|          0|
    |y_0_reg_224              |  16|   0|   16|          0|
    |zext_ln94_1_reg_666      |  23|   0|   64|         41|
    |icmp_ln85_reg_642        |  64|  32|    1|          0|
    |zext_ln94_1_reg_666      |  64|  32|   64|         41|
    +-------------------------+----+----+-----+-----------+
    |Total                    | 393|  64|  371|         82|
    +-------------------------+----+----+-----+-----------+



================================================================
== Interface
================================================================
* Summary: 
+---------------------------+-----+-----+------------+------------------+--------------+
|         RTL Ports         | Dir | Bits|  Protocol  |   Source Object  |    C Type    |
+---------------------------+-----+-----+------------+------------------+--------------+
|ap_clk                     |  in |    1| ap_ctrl_hs |      yuv2rgb     | return value |
|ap_rst                     |  in |    1| ap_ctrl_hs |      yuv2rgb     | return value |
|ap_start                   |  in |    1| ap_ctrl_hs |      yuv2rgb     | return value |
|ap_done                    | out |    1| ap_ctrl_hs |      yuv2rgb     | return value |
|ap_idle                    | out |    1| ap_ctrl_hs |      yuv2rgb     | return value |
|ap_ready                   | out |    1| ap_ctrl_hs |      yuv2rgb     | return value |
|ap_return_0                | out |   16| ap_ctrl_hs |      yuv2rgb     | return value |
|ap_return_1                | out |   16| ap_ctrl_hs |      yuv2rgb     | return value |
|in_channels_ch1_address0   | out |   22|  ap_memory |  in_channels_ch1 |     array    |
|in_channels_ch1_ce0        | out |    1|  ap_memory |  in_channels_ch1 |     array    |
|in_channels_ch1_q0         |  in |    8|  ap_memory |  in_channels_ch1 |     array    |
|in_channels_ch2_address0   | out |   22|  ap_memory |  in_channels_ch2 |     array    |
|in_channels_ch2_ce0        | out |    1|  ap_memory |  in_channels_ch2 |     array    |
|in_channels_ch2_q0         |  in |    8|  ap_memory |  in_channels_ch2 |     array    |
|in_channels_ch3_address0   | out |   22|  ap_memory |  in_channels_ch3 |     array    |
|in_channels_ch3_ce0        | out |    1|  ap_memory |  in_channels_ch3 |     array    |
|in_channels_ch3_q0         |  in |    8|  ap_memory |  in_channels_ch3 |     array    |
|in_width_read              |  in |   16|   ap_none  |   in_width_read  |    scalar    |
|in_height_read             |  in |   16|   ap_none  |  in_height_read  |    scalar    |
|out_channels_ch1_address0  | out |   22|  ap_memory | out_channels_ch1 |     array    |
|out_channels_ch1_ce0       | out |    1|  ap_memory | out_channels_ch1 |     array    |
|out_channels_ch1_we0       | out |    1|  ap_memory | out_channels_ch1 |     array    |
|out_channels_ch1_d0        | out |    8|  ap_memory | out_channels_ch1 |     array    |
|out_channels_ch2_address0  | out |   22|  ap_memory | out_channels_ch2 |     array    |
|out_channels_ch2_ce0       | out |    1|  ap_memory | out_channels_ch2 |     array    |
|out_channels_ch2_we0       | out |    1|  ap_memory | out_channels_ch2 |     array    |
|out_channels_ch2_d0        | out |    8|  ap_memory | out_channels_ch2 |     array    |
|out_channels_ch3_address0  | out |   22|  ap_memory | out_channels_ch3 |     array    |
|out_channels_ch3_ce0       | out |    1|  ap_memory | out_channels_ch3 |     array    |
|out_channels_ch3_we0       | out |    1|  ap_memory | out_channels_ch3 |     array    |
|out_channels_ch3_d0        | out |    8|  ap_memory | out_channels_ch3 |     array    |
+---------------------------+-----+-----+------------+------------------+--------------+

