

================================================================
== Vivado HLS Report for 'yuv_scale'
================================================================
* Date:           Sun Aug  2 12:56:56 2020

* Version:        2020.1 (Build 2897737 on Wed May 27 20:21:37 MDT 2020)
* Project:        yuv_filter.prj
* Solution:       solution2
* Product family: zynq
* Target device:  xc7z020-clg400-1


================================================================
== Performance Estimates
================================================================
+ Timing: 
    * Summary: 
    +--------+----------+----------+------------+
    |  Clock |  Target  | Estimated| Uncertainty|
    +--------+----------+----------+------------+
    |ap_clk  | 10.00 ns | 7.424 ns |   1.25 ns  |
    +--------+----------+----------+------------+

+ Latency: 
    * Summary: 
    +---------+---------+----------+-----------+-------+---------+---------+
    |  Latency (cycles) |  Latency (absolute)  |     Interval    | Pipeline|
    |   min   |   max   |    min   |    max    |  min  |   max   |   Type  |
    +---------+---------+----------+-----------+-------+---------+---------+
    |    40007|  2457607| 0.400 ms | 24.576 ms |  40007|  2457607|   none  |
    +---------+---------+----------+-----------+-------+---------+---------+

    + Detail: 
        * Instance: 
        N/A

        * Loop: 
        +-------------------------------------+---------+---------+----------+-----------+-----------+-----------------+----------+
        |                                     |  Latency (cycles) | Iteration|  Initiation Interval  |       Trip      |          |
        |              Loop Name              |   min   |   max   |  Latency |  achieved |   target  |      Count      | Pipelined|
        +-------------------------------------+---------+---------+----------+-----------+-----------+-----------------+----------+
        |- YUV_SCALE_LOOP_X_YUV_SCALE_LOOP_Y  |    40005|  2457605|         7|          1|          1| 40000 ~ 2457600 |    yes   |
        +-------------------------------------+---------+---------+----------+-----------+-----------+-----------------+----------+



================================================================
== Utilization Estimates
================================================================
* Summary: 
+-----------------+---------+-------+--------+-------+-----+
|       Name      | BRAM_18K| DSP48E|   FF   |  LUT  | URAM|
+-----------------+---------+-------+--------+-------+-----+
|DSP              |        -|      1|       -|      -|    -|
|Expression       |        -|      0|       0|    321|    -|
|FIFO             |        -|      -|       -|      -|    -|
|Instance         |        -|      -|       -|      -|    -|
|Memory           |        -|      -|       -|      -|    -|
|Multiplexer      |        -|      -|       -|     75|    -|
|Register         |        0|      -|     345|     64|    -|
+-----------------+---------+-------+--------+-------+-----+
|Total            |        0|      1|     345|    460|    0|
+-----------------+---------+-------+--------+-------+-----+
|Available        |      280|    220|  106400|  53200|    0|
+-----------------+---------+-------+--------+-------+-----+
|Utilization (%)  |        0|   ~0  |   ~0   |   ~0  |    0|
+-----------------+---------+-------+--------+-------+-----+

+ Detail: 
    * Instance: 
    N/A

    * DSP48E: 
    +--------------------------+----------------------+-----------+
    |         Instance         |        Module        | Expression|
    +--------------------------+----------------------+-----------+
    |yuv_filter_mul_mubkb_U17  |yuv_filter_mul_mubkb  |  i0 * i1  |
    +--------------------------+----------------------+-----------+

    * Memory: 
    N/A

    * FIFO: 
    N/A

    * Expression: 
    +--------------------------+----------+-------+---+----+------------+------------+
    |       Variable Name      | Operation| DSP48E| FF| LUT| Bitwidth P0| Bitwidth P1|
    +--------------------------+----------+-------+---+----+------------+------------+
    |mul_ln137_fu_331_p2       |     *    |      0|  0|  41|           8|           8|
    |mul_ln138_fu_340_p2       |     *    |      0|  0|  41|           8|           8|
    |mul_ln139_fu_349_p2       |     *    |      0|  0|  41|           8|           8|
    |add_ln129_fu_242_p2       |     +    |      0|  0|  39|          32|           1|
    |add_ln134_1_fu_309_p2     |     +    |      0|  0|  23|          23|          23|
    |add_ln134_fu_299_p2       |     +    |      0|  0|  23|          23|          23|
    |x_fu_248_p2               |     +    |      0|  0|  23|           1|          16|
    |y_fu_315_p2               |     +    |      0|  0|  23|           1|          16|
    |icmp_ln129_fu_237_p2      |   icmp   |      0|  0|  18|          32|          32|
    |icmp_ln132_fu_254_p2      |   icmp   |      0|  0|  13|          16|          16|
    |select_ln134_1_fu_267_p3  |  select  |      0|  0|  16|           1|          16|
    |select_ln134_fu_259_p3    |  select  |      0|  0|  16|           1|           1|
    |ap_enable_pp0             |    xor   |      0|  0|   2|           1|           2|
    |ap_enable_reg_pp0_iter1   |    xor   |      0|  0|   2|           2|           1|
    +--------------------------+----------+-------+---+----+------------+------------+
    |Total                     |          |      0|  0| 321|         157|         171|
    +--------------------------+----------+-------+---+----+------------+------------+

    * Multiplexer: 
    +------------------------------+----+-----------+-----+-----------+
    |             Name             | LUT| Input Size| Bits| Total Bits|
    +------------------------------+----+-----------+-----+-----------+
    |ap_NS_fsm                     |  21|          4|    1|          4|
    |ap_enable_reg_pp0_iter1       |   9|          2|    1|          2|
    |ap_enable_reg_pp0_iter6       |   9|          2|    1|          2|
    |ap_phi_mux_x_0_phi_fu_199_p4  |   9|          2|   16|         32|
    |indvar_flatten_reg_184        |   9|          2|   32|         64|
    |x_0_reg_195                   |   9|          2|   16|         32|
    |y_0_reg_206                   |   9|          2|   16|         32|
    +------------------------------+----+-----------+-----+-----------+
    |Total                         |  75|         16|   83|        168|
    +------------------------------+----+-----------+-----+-----------+

    * Register: 
    +-------------------------+----+----+-----+-----------+
    |           Name          | FF | LUT| Bits| Const Bits|
    +-------------------------+----+----+-----+-----------+
    |add_ln134_1_reg_445      |  23|   0|   23|          0|
    |ap_CS_fsm                |   3|   0|    3|          0|
    |ap_enable_reg_pp0_iter0  |   1|   0|    1|          0|
    |ap_enable_reg_pp0_iter1  |   1|   0|    1|          0|
    |ap_enable_reg_pp0_iter2  |   1|   0|    1|          0|
    |ap_enable_reg_pp0_iter3  |   1|   0|    1|          0|
    |ap_enable_reg_pp0_iter4  |   1|   0|    1|          0|
    |ap_enable_reg_pp0_iter5  |   1|   0|    1|          0|
    |ap_enable_reg_pp0_iter6  |   1|   0|    1|          0|
    |icmp_ln129_reg_431       |   1|   0|    1|          0|
    |indvar_flatten_reg_184   |  32|   0|   32|          0|
    |mul_ln111_reg_426        |  32|   0|   32|          0|
    |select_ln134_1_reg_440   |  16|   0|   16|          0|
    |trunc_ln1_reg_482        |   8|   0|    8|          0|
    |trunc_ln2_reg_487        |   8|   0|    8|          0|
    |trunc_ln_reg_477         |   8|   0|    8|          0|
    |x_0_reg_195              |  16|   0|   16|          0|
    |y_0_reg_206              |  16|   0|   16|          0|
    |zext_ln129_reg_421       |   8|   0|   15|          7|
    |zext_ln134_1_reg_455     |  23|   0|   64|         41|
    |zext_ln138_reg_411       |   8|   0|   15|          7|
    |zext_ln139_reg_416       |   8|   0|   15|          7|
    |icmp_ln129_reg_431       |  64|  32|    1|          0|
    |zext_ln134_1_reg_455     |  64|  32|   64|         41|
    +-------------------------+----+----+-----+-----------+
    |Total                    | 345|  64|  344|        103|
    +-------------------------+----+----+-----+-----------+



================================================================
== Interface
================================================================
* Summary: 
+---------------------------+-----+-----+------------+------------------+--------------+
|         RTL Ports         | Dir | Bits|  Protocol  |   Source Object  |    C Type    |
+---------------------------+-----+-----+------------+------------------+--------------+
|ap_clk                     |  in |    1| ap_ctrl_hs |     yuv_scale    | return value |
|ap_rst                     |  in |    1| ap_ctrl_hs |     yuv_scale    | return value |
|ap_start                   |  in |    1| ap_ctrl_hs |     yuv_scale    | return value |
|ap_done                    | out |    1| ap_ctrl_hs |     yuv_scale    | return value |
|ap_idle                    | out |    1| ap_ctrl_hs |     yuv_scale    | return value |
|ap_ready                   | out |    1| ap_ctrl_hs |     yuv_scale    | return value |
|ap_return_0                | out |   16| ap_ctrl_hs |     yuv_scale    | return value |
|ap_return_1                | out |   16| ap_ctrl_hs |     yuv_scale    | return value |
|in_channels_ch1_address0   | out |   22|  ap_memory |  in_channels_ch1 |     array    |
|in_channels_ch1_ce0        | out |    1|  ap_memory |  in_channels_ch1 |     array    |
|in_channels_ch1_q0         |  in |    8|  ap_memory |  in_channels_ch1 |     array    |
|in_channels_ch2_address0   | out |   22|  ap_memory |  in_channels_ch2 |     array    |
|in_channels_ch2_ce0        | out |    1|  ap_memory |  in_channels_ch2 |     array    |
|in_channels_ch2_q0         |  in |    8|  ap_memory |  in_channels_ch2 |     array    |
|in_channels_ch3_address0   | out |   22|  ap_memory |  in_channels_ch3 |     array    |
|in_channels_ch3_ce0        | out |    1|  ap_memory |  in_channels_ch3 |     array    |
|in_channels_ch3_q0         |  in |    8|  ap_memory |  in_channels_ch3 |     array    |
|in_width_read              |  in |   16|   ap_none  |   in_width_read  |    scalar    |
|in_height_read             |  in |   16|   ap_none  |  in_height_read  |    scalar    |
|out_channels_ch1_address0  | out |   22|  ap_memory | out_channels_ch1 |     array    |
|out_channels_ch1_ce0       | out |    1|  ap_memory | out_channels_ch1 |     array    |
|out_channels_ch1_we0       | out |    1|  ap_memory | out_channels_ch1 |     array    |
|out_channels_ch1_d0        | out |    8|  ap_memory | out_channels_ch1 |     array    |
|out_channels_ch2_address0  | out |   22|  ap_memory | out_channels_ch2 |     array    |
|out_channels_ch2_ce0       | out |    1|  ap_memory | out_channels_ch2 |     array    |
|out_channels_ch2_we0       | out |    1|  ap_memory | out_channels_ch2 |     array    |
|out_channels_ch2_d0        | out |    8|  ap_memory | out_channels_ch2 |     array    |
|out_channels_ch3_address0  | out |   22|  ap_memory | out_channels_ch3 |     array    |
|out_channels_ch3_ce0       | out |    1|  ap_memory | out_channels_ch3 |     array    |
|out_channels_ch3_we0       | out |    1|  ap_memory | out_channels_ch3 |     array    |
|out_channels_ch3_d0        | out |    8|  ap_memory | out_channels_ch3 |     array    |
|Y_scale                    |  in |    8|   ap_none  |      Y_scale     |    scalar    |
|U_scale                    |  in |    8|   ap_none  |      U_scale     |    scalar    |
|V_scale                    |  in |    8|   ap_none  |      V_scale     |    scalar    |
+---------------------------+-----+-----+------------+------------------+--------------+

