Copyright 1986-2020 Xilinx, Inc. All Rights Reserved.
-----------------------------------------------------------------------------------------
| Tool Version : Vivado v.2020.1 (win64) Build 2902540 Wed May 27 19:54:49 MDT 2020
| Date         : Sat Jul 18 14:49:16 2020
| Host         : DESKTOP-JP4319F running 64-bit major release  (build 9200)
| Command      : report_control_sets -verbose -file bd_0_wrapper_control_sets_placed.rpt
| Design       : bd_0_wrapper
| Device       : xc7z020
-----------------------------------------------------------------------------------------

Control Set Information

Table of Contents
-----------------
1. Summary
2. Histogram
3. Flip-Flop Distribution
4. Detailed Control Set Information

1. Summary
----------

+----------------------------------------------------------+-------+
|                          Status                          | Count |
+----------------------------------------------------------+-------+
| Total control sets                                       |     4 |
|    Minimum number of control sets                        |     4 |
|    Addition due to synthesis replication                 |     0 |
|    Addition due to physical synthesis replication        |     0 |
| Unused register locations in slices containing registers |    13 |
+----------------------------------------------------------+-------+
* Control sets can be merged at opt_design using control_set_merge or merge_equivalent_drivers
** Run report_qor_suggestions for automated merging and remapping suggestions


2. Histogram
------------

+--------------------+-------+
|       Fanout       | Count |
+--------------------+-------+
| Total control sets |     4 |
| >= 0 to < 4        |     0 |
| >= 4 to < 6        |     2 |
| >= 6 to < 8        |     1 |
| >= 8 to < 10       |     0 |
| >= 10 to < 12      |     0 |
| >= 12 to < 14      |     1 |
| >= 14 to < 16      |     0 |
| >= 16              |     0 |
+--------------------+-------+
* Control sets can be remapped at either synth_design or opt_design


3. Flip-Flop Distribution
-------------------------

+--------------+-----------------------+------------------------+-----------------+--------------+
| Clock Enable | Synchronous Set/Reset | Asynchronous Set/Reset | Total Registers | Total Slices |
+--------------+-----------------------+------------------------+-----------------+--------------+
| No           | No                    | No                     |              12 |            3 |
| No           | No                    | Yes                    |               0 |            0 |
| No           | Yes                   | No                     |               5 |            3 |
| Yes          | No                    | No                     |              10 |            3 |
| Yes          | No                    | Yes                    |               0 |            0 |
| Yes          | Yes                   | No                     |               0 |            0 |
+--------------+-----------------------+------------------------+-----------------+--------------+


4. Detailed Control Set Information
-----------------------------------

+--------------+-----------------------------------+------------------+------------------+----------------+--------------+
| Clock Signal |           Enable Signal           | Set/Reset Signal | Slice Load Count | Bel Load Count | Bels / Slice |
+--------------+-----------------------------------+------------------+------------------+----------------+--------------+
|  ap_clk      | bd_0_i/hls_inst/inst/j_0_reg_890  |                  |                1 |              4 |         4.00 |
|  ap_clk      |                                   | ap_rst           |                3 |              5 |         1.67 |
|  ap_clk      | bd_0_i/hls_inst/inst/k_0_reg_1130 |                  |                2 |              6 |         3.00 |
|  ap_clk      |                                   |                  |                3 |             12 |         4.00 |
+--------------+-----------------------------------+------------------+------------------+----------------+--------------+


